{
  "stats": {
    "suites": 25,
    "tests": 62,
    "passes": 62,
    "pending": 0,
    "failures": 0,
    "start": "2019-05-21T21:10:42.821Z",
    "end": "2019-05-21T21:10:43.776Z",
    "duration": 955,
    "testsRegistered": 62,
    "passPercent": 100,
    "pendingPercent": 0,
    "other": 0,
    "hasOther": false,
    "skipped": 0,
    "hasSkipped": false,
    "passPercentClass": "success",
    "pendingPercentClass": "danger"
  },
  "suites": {
    "uuid": "40e452e3-639d-4d8c-a52c-c9f85fbb3e4c",
    "title": "",
    "fullFile": "",
    "file": "",
    "beforeHooks": [],
    "afterHooks": [],
    "tests": [],
    "suites": [
      {
        "uuid": "ebd26630-683f-46fc-8237-be97a4df11f5",
        "title": "categorias, test funcional",
        "fullFile": "/Users/abrahan/Desktop/JS/Walle-et/dist/main.js",
        "file": "/dist/main.js",
        "beforeHooks": [
          {
            "title": "\"before each\" hook",
            "fullTitle": "categorias, test funcional \"before each\" hook",
            "timedOut": false,
            "duration": 10,
            "pass": false,
            "fail": false,
            "pending": false,
            "code": "store = _src_Utils_TestUtil_js__WEBPACK_IMPORTED_MODULE_1__[\"default\"].getDefaultStore()\nwrapper = Object(_vue_test_utils__WEBPACK_IMPORTED_MODULE_0__[\"shallowMount\"])(_components_BotonCategorias_vue__WEBPACK_IMPORTED_MODULE_2__[\"default\"],\n  {\n    store,\n    propsData: {\n      categoriaIngresos: store.state.categoriaIngresos,\n      categoriaEgresos: store.state.categoriaEgresos\n    }\n  })",
            "err": {},
            "isRoot": false,
            "uuid": "8ac98d4e-ac17-4308-afd7-daba7f97fda8",
            "isHook": true,
            "skipped": false
          }
        ],
        "afterHooks": [],
        "tests": [
          {
            "title": "Crear categoria Ingreso, funcional",
            "fullTitle": "categorias, test funcional Crear categoria Ingreso, funcional",
            "timedOut": false,
            "duration": 10,
            "state": "passed",
            "speed": "fast",
            "pass": true,
            "fail": false,
            "pending": false,
            "code": "const categoriaNueva = ['Ventas']\nwrapper.vm.tipo = 'Ingreso'\nwrapper.vm.nombre = categoriaNueva\nwrapper.vm.agregar()\nassert.exists(store.state.categoriaIngresos.find(categoria => categoria === categoriaNueva),\n  'No se encontro la nueva cateogira')",
            "err": {},
            "isRoot": false,
            "uuid": "918a8aad-f8e5-450c-9112-691192c98559",
            "isHook": false,
            "skipped": false
          },
          {
            "title": "Crear categoria Egreso, funcional",
            "fullTitle": "categorias, test funcional Crear categoria Egreso, funcional",
            "timedOut": false,
            "duration": 7,
            "state": "passed",
            "speed": "fast",
            "pass": true,
            "fail": false,
            "pending": false,
            "code": "const categoriaNueva = ['Compras']\nwrapper.vm.tipo = 'Egreso'\nwrapper.vm.nombre = categoriaNueva\nwrapper.vm.agregar()\nassert.exists(store.state.categoriaEgresos.find(categoria => categoria === categoriaNueva),\n  'No se encontro la nueva cateogira')",
            "err": {},
            "isRoot": false,
            "uuid": "0da22662-5554-448f-881b-b3a0ea71029b",
            "isHook": false,
            "skipped": false
          }
        ],
        "suites": [],
        "passes": [
          "918a8aad-f8e5-450c-9112-691192c98559",
          "0da22662-5554-448f-881b-b3a0ea71029b"
        ],
        "failures": [],
        "pending": [],
        "skipped": [],
        "duration": 17,
        "root": false,
        "rootEmpty": false,
        "_timeout": 2000
      },
      {
        "uuid": "58d63c7c-959b-4864-953e-b0509adba2bd",
        "title": "categorias render test",
        "fullFile": "/Users/abrahan/Desktop/JS/Walle-et/dist/main.js",
        "file": "/dist/main.js",
        "beforeHooks": [
          {
            "title": "\"before each\" hook",
            "fullTitle": "categorias render test \"before each\" hook",
            "timedOut": false,
            "duration": 8,
            "pass": false,
            "fail": false,
            "pending": false,
            "code": "store = _src_Utils_TestUtil_js__WEBPACK_IMPORTED_MODULE_1__[\"default\"].getDefaultStore()\nwrapper = Object(_vue_test_utils__WEBPACK_IMPORTED_MODULE_0__[\"shallowMount\"])(_components_BotonCategorias_vue__WEBPACK_IMPORTED_MODULE_2__[\"default\"],\n  {\n    store,\n    propsData: {\n      categoriaIngresos: store.state.categoriaIngresos,\n      categoriaEgresos: store.state.categoriaEgresos\n    }\n  })",
            "err": {},
            "isRoot": false,
            "uuid": "5b93f276-9cff-4c99-8587-5b232f00430b",
            "isHook": true,
            "skipped": false
          }
        ],
        "afterHooks": [],
        "tests": [
          {
            "title": "elementos formulario renderizan",
            "fullTitle": "categorias render test elementos formulario renderizan",
            "timedOut": false,
            "duration": 7,
            "state": "passed",
            "speed": "fast",
            "pass": true,
            "fail": false,
            "pending": false,
            "code": "assert.equal(wrapper.find('#selectorCategoria').exists(), true)\nassert.equal(wrapper.find('#nombreCategoria').exists(), true)\nassert.equal(wrapper.find('#agregarCategoria').exists(), true)",
            "err": {},
            "isRoot": false,
            "uuid": "0655a6b2-074b-4342-89df-ce12bb02a271",
            "isHook": false,
            "skipped": false
          }
        ],
        "suites": [],
        "passes": [
          "0655a6b2-074b-4342-89df-ce12bb02a271"
        ],
        "failures": [],
        "pending": [],
        "skipped": [],
        "duration": 7,
        "root": false,
        "rootEmpty": false,
        "_timeout": 2000
      },
      {
        "uuid": "4b9ece91-53c2-489f-a097-bdf19e18086e",
        "title": "Datos iniciales categorias",
        "fullFile": "/Users/abrahan/Desktop/JS/Walle-et/dist/main.js",
        "file": "/dist/main.js",
        "beforeHooks": [
          {
            "title": "\"before each\" hook",
            "fullTitle": "Datos iniciales categorias \"before each\" hook",
            "timedOut": false,
            "duration": 0,
            "pass": false,
            "fail": false,
            "pending": false,
            "code": "store = _src_Utils_TestUtil_js__WEBPACK_IMPORTED_MODULE_1__[\"default\"].getDefaultStore()",
            "err": {},
            "isRoot": false,
            "uuid": "98783622-5586-4c07-b40c-12cc01624d31",
            "isHook": true,
            "skipped": false
          }
        ],
        "afterHooks": [],
        "tests": [
          {
            "title": "Deberia tener 3 categorias de ingreso iniciales",
            "fullTitle": "Datos iniciales categorias Deberia tener 3 categorias de ingreso iniciales",
            "timedOut": false,
            "duration": 1,
            "state": "passed",
            "speed": "fast",
            "pass": true,
            "fail": false,
            "pending": false,
            "code": "assert.equal(3, store.state.categoriaIngresos.length,\n  'numero de categorias de ingresos: ' + store.state.categoriaIngresos.length)\nassert.exists(store.state.categoriaIngresos.find(categoria => categoria === 'Salario'),\n  'No esiste la categoria Salarios')\nassert.exists(store.state.categoriaIngresos.find(categoria => categoria === 'Transferencia'),\n  'No esiste la categoria Transferencia')\nassert.exists(store.state.categoriaIngresos.find(categoria => categoria === 'Otros'),\n  'No esiste la categoria Otros')",
            "err": {},
            "isRoot": false,
            "uuid": "30ec52e7-2f07-4c8b-aca3-b8d73c427b32",
            "isHook": false,
            "skipped": false
          },
          {
            "title": "Deberia tener 3 categorias de egreso iniciales",
            "fullTitle": "Datos iniciales categorias Deberia tener 3 categorias de egreso iniciales",
            "timedOut": false,
            "duration": 0,
            "state": "passed",
            "speed": "fast",
            "pass": true,
            "fail": false,
            "pending": false,
            "code": "assert.equal(3, store.state.categoriaEgresos.length,\n  'numero de categorias de egresos: ' + store.state.categoriaEgresos.length)\nassert.exists(store.state.categoriaEgresos.find(categoria => categoria === 'Expensas'),\n  'No esiste la categoria Expensas')\nassert.exists(store.state.categoriaEgresos.find(categoria => categoria === 'Transferencia'),\n  'No esiste la categoria Transferencia')\nassert.exists(store.state.categoriaEgresos.find(categoria => categoria === 'Otros'),\n  'No esiste la categoria Otros')",
            "err": {},
            "isRoot": false,
            "uuid": "9fe03d7e-4919-471c-abd0-b7f93b82384b",
            "isHook": false,
            "skipped": false
          }
        ],
        "suites": [],
        "passes": [
          "30ec52e7-2f07-4c8b-aca3-b8d73c427b32",
          "9fe03d7e-4919-471c-abd0-b7f93b82384b"
        ],
        "failures": [],
        "pending": [],
        "skipped": [],
        "duration": 1,
        "root": false,
        "rootEmpty": false,
        "_timeout": 2000
      },
      {
        "uuid": "71be5d14-6cf8-4fdd-b373-50c03f0dc577",
        "title": "Categorias invalidas",
        "fullFile": "/Users/abrahan/Desktop/JS/Walle-et/dist/main.js",
        "file": "/dist/main.js",
        "beforeHooks": [
          {
            "title": "\"before each\" hook",
            "fullTitle": "Categorias invalidas \"before each\" hook",
            "timedOut": false,
            "duration": 10,
            "pass": false,
            "fail": false,
            "pending": false,
            "code": "store = _src_Utils_TestUtil_js__WEBPACK_IMPORTED_MODULE_1__[\"default\"].getDefaultStore()\nwrapper = Object(_vue_test_utils__WEBPACK_IMPORTED_MODULE_0__[\"shallowMount\"])(_components_BotonCategorias_vue__WEBPACK_IMPORTED_MODULE_2__[\"default\"],\n  {\n    store,\n    propsData: {\n      categoriaIngresos: store.state.categoriaIngresos,\n      categoriaEgresos: store.state.categoriaEgresos\n    }\n  })",
            "err": {},
            "isRoot": false,
            "uuid": "872e084f-4637-4e44-b6c3-80c22e42e00d",
            "isHook": true,
            "skipped": false
          }
        ],
        "afterHooks": [],
        "tests": [
          {
            "title": "no se puede crear categorias de ingreso con nombre vacio",
            "fullTitle": "Categorias invalidas no se puede crear categorias de ingreso con nombre vacio",
            "timedOut": false,
            "duration": 4,
            "state": "passed",
            "speed": "fast",
            "pass": true,
            "fail": false,
            "pending": false,
            "code": "wrapper.vm.tipo = 'Ingreso'\nwrapper.vm.nombre = ''\nwrapper.vm.agregar()\nassert.notExists(store.state.categoriaIngresos.find(categoria => categoria === ''))",
            "err": {},
            "isRoot": false,
            "uuid": "d42cc73b-e9cb-49cc-9a5d-42d7837500df",
            "isHook": false,
            "skipped": false
          },
          {
            "title": "no se puede crear categorias de egreso con nombre vacio",
            "fullTitle": "Categorias invalidas no se puede crear categorias de egreso con nombre vacio",
            "timedOut": false,
            "duration": 9,
            "state": "passed",
            "speed": "fast",
            "pass": true,
            "fail": false,
            "pending": false,
            "code": "wrapper.vm.tipo = 'Egreso'\nwrapper.vm.nombre = ''\nwrapper.vm.agregar()\nassert.notExists(store.state.categoriaEgresos.find(categoria => categoria === ''))",
            "err": {},
            "isRoot": false,
            "uuid": "9468ffb1-a55a-4f14-9d1f-5424deaf1fb3",
            "isHook": false,
            "skipped": false
          },
          {
            "title": "No se pueden agregar categorias de ingreso ya existentes",
            "fullTitle": "Categorias invalidas No se pueden agregar categorias de ingreso ya existentes",
            "timedOut": false,
            "duration": 8,
            "state": "passed",
            "speed": "fast",
            "pass": true,
            "fail": false,
            "pending": false,
            "code": "const categoriaExistente = 'Salario'\nconst cantidadInicial = store.state.categoriaEgresos.length\nwrapper.vm.tipo = 'Ingreso'\nwrapper.vm.nombre = categoriaExistente\nwrapper.vm.agregar()\nassert.equal(store.state.categoriaIngresos.length, cantidadInicial)",
            "err": {},
            "isRoot": false,
            "uuid": "07068f2f-6244-427d-87e3-4294e166bb31",
            "isHook": false,
            "skipped": false
          },
          {
            "title": "No se pueden agregar categorias de egreso ya existentes",
            "fullTitle": "Categorias invalidas No se pueden agregar categorias de egreso ya existentes",
            "timedOut": false,
            "duration": 8,
            "state": "passed",
            "speed": "fast",
            "pass": true,
            "fail": false,
            "pending": false,
            "code": "const categoriaExistente = 'Expensas'\nconst cantidadInicial = store.state.categoriaEgresos.length\nwrapper.vm.tipo = 'Egreso'\nwrapper.vm.nombre = categoriaExistente\nwrapper.vm.agregar()\nassert.equal(store.state.categoriaEgresos.length, cantidadInicial)",
            "err": {},
            "isRoot": false,
            "uuid": "2383ab67-828d-41c6-bf62-d6714677c994",
            "isHook": false,
            "skipped": false
          },
          {
            "title": "no se puede crear categorias sin tipo",
            "fullTitle": "Categorias invalidas no se puede crear categorias sin tipo",
            "timedOut": false,
            "duration": 4,
            "state": "passed",
            "speed": "fast",
            "pass": true,
            "fail": false,
            "pending": false,
            "code": "const nombreCategoria = 'Supermercado'\nwrapper.vm.tipo = ''\nwrapper.vm.nombre = nombreCategoria\nwrapper.vm.agregar()\nassert.notExists(store.state.categoriaIngresos.find(categoria => categoria === nombreCategoria))\nassert.notExists(store.state.categoriaEgresos.find(categoria => categoria === nombreCategoria))",
            "err": {},
            "isRoot": false,
            "uuid": "96359e2d-ae79-4905-badb-980391699053",
            "isHook": false,
            "skipped": false
          }
        ],
        "suites": [],
        "passes": [
          "d42cc73b-e9cb-49cc-9a5d-42d7837500df",
          "9468ffb1-a55a-4f14-9d1f-5424deaf1fb3",
          "07068f2f-6244-427d-87e3-4294e166bb31",
          "2383ab67-828d-41c6-bf62-d6714677c994",
          "96359e2d-ae79-4905-badb-980391699053"
        ],
        "failures": [],
        "pending": [],
        "skipped": [],
        "duration": 33,
        "root": false,
        "rootEmpty": false,
        "_timeout": 2000
      },
      {
        "uuid": "31fce3e6-c7f8-4903-9480-7009d063911b",
        "title": "Ingresos, funcional",
        "fullFile": "/Users/abrahan/Desktop/JS/Walle-et/dist/main.js",
        "file": "/dist/main.js",
        "beforeHooks": [
          {
            "title": "\"before each\" hook",
            "fullTitle": "Ingresos, funcional \"before each\" hook",
            "timedOut": false,
            "duration": 14,
            "pass": false,
            "fail": false,
            "pending": false,
            "code": "store = _Utils_TestUtil_js__WEBPACK_IMPORTED_MODULE_1__[\"default\"].getDefaultStore()\nstore.state.cuentas.push({ icon: 'account_balance', nombre: 'ahorros', fondos: 0, route: '/' })\nwrapper = Object(_vue_test_utils__WEBPACK_IMPORTED_MODULE_0__[\"shallowMount\"])(_components_BotonTransacciones__WEBPACK_IMPORTED_MODULE_2__[\"default\"],\n  {\n    store,\n    propsData: {\n      tipo: 'Ingreso',\n      cuenta: { icon: 'account_balance', nombre: 'ahorros', fondos: 0, route: '/' },\n      categorias: store.state.categoriaIngresos }\n  })",
            "err": {},
            "isRoot": false,
            "uuid": "eafc27b6-1b6c-474b-babe-ef377cd10920",
            "isHook": true,
            "skipped": false
          }
        ],
        "afterHooks": [],
        "tests": [
          {
            "title": "Agregar Ingreso",
            "fullTitle": "Ingresos, funcional Agregar Ingreso",
            "timedOut": false,
            "duration": 21,
            "state": "passed",
            "speed": "fast",
            "pass": true,
            "fail": false,
            "pending": false,
            "code": "const datosTransaccion = { cuenta: 'ahorros', fecha: '06/05/2019', monto: 120, categoria: 'Salario' }\nconst saldoInicial = 0\nwrapper.vm.monto = datosTransaccion.monto\nwrapper.vm.fecha = datosTransaccion.fecha\nwrapper.vm.categoria = datosTransaccion.categoria\nwrapper.vm.agregar()\nassert.exists(store.state.ingresos.find(function (ingreso) {\n  return (ingreso.cuenta === datosTransaccion.cuenta) &&\n  (ingreso.fecha === datosTransaccion.fecha) &&\n  (ingreso.categoria === datosTransaccion.categoria) &&\n  (ingreso.monto === datosTransaccion.monto)\n}), 'No se encontro el ingreso')\nassert.equal(store.state.cuentas.find(cuenta => cuenta.nombre === datosTransaccion.cuenta).fondos,\n  (saldoInicial + datosTransaccion.monto), 'No se actualiza el saldo de la cuenta')",
            "err": {},
            "isRoot": false,
            "uuid": "749cd5dc-f979-4ccd-a1e7-087a960761e4",
            "isHook": false,
            "skipped": false
          }
        ],
        "suites": [],
        "passes": [
          "749cd5dc-f979-4ccd-a1e7-087a960761e4"
        ],
        "failures": [],
        "pending": [],
        "skipped": [],
        "duration": 21,
        "root": false,
        "rootEmpty": false,
        "_timeout": 2000
      },
      {
        "uuid": "d94455df-c8e8-4048-ba2d-38c74a7cfc2e",
        "title": "Egresos, funcional",
        "fullFile": "/Users/abrahan/Desktop/JS/Walle-et/dist/main.js",
        "file": "/dist/main.js",
        "beforeHooks": [
          {
            "title": "\"before each\" hook",
            "fullTitle": "Egresos, funcional \"before each\" hook",
            "timedOut": false,
            "duration": 10,
            "pass": false,
            "fail": false,
            "pending": false,
            "code": "store = _Utils_TestUtil_js__WEBPACK_IMPORTED_MODULE_1__[\"default\"].getDefaultStore()\nstore.state.cuentas.push({ icon: 'account_balance', nombre: 'ahorros', fondos: 0, route: '/' })\nwrapper = Object(_vue_test_utils__WEBPACK_IMPORTED_MODULE_0__[\"shallowMount\"])(_components_BotonTransacciones__WEBPACK_IMPORTED_MODULE_2__[\"default\"],\n  {\n    store,\n    propsData: {\n      tipo: 'Egreso',\n      cuenta: { icon: 'account_balance', nombre: 'ahorros', fondos: 200, route: '/' },\n      categorias: store.state.categoriaEgresos }\n  })",
            "err": {},
            "isRoot": false,
            "uuid": "7bec2b31-a1ee-4ec1-9f1b-558bb04beb20",
            "isHook": true,
            "skipped": false
          }
        ],
        "afterHooks": [],
        "tests": [
          {
            "title": "Agregar Egreso",
            "fullTitle": "Egresos, funcional Agregar Egreso",
            "timedOut": false,
            "duration": 17,
            "state": "passed",
            "speed": "fast",
            "pass": true,
            "fail": false,
            "pending": false,
            "code": "const datosTransaccion = { cuenta: 'ahorros', fecha: '06/05/2019', monto: 100, categoria: 'Expensas' }\nconst saldoInicial = 200\nwrapper.vm.monto = datosTransaccion.monto\nwrapper.vm.fecha = datosTransaccion.fecha\nwrapper.vm.categoria = datosTransaccion.categoria\nwrapper.vm.agregar()\nassert.exists(store.state.egresos.find(function (egreso) {\n  return (egreso.cuenta === datosTransaccion.cuenta) &&\n  (egreso.fecha === datosTransaccion.fecha) &&\n  (egreso.categoria === datosTransaccion.categoria) &&\n  (egreso.monto === datosTransaccion.monto)\n}), 'No se encontro el egreso')\nassert.equal(store.state.cuentas.find(cuenta => cuenta.nombre === datosTransaccion.cuenta).fondos,\n  (saldoInicial - datosTransaccion.monto), 'No se actualiza el saldo de la cuenta')",
            "err": {},
            "isRoot": false,
            "uuid": "55d73fa8-e125-49a7-92fd-a727b817bef8",
            "isHook": false,
            "skipped": false
          }
        ],
        "suites": [],
        "passes": [
          "55d73fa8-e125-49a7-92fd-a727b817bef8"
        ],
        "failures": [],
        "pending": [],
        "skipped": [],
        "duration": 17,
        "root": false,
        "rootEmpty": false,
        "_timeout": 2000
      },
      {
        "uuid": "b1f5cece-9f4a-4cff-aeb0-72a08a2dc569",
        "title": "Ingresos invalidos",
        "fullFile": "/Users/abrahan/Desktop/JS/Walle-et/dist/main.js",
        "file": "/dist/main.js",
        "beforeHooks": [
          {
            "title": "\"before each\" hook",
            "fullTitle": "Ingresos invalidos \"before each\" hook",
            "timedOut": false,
            "duration": 8,
            "pass": false,
            "fail": false,
            "pending": false,
            "code": "store = _Utils_TestUtil_js__WEBPACK_IMPORTED_MODULE_1__[\"default\"].getDefaultStore()\nstore.state.cuentas.push({ icon: 'account_balance', nombre: 'ahorros', fondos: 0, route: '/' })\nwrapper = Object(_vue_test_utils__WEBPACK_IMPORTED_MODULE_0__[\"shallowMount\"])(_components_BotonTransacciones__WEBPACK_IMPORTED_MODULE_2__[\"default\"],\n  {\n    store,\n    propsData: {\n      tipo: 'Ingreso',\n      cuenta: { icon: 'account_balance', nombre: 'ahorros', fondos: 0, route: '/' },\n      categorias: store.state.categoriaIngresos }\n  })",
            "err": {},
            "isRoot": false,
            "uuid": "4fcf24a8-6e05-41b0-b87b-82f7e9324bbe",
            "isHook": true,
            "skipped": false
          }
        ],
        "afterHooks": [],
        "tests": [
          {
            "title": "categoria vacia",
            "fullTitle": "Ingresos invalidos categoria vacia",
            "timedOut": false,
            "duration": 10,
            "state": "passed",
            "speed": "fast",
            "pass": true,
            "fail": false,
            "pending": false,
            "code": "const datosTransaccion = { cuenta: 'ahorros', fecha: '06/05/2019', monto: 100, categoria: '' }\nconst saldoInicial = 0\nwrapper.vm.monto = datosTransaccion.monto\nwrapper.vm.fecha = datosTransaccion.fecha\nwrapper.vm.categoria = datosTransaccion.categoria\nwrapper.vm.agregar()\nassert.notExists(store.state.ingresos.find(function (ingreso) {\n  return (ingreso.cuenta === datosTransaccion.cuenta) &&\n  (ingreso.fecha === datosTransaccion.fecha) &&\n  (ingreso.categoria === datosTransaccion.categoria) &&\n  (ingreso.monto === datosTransaccion.monto)\n}), 'Se agrego el ingreso')\nassert.equal(store.state.cuentas.find(cuenta => cuenta.nombre === datosTransaccion.cuenta).fondos,\n  saldoInicial, 'Se cambia el saldo de la cuenta')",
            "err": {},
            "isRoot": false,
            "uuid": "73690eeb-ea76-4916-aff8-4bfdaba19238",
            "isHook": false,
            "skipped": false
          },
          {
            "title": "fecha vacia",
            "fullTitle": "Ingresos invalidos fecha vacia",
            "timedOut": false,
            "duration": 17,
            "state": "passed",
            "speed": "fast",
            "pass": true,
            "fail": false,
            "pending": false,
            "code": "const datosTransaccion = { cuenta: 'ahorros', fecha: '', monto: 100, categoria: 'Salario' }\nconst saldoInicial = 0\nwrapper.vm.monto = datosTransaccion.monto\nwrapper.vm.fecha = datosTransaccion.fecha\nwrapper.vm.categoria = datosTransaccion.categoria\nwrapper.vm.agregar()\nassert.notExists(store.state.ingresos.find(function (ingreso) {\n  return (ingreso.cuenta === datosTransaccion.cuenta) &&\n  (ingreso.fecha === datosTransaccion.fecha) &&\n  (ingreso.categoria === datosTransaccion.categoria) &&\n  (ingreso.monto === datosTransaccion.monto)\n}), 'Se agrego el ingreso')\nassert.equal(store.state.cuentas.find(cuenta => cuenta.nombre === datosTransaccion.cuenta).fondos,\n  saldoInicial, 'Se cambia el saldo de la cuenta')",
            "err": {},
            "isRoot": false,
            "uuid": "bedecb5f-01b7-496d-bdf6-d8989145b87c",
            "isHook": false,
            "skipped": false
          },
          {
            "title": "monto nulo",
            "fullTitle": "Ingresos invalidos monto nulo",
            "timedOut": false,
            "duration": 12,
            "state": "passed",
            "speed": "fast",
            "pass": true,
            "fail": false,
            "pending": false,
            "code": "const datosTransaccion = { cuenta: 'ahorros', fecha: '06/05/2019', monto: 0, categoria: 'Salario' }\nconst saldoInicial = 0\nwrapper.vm.monto = datosTransaccion.monto\nwrapper.vm.fecha = datosTransaccion.fecha\nwrapper.vm.categoria = datosTransaccion.categoria\nwrapper.vm.agregar()\nassert.notExists(store.state.ingresos.find(function (ingreso) {\n  return (ingreso.cuenta === datosTransaccion.cuenta) &&\n  (ingreso.fecha === datosTransaccion.fecha) &&\n  (ingreso.categoria === datosTransaccion.categoria) &&\n  (ingreso.monto === datosTransaccion.monto)\n}), 'Se agrego el ingreso')\nassert.equal(store.state.cuentas.find(cuenta => cuenta.nombre === datosTransaccion.cuenta).fondos,\n  saldoInicial, 'Se cambia el saldo de la cuenta')",
            "err": {},
            "isRoot": false,
            "uuid": "76013cac-a93a-4c65-882b-66f672e2879b",
            "isHook": false,
            "skipped": false
          },
          {
            "title": "monto negativo",
            "fullTitle": "Ingresos invalidos monto negativo",
            "timedOut": false,
            "duration": 10,
            "state": "passed",
            "speed": "fast",
            "pass": true,
            "fail": false,
            "pending": false,
            "code": "const datosTransaccion = { cuenta: 'ahorros', fecha: '06/05/2019', monto: -50, categoria: 'Salario' }\nconst saldoInicial = 0\nwrapper.vm.monto = datosTransaccion.monto\nwrapper.vm.fecha = datosTransaccion.fecha\nwrapper.vm.categoria = datosTransaccion.categoria\nwrapper.vm.agregar()\nassert.notExists(store.state.ingresos.find(function (ingreso) {\n  return (ingreso.cuenta === datosTransaccion.cuenta) &&\n  (ingreso.fecha === datosTransaccion.fecha) &&\n  (ingreso.categoria === datosTransaccion.categoria) &&\n  (ingreso.monto === datosTransaccion.monto)\n}), 'Se agrego el ingreso')\nassert.equal(store.state.cuentas.find(cuenta => cuenta.nombre === datosTransaccion.cuenta).fondos,\n  saldoInicial, 'Se cambia el saldo de la cuenta')",
            "err": {},
            "isRoot": false,
            "uuid": "26e07944-971b-4cbb-983c-9acdb37fb7ea",
            "isHook": false,
            "skipped": false
          },
          {
            "title": "categoria inexistente",
            "fullTitle": "Ingresos invalidos categoria inexistente",
            "timedOut": false,
            "duration": 18,
            "state": "passed",
            "speed": "fast",
            "pass": true,
            "fail": false,
            "pending": false,
            "code": "const datosTransaccion = { cuenta: 'ahorros', fecha: '06/05/2019', monto: 50, categoria: 'Tienda' }\nconst saldoInicial = 0\nwrapper.vm.monto = datosTransaccion.monto\nwrapper.vm.fecha = datosTransaccion.fecha\nwrapper.vm.categoria = datosTransaccion.categoria\nwrapper.vm.agregar()\nassert.notExists(store.state.ingresos.find(function (ingreso) {\n  return (ingreso.cuenta === datosTransaccion.cuenta) &&\n  (ingreso.fecha === datosTransaccion.fecha) &&\n  (ingreso.categoria === datosTransaccion.categoria) &&\n  (ingreso.monto === datosTransaccion.monto)\n}), 'Se agrego el ingreso')\nassert.equal(store.state.cuentas.find(cuenta => cuenta.nombre === datosTransaccion.cuenta).fondos,\n  saldoInicial, 'Se cambia el saldo de la cuenta')",
            "err": {},
            "isRoot": false,
            "uuid": "aab1f337-8fb0-4472-af00-ff7b3e895dfb",
            "isHook": false,
            "skipped": false
          }
        ],
        "suites": [],
        "passes": [
          "73690eeb-ea76-4916-aff8-4bfdaba19238",
          "bedecb5f-01b7-496d-bdf6-d8989145b87c",
          "76013cac-a93a-4c65-882b-66f672e2879b",
          "26e07944-971b-4cbb-983c-9acdb37fb7ea",
          "aab1f337-8fb0-4472-af00-ff7b3e895dfb"
        ],
        "failures": [],
        "pending": [],
        "skipped": [],
        "duration": 67,
        "root": false,
        "rootEmpty": false,
        "_timeout": 2000
      },
      {
        "uuid": "9921c2a6-9fc0-4f2d-8a22-018736d6e14b",
        "title": "Egresos invalidos",
        "fullFile": "/Users/abrahan/Desktop/JS/Walle-et/dist/main.js",
        "file": "/dist/main.js",
        "beforeHooks": [
          {
            "title": "\"before each\" hook",
            "fullTitle": "Egresos invalidos \"before each\" hook",
            "timedOut": false,
            "duration": 11,
            "pass": false,
            "fail": false,
            "pending": false,
            "code": "store = _Utils_TestUtil_js__WEBPACK_IMPORTED_MODULE_1__[\"default\"].getDefaultStore()\nstore.state.cuentas.push({ icon: 'account_balance', nombre: 'ahorros', fondos: 100, route: '/' })\nwrapper = Object(_vue_test_utils__WEBPACK_IMPORTED_MODULE_0__[\"shallowMount\"])(_components_BotonTransacciones__WEBPACK_IMPORTED_MODULE_2__[\"default\"],\n  {\n    store,\n    propsData: {\n      tipo: 'Egreso',\n      cuenta: { icon: 'account_balance', nombre: 'ahorros', fondos: 100, route: '/' },\n      categorias: store.state.categoriaEgresos }\n  })",
            "err": {},
            "isRoot": false,
            "uuid": "10bfce24-bd44-4a44-9a20-9c1f1d951ef5",
            "isHook": true,
            "skipped": false
          }
        ],
        "afterHooks": [],
        "tests": [
          {
            "title": "categoria vacia",
            "fullTitle": "Egresos invalidos categoria vacia",
            "timedOut": false,
            "duration": 8,
            "state": "passed",
            "speed": "fast",
            "pass": true,
            "fail": false,
            "pending": false,
            "code": "const datosTransaccion = { cuenta: 'ahorros', fecha: '06/05/2019', monto: 50, categoria: '' }\nconst saldoInicial = 100\nwrapper.vm.monto = datosTransaccion.monto\nwrapper.vm.fecha = datosTransaccion.fecha\nwrapper.vm.categoria = datosTransaccion.categoria\nwrapper.vm.agregar()\nassert.notExists(store.state.egresos.find(function (egreso) {\n  return (egreso.cuenta === datosTransaccion.cuenta) &&\n  (egreso.fecha === datosTransaccion.fecha) &&\n  (egreso.categoria === datosTransaccion.categoria) &&\n  (egreso.monto === datosTransaccion.monto)\n}), 'Se agrego el egreso')\nassert.equal(store.state.cuentas.find(cuenta => cuenta.nombre === datosTransaccion.cuenta).fondos,\n  saldoInicial, 'Se cambia el saldo de la cuenta')",
            "err": {},
            "isRoot": false,
            "uuid": "78fc8ee7-d36d-48d2-ad3b-71df1888fa30",
            "isHook": false,
            "skipped": false
          },
          {
            "title": "fecha vacia",
            "fullTitle": "Egresos invalidos fecha vacia",
            "timedOut": false,
            "duration": 13,
            "state": "passed",
            "speed": "fast",
            "pass": true,
            "fail": false,
            "pending": false,
            "code": "const datosTransaccion = { cuenta: 'ahorros', fecha: '', monto: 50, categoria: 'Expensas' }\nconst saldoInicial = 100\nwrapper.vm.monto = datosTransaccion.monto\nwrapper.vm.fecha = datosTransaccion.fecha\nwrapper.vm.categoria = datosTransaccion.categoria\nwrapper.vm.agregar()\nassert.notExists(store.state.egresos.find(function (egreso) {\n  return (egreso.cuenta === datosTransaccion.cuenta) &&\n  (egreso.fecha === datosTransaccion.fecha) &&\n  (egreso.categoria === datosTransaccion.categoria) &&\n  (egreso.monto === datosTransaccion.monto)\n}), 'Se agrego el egreso')\nassert.equal(store.state.cuentas.find(cuenta => cuenta.nombre === datosTransaccion.cuenta).fondos,\n  saldoInicial, 'Se cambia el saldo de la cuenta')",
            "err": {},
            "isRoot": false,
            "uuid": "8c87f73e-4899-4280-bfc5-77f803d159ad",
            "isHook": false,
            "skipped": false
          },
          {
            "title": "monto nulo",
            "fullTitle": "Egresos invalidos monto nulo",
            "timedOut": false,
            "duration": 12,
            "state": "passed",
            "speed": "fast",
            "pass": true,
            "fail": false,
            "pending": false,
            "code": "const datosTransaccion = { cuenta: 'ahorros', fecha: '06/05/2019', monto: 0, categoria: 'Expensas' }\nconst saldoInicial = 100\nwrapper.vm.monto = datosTransaccion.monto\nwrapper.vm.fecha = datosTransaccion.fecha\nwrapper.vm.categoria = datosTransaccion.categoria\nwrapper.vm.agregar()\nassert.notExists(store.state.egresos.find(function (egreso) {\n  return (egreso.cuenta === datosTransaccion.cuenta) &&\n  (egreso.fecha === datosTransaccion.fecha) &&\n  (egreso.categoria === datosTransaccion.categoria) &&\n  (egreso.monto === datosTransaccion.monto)\n}), 'Se agrego el egreso')\nassert.equal(store.state.cuentas.find(cuenta => cuenta.nombre === datosTransaccion.cuenta).fondos,\n  saldoInicial, 'Se cambia el saldo de la cuenta')",
            "err": {},
            "isRoot": false,
            "uuid": "6c20d48d-1acb-4bcf-969b-e4ae296ac71e",
            "isHook": false,
            "skipped": false
          },
          {
            "title": "monto negativo",
            "fullTitle": "Egresos invalidos monto negativo",
            "timedOut": false,
            "duration": 13,
            "state": "passed",
            "speed": "fast",
            "pass": true,
            "fail": false,
            "pending": false,
            "code": "const datosTransaccion = { cuenta: 'ahorros', fecha: '06/05/2019', monto: -50, categoria: 'Expensas' }\nconst saldoInicial = 100\nwrapper.vm.monto = datosTransaccion.monto\nwrapper.vm.fecha = datosTransaccion.fecha\nwrapper.vm.categoria = datosTransaccion.categoria\nwrapper.vm.agregar()\nassert.notExists(store.state.egresos.find(function (egreso) {\n  return (egreso.cuenta === datosTransaccion.cuenta) &&\n  (egreso.fecha === datosTransaccion.fecha) &&\n  (egreso.categoria === datosTransaccion.categoria) &&\n  (egreso.monto === datosTransaccion.monto)\n}), 'Se agrego el egreso')\nassert.equal(store.state.cuentas.find(cuenta => cuenta.nombre === datosTransaccion.cuenta).fondos,\n  saldoInicial, 'Se cambia el saldo de la cuenta')",
            "err": {},
            "isRoot": false,
            "uuid": "90196310-47bc-4f2d-a9a7-5c179250f44d",
            "isHook": false,
            "skipped": false
          },
          {
            "title": "monto mayor al saldo",
            "fullTitle": "Egresos invalidos monto mayor al saldo",
            "timedOut": false,
            "duration": 10,
            "state": "passed",
            "speed": "fast",
            "pass": true,
            "fail": false,
            "pending": false,
            "code": "const datosTransaccion = { cuenta: 'ahorros', fecha: '06/05/2019', monto: 200, categoria: 'Expensas' }\nconst saldoInicial = 100\nwrapper.vm.monto = datosTransaccion.monto\nwrapper.vm.fecha = datosTransaccion.fecha\nwrapper.vm.categoria = datosTransaccion.categoria\nwrapper.vm.agregar()\nassert.notExists(store.state.egresos.find(function (egreso) {\n  return (egreso.cuenta === datosTransaccion.cuenta) &&\n  (egreso.fecha === datosTransaccion.fecha) &&\n  (egreso.categoria === datosTransaccion.categoria) &&\n  (egreso.monto === datosTransaccion.monto)\n}), 'Se agrego el egreso')\nassert.equal(store.state.cuentas.find(cuenta => cuenta.nombre === datosTransaccion.cuenta).fondos,\n  saldoInicial, 'Se cambia el saldo de la cuenta')",
            "err": {},
            "isRoot": false,
            "uuid": "83752e58-7efd-4333-bf9f-f7f6991e00f2",
            "isHook": false,
            "skipped": false
          },
          {
            "title": "categoria inexistente",
            "fullTitle": "Egresos invalidos categoria inexistente",
            "timedOut": false,
            "duration": 16,
            "state": "passed",
            "speed": "fast",
            "pass": true,
            "fail": false,
            "pending": false,
            "code": "const datosTransaccion = { cuenta: 'ahorros', fecha: '06/05/2019', monto: 50, categoria: 'Tienda' }\nconst saldoInicial = 100\nwrapper.vm.monto = datosTransaccion.monto\nwrapper.vm.fecha = datosTransaccion.fecha\nwrapper.vm.categoria = datosTransaccion.categoria\nwrapper.vm.agregar()\nassert.notExists(store.state.egresos.find(function (egreso) {\n  return (egreso.cuenta === datosTransaccion.cuenta) &&\n  (egreso.fecha === datosTransaccion.fecha) &&\n  (egreso.categoria === datosTransaccion.categoria) &&\n  (egreso.monto === datosTransaccion.monto)\n}), 'Se agrego el egreso')\nassert.equal(store.state.cuentas.find(cuenta => cuenta.nombre === datosTransaccion.cuenta).fondos,\n  saldoInicial, 'Se cambia el saldo de la cuenta')",
            "err": {},
            "isRoot": false,
            "uuid": "b6aed041-cd2a-4e52-bb1d-a0f70fbabfd8",
            "isHook": false,
            "skipped": false
          }
        ],
        "suites": [],
        "passes": [
          "78fc8ee7-d36d-48d2-ad3b-71df1888fa30",
          "8c87f73e-4899-4280-bfc5-77f803d159ad",
          "6c20d48d-1acb-4bcf-969b-e4ae296ac71e",
          "90196310-47bc-4f2d-a9a7-5c179250f44d",
          "83752e58-7efd-4333-bf9f-f7f6991e00f2",
          "b6aed041-cd2a-4e52-bb1d-a0f70fbabfd8"
        ],
        "failures": [],
        "pending": [],
        "skipped": [],
        "duration": 72,
        "root": false,
        "rootEmpty": false,
        "_timeout": 2000
      },
      {
        "uuid": "39803eaf-8df1-4022-8679-824e8d970f0c",
        "title": "Render test, transacciones",
        "fullFile": "/Users/abrahan/Desktop/JS/Walle-et/dist/main.js",
        "file": "/dist/main.js",
        "beforeHooks": [
          {
            "title": "\"before each\" hook",
            "fullTitle": "Render test, transacciones \"before each\" hook",
            "timedOut": false,
            "duration": 1,
            "pass": false,
            "fail": false,
            "pending": false,
            "code": "store = _Utils_TestUtil_js__WEBPACK_IMPORTED_MODULE_1__[\"default\"].getDefaultStore()\nstore.state.cuentas.push({ icon: 'account_balance', nombre: 'ahorros', fondos: 0, route: '/' })",
            "err": {},
            "isRoot": false,
            "uuid": "cffe2096-7701-4278-aecd-f133f9918e7d",
            "isHook": true,
            "skipped": false
          }
        ],
        "afterHooks": [],
        "tests": [
          {
            "title": "test ingreso",
            "fullTitle": "Render test, transacciones test ingreso",
            "timedOut": false,
            "duration": 9,
            "state": "passed",
            "speed": "fast",
            "pass": true,
            "fail": false,
            "pending": false,
            "code": "wrapper = Object(_vue_test_utils__WEBPACK_IMPORTED_MODULE_0__[\"shallowMount\"])(_components_BotonTransacciones__WEBPACK_IMPORTED_MODULE_2__[\"default\"],\n  {\n    store,\n    propsData: {\n      tipo: 'Ingreso',\n      cuenta: { icon: 'account_balance', nombre: 'ahorros', fondos: 0, route: '/' },\n      categorias: store.state.categoriaIngresos }\n  })\nassert.equal(wrapper.find('#selectorIngreso').exists(), true)\nassert.equal(wrapper.find('#montoIngreso').exists(), true)\nassert.equal(wrapper.find('#menuCalendarioIngreso').exists(), true)\nassert.equal(wrapper.find('#okCalendarioIngreso').exists(), true)\nassert.equal(wrapper.find('#agregarIngreso').exists(), true)",
            "err": {},
            "isRoot": false,
            "uuid": "e0fde4a8-e3a7-411f-b5ac-7c87f3175a16",
            "isHook": false,
            "skipped": false
          },
          {
            "title": "test egreso",
            "fullTitle": "Render test, transacciones test egreso",
            "timedOut": false,
            "duration": 15,
            "state": "passed",
            "speed": "fast",
            "pass": true,
            "fail": false,
            "pending": false,
            "code": "wrapper = Object(_vue_test_utils__WEBPACK_IMPORTED_MODULE_0__[\"shallowMount\"])(_components_BotonTransacciones__WEBPACK_IMPORTED_MODULE_2__[\"default\"],\n  {\n    store,\n    propsData: {\n      tipo: 'Egreso',\n      cuenta: { icon: 'account_balance', nombre: 'ahorros', fondos: 0, route: '/' },\n      categorias: store.state.categoriaIngresos }\n  })\nassert.equal(wrapper.find('#selectorEgreso').exists(), true)\nassert.equal(wrapper.find('#montoEgreso').exists(), true)\nassert.equal(wrapper.find('#menuCalendarioEgreso').exists(), true)\nassert.equal(wrapper.find('#okCalendarioEgreso').exists(), true)\nassert.equal(wrapper.find('#agregarEgreso').exists(), true)",
            "err": {},
            "isRoot": false,
            "uuid": "327d1938-e7ac-41e6-8c5a-0e4e085946db",
            "isHook": false,
            "skipped": false
          }
        ],
        "suites": [],
        "passes": [
          "e0fde4a8-e3a7-411f-b5ac-7c87f3175a16",
          "327d1938-e7ac-41e6-8c5a-0e4e085946db"
        ],
        "failures": [],
        "pending": [],
        "skipped": [],
        "duration": 24,
        "root": false,
        "rootEmpty": false,
        "_timeout": 2000
      },
      {
        "uuid": "fa0186d3-7b8e-466e-8a8b-687351c5abab",
        "title": "Transferencia, funcional",
        "fullFile": "/Users/abrahan/Desktop/JS/Walle-et/dist/main.js",
        "file": "/dist/main.js",
        "beforeHooks": [
          {
            "title": "\"before each\" hook",
            "fullTitle": "Transferencia, funcional \"before each\" hook",
            "timedOut": false,
            "duration": 9,
            "pass": false,
            "fail": false,
            "pending": false,
            "code": "store = _Utils_TestUtil_js__WEBPACK_IMPORTED_MODULE_1__[\"default\"].getDefaultStore()\nstore.state.cuentas.push({ icon: 'account_balance', nombre: 'ahorros', fondos: 100, route: '/' })\nstore.state.cuentas.push({ icon: 'account_balance', nombre: 'comida', fondos: 0, route: '/' })\nwrapper = Object(_vue_test_utils__WEBPACK_IMPORTED_MODULE_0__[\"shallowMount\"])(_components_BotonTransferencia__WEBPACK_IMPORTED_MODULE_2__[\"default\"],\n  {\n    store, propsData: { cuenta: { icon: 'account_balance', nombre: 'ahorros', fondos: 100, route: '/' } }\n  })",
            "err": {},
            "isRoot": false,
            "uuid": "96bbcb2d-a7f6-47bb-8bb0-7725a696173c",
            "isHook": true,
            "skipped": false
          }
        ],
        "afterHooks": [],
        "tests": [
          {
            "title": "Agregar Transferencia",
            "fullTitle": "Transferencia, funcional Agregar Transferencia",
            "timedOut": false,
            "duration": 17,
            "state": "passed",
            "speed": "fast",
            "pass": true,
            "fail": false,
            "pending": false,
            "code": "const datosTransferencia = {\n  cuentaDestino: 'comida',\n  fecha: '2019-05-06',\n  monto: 50,\n  categoria: 'Transferencia',\n  cuentaOrigen: 'ahorros',\n  saldoOrigenInicial: 100,\n  saldoDestinoInicial: 0\n}\nwrapper.vm.monto = datosTransferencia.monto\nwrapper.vm.fecha = datosTransferencia.fecha\nwrapper.vm.cuentaDestino = datosTransferencia.cuentaDestino\nwrapper.vm.transferir()\nassert.exists(store.state.ingresos.find(function (ingreso) {\n  return (ingreso.cuenta === datosTransferencia.cuentaDestino) &&\n  (ingreso.fecha === datosTransferencia.fecha) &&\n  (ingreso.categoria === datosTransferencia.categoria) &&\n  (ingreso.monto === datosTransferencia.monto)\n}), 'No se encontro el ingreso en la cuenta destino' + store.state.egresos.length)\nassert.equal(store.state.cuentas.find(cuenta => cuenta.nombre === datosTransferencia.cuentaDestino).fondos,\n  (datosTransferencia.saldoDestinoInicial + datosTransferencia.monto),\n  'No se actualiza el saldo de la cuenta Destino')\nassert.exists(store.state.egresos.find(function (egreso) {\n  return (egreso.cuenta === datosTransferencia.cuentaOrigen) &&\n  (egreso.fecha === datosTransferencia.fecha) &&\n  (egreso.categoria === datosTransferencia.categoria) &&\n  (egreso.monto === datosTransferencia.monto)\n}), 'No se encontro el egreso en la cuenta origen')\nassert.equal(store.state.cuentas.find(cuenta => cuenta.nombre === datosTransferencia.cuentaOrigen).fondos,\n  (datosTransferencia.saldoOrigenInicial - datosTransferencia.monto),\n  'No se actualiza el saldo de la cuenta origen')",
            "err": {},
            "isRoot": false,
            "uuid": "30f549ce-0649-4a09-913f-527e6db49de4",
            "isHook": false,
            "skipped": false
          }
        ],
        "suites": [],
        "passes": [
          "30f549ce-0649-4a09-913f-527e6db49de4"
        ],
        "failures": [],
        "pending": [],
        "skipped": [],
        "duration": 17,
        "root": false,
        "rootEmpty": false,
        "_timeout": 2000
      },
      {
        "uuid": "ddbc28b9-5dac-49ef-af42-d71613c5b5a5",
        "title": "Transferencias invalidas",
        "fullFile": "/Users/abrahan/Desktop/JS/Walle-et/dist/main.js",
        "file": "/dist/main.js",
        "beforeHooks": [
          {
            "title": "\"before each\" hook",
            "fullTitle": "Transferencias invalidas \"before each\" hook",
            "timedOut": false,
            "duration": 10,
            "pass": false,
            "fail": false,
            "pending": false,
            "code": "store = _Utils_TestUtil_js__WEBPACK_IMPORTED_MODULE_1__[\"default\"].getDefaultStore()\nstore.state.cuentas.push({ icon: 'account_balance', nombre: 'ahorros', fondos: 100, route: '/' })\nstore.state.cuentas.push({ icon: 'account_balance', nombre: 'comida', fondos: 0, route: '/' })\nwrapper = Object(_vue_test_utils__WEBPACK_IMPORTED_MODULE_0__[\"shallowMount\"])(_components_BotonTransferencia__WEBPACK_IMPORTED_MODULE_2__[\"default\"],\n  {\n    store, propsData: { cuenta: { icon: 'account_balance', nombre: 'ahorros', fondos: 100, route: '/' } }\n  })",
            "err": {},
            "isRoot": false,
            "uuid": "aba9fdb6-17a2-4468-8eb2-92746335af71",
            "isHook": true,
            "skipped": false
          }
        ],
        "afterHooks": [],
        "tests": [
          {
            "title": "Fecha vacia",
            "fullTitle": "Transferencias invalidas Fecha vacia",
            "timedOut": false,
            "duration": 9,
            "state": "passed",
            "speed": "fast",
            "pass": true,
            "fail": false,
            "pending": false,
            "code": "const datosTransferencia = {\n  cuentaDestino: 'comida',\n  fecha: '',\n  monto: 50,\n  categoria: 'Transferencia',\n  cuentaOrigen: 'ahorros',\n  saldoOrigenInicial: 100,\n  saldoDestinoInicial: 0\n}\nwrapper.vm.monto = datosTransferencia.monto\nwrapper.vm.fecha = datosTransferencia.fecha\nwrapper.vm.cuentaDestino = datosTransferencia.cuentaDestino\nwrapper.vm.transferir()\nassert.notExists(store.state.ingresos.find(function (ingreso) {\n  return (ingreso.cuenta === datosTransferencia.cuentaDestino) &&\n  (ingreso.fecha === datosTransferencia.fecha) &&\n  (ingreso.categoria === datosTransferencia.categoria) &&\n  (ingreso.monto === datosTransferencia.monto)\n}), 'Se encontro el ingreso en la cuenta destino')\nassert.equal(store.state.cuentas.find(cuenta => cuenta.nombre === datosTransferencia.cuentaDestino).fondos,\n  (datosTransferencia.saldoDestinoInicial),\n  'Se actualiza el saldo de la cuenta Destino')\nassert.notExists(store.state.egresos.find(function (egreso) {\n  return (egreso.cuenta === datosTransferencia.cuentaOrigen) &&\n  (egreso.fecha === datosTransferencia.fecha) &&\n  (egreso.categoria === datosTransferencia.categoria) &&\n  (egreso.monto === datosTransferencia.monto)\n}), 'Se encontro el egreso en la cuenta origen')\nassert.equal(store.state.cuentas.find(cuenta => cuenta.nombre === datosTransferencia.cuentaOrigen).fondos,\n  (datosTransferencia.saldoOrigenInicial),\n  'Se actualiza el saldo de la cuenta origen')",
            "err": {},
            "isRoot": false,
            "uuid": "9479bcb6-43ed-4b8f-9559-d38d8e872421",
            "isHook": false,
            "skipped": false
          },
          {
            "title": "Cuenta destino vacia",
            "fullTitle": "Transferencias invalidas Cuenta destino vacia",
            "timedOut": false,
            "duration": 11,
            "state": "passed",
            "speed": "fast",
            "pass": true,
            "fail": false,
            "pending": false,
            "code": "const datosTransferencia = {\n  cuentaDestino: '',\n  fecha: '2019-05-06',\n  monto: 50,\n  categoria: 'Transferencia',\n  cuentaOrigen: 'ahorros',\n  saldoOrigenInicial: 100,\n  saldoDestinoInicial: 0\n}\nwrapper.vm.monto = datosTransferencia.monto\nwrapper.vm.fecha = datosTransferencia.fecha\nwrapper.vm.cuentaDestino = datosTransferencia.cuentaDestino\nwrapper.vm.transferir()\nassert.notExists(store.state.ingresos.find(function (ingreso) {\n  return (ingreso.cuenta === datosTransferencia.cuentaDestino) &&\n  (ingreso.fecha === datosTransferencia.fecha) &&\n  (ingreso.categoria === datosTransferencia.categoria) &&\n  (ingreso.monto === datosTransferencia.monto)\n}), 'Se encontro el ingreso en la cuenta destino')\nassert.notExists(store.state.egresos.find(function (egreso) {\n  return (egreso.cuenta === datosTransferencia.cuentaOrigen) &&\n  (egreso.fecha === datosTransferencia.fecha) &&\n  (egreso.categoria === datosTransferencia.categoria) &&\n  (egreso.monto === datosTransferencia.monto)\n}), 'Se encontro el egreso en la cuenta origen')\nassert.equal(store.state.cuentas.find(cuenta => cuenta.nombre === datosTransferencia.cuentaOrigen).fondos,\n  (datosTransferencia.saldoOrigenInicial),\n  'Se actualiza el saldo de la cuenta origen')",
            "err": {},
            "isRoot": false,
            "uuid": "c61f5e2d-dc18-4c00-834f-578bca4d4e37",
            "isHook": false,
            "skipped": false
          },
          {
            "title": "monto nulo",
            "fullTitle": "Transferencias invalidas monto nulo",
            "timedOut": false,
            "duration": 9,
            "state": "passed",
            "speed": "fast",
            "pass": true,
            "fail": false,
            "pending": false,
            "code": "const datosTransferencia = {\n  cuentaDestino: 'comida',\n  fecha: '2019-05-06',\n  monto: 0,\n  categoria: 'Transferencia',\n  cuentaOrigen: 'ahorros',\n  saldoOrigenInicial: 100,\n  saldoDestinoInicial: 0\n}\nwrapper.vm.monto = datosTransferencia.monto\nwrapper.vm.fecha = datosTransferencia.fecha\nwrapper.vm.cuentaDestino = datosTransferencia.cuentaDestino\nwrapper.vm.transferir()\nassert.notExists(store.state.ingresos.find(function (ingreso) {\n  return (ingreso.cuenta === datosTransferencia.cuentaDestino) &&\n  (ingreso.fecha === datosTransferencia.fecha) &&\n  (ingreso.categoria === datosTransferencia.categoria) &&\n  (ingreso.monto === datosTransferencia.monto)\n}), 'Se encontro el ingreso en la cuenta destino')\nassert.equal(store.state.cuentas.find(cuenta => cuenta.nombre === datosTransferencia.cuentaDestino).fondos,\n  (datosTransferencia.saldoDestinoInicial),\n  'Se actualiza el saldo de la cuenta Destino')\nassert.notExists(store.state.egresos.find(function (egreso) {\n  return (egreso.cuenta === datosTransferencia.cuentaOrigen) &&\n  (egreso.fecha === datosTransferencia.fecha) &&\n  (egreso.categoria === datosTransferencia.categoria) &&\n  (egreso.monto === datosTransferencia.monto)\n}), 'Se encontro el egreso en la cuenta origen')\nassert.equal(store.state.cuentas.find(cuenta => cuenta.nombre === datosTransferencia.cuentaOrigen).fondos,\n  (datosTransferencia.saldoOrigenInicial),\n  'Se actualiza el saldo de la cuenta origen')",
            "err": {},
            "isRoot": false,
            "uuid": "682e5035-5c35-4b79-823c-b522ebaad088",
            "isHook": false,
            "skipped": false
          },
          {
            "title": "monto negativo",
            "fullTitle": "Transferencias invalidas monto negativo",
            "timedOut": false,
            "duration": 11,
            "state": "passed",
            "speed": "fast",
            "pass": true,
            "fail": false,
            "pending": false,
            "code": "const datosTransferencia = {\n  cuentaDestino: 'comida',\n  fecha: '2019-05-06',\n  monto: -30,\n  categoria: 'Transferencia',\n  cuentaOrigen: 'ahorros',\n  saldoOrigenInicial: 100,\n  saldoDestinoInicial: 0\n}\nwrapper.vm.monto = datosTransferencia.monto\nwrapper.vm.fecha = datosTransferencia.fecha\nwrapper.vm.cuentaDestino = datosTransferencia.cuentaDestino\nwrapper.vm.transferir()\nassert.notExists(store.state.ingresos.find(function (ingreso) {\n  return (ingreso.cuenta === datosTransferencia.cuentaDestino) &&\n  (ingreso.fecha === datosTransferencia.fecha) &&\n  (ingreso.categoria === datosTransferencia.categoria) &&\n  (ingreso.monto === datosTransferencia.monto)\n}), 'Se encontro el ingreso en la cuenta destino')\nassert.equal(store.state.cuentas.find(cuenta => cuenta.nombre === datosTransferencia.cuentaDestino).fondos,\n  (datosTransferencia.saldoDestinoInicial),\n  'Se actualiza el saldo de la cuenta Destino')\nassert.notExists(store.state.egresos.find(function (egreso) {\n  return (egreso.cuenta === datosTransferencia.cuentaOrigen) &&\n  (egreso.fecha === datosTransferencia.fecha) &&\n  (egreso.categoria === datosTransferencia.categoria) &&\n  (egreso.monto === datosTransferencia.monto)\n}), 'Se encontro el egreso en la cuenta origen')\nassert.equal(store.state.cuentas.find(cuenta => cuenta.nombre === datosTransferencia.cuentaOrigen).fondos,\n  (datosTransferencia.saldoOrigenInicial),\n  'Se actualiza el saldo de la cuenta origen')",
            "err": {},
            "isRoot": false,
            "uuid": "f722b3e3-4b49-456d-9c35-eab8e4a2e768",
            "isHook": false,
            "skipped": false
          },
          {
            "title": "saldo insuficiente",
            "fullTitle": "Transferencias invalidas saldo insuficiente",
            "timedOut": false,
            "duration": 9,
            "state": "passed",
            "speed": "fast",
            "pass": true,
            "fail": false,
            "pending": false,
            "code": "const datosTransferencia = {\n  cuentaDestino: 'comida',\n  fecha: '2019-05-06',\n  monto: 200,\n  categoria: 'Transferencia',\n  cuentaOrigen: 'ahorros',\n  saldoOrigenInicial: 100,\n  saldoDestinoInicial: 0\n}\nwrapper.vm.monto = datosTransferencia.monto\nwrapper.vm.fecha = datosTransferencia.fecha\nwrapper.vm.cuentaDestino = datosTransferencia.cuentaDestino\nwrapper.vm.transferir()\nassert.notExists(store.state.ingresos.find(function (ingreso) {\n  return (ingreso.cuenta === datosTransferencia.cuentaDestino) &&\n  (ingreso.fecha === datosTransferencia.fecha) &&\n  (ingreso.categoria === datosTransferencia.categoria) &&\n  (ingreso.monto === datosTransferencia.monto)\n}), 'Se encontro el ingreso en la cuenta destino')\nassert.equal(store.state.cuentas.find(cuenta => cuenta.nombre === datosTransferencia.cuentaDestino).fondos,\n  (datosTransferencia.saldoDestinoInicial),\n  'Se actualiza el saldo de la cuenta Destino')\nassert.notExists(store.state.egresos.find(function (egreso) {\n  return (egreso.cuenta === datosTransferencia.cuentaOrigen) &&\n  (egreso.fecha === datosTransferencia.fecha) &&\n  (egreso.categoria === datosTransferencia.categoria) &&\n  (egreso.monto === datosTransferencia.monto)\n}), 'Se encontro el egreso en la cuenta origen')\nassert.equal(store.state.cuentas.find(cuenta => cuenta.nombre === datosTransferencia.cuentaOrigen).fondos,\n  (datosTransferencia.saldoOrigenInicial),\n  'Se actualiza el saldo de la cuenta origen')",
            "err": {},
            "isRoot": false,
            "uuid": "3d495082-f951-4dcf-8695-304e1f3e35d3",
            "isHook": false,
            "skipped": false
          },
          {
            "title": "Destino inexistente",
            "fullTitle": "Transferencias invalidas Destino inexistente",
            "timedOut": false,
            "duration": 14,
            "state": "passed",
            "speed": "fast",
            "pass": true,
            "fail": false,
            "pending": false,
            "code": "const datosTransferencia = {\n  cuentaDestino: 'banco',\n  fecha: '2019-05-06',\n  monto: 50,\n  categoria: 'Transferencia',\n  cuentaOrigen: 'ahorros',\n  saldoOrigenInicial: 100,\n  saldoDestinoInicial: 0\n}\nwrapper.vm.monto = datosTransferencia.monto\nwrapper.vm.fecha = datosTransferencia.fecha\nwrapper.vm.cuentaDestino = datosTransferencia.cuentaDestino\nwrapper.vm.transferir()\nassert.notExists(store.state.ingresos.find(function (ingreso) {\n  return (ingreso.cuenta === datosTransferencia.cuentaDestino) &&\n  (ingreso.fecha === datosTransferencia.fecha) &&\n  (ingreso.categoria === datosTransferencia.categoria) &&\n  (ingreso.monto === datosTransferencia.monto)\n}), 'Se encontro el ingreso en la cuenta destino')\nassert.notExists(store.state.egresos.find(function (egreso) {\n  return (egreso.cuenta === datosTransferencia.cuentaOrigen) &&\n  (egreso.fecha === datosTransferencia.fecha) &&\n  (egreso.categoria === datosTransferencia.categoria) &&\n  (egreso.monto === datosTransferencia.monto)\n}), 'Se encontro el egreso en la cuenta origen')\nassert.equal(store.state.cuentas.find(cuenta => cuenta.nombre === datosTransferencia.cuentaOrigen).fondos,\n  (datosTransferencia.saldoOrigenInicial),\n  'Se actualiza el saldo de la cuenta origen')",
            "err": {},
            "isRoot": false,
            "uuid": "3625693f-0f5c-4191-8c88-334fdbad8763",
            "isHook": false,
            "skipped": false
          }
        ],
        "suites": [],
        "passes": [
          "9479bcb6-43ed-4b8f-9559-d38d8e872421",
          "c61f5e2d-dc18-4c00-834f-578bca4d4e37",
          "682e5035-5c35-4b79-823c-b522ebaad088",
          "f722b3e3-4b49-456d-9c35-eab8e4a2e768",
          "3d495082-f951-4dcf-8695-304e1f3e35d3",
          "3625693f-0f5c-4191-8c88-334fdbad8763"
        ],
        "failures": [],
        "pending": [],
        "skipped": [],
        "duration": 63,
        "root": false,
        "rootEmpty": false,
        "_timeout": 2000
      },
      {
        "uuid": "6b081053-37df-46f4-a1af-6c556149ec5b",
        "title": "render tranferencia",
        "fullFile": "/Users/abrahan/Desktop/JS/Walle-et/dist/main.js",
        "file": "/dist/main.js",
        "beforeHooks": [
          {
            "title": "\"before each\" hook",
            "fullTitle": "render tranferencia \"before each\" hook",
            "timedOut": false,
            "duration": 7,
            "pass": false,
            "fail": false,
            "pending": false,
            "code": "store = _Utils_TestUtil_js__WEBPACK_IMPORTED_MODULE_1__[\"default\"].getDefaultStore()\nstore.state.cuentas.push({ icon: 'account_balance', nombre: 'ahorros', fondos: 100, route: '/' })\nstore.state.cuentas.push({ icon: 'account_balance', nombre: 'comida', fondos: 0, route: '/' })\nwrapper = Object(_vue_test_utils__WEBPACK_IMPORTED_MODULE_0__[\"shallowMount\"])(_components_BotonTransferencia__WEBPACK_IMPORTED_MODULE_2__[\"default\"],\n  {\n    store, propsData: { cuenta: { icon: 'account_balance', nombre: 'ahorros', fondos: 100, route: '/' } }\n  })",
            "err": {},
            "isRoot": false,
            "uuid": "76125424-0540-4012-ae94-1e92e1a1b36a",
            "isHook": true,
            "skipped": false
          }
        ],
        "afterHooks": [],
        "tests": [
          {
            "title": "Elementos del formulario renderizan",
            "fullTitle": "render tranferencia Elementos del formulario renderizan",
            "timedOut": false,
            "duration": 2,
            "state": "passed",
            "speed": "fast",
            "pass": true,
            "fail": false,
            "pending": false,
            "code": "assert.equal(wrapper.find('#selectorCuentaTransferencia').exists(), true)\nassert.equal(wrapper.find('#montoTransferencia').exists(), true)\nassert.equal(wrapper.find('#menuCalendarioTransferencia').exists(), true)\nassert.equal(wrapper.find('#okCalendarioTransferencia').exists(), true)\nassert.equal(wrapper.find('#agregarTransferencia').exists(), true)",
            "err": {},
            "isRoot": false,
            "uuid": "6e1cbc3b-5c0c-41f8-880b-701e8a967678",
            "isHook": false,
            "skipped": false
          }
        ],
        "suites": [],
        "passes": [
          "6e1cbc3b-5c0c-41f8-880b-701e8a967678"
        ],
        "failures": [],
        "pending": [],
        "skipped": [],
        "duration": 2,
        "root": false,
        "rootEmpty": false,
        "_timeout": 2000
      },
      {
        "uuid": "a92ef716-492a-4568-ae26-b166551ad044",
        "title": "Cuenta, funcional",
        "fullFile": "/Users/abrahan/Desktop/JS/Walle-et/dist/main.js",
        "file": "/dist/main.js",
        "beforeHooks": [
          {
            "title": "\"before each\" hook",
            "fullTitle": "Cuenta, funcional \"before each\" hook",
            "timedOut": false,
            "duration": 13,
            "pass": false,
            "fail": false,
            "pending": false,
            "code": "store = _src_Utils_TestUtil_js__WEBPACK_IMPORTED_MODULE_1__[\"default\"].getDefaultStore()\nrouter = new vue_router__WEBPACK_IMPORTED_MODULE_3__[\"default\"]()\nwrapper = Object(_vue_test_utils__WEBPACK_IMPORTED_MODULE_0__[\"shallowMount\"])(_components_CrearWallet_vue__WEBPACK_IMPORTED_MODULE_2__[\"default\"],\n  {\n    store,\n    router\n  })\nwrapper.setData({\n  nombre: '',\n  nombreExiste: false,\n  snackbar: false,\n  timeout: 2500,\n  snackbarText: ''\n})",
            "err": {},
            "isRoot": false,
            "uuid": "e61cb3e6-1046-42a2-8d9e-fdc707923ff8",
            "isHook": true,
            "skipped": false
          }
        ],
        "afterHooks": [],
        "tests": [
          {
            "title": "Crear Cuenta, funcional",
            "fullTitle": "Cuenta, funcional Crear Cuenta, funcional",
            "timedOut": false,
            "duration": 4,
            "state": "passed",
            "speed": "fast",
            "pass": true,
            "fail": false,
            "pending": false,
            "code": "wrapper.vm.nombre = 'nuevaWallet'\nwrapper.vm.addCuenta()\nassert.exists(store.state.cuentas.find(cuenta => cuenta.nombre === 'nuevaWallet'),\n  'no se crea la cuenta')",
            "err": {},
            "isRoot": false,
            "uuid": "0fd6c206-e647-473a-bbb8-008482dedbf0",
            "isHook": false,
            "skipped": false
          }
        ],
        "suites": [],
        "passes": [
          "0fd6c206-e647-473a-bbb8-008482dedbf0"
        ],
        "failures": [],
        "pending": [],
        "skipped": [],
        "duration": 4,
        "root": false,
        "rootEmpty": false,
        "_timeout": 2000
      },
      {
        "uuid": "fa475c5a-7e37-4f47-bdbe-4afd9a3ac4f3",
        "title": "Cuentas invalidas",
        "fullFile": "/Users/abrahan/Desktop/JS/Walle-et/dist/main.js",
        "file": "/dist/main.js",
        "beforeHooks": [
          {
            "title": "\"before each\" hook",
            "fullTitle": "Cuentas invalidas \"before each\" hook",
            "timedOut": false,
            "duration": 7,
            "pass": false,
            "fail": false,
            "pending": false,
            "code": "store = _src_Utils_TestUtil_js__WEBPACK_IMPORTED_MODULE_1__[\"default\"].getDefaultStore()\nrouter = new vue_router__WEBPACK_IMPORTED_MODULE_3__[\"default\"]()\nwrapper = Object(_vue_test_utils__WEBPACK_IMPORTED_MODULE_0__[\"shallowMount\"])(_components_CrearWallet_vue__WEBPACK_IMPORTED_MODULE_2__[\"default\"],\n  {\n    store,\n    router\n  })\nwrapper.setData({\n  nombre: '',\n  nombreExiste: false,\n  snackbar: false,\n  timeout: 2500,\n  snackbarText: ''\n})",
            "err": {},
            "isRoot": false,
            "uuid": "ef4a09e8-7c4d-4368-9d6c-fd6c8134b57d",
            "isHook": true,
            "skipped": false
          }
        ],
        "afterHooks": [],
        "tests": [
          {
            "title": "cuenta de nombre vacio",
            "fullTitle": "Cuentas invalidas cuenta de nombre vacio",
            "timedOut": false,
            "duration": 0,
            "state": "passed",
            "speed": "fast",
            "pass": true,
            "fail": false,
            "pending": false,
            "code": "wrapper.vm.nombre = ''\nwrapper.vm.addCuenta()\nassert.notExists(store.state.cuentas.find(cuenta => cuenta.nombre === ''),\n  'cuenta sin nombre creada')",
            "err": {},
            "isRoot": false,
            "uuid": "5008c365-e943-4316-9abe-0d09cf1c7ea1",
            "isHook": false,
            "skipped": false
          },
          {
            "title": "cuenta de nombre Global",
            "fullTitle": "Cuentas invalidas cuenta de nombre Global",
            "timedOut": false,
            "duration": 3,
            "state": "passed",
            "speed": "fast",
            "pass": true,
            "fail": false,
            "pending": false,
            "code": "const nombreGlobal = 'Global'\nwrapper.vm.nombre = nombreGlobal\nwrapper.vm.addCuenta()\nassert.equal(1, store.state.cuentas.filter(cuenta => cuenta.nombre === nombreGlobal).length,\n  'cuenta con nombre global creada')",
            "err": {},
            "isRoot": false,
            "uuid": "ad43da69-77a5-4612-9540-de6a66450f30",
            "isHook": false,
            "skipped": false
          },
          {
            "title": "cuenta de nombre ya existente",
            "fullTitle": "Cuentas invalidas cuenta de nombre ya existente",
            "timedOut": false,
            "duration": 2,
            "state": "passed",
            "speed": "fast",
            "pass": true,
            "fail": false,
            "pending": false,
            "code": "const nombre = 'ahorros'\nstore.state.cuentas.push({ icon: 'account_balance', nombre: nombre, fondos: 0, route: '/' })\nwrapper.vm.nombre = nombre\nwrapper.vm.addCuenta()\nassert.equal(1, store.state.cuentas.filter(cuenta => cuenta.nombre === nombre).length,\n  'cuenta con nombre existente creada')",
            "err": {},
            "isRoot": false,
            "uuid": "4adb2119-e404-4adb-acd9-4a08d540c0e5",
            "isHook": false,
            "skipped": false
          }
        ],
        "suites": [],
        "passes": [
          "5008c365-e943-4316-9abe-0d09cf1c7ea1",
          "ad43da69-77a5-4612-9540-de6a66450f30",
          "4adb2119-e404-4adb-acd9-4a08d540c0e5"
        ],
        "failures": [],
        "pending": [],
        "skipped": [],
        "duration": 5,
        "root": false,
        "rootEmpty": false,
        "_timeout": 2000
      },
      {
        "uuid": "f5f6259e-397f-4d31-87da-2e4a7c7dac6f",
        "title": "Render crear cuenta",
        "fullFile": "/Users/abrahan/Desktop/JS/Walle-et/dist/main.js",
        "file": "/dist/main.js",
        "beforeHooks": [
          {
            "title": "\"before each\" hook",
            "fullTitle": "Render crear cuenta \"before each\" hook",
            "timedOut": false,
            "duration": 5,
            "pass": false,
            "fail": false,
            "pending": false,
            "code": "store = _src_Utils_TestUtil_js__WEBPACK_IMPORTED_MODULE_1__[\"default\"].getDefaultStore()\nrouter = new vue_router__WEBPACK_IMPORTED_MODULE_3__[\"default\"]()\nwrapper = Object(_vue_test_utils__WEBPACK_IMPORTED_MODULE_0__[\"shallowMount\"])(_components_CrearWallet_vue__WEBPACK_IMPORTED_MODULE_2__[\"default\"],\n  {\n    store,\n    router\n  })\nwrapper.setData({\n  nombre: '',\n  nombreExiste: false,\n  snackbar: false,\n  timeout: 2500,\n  snackbarText: ''\n})",
            "err": {},
            "isRoot": false,
            "uuid": "09e1f194-8c36-45dd-adbf-1d33957fab81",
            "isHook": true,
            "skipped": false
          }
        ],
        "afterHooks": [],
        "tests": [
          {
            "title": "elementos iniciales",
            "fullTitle": "Render crear cuenta elementos iniciales",
            "timedOut": false,
            "duration": 3,
            "state": "passed",
            "speed": "fast",
            "pass": true,
            "fail": false,
            "pending": false,
            "code": "assert.equal(wrapper.find('.Header').exists(), true)\nassert.equal(wrapper.find('#nombreCrearCuenta').exists(), true)\nassert.equal(wrapper.find('#crearCuenta').exists(), true)\nassert.equal(wrapper.find('#volverHome').exists(), true)\nassert.equal(wrapper.find('#snackbarCrearCuenta').exists(), true)\nassert.equal(wrapper.find('#okSnackbar').exists(), true)",
            "err": {},
            "isRoot": false,
            "uuid": "71f97f54-d971-4523-9106-a7e791b5a7e9",
            "isHook": false,
            "skipped": false
          }
        ],
        "suites": [],
        "passes": [
          "71f97f54-d971-4523-9106-a7e791b5a7e9"
        ],
        "failures": [],
        "pending": [],
        "skipped": [],
        "duration": 3,
        "root": false,
        "rootEmpty": false,
        "_timeout": 2000
      },
      {
        "uuid": "9c902d17-1f25-42ad-a065-525950868cf9",
        "title": "render cuenta manager",
        "fullFile": "/Users/abrahan/Desktop/JS/Walle-et/dist/main.js",
        "file": "/dist/main.js",
        "beforeHooks": [
          {
            "title": "\"before each\" hook",
            "fullTitle": "render cuenta manager \"before each\" hook",
            "timedOut": false,
            "duration": 8,
            "pass": false,
            "fail": false,
            "pending": false,
            "code": "store = _src_Utils_TestUtil_js__WEBPACK_IMPORTED_MODULE_1__[\"default\"].getDefaultStore()\nstore.state.cuentas.push(store.state.cuentas.push({\n  icon: 'account_balance', nombre: 'ahorros', fondos: 0, route: '/'\n}))\nrouter = new vue_router__WEBPACK_IMPORTED_MODULE_3__[\"default\"]()\nwrapper = Object(_vue_test_utils__WEBPACK_IMPORTED_MODULE_0__[\"shallowMount\"])(_components_CuentaManager_vue__WEBPACK_IMPORTED_MODULE_2__[\"default\"],\n  {\n    store,\n    router,\n    propsData: {\n      cuenta: {\n        icon: 'account_balance', nombre: 'ahorros', fondos: 0, route: '/'\n      }\n    }\n  })",
            "err": {},
            "isRoot": false,
            "uuid": "b1b81b82-fdd7-407b-82ee-ea0117e9bbaf",
            "isHook": true,
            "skipped": false
          }
        ],
        "afterHooks": [],
        "tests": [
          {
            "title": "render elementos inicales",
            "fullTitle": "render cuenta manager render elementos inicales",
            "timedOut": false,
            "duration": 1,
            "state": "passed",
            "speed": "fast",
            "pass": true,
            "fail": false,
            "pending": false,
            "code": "assert.equal(wrapper.find('#listaIngresos').exists(), true)\nassert.equal(wrapper.find('#listaEgresos').exists(), true)\nassert.equal(wrapper.find('#informacionCuenta').exists(), true)\nassert.equal(wrapper.find('#herramientas').exists(), true)",
            "err": {},
            "isRoot": false,
            "uuid": "87264850-d9a3-4e17-b690-7604f08bf24d",
            "isHook": false,
            "skipped": false
          }
        ],
        "suites": [],
        "passes": [
          "87264850-d9a3-4e17-b690-7604f08bf24d"
        ],
        "failures": [],
        "pending": [],
        "skipped": [],
        "duration": 1,
        "root": false,
        "rootEmpty": false,
        "_timeout": 2000
      },
      {
        "uuid": "73b15b5b-e778-48e9-b960-90acb2fa4ce1",
        "title": "Cuenta Global",
        "fullFile": "/Users/abrahan/Desktop/JS/Walle-et/dist/main.js",
        "file": "/dist/main.js",
        "beforeHooks": [
          {
            "title": "\"before each\" hook",
            "fullTitle": "Cuenta Global \"before each\" hook",
            "timedOut": false,
            "duration": 3,
            "pass": false,
            "fail": false,
            "pending": false,
            "code": "store = _src_Utils_TestUtil_js__WEBPACK_IMPORTED_MODULE_1__[\"default\"].getDefaultStore()\nstore.state.cuentas.push(store.state.cuentas.push({\n  icon: 'account_balance', nombre: 'Global', fondos: 0, route: '/'\n}))\nrouter = new vue_router__WEBPACK_IMPORTED_MODULE_3__[\"default\"]()\nwrapper = Object(_vue_test_utils__WEBPACK_IMPORTED_MODULE_0__[\"shallowMount\"])(_components_CuentaManager_vue__WEBPACK_IMPORTED_MODULE_2__[\"default\"],\n  {\n    store,\n    router,\n    propsData: {\n      cuenta: {\n        icon: 'account_balance', nombre: 'ahorros', fondos: 0, route: '/'\n      }\n    }\n  })",
            "err": {},
            "isRoot": false,
            "uuid": "8642b519-6019-43aa-ae21-a8120b6f92ca",
            "isHook": true,
            "skipped": false
          }
        ],
        "afterHooks": [],
        "tests": [
          {
            "title": "Ingresos recibidos",
            "fullTitle": "Cuenta Global Ingresos recibidos",
            "timedOut": false,
            "duration": 0,
            "state": "passed",
            "speed": "fast",
            "pass": true,
            "fail": false,
            "pending": false,
            "code": "assert.equal(wrapper.vm.ingresos.length, store.state.ingresos.length,\n  'no recibe todos los ingresos')",
            "err": {},
            "isRoot": false,
            "uuid": "472d08e6-cd1a-43a6-92ae-c457b989e3cc",
            "isHook": false,
            "skipped": false
          },
          {
            "title": "Egresos recibidos",
            "fullTitle": "Cuenta Global Egresos recibidos",
            "timedOut": false,
            "duration": 0,
            "state": "passed",
            "speed": "fast",
            "pass": true,
            "fail": false,
            "pending": false,
            "code": "assert.equal(wrapper.vm.egresos.length, store.state.egresos.length,\n  'no recibe todos los egresos')",
            "err": {},
            "isRoot": false,
            "uuid": "0b88e243-0822-4357-866e-dca84a208517",
            "isHook": false,
            "skipped": false
          },
          {
            "title": "Saldo global",
            "fullTitle": "Cuenta Global Saldo global",
            "timedOut": false,
            "duration": 0,
            "state": "passed",
            "speed": "fast",
            "pass": true,
            "fail": false,
            "pending": false,
            "code": "let saldoGlobal = 0\nstore.state.ingresos.forEach((ingreso) => {\n  saldoGlobal += Number(ingreso.monto)\n})\nstore.state.egresos.forEach((egreso) => {\n  saldoGlobal -= Number(egreso.monto)\n})\nassert.equal(wrapper.vm.saldo, saldoGlobal,\n  'calculos de saldo global erroneos')\nassert.equal(wrapper.vm.saldo, store.state.cuentas.find(cuenta => cuenta.nombre === 'Global').fondos,\n  'datos de saldo diferentes')",
            "err": {},
            "isRoot": false,
            "uuid": "ff158876-9aa4-40bb-a351-59cd83ea349d",
            "isHook": false,
            "skipped": false
          }
        ],
        "suites": [],
        "passes": [
          "472d08e6-cd1a-43a6-92ae-c457b989e3cc",
          "0b88e243-0822-4357-866e-dca84a208517",
          "ff158876-9aa4-40bb-a351-59cd83ea349d"
        ],
        "failures": [],
        "pending": [],
        "skipped": [],
        "duration": 0,
        "root": false,
        "rootEmpty": false,
        "_timeout": 2000
      },
      {
        "uuid": "4b24e61e-bb6a-4c06-a075-25aeed5763e7",
        "title": "render barra de herramientas",
        "fullFile": "/Users/abrahan/Desktop/JS/Walle-et/dist/main.js",
        "file": "/dist/main.js",
        "beforeHooks": [
          {
            "title": "\"before each\" hook",
            "fullTitle": "render barra de herramientas \"before each\" hook",
            "timedOut": false,
            "duration": 5,
            "pass": false,
            "fail": false,
            "pending": false,
            "code": "store = _src_Utils_TestUtil_js__WEBPACK_IMPORTED_MODULE_1__[\"default\"].getDefaultStore()\nstore.state.cuentas.push(store.state.cuentas.push({\n  icon: 'account_balance', nombre: 'ahorros', fondos: 0, route: '/'\n}))\nrouter = new vue_router__WEBPACK_IMPORTED_MODULE_3__[\"default\"]()\nwrapper = Object(_vue_test_utils__WEBPACK_IMPORTED_MODULE_0__[\"shallowMount\"])(_components_Herramientas_vue__WEBPACK_IMPORTED_MODULE_2__[\"default\"],\n  {\n    store,\n    router,\n    propsData: {\n      cuenta: {\n        icon: 'account_balance', nombre: 'ahorros', fondos: 0, route: '/'\n      }\n    }\n  })",
            "err": {},
            "isRoot": false,
            "uuid": "2477d95c-b885-4522-bfdc-2bac97649f90",
            "isHook": true,
            "skipped": false
          }
        ],
        "afterHooks": [],
        "tests": [
          {
            "title": "render elementos inicales",
            "fullTitle": "render barra de herramientas render elementos inicales",
            "timedOut": false,
            "duration": 8,
            "state": "passed",
            "speed": "fast",
            "pass": true,
            "fail": false,
            "pending": false,
            "code": "assert.equal(wrapper.find('#herramientaCategorias').exists(), true)\nassert.equal(wrapper.find('#botonReporte').exists(), true)\nassert.equal(wrapper.find('#alertaInferior').exists(), true)\nassert.equal(wrapper.find('#herramientaIngreso').exists(), true)\nassert.equal(wrapper.find('#herramientaEgreso').exists(), true)\nassert.equal(wrapper.find('#herramientaTransferencia').exists(), true)",
            "err": {},
            "isRoot": false,
            "uuid": "4d95c4dc-ff00-4cc1-b999-ef73c2d977fe",
            "isHook": false,
            "skipped": false
          },
          {
            "title": "render caso cuenta global",
            "fullTitle": "render barra de herramientas render caso cuenta global",
            "timedOut": false,
            "duration": 6,
            "state": "passed",
            "speed": "fast",
            "pass": true,
            "fail": false,
            "pending": false,
            "code": "wrapper.vm.cuenta = {\n  icon: 'account_balance', nombre: 'Global', fondos: 0, route: '/'\n}\nassert.equal(wrapper.find('#herramientaCategorias').exists(), true)\nassert.equal(wrapper.find('#botonReporte').exists(), true)\nassert.equal(wrapper.find('#alertaInferior').exists(), true)\nassert.equal(wrapper.find('#herramientaIngreso').exists(), false)\nassert.equal(wrapper.find('#herramientaEgreso').exists(), false)\nassert.equal(wrapper.find('#herramientaTransferencia').exists(), false)",
            "err": {},
            "isRoot": false,
[...]
            "err": {},
            "isRoot": false,
            "uuid": "e606eb1a-f715-41ad-a3e7-54feddaf37d4",
            "isHook": false,
            "skipped": false
          }
        ],
        "suites": [],
        "passes": [
          "280afd78-91cc-4bf7-95b5-045da7b02561",
          "e59d2783-397a-437c-8c07-b211885beed3",
          "e606eb1a-f715-41ad-a3e7-54feddaf37d4"
        ],
        "failures": [],
        "pending": [],
        "skipped": [],
        "duration": 14,
        "root": false,
        "rootEmpty": false,
        "_timeout": 2000
      },
      {
        "uuid": "3787846c-e2ca-4dee-983c-5e65f8fcf2f3",
        "title": "Borrar Cuentas invalidas",
        "fullFile": "/Users/abrahan/Desktop/JS/Walle-et/dist/main.js",
        "file": "/dist/main.js",
        "beforeHooks": [
          {
            "title": "\"before each\" hook",
            "fullTitle": "Borrar Cuentas invalidas \"before each\" hook",
            "timedOut": false,
            "duration": 7,
            "pass": false,
            "fail": false,
            "pending": false,
            "code": "store = _src_Utils_TestUtil_js__WEBPACK_IMPORTED_MODULE_1__[\"default\"].getDefaultStore()\nstore.state.cuentas.push(store.state.cuentas.push({\n  icon: 'account_balance', nombre: 'ahorros', fondos: 0, route: '/'\n}))\nwrapper = Object(_vue_test_utils__WEBPACK_IMPORTED_MODULE_0__[\"shallowMount\"])(_components_InformacionCuenta_vue__WEBPACK_IMPORTED_MODULE_2__[\"default\"],\n  {\n    store,\n    propsData: {\n      cuentaActual: 'ahorros',\n      cuentaOriginal: 'ahorros',\n      fondos: 0\n    }\n  })",
            "err": {},
            "isRoot": false,
            "uuid": "7114ab19-8e26-4ab9-9753-838771d08ebe",
            "isHook": true,
            "skipped": false
          }
        ],
        "afterHooks": [],
        "tests": [
          {
            "title": "Borrar cuenta global",
            "fullTitle": "Borrar Cuentas invalidas Borrar cuenta global",
            "timedOut": false,
            "duration": 4,
            "state": "passed",
            "speed": "fast",
            "pass": true,
            "fail": false,
            "pending": false,
            "code": "const nombreGlobal = 'Global'\nwrapper.vm.cuentaOriginal = nombreGlobal\nwrapper.vm.cuentaActual = nombreGlobal\nwrapper.vm.borrarCuenta()\nassert.exists(store.state.cuentas.find(cuenta => cuenta.nombre === nombreGlobal),\n  'Se borro la cuenta global')\nassert.equal(wrapper.vm.alerta.visible, true, 'alerta no aparece')",
            "err": {},
            "isRoot": false,
            "uuid": "1a93ec02-c7c2-4e14-a6bf-ff435afc4c6c",
            "isHook": false,
            "skipped": false
          },
          {
            "title": "Borrar cuenta con saldo",
            "fullTitle": "Borrar Cuentas invalidas Borrar cuenta con saldo",
            "timedOut": false,
            "duration": 5,
            "state": "passed",
            "speed": "fast",
            "pass": true,
            "fail": false,
            "pending": false,
            "code": "const cuentaOriginal = wrapper.vm.cuentaOriginal\nwrapper.vm.fondos = 100\nwrapper.vm.borrarCuenta()\nassert.exists(store.state.cuentas.find(cuenta => cuenta.nombre === cuentaOriginal),\n  'Se borro cuenta con fondos')\nassert.equal(wrapper.vm.alerta.visible, true, 'alerta no aparece')",
            "err": {},
            "isRoot": false,
            "uuid": "8119ac00-000b-41aa-ae3f-3ed23d7d84db",
            "isHook": false,
            "skipped": false
          },
          {
            "title": "Borrar cuenta con ingresos",
            "fullTitle": "Borrar Cuentas invalidas Borrar cuenta con ingresos",
            "timedOut": false,
            "duration": 2,
            "state": "passed",
            "speed": "fast",
            "pass": true,
            "fail": false,
            "pending": false,
            "code": "const cuentaOriginal = wrapper.vm.cuentaOriginal\nstore.state.ingresos.push({\n  cuenta: cuentaOriginal,\n  fecha: '2019-05-23',\n  monto: 50,\n  categoria: 'Salario'\n})\nwrapper.vm.borrarCuenta()\nassert.exists(store.state.cuentas.find(cuenta => cuenta.nombre === cuentaOriginal),\n  'Se borro cuenta con Ingresos')\nassert.equal(wrapper.vm.alerta.visible, true, 'alerta no aparece')",
            "err": {},
            "isRoot": false,
            "uuid": "35f98c6d-e15a-4717-983a-6adc465b368f",
            "isHook": false,
            "skipped": false
          },
          {
            "title": "Borrar cuenta con egresos",
            "fullTitle": "Borrar Cuentas invalidas Borrar cuenta con egresos",
            "timedOut": false,
            "duration": 1,
            "state": "passed",
            "speed": "fast",
            "pass": true,
            "fail": false,
            "pending": false,
            "code": "const cuentaOriginal = wrapper.vm.cuentaOriginal\nstore.state.egresos.push({\n  cuenta: cuentaOriginal,\n  fecha: '2019-05-23',\n  monto: 50,\n  categoria: 'Otros'\n})\nwrapper.vm.borrarCuenta()\nassert.exists(store.state.cuentas.find(cuenta => cuenta.nombre === cuentaOriginal),\n  'Se borro cuenta con Egresos')\nassert.equal(wrapper.vm.alerta.visible, true, 'alerta no aparece')",
            "err": {},
            "isRoot": false,
            "uuid": "d8eb081c-c028-4735-80b6-9e6183b83878",
            "isHook": false,
            "skipped": false
          }
        ],
        "suites": [],
        "passes": [
          "1a93ec02-c7c2-4e14-a6bf-ff435afc4c6c",
          "8119ac00-000b-41aa-ae3f-3ed23d7d84db",
          "35f98c6d-e15a-4717-983a-6adc465b368f",
          "d8eb081c-c028-4735-80b6-9e6183b83878"
        ],
        "failures": [],
        "pending": [],
        "skipped": [],
        "duration": 12,
        "root": false,
        "rootEmpty": false,
        "_timeout": 2000
      },
      {
        "uuid": "3a0f18e4-19dc-472e-8b26-c897da13bb12",
        "title": "Render informacion cuenta",
        "fullFile": "/Users/abrahan/Desktop/JS/Walle-et/dist/main.js",
        "file": "/dist/main.js",
        "beforeHooks": [
          {
            "title": "\"before each\" hook",
            "fullTitle": "Render informacion cuenta \"before each\" hook",
            "timedOut": false,
            "duration": 6,
            "pass": false,
            "fail": false,
            "pending": false,
            "code": "store = _src_Utils_TestUtil_js__WEBPACK_IMPORTED_MODULE_1__[\"default\"].getDefaultStore()\nstore.state.cuentas.push(store.state.cuentas.push({\n  icon: 'account_balance',\n  nombre: 'ahorros',\n  fondos: 0,\n  route: '/'\n}))\nwrapper = Object(_vue_test_utils__WEBPACK_IMPORTED_MODULE_0__[\"shallowMount\"])(_components_InformacionCuenta_vue__WEBPACK_IMPORTED_MODULE_2__[\"default\"],\n  {\n    store,\n    propsData: {\n      cuentaActual: 'ahorros',\n      cuentaOriginal: 'ahorros',\n      fondos: 0\n    }\n  })",
            "err": {},
            "isRoot": false,
            "uuid": "5e728585-f7b8-41aa-9d54-b7ac73d32e24",
            "isHook": true,
            "skipped": false
          }
        ],
        "afterHooks": [],
        "tests": [
          {
            "title": "Componentes iniciales renderizan",
            "fullTitle": "Render informacion cuenta Componentes iniciales renderizan",
            "timedOut": false,
            "duration": 3,
            "state": "passed",
            "speed": "fast",
            "pass": true,
            "fail": false,
            "pending": false,
            "code": "assert.equal(wrapper.find('.titulo').exists(), true)\nassert.equal(wrapper.find('#nombreCuenta').exists(), true)\nassert.equal(wrapper.find('#editarCuenta').exists(), true)\nassert.equal(wrapper.find('#saldoCuenta').exists(), true)\nassert.equal(wrapper.find('#borrarCuenta').exists(), true)\nassert.equal(wrapper.find('#guardarCuenta').exists(), false)\nassert.equal(wrapper.find('#alertaSuperior').exists(), true)",
            "err": {},
            "isRoot": false,
            "uuid": "8b9db345-7ba6-47ee-899f-2012b9482880",
            "isHook": false,
            "skipped": false
          },
          {
            "title": "Boton editar cambia a guardar al click",
            "fullTitle": "Render informacion cuenta Boton editar cambia a guardar al click",
            "timedOut": false,
            "duration": 3,
            "state": "passed",
            "speed": "fast",
            "pass": true,
            "fail": false,
            "pending": false,
            "code": "assert.equal(wrapper.find('#editarCuenta').exists(), true)\nassert.equal(wrapper.find('#guardarCuenta').exists(), false)\nwrapper.vm.edicion = true\nassert.equal(wrapper.find('#editarCuenta').exists(), false)\nassert.equal(wrapper.find('#guardarCuenta').exists(), true)\nwrapper.vm.edicion = false\nassert.equal(wrapper.find('#editarCuenta').exists(), true)\nassert.equal(wrapper.find('#guardarCuenta').exists(), false)",
            "err": {},
            "isRoot": false,
            "uuid": "a1e07e06-4ec8-4bca-a49c-33f61b9aa038",
            "isHook": false,
            "skipped": false
          }
        ],
        "suites": [],
        "passes": [
          "8b9db345-7ba6-47ee-899f-2012b9482880",
          "a1e07e06-4ec8-4bca-a49c-33f61b9aa038"
        ],
        "failures": [],
        "pending": [],
        "skipped": [],
        "duration": 6,
        "root": false,
        "rootEmpty": false,
        "_timeout": 2000
      },
      {
        "uuid": "ba06a306-4ed1-4d68-ae45-5853045c3416",
        "title": "render lista",
        "fullFile": "/Users/abrahan/Desktop/JS/Walle-et/dist/main.js",
        "file": "/dist/main.js",
        "beforeHooks": [
          {
            "title": "\"before each\" hook",
            "fullTitle": "render lista \"before each\" hook",
            "timedOut": false,
            "duration": 6,
            "pass": false,
            "fail": false,
            "pending": false,
            "code": "store = _src_Utils_TestUtil_js__WEBPACK_IMPORTED_MODULE_1__[\"default\"].getDefaultStore()\nstore.state.cuentas.push(store.state.cuentas.push({\n  icon: 'account_balance', nombre: 'ahorros', fondos: 70, route: '/'\n}))\nstore.state.ingresos.unshift({\n  cuenta: 'ahorros',\n  fecha: '2019-05-23',\n  monto: 50,\n  categoria: 'Salario'\n})\nstore.state.ingresos.unshift({\n  cuenta: 'ahorros',\n  fecha: '2019-05-23',\n  monto: 50,\n  categoria: 'Salario'\n})\nstore.state.egresos.unshift({\n  cuenta: 'ahorros',\n  fecha: '2019-05-23',\n  monto: 30,\n  categoria: 'Salario'\n})\nwrapper = Object(_vue_test_utils__WEBPACK_IMPORTED_MODULE_0__[\"shallowMount\"])(_components_Lista_vue__WEBPACK_IMPORTED_MODULE_2__[\"default\"],\n  {\n    store,\n    propsData: {\n      items: store.state.ingresos,\n      titulo: 'Ingresos',\n      cuenta: { icon: 'account_balance', nombre: 'ahorros', fondos: 70, route: '/' }\n    }\n  })\nwrapper.setData({\n  cabecerasTabla: [\n    { text: 'Fecha',\n      align: 'left',\n      sortable: false,\n      value: 'fecha' },\n    { text: 'Monto', value: 'monto' },\n    { text: 'Categoria', value: 'categoria' }\n  ]\n})",
            "err": {},
            "isRoot": false,
            "uuid": "f1075fed-d526-41f5-a1de-d073c877baeb",
            "isHook": true,
            "skipped": false
          }
        ],
        "afterHooks": [],
        "tests": [
          {
            "title": "Cada ingreso aparece en la lista",
            "fullTitle": "render lista Cada ingreso aparece en la lista",
            "timedOut": false,
            "duration": 0,
            "state": "passed",
            "speed": "fast",
            "pass": true,
            "fail": false,
            "pending": false,
            "code": "// store.state.ingresos.forEach((ingreso, index) => {\n//  assert.equal(wrapper.find('#' + wrapper.vm.cuenta.nombre + index).exists(), true)\n// })",
            "err": {},
            "isRoot": false,
            "uuid": "88a16f86-c329-40af-9662-3f9ed6b60de6",
            "isHook": false,
            "skipped": false
          },
          {
            "title": "render objetos iniciales",
            "fullTitle": "render lista render objetos iniciales",
            "timedOut": false,
            "duration": 0,
            "state": "passed",
            "speed": "fast",
            "pass": true,
            "fail": false,
            "pending": false,
            "code": "assert.equal(wrapper.find('.titulo').exists(), true)\nassert.equal(wrapper.find('#tabla' + wrapper.vm.titulo).exists(), true)",
            "err": {},
            "isRoot": false,
            "uuid": "c21658f4-3b72-4a8b-a433-14d9bdb9c99b",
            "isHook": false,
            "skipped": false
          }
        ],
        "suites": [],
        "passes": [
          "88a16f86-c329-40af-9662-3f9ed6b60de6",
          "c21658f4-3b72-4a8b-a433-14d9bdb9c99b"
        ],
        "failures": [],
        "pending": [],
        "skipped": [],
        "duration": 0,
        "root": false,
        "rootEmpty": false,
        "_timeout": 2000
      },
      {
        "uuid": "d8f6c22b-a07d-4be3-9bb1-d8d771a8b786",
        "title": "Render nav",
        "fullFile": "/Users/abrahan/Desktop/JS/Walle-et/dist/main.js",
        "file": "/dist/main.js",
        "beforeHooks": [
          {
            "title": "\"before each\" hook",
            "fullTitle": "Render nav \"before each\" hook",
            "timedOut": false,
            "duration": 11,
            "pass": false,
            "fail": false,
            "pending": false,
            "code": "store = _src_Utils_TestUtil_js__WEBPACK_IMPORTED_MODULE_1__[\"default\"].getDefaultStore()\nwrapper = Object(_vue_test_utils__WEBPACK_IMPORTED_MODULE_0__[\"shallowMount\"])(_components_NavDrawer_vue__WEBPACK_IMPORTED_MODULE_2__[\"default\"],\n  {\n    store\n  })",
            "err": {},
            "isRoot": false,
            "uuid": "2b2dd3a2-b167-4a13-b4dd-add297207e5b",
            "isHook": true,
            "skipped": false
          }
        ],
        "afterHooks": [],
        "tests": [
          {
            "title": "renderiza parte inicial",
            "fullTitle": "Render nav renderiza parte inicial",
            "timedOut": false,
            "duration": 1,
            "state": "passed",
            "speed": "fast",
            "pass": true,
            "fail": false,
            "pending": false,
            "code": "assert.equal(wrapper.find('#nav').exists(), true)\nassert.equal(wrapper.find('#Global').exists(), true)\nassert.equal(wrapper.find('#crearCuentaNav').exists(), true)",
            "err": {},
            "isRoot": false,
            "uuid": "c1bcb90a-3fc8-49f5-9cfa-8e983cb89894",
            "isHook": false,
            "skipped": false
          },
          {
            "title": "renderiza todas las cuentas",
            "fullTitle": "Render nav renderiza todas las cuentas",
            "timedOut": false,
            "duration": 4,
            "state": "passed",
            "speed": "fast",
            "pass": true,
            "fail": false,
            "pending": false,
            "code": "store.state.cuentas.push({\n  icon: 'account_balance', nombre: 'ahorros', fondos: 0, route: '/'\n})\nstore.state.cuentas.forEach(cuenta => {\n  console.log(store.state.cuentas.length)\n  assert.equal(wrapper.find('#' + cuenta.nombre).exists(), true, cuenta.nombre + ' no renderiza')\n})",
            "err": {},
            "isRoot": false,
            "uuid": "9ecf8493-2e26-4f95-9b8f-19990f2a174a",
            "isHook": false,
            "skipped": false
          }
        ],
        "suites": [],
        "passes": [
          "c1bcb90a-3fc8-49f5-9cfa-8e983cb89894",
          "9ecf8493-2e26-4f95-9b8f-19990f2a174a"
        ],
        "failures": [],
        "pending": [],
        "skipped": [],
        "duration": 5,
        "root": false,
        "rootEmpty": false,
        "_timeout": 2000
      },
      {
        "uuid": "43220879-937f-474b-9f26-75365a1a1ee8",
        "title": "Unit tests del reporte",
        "fullFile": "/Users/abrahan/Desktop/JS/Walle-et/dist/main.js",
        "file": "/dist/main.js",
        "beforeHooks": [
          {
            "title": "\"before each\" hook",
            "fullTitle": "Unit tests del reporte \"before each\" hook",
            "timedOut": false,
            "duration": 9,
            "pass": false,
            "fail": false,
            "pending": false,
            "code": "store = _Utils_ReportUtil_js__WEBPACK_IMPORTED_MODULE_3__[\"default\"].getDefaultStore()\nwrapper = Object(_vue_test_utils__WEBPACK_IMPORTED_MODULE_1__[\"shallowMount\"])(_components_Report_vue__WEBPACK_IMPORTED_MODULE_2__[\"default\"],\n  {\n    store\n  })",
            "err": {},
            "isRoot": false,
            "uuid": "9d3d55d5-bbe2-4d5e-900f-10ed0a8e013a",
            "isHook": true,
            "skipped": false
          }
        ],
        "afterHooks": [],
        "tests": [
          {
            "title": "Recibe las fechas con exito",
            "fullTitle": "Unit tests del reporte Recibe las fechas con exito",
            "timedOut": false,
            "duration": 0,
            "state": "passed",
            "speed": "fast",
            "pass": true,
            "fail": false,
            "pending": false,
            "code": "var fechas = store.getters.obtenerFechas\nchai__WEBPACK_IMPORTED_MODULE_0__[\"assert\"].equal(fechas.length, 6)",
            "err": {},
            "isRoot": false,
            "uuid": "a9b49d58-b8cb-4651-9a2d-60fb6e6ed7de",
            "isHook": false,
            "skipped": false
          },
          {
            "title": "Reporte obtenido con 6 objetos",
            "fullTitle": "Unit tests del reporte Reporte obtenido con 6 objetos",
            "timedOut": false,
            "duration": 2,
            "state": "passed",
            "speed": "fast",
            "pass": true,
            "fail": false,
            "pending": false,
            "code": "chai__WEBPACK_IMPORTED_MODULE_0__[\"assert\"].exists(wrapper.vm.nuevoReporte)\nchai__WEBPACK_IMPORTED_MODULE_0__[\"assert\"].lengthOf(wrapper.vm.nuevoReporte, 6)",
            "err": {},
            "isRoot": false,
            "uuid": "7db6fe32-8834-4ab5-90d4-a75f0bcdfe4c",
            "isHook": false,
            "skipped": false
          },
          {
            "title": "Categorias concatenadas para el filtro",
            "fullTitle": "Unit tests del reporte Categorias concatenadas para el filtro",
            "timedOut": false,
            "duration": 1,
            "state": "passed",
            "speed": "fast",
            "pass": true,
            "fail": false,
            "pending": false,
            "code": "var catIngreso = store.state.categoriaIngresos\nvar catEgreso = store.state.categoriaEgresos\nvar concatenacion = store.getters.obtenerCategorias\nvar total = catIngreso.length + catEgreso.length\nchai__WEBPACK_IMPORTED_MODULE_0__[\"assert\"].isAtMost(concatenacion.length, total)",
            "err": {},
            "isRoot": false,
            "uuid": "57f95cd2-5cfd-47ac-8d98-201a7056fc31",
            "isHook": false,
            "skipped": false
          }
        ],
        "suites": [],
        "passes": [
          "a9b49d58-b8cb-4651-9a2d-60fb6e6ed7de",
          "7db6fe32-8834-4ab5-90d4-a75f0bcdfe4c",
          "57f95cd2-5cfd-47ac-8d98-201a7056fc31"
        ],
        "failures": [],
        "pending": [],
        "skipped": [],
        "duration": 3,
        "root": false,
        "rootEmpty": false,
        "_timeout": 2000
      }
    ],
    "passes": [],
    "failures": [],
    "pending": [],
    "skipped": [],
    "duration": 0,
    "root": true,
    "rootEmpty": true,
    "_timeout": 2000
  },
  "copyrightYear": 2019
}