{
  "stats": {
    "suites": 23,
    "tests": 57,
    "passes": 56,
    "pending": 0,
    "failures": 1,
    "start": "2019-05-19T22:53:41.784Z",
    "end": "2019-05-19T22:53:43.057Z",
    "duration": 1273,
    "testsRegistered": 57,
    "passPercent": 98.2,
    "pendingPercent": 0,
    "other": 0,
    "hasOther": false,
    "skipped": 0,
    "hasSkipped": false,
    "passPercentClass": "success",
    "pendingPercentClass": "danger"
  },
  "suites": {
    "uuid": "397e1f44-cb2a-4acc-8489-f0639c53eccd",
    "title": "",
    "fullFile": "",
    "file": "",
    "beforeHooks": [],
    "afterHooks": [],
    "tests": [],
    "suites": [
      {
        "uuid": "e0f40180-a258-4fee-a83a-031e38fce5b3",
        "title": "categorias, test funcional",
        "fullFile": "/Users/abrahan/Desktop/JS/Walle-et/dist/main.js",
        "file": "/dist/main.js",
        "beforeHooks": [
          {
            "title": "\"before each\" hook",
            "fullTitle": "categorias, test funcional \"before each\" hook",
            "timedOut": false,
            "duration": 9,
            "pass": false,
            "fail": false,
            "pending": false,
            "code": "store = _src_Utils_TestUtil_js__WEBPACK_IMPORTED_MODULE_1__[\"default\"].getDefaultStore()\nwrapper = Object(_vue_test_utils__WEBPACK_IMPORTED_MODULE_0__[\"shallowMount\"])(_components_BotonCategorias_vue__WEBPACK_IMPORTED_MODULE_2__[\"default\"],\n  {\n    store,\n    propsData: {\n      categoriaIngresos: store.state.categoriaIngresos,\n      categoriaEgresos: store.state.categoriaEgresos\n    }\n  })",
            "err": {},
            "isRoot": false,
            "uuid": "abf8ff32-ad4e-491e-bab3-5650c1928f87",
            "isHook": true,
            "skipped": false
          }
        ],
        "afterHooks": [],
        "tests": [
          {
            "title": "Crear categoria Ingreso, funcional",
            "fullTitle": "categorias, test funcional Crear categoria Ingreso, funcional",
            "timedOut": false,
            "duration": 9,
            "state": "passed",
            "speed": "fast",
            "pass": true,
            "fail": false,
            "pending": false,
            "code": "const categoriaNueva = ['Ventas']\nwrapper.vm.tipo = 'Ingreso'\nwrapper.vm.nombre = categoriaNueva\nwrapper.vm.agregar()\nassert.exists(store.state.categoriaIngresos.find(categoria => categoria === categoriaNueva),\n  'No se encontro la nueva cateogira')",
            "err": {},
            "isRoot": false,
            "uuid": "27ec68ad-3255-4943-965b-8beb53b1cdce",
            "isHook": false,
            "skipped": false
          },
          {
            "title": "Crear categoria Egreso, funcional",
            "fullTitle": "categorias, test funcional Crear categoria Egreso, funcional",
            "timedOut": false,
            "duration": 7,
            "state": "passed",
            "speed": "fast",
            "pass": true,
            "fail": false,
            "pending": false,
            "code": "const categoriaNueva = ['Compras']\nwrapper.vm.tipo = 'Egreso'\nwrapper.vm.nombre = categoriaNueva\nwrapper.vm.agregar()\nassert.exists(store.state.categoriaEgresos.find(categoria => categoria === categoriaNueva),\n  'No se encontro la nueva cateogira')",
            "err": {},
            "isRoot": false,
            "uuid": "5a24d0b7-c5dc-4bde-b806-c3e6283e189b",
            "isHook": false,
            "skipped": false
          }
        ],
        "suites": [],
        "passes": [
          "27ec68ad-3255-4943-965b-8beb53b1cdce",
          "5a24d0b7-c5dc-4bde-b806-c3e6283e189b"
        ],
        "failures": [],
        "pending": [],
        "skipped": [],
        "duration": 16,
        "root": false,
        "rootEmpty": false,
        "_timeout": 2000
      },
      {
        "uuid": "d3bf6409-cd54-40f7-848d-3b2a0bda4f95",
        "title": "categorias render test",
        "fullFile": "/Users/abrahan/Desktop/JS/Walle-et/dist/main.js",
        "file": "/dist/main.js",
        "beforeHooks": [
          {
            "title": "\"before each\" hook",
            "fullTitle": "categorias render test \"before each\" hook",
            "timedOut": false,
            "duration": 7,
            "pass": false,
            "fail": false,
            "pending": false,
            "code": "store = _src_Utils_TestUtil_js__WEBPACK_IMPORTED_MODULE_1__[\"default\"].getDefaultStore()\nwrapper = Object(_vue_test_utils__WEBPACK_IMPORTED_MODULE_0__[\"shallowMount\"])(_components_BotonCategorias_vue__WEBPACK_IMPORTED_MODULE_2__[\"default\"],\n  {\n    store,\n    propsData: {\n      categoriaIngresos: store.state.categoriaIngresos,\n      categoriaEgresos: store.state.categoriaEgresos\n    }\n  })",
            "err": {},
            "isRoot": false,
            "uuid": "a86a8161-a61a-42a3-8d30-241b58040e64",
            "isHook": true,
            "skipped": false
          }
        ],
        "afterHooks": [],
        "tests": [
          {
            "title": "elementos formulario renderizan",
            "fullTitle": "categorias render test elementos formulario renderizan",
            "timedOut": false,
            "duration": 7,
            "state": "passed",
            "speed": "fast",
            "pass": true,
            "fail": false,
            "pending": false,
            "code": "assert.exists(wrapper.find('#selectorCategoria'), 'no existe el selector de categoria')\nassert.exists(wrapper.find('#nombreCategoria'), 'no existe el input para el nombre categoria')\nassert.exists(wrapper.find('#agregarCategoria'), 'no existe el boton para agregar categoria')",
            "err": {},
            "isRoot": false,
            "uuid": "bc690771-35bd-46ea-bfe9-32fe62b2aaa3",
            "isHook": false,
            "skipped": false
          }
        ],
        "suites": [],
        "passes": [
          "bc690771-35bd-46ea-bfe9-32fe62b2aaa3"
        ],
        "failures": [],
        "pending": [],
        "skipped": [],
        "duration": 7,
        "root": false,
        "rootEmpty": false,
        "_timeout": 2000
      },
      {
        "uuid": "d7cd95be-872d-42b1-b91c-7cfffbe1e571",
        "title": "categorias, test event",
        "fullFile": "/Users/abrahan/Desktop/JS/Walle-et/dist/main.js",
        "file": "/dist/main.js",
        "beforeHooks": [
          {
            "title": "\"before each\" hook",
            "fullTitle": "categorias, test event \"before each\" hook",
            "timedOut": false,
            "duration": 7,
            "pass": false,
            "fail": false,
            "pending": false,
            "code": "store = _src_Utils_TestUtil_js__WEBPACK_IMPORTED_MODULE_1__[\"default\"].getDefaultStore()\nwrapper = Object(_vue_test_utils__WEBPACK_IMPORTED_MODULE_0__[\"shallowMount\"])(_components_BotonCategorias_vue__WEBPACK_IMPORTED_MODULE_2__[\"default\"],\n  {\n    store,\n    propsData: {\n      categoriaIngresos: store.state.categoriaIngresos,\n      categoriaEgresos: store.state.categoriaEgresos\n    }\n  })",
            "err": {},
            "isRoot": false,
            "uuid": "8ce87eb4-c28a-486d-a9e6-20bf51680d5a",
            "isHook": true,
            "skipped": false
          }
        ],
        "afterHooks": [],
        "tests": [
          {
            "title": "Crear cateogria de ingreso, events",
            "fullTitle": "categorias, test event Crear cateogria de ingreso, events",
            "timedOut": false,
            "duration": 7,
            "state": "failed",
            "pass": false,
            "fail": true,
            "pending": false,
            "code": "const categoriaNueva = 'Compras'\nwrapper.find('#selectorCategoria').trigger('click')\nwrapper.find('#selectorCategoria').trigger('keydown.down')\nwrapper.find('#selectorCategoria').trigger('keydown.enter')\nwrapper.find('#selectorCategoria').trigger('change')\nwrapper.find('#nombreCategoria').value = categoriaNueva\nwrapper.find('#nombreCategoria').trigger('input')\nwrapper.find('#agregarCategoria').trigger('click')\nassert.exists(store.state.categoriaIngresos.find(categoria => categoria === categoriaNueva),\n  'No se encontro la nueva cateogira')",
            "err": {
              "message": "AssertionError: No se encontro la nueva cateogira: expected undefined to exist",
              "estack": "AssertionError: No se encontro la nueva cateogira: expected undefined to exist\n    at Context.it (dist/webpack:/tests/unit/BotonCategoriasUnitTest.spec.js:97:1)"
            },
            "isRoot": false,
            "uuid": "d7f3835e-30d5-4fe2-862f-9d7e1ffd5ebd",
            "isHook": false,
            "skipped": false
          }
        ],
        "suites": [],
        "passes": [],
        "failures": [
          "d7f3835e-30d5-4fe2-862f-9d7e1ffd5ebd"
        ],
        "pending": [],
        "skipped": [],
        "duration": 7,
        "root": false,
        "rootEmpty": false,
        "_timeout": 2000
      },
      {
        "uuid": "73756471-2419-409c-8ff4-5045951206b5",
        "title": "Datos iniciales categorias",
        "fullFile": "/Users/abrahan/Desktop/JS/Walle-et/dist/main.js",
        "file": "/dist/main.js",
        "beforeHooks": [
          {
            "title": "\"before each\" hook",
            "fullTitle": "Datos iniciales categorias \"before each\" hook",
            "timedOut": false,
            "duration": 0,
            "pass": false,
            "fail": false,
            "pending": false,
            "code": "store = _src_Utils_TestUtil_js__WEBPACK_IMPORTED_MODULE_1__[\"default\"].getDefaultStore()",
            "err": {},
            "isRoot": false,
            "uuid": "98bf2a43-5594-475f-8ce4-6d8faed398fb",
            "isHook": true,
            "skipped": false
          }
        ],
        "afterHooks": [],
        "tests": [
          {
            "title": "Deberia tener 3 categorias de ingreso iniciales",
            "fullTitle": "Datos iniciales categorias Deberia tener 3 categorias de ingreso iniciales",
            "timedOut": false,
            "duration": 0,
            "state": "passed",
            "speed": "fast",
            "pass": true,
            "fail": false,
            "pending": false,
            "code": "assert.equal(3, store.state.categoriaIngresos.length,\n  'numero de categorias de ingresos: ' + store.state.categoriaIngresos.length)\nassert.exists(store.state.categoriaIngresos.find(categoria => categoria === 'Salario'),\n  'No esiste la categoria Salarios')\nassert.exists(store.state.categoriaIngresos.find(categoria => categoria === 'Transferencia'),\n  'No esiste la categoria Transferencia')\nassert.exists(store.state.categoriaIngresos.find(categoria => categoria === 'Otros'),\n  'No esiste la categoria Otros')",
            "err": {},
            "isRoot": false,
            "uuid": "43dda964-f513-4369-8d75-f88223086ce8",
            "isHook": false,
            "skipped": false
          },
          {
            "title": "Deberia tener 3 categorias de egreso iniciales",
            "fullTitle": "Datos iniciales categorias Deberia tener 3 categorias de egreso iniciales",
            "timedOut": false,
            "duration": 1,
            "state": "passed",
            "speed": "fast",
            "pass": true,
            "fail": false,
            "pending": false,
            "code": "assert.equal(3, store.state.categoriaEgresos.length,\n  'numero de categorias de egresos: ' + store.state.categoriaEgresos.length)\nassert.exists(store.state.categoriaEgresos.find(categoria => categoria === 'Expensas'),\n  'No esiste la categoria Expensas')\nassert.exists(store.state.categoriaEgresos.find(categoria => categoria === 'Transferencia'),\n  'No esiste la categoria Transferencia')\nassert.exists(store.state.categoriaEgresos.find(categoria => categoria === 'Otros'),\n  'No esiste la categoria Otros')",
            "err": {},
            "isRoot": false,
            "uuid": "67fb3cc8-f040-4ca1-8e57-0aaeb203bf8e",
            "isHook": false,
            "skipped": false
          }
        ],
        "suites": [],
        "passes": [
          "43dda964-f513-4369-8d75-f88223086ce8",
          "67fb3cc8-f040-4ca1-8e57-0aaeb203bf8e"
        ],
        "failures": [],
        "pending": [],
        "skipped": [],
        "duration": 1,
        "root": false,
        "rootEmpty": false,
        "_timeout": 2000
      },
      {
        "uuid": "23c03c8f-9b3d-4aa8-aff5-909ae0a94726",
        "title": "Categorias invalidas",
        "fullFile": "/Users/abrahan/Desktop/JS/Walle-et/dist/main.js",
        "file": "/dist/main.js",
        "beforeHooks": [
          {
            "title": "\"before each\" hook",
            "fullTitle": "Categorias invalidas \"before each\" hook",
            "timedOut": false,
            "duration": 6,
            "pass": false,
            "fail": false,
            "pending": false,
            "code": "store = _src_Utils_TestUtil_js__WEBPACK_IMPORTED_MODULE_1__[\"default\"].getDefaultStore()\nwrapper = Object(_vue_test_utils__WEBPACK_IMPORTED_MODULE_0__[\"shallowMount\"])(_components_BotonCategorias_vue__WEBPACK_IMPORTED_MODULE_2__[\"default\"],\n  {\n    store,\n    propsData: {\n      categoriaIngresos: store.state.categoriaIngresos,\n      categoriaEgresos: store.state.categoriaEgresos\n    }\n  })",
            "err": {},
            "isRoot": false,
            "uuid": "d977fe7a-1cab-428e-8ce7-46b7fe5f9392",
            "isHook": true,
            "skipped": false
          }
        ],
        "afterHooks": [],
        "tests": [
          {
            "title": "no se puede crear categorias de ingreso con nombre vacio",
            "fullTitle": "Categorias invalidas no se puede crear categorias de ingreso con nombre vacio",
            "timedOut": false,
            "duration": 11,
            "state": "passed",
            "speed": "fast",
            "pass": true,
            "fail": false,
            "pending": false,
            "code": "wrapper.vm.tipo = 'Ingreso'\nwrapper.vm.nombre = ''\nwrapper.vm.agregar()\nassert.notExists(store.state.categoriaIngresos.find(categoria => categoria === ''))",
            "err": {},
            "isRoot": false,
            "uuid": "4c633c2f-ad14-4d74-8376-cecfe7d8e265",
            "isHook": false,
            "skipped": false
          },
          {
            "title": "no se puede crear categorias de egreso con nombre vacio",
            "fullTitle": "Categorias invalidas no se puede crear categorias de egreso con nombre vacio",
            "timedOut": false,
            "duration": 3,
            "state": "passed",
            "speed": "fast",
            "pass": true,
            "fail": false,
            "pending": false,
            "code": "wrapper.vm.tipo = 'Egreso'\nwrapper.vm.nombre = ''\nwrapper.vm.agregar()\nassert.notExists(store.state.categoriaEgresos.find(categoria => categoria === ''))",
            "err": {},
            "isRoot": false,
            "uuid": "82bd396b-6b7c-4783-9a01-8586c4f082e2",
            "isHook": false,
            "skipped": false
          },
          {
            "title": "No se pueden agregar categorias de ingreso ya existentes",
            "fullTitle": "Categorias invalidas No se pueden agregar categorias de ingreso ya existentes",
            "timedOut": false,
            "duration": 7,
            "state": "passed",
            "speed": "fast",
            "pass": true,
            "fail": false,
            "pending": false,
            "code": "const categoriaExistente = 'Salario'\nconst cantidadInicial = store.state.categoriaEgresos.length\nwrapper.vm.tipo = 'Ingreso'\nwrapper.vm.nombre = categoriaExistente\nwrapper.vm.agregar()\nassert.equal(store.state.categoriaIngresos.length, cantidadInicial)",
            "err": {},
            "isRoot": false,
            "uuid": "d1d944f8-d030-483b-ac3e-521dc7c036aa",
            "isHook": false,
            "skipped": false
          },
          {
            "title": "No se pueden agregar categorias de egreso ya existentes",
            "fullTitle": "Categorias invalidas No se pueden agregar categorias de egreso ya existentes",
            "timedOut": false,
            "duration": 12,
            "state": "passed",
            "speed": "fast",
            "pass": true,
            "fail": false,
            "pending": false,
            "code": "const categoriaExistente = 'Expensas'\nconst cantidadInicial = store.state.categoriaEgresos.length\nwrapper.vm.tipo = 'Egreso'\nwrapper.vm.nombre = categoriaExistente\nwrapper.vm.agregar()\nassert.equal(store.state.categoriaEgresos.length, cantidadInicial)",
            "err": {},
            "isRoot": false,
            "uuid": "17f1965c-f329-4f96-b4b1-12d66b7ae8bd",
            "isHook": false,
            "skipped": false
          },
          {
            "title": "no se puede crear categorias sin tipo",
            "fullTitle": "Categorias invalidas no se puede crear categorias sin tipo",
            "timedOut": false,
            "duration": 4,
            "state": "passed",
            "speed": "fast",
            "pass": true,
            "fail": false,
            "pending": false,
            "code": "const nombreCategoria = 'Supermercado'\nwrapper.vm.tipo = ''\nwrapper.vm.nombre = nombreCategoria\nwrapper.vm.agregar()\nassert.notExists(store.state.categoriaIngresos.find(categoria => categoria === nombreCategoria))\nassert.notExists(store.state.categoriaEgresos.find(categoria => categoria === nombreCategoria))",
            "err": {},
            "isRoot": false,
            "uuid": "cdac3b56-39ca-4520-8716-2257dc5b8f6f",
            "isHook": false,
            "skipped": false
          }
        ],
        "suites": [],
        "passes": [
          "4c633c2f-ad14-4d74-8376-cecfe7d8e265",
          "82bd396b-6b7c-4783-9a01-8586c4f082e2",
          "d1d944f8-d030-483b-ac3e-521dc7c036aa",
          "17f1965c-f329-4f96-b4b1-12d66b7ae8bd",
          "cdac3b56-39ca-4520-8716-2257dc5b8f6f"
        ],
        "failures": [],
        "pending": [],
        "skipped": [],
        "duration": 37,
        "root": false,
        "rootEmpty": false,
        "_timeout": 2000
      },
      {
        "uuid": "86c21ea1-75d0-4b68-8672-6b5cc0a45b4c",
        "title": "Ingresos, funcional",
        "fullFile": "/Users/abrahan/Desktop/JS/Walle-et/dist/main.js",
        "file": "/dist/main.js",
        "beforeHooks": [
          {
            "title": "\"before each\" hook",
            "fullTitle": "Ingresos, funcional \"before each\" hook",
            "timedOut": false,
            "duration": 14,
            "pass": false,
            "fail": false,
            "pending": false,
            "code": "store = _Utils_TestUtil_js__WEBPACK_IMPORTED_MODULE_1__[\"default\"].getDefaultStore()\nstore.state.cuentas.push({ icon: 'account_balance', nombre: 'ahorros', fondos: 0, route: '/' })\nwrapper = Object(_vue_test_utils__WEBPACK_IMPORTED_MODULE_0__[\"shallowMount\"])(_components_BotonTransacciones__WEBPACK_IMPORTED_MODULE_2__[\"default\"],\n  {\n    store,\n    propsData: {\n      tipo: 'Ingreso',\n      cuenta: { icon: 'account_balance', nombre: 'ahorros', fondos: 0, route: '/' },\n      categorias: store.state.categoriaIngresos }\n  })",
            "err": {},
            "isRoot": false,
            "uuid": "588d8a67-1332-49c2-b5af-6130ea635b0f",
            "isHook": true,
            "skipped": false
          }
        ],
        "afterHooks": [],
        "tests": [
          {
            "title": "Agregar Ingreso",
            "fullTitle": "Ingresos, funcional Agregar Ingreso",
            "timedOut": false,
            "duration": 23,
            "state": "passed",
            "speed": "fast",
            "pass": true,
            "fail": false,
            "pending": false,
            "code": "const datosTransaccion = { cuenta: 'ahorros', fecha: '06/05/2019', monto: 120, categoria: 'Salario' }\nconst saldoInicial = 0\nwrapper.vm.monto = datosTransaccion.monto\nwrapper.vm.fecha = datosTransaccion.fecha\nwrapper.vm.categoria = datosTransaccion.categoria\nwrapper.vm.agregar()\nassert.exists(store.state.ingresos.find(function (ingreso) {\n  return (ingreso.cuenta === datosTransaccion.cuenta) &&\n  (ingreso.fecha === datosTransaccion.fecha) &&\n  (ingreso.categoria === datosTransaccion.categoria) &&\n  (ingreso.monto === datosTransaccion.monto)\n}), 'No se encontro el ingreso')\nassert.equal(store.state.cuentas.find(cuenta => cuenta.nombre === datosTransaccion.cuenta).fondos,\n  (saldoInicial + datosTransaccion.monto), 'No se actualiza el saldo de la cuenta')",
            "err": {},
            "isRoot": false,
            "uuid": "8ba6b41b-acec-47b8-9394-ee19c6917321",
            "isHook": false,
            "skipped": false
          }
        ],
        "suites": [],
        "passes": [
          "8ba6b41b-acec-47b8-9394-ee19c6917321"
        ],
        "failures": [],
        "pending": [],
        "skipped": [],
        "duration": 23,
        "root": false,
        "rootEmpty": false,
        "_timeout": 2000
      },
      {
        "uuid": "91c563a6-a5a2-4df9-84f7-efa1ceb8f28a",
        "title": "Egresos, funcional",
        "fullFile": "/Users/abrahan/Desktop/JS/Walle-et/dist/main.js",
        "file": "/dist/main.js",
        "beforeHooks": [
          {
            "title": "\"before each\" hook",
            "fullTitle": "Egresos, funcional \"before each\" hook",
            "timedOut": false,
            "duration": 10,
            "pass": false,
            "fail": false,
            "pending": false,
            "code": "store = _Utils_TestUtil_js__WEBPACK_IMPORTED_MODULE_1__[\"default\"].getDefaultStore()\nstore.state.cuentas.push({ icon: 'account_balance', nombre: 'ahorros', fondos: 0, route: '/' })\nwrapper = Object(_vue_test_utils__WEBPACK_IMPORTED_MODULE_0__[\"shallowMount\"])(_components_BotonTransacciones__WEBPACK_IMPORTED_MODULE_2__[\"default\"],\n  {\n    store,\n    propsData: {\n      tipo: 'Egreso',\n      cuenta: { icon: 'account_balance', nombre: 'ahorros', fondos: 200, route: '/' },\n      categorias: store.state.categoriaEgresos }\n  })",
            "err": {},
            "isRoot": false,
            "uuid": "7b243f1b-bc3f-49dd-ab14-b1d14fa15afc",
            "isHook": true,
            "skipped": false
          }
        ],
        "afterHooks": [],
        "tests": [
          {
            "title": "Agregar Egreso",
            "fullTitle": "Egresos, funcional Agregar Egreso",
            "timedOut": false,
            "duration": 14,
            "state": "passed",
            "speed": "fast",
            "pass": true,
            "fail": false,
            "pending": false,
            "code": "const datosTransaccion = { cuenta: 'ahorros', fecha: '06/05/2019', monto: 100, categoria: 'Expensas' }\nconst saldoInicial = 200\nwrapper.vm.monto = datosTransaccion.monto\nwrapper.vm.fecha = datosTransaccion.fecha\nwrapper.vm.categoria = datosTransaccion.categoria\nwrapper.vm.agregar()\nassert.exists(store.state.egresos.find(function (egreso) {\n  return (egreso.cuenta === datosTransaccion.cuenta) &&\n  (egreso.fecha === datosTransaccion.fecha) &&\n  (egreso.categoria === datosTransaccion.categoria) &&\n  (egreso.monto === datosTransaccion.monto)\n}), 'No se encontro el egreso')\nassert.equal(store.state.cuentas.find(cuenta => cuenta.nombre === datosTransaccion.cuenta).fondos,\n  (saldoInicial - datosTransaccion.monto), 'No se actualiza el saldo de la cuenta')",
            "err": {},
            "isRoot": false,
            "uuid": "2c89be7a-cd2f-4931-8cc2-a61cb1fe6e29",
            "isHook": false,
            "skipped": false
          }
        ],
        "suites": [],
        "passes": [
          "2c89be7a-cd2f-4931-8cc2-a61cb1fe6e29"
        ],
        "failures": [],
        "pending": [],
        "skipped": [],
        "duration": 14,
        "root": false,
        "rootEmpty": false,
        "_timeout": 2000
      },
      {
        "uuid": "0726cea9-9613-4b00-bb48-fe35bfbfd67a",
        "title": "Ingresos invalidos",
        "fullFile": "/Users/abrahan/Desktop/JS/Walle-et/dist/main.js",
        "file": "/dist/main.js",
        "beforeHooks": [
          {
            "title": "\"before each\" hook",
            "fullTitle": "Ingresos invalidos \"before each\" hook",
            "timedOut": false,
            "duration": 14,
            "pass": false,
            "fail": false,
            "pending": false,
            "code": "store = _Utils_TestUtil_js__WEBPACK_IMPORTED_MODULE_1__[\"default\"].getDefaultStore()\nstore.state.cuentas.push({ icon: 'account_balance', nombre: 'ahorros', fondos: 0, route: '/' })\nwrapper = Object(_vue_test_utils__WEBPACK_IMPORTED_MODULE_0__[\"shallowMount\"])(_components_BotonTransacciones__WEBPACK_IMPORTED_MODULE_2__[\"default\"],\n  {\n    store,\n    propsData: {\n      tipo: 'Ingreso',\n      cuenta: { icon: 'account_balance', nombre: 'ahorros', fondos: 0, route: '/' },\n      categorias: store.state.categoriaIngresos }\n  })",
            "err": {},
            "isRoot": false,
            "uuid": "26ed7d38-85a1-4efb-9913-866c052ff1ca",
            "isHook": true,
            "skipped": false
          }
        ],
        "afterHooks": [],
        "tests": [
          {
            "title": "categoria vacia",
            "fullTitle": "Ingresos invalidos categoria vacia",
            "timedOut": false,
            "duration": 10,
            "state": "passed",
            "speed": "fast",
            "pass": true,
            "fail": false,
            "pending": false,
            "code": "const datosTransaccion = { cuenta: 'ahorros', fecha: '06/05/2019', monto: 100, categoria: '' }\nconst saldoInicial = 0\nwrapper.vm.monto = datosTransaccion.monto\nwrapper.vm.fecha = datosTransaccion.fecha\nwrapper.vm.categoria = datosTransaccion.categoria\nwrapper.vm.agregar()\nassert.notExists(store.state.ingresos.find(function (ingreso) {\n  return (ingreso.cuenta === datosTransaccion.cuenta) &&\n  (ingreso.fecha === datosTransaccion.fecha) &&\n  (ingreso.categoria === datosTransaccion.categoria) &&\n  (ingreso.monto === datosTransaccion.monto)\n}), 'Se agrego el ingreso')\nassert.equal(store.state.cuentas.find(cuenta => cuenta.nombre === datosTransaccion.cuenta).fondos,\n  saldoInicial, 'Se cambia el saldo de la cuenta')",
            "err": {},
            "isRoot": false,
            "uuid": "8cde6c03-c1d7-4545-a92f-77e64fca1acd",
            "isHook": false,
            "skipped": false
          },
          {
            "title": "fecha vacia",
            "fullTitle": "Ingresos invalidos fecha vacia",
            "timedOut": false,
            "duration": 12,
            "state": "passed",
            "speed": "fast",
            "pass": true,
            "fail": false,
            "pending": false,
            "code": "const datosTransaccion = { cuenta: 'ahorros', fecha: '', monto: 100, categoria: 'Salario' }\nconst saldoInicial = 0\nwrapper.vm.monto = datosTransaccion.monto\nwrapper.vm.fecha = datosTransaccion.fecha\nwrapper.vm.categoria = datosTransaccion.categoria\nwrapper.vm.agregar()\nassert.notExists(store.state.ingresos.find(function (ingreso) {\n  return (ingreso.cuenta === datosTransaccion.cuenta) &&\n  (ingreso.fecha === datosTransaccion.fecha) &&\n  (ingreso.categoria === datosTransaccion.categoria) &&\n  (ingreso.monto === datosTransaccion.monto)\n}), 'Se agrego el ingreso')\nassert.equal(store.state.cuentas.find(cuenta => cuenta.nombre === datosTransaccion.cuenta).fondos,\n  saldoInicial, 'Se cambia el saldo de la cuenta')",
            "err": {},
            "isRoot": false,
            "uuid": "67df5c2b-42e3-46d9-9093-442b10b59bd4",
            "isHook": false,
            "skipped": false
          },
          {
            "title": "monto nulo",
            "fullTitle": "Ingresos invalidos monto nulo",
            "timedOut": false,
            "duration": 13,
            "state": "passed",
            "speed": "fast",
            "pass": true,
            "fail": false,
            "pending": false,
            "code": "const datosTransaccion = { cuenta: 'ahorros', fecha: '06/05/2019', monto: 0, categoria: 'Salario' }\nconst saldoInicial = 0\nwrapper.vm.monto = datosTransaccion.monto\nwrapper.vm.fecha = datosTransaccion.fecha\nwrapper.vm.categoria = datosTransaccion.categoria\nwrapper.vm.agregar()\nassert.notExists(store.state.ingresos.find(function (ingreso) {\n  return (ingreso.cuenta === datosTransaccion.cuenta) &&\n  (ingreso.fecha === datosTransaccion.fecha) &&\n  (ingreso.categoria === datosTransaccion.categoria) &&\n  (ingreso.monto === datosTransaccion.monto)\n}), 'Se agrego el ingreso')\nassert.equal(store.state.cuentas.find(cuenta => cuenta.nombre === datosTransaccion.cuenta).fondos,\n  saldoInicial, 'Se cambia el saldo de la cuenta')",
            "err": {},
            "isRoot": false,
            "uuid": "71dcff9a-2df2-4543-a936-df2a8acc7ca7",
            "isHook": false,
            "skipped": false
          },
          {
            "title": "monto negativo",
            "fullTitle": "Ingresos invalidos monto negativo",
            "timedOut": false,
            "duration": 10,
            "state": "passed",
            "speed": "fast",
            "pass": true,
            "fail": false,
            "pending": false,
            "code": "const datosTransaccion = { cuenta: 'ahorros', fecha: '06/05/2019', monto: -50, categoria: 'Salario' }\nconst saldoInicial = 0\nwrapper.vm.monto = datosTransaccion.monto\nwrapper.vm.fecha = datosTransaccion.fecha\nwrapper.vm.categoria = datosTransaccion.categoria\nwrapper.vm.agregar()\nassert.notExists(store.state.ingresos.find(function (ingreso) {\n  return (ingreso.cuenta === datosTransaccion.cuenta) &&\n  (ingreso.fecha === datosTransaccion.fecha) &&\n  (ingreso.categoria === datosTransaccion.categoria) &&\n  (ingreso.monto === datosTransaccion.monto)\n}), 'Se agrego el ingreso')\nassert.equal(store.state.cuentas.find(cuenta => cuenta.nombre === datosTransaccion.cuenta).fondos,\n  saldoInicial, 'Se cambia el saldo de la cuenta')",
            "err": {},
            "isRoot": false,
            "uuid": "f6fbe9f2-b88f-43f9-bd45-5ffff8c1ee90",
            "isHook": false,
            "skipped": false
          },
          {
            "title": "categoria inexistente",
            "fullTitle": "Ingresos invalidos categoria inexistente",
            "timedOut": false,
            "duration": 15,
            "state": "passed",
            "speed": "fast",
            "pass": true,
            "fail": false,
            "pending": false,
            "code": "const datosTransaccion = { cuenta: 'ahorros', fecha: '06/05/2019', monto: 50, categoria: 'Tienda' }\nconst saldoInicial = 0\nwrapper.vm.monto = datosTransaccion.monto\nwrapper.vm.fecha = datosTransaccion.fecha\nwrapper.vm.categoria = datosTransaccion.categoria\nwrapper.vm.agregar()\nassert.notExists(store.state.ingresos.find(function (ingreso) {\n  return (ingreso.cuenta === datosTransaccion.cuenta) &&\n  (ingreso.fecha === datosTransaccion.fecha) &&\n  (ingreso.categoria === datosTransaccion.categoria) &&\n  (ingreso.monto === datosTransaccion.monto)\n}), 'Se agrego el ingreso')\nassert.equal(store.state.cuentas.find(cuenta => cuenta.nombre === datosTransaccion.cuenta).fondos,\n  saldoInicial, 'Se cambia el saldo de la cuenta')",
            "err": {},
            "isRoot": false,
            "uuid": "001b9a7d-6469-427f-b1b3-d0b0d6c9bbc9",
            "isHook": false,
            "skipped": false
          }
        ],
        "suites": [],
        "passes": [
          "8cde6c03-c1d7-4545-a92f-77e64fca1acd",
          "67df5c2b-42e3-46d9-9093-442b10b59bd4",
          "71dcff9a-2df2-4543-a936-df2a8acc7ca7",
          "f6fbe9f2-b88f-43f9-bd45-5ffff8c1ee90",
          "001b9a7d-6469-427f-b1b3-d0b0d6c9bbc9"
        ],
        "failures": [],
        "pending": [],
        "skipped": [],
        "duration": 60,
        "root": false,
        "rootEmpty": false,
        "_timeout": 2000
      },
      {
        "uuid": "65ad749e-0e7b-4fca-9c9f-fd26efc1ca7b",
        "title": "Egresos invalidos",
        "fullFile": "/Users/abrahan/Desktop/JS/Walle-et/dist/main.js",
        "file": "/dist/main.js",
        "beforeHooks": [
          {
            "title": "\"before each\" hook",
            "fullTitle": "Egresos invalidos \"before each\" hook",
            "timedOut": false,
            "duration": 8,
            "pass": false,
            "fail": false,
            "pending": false,
            "code": "store = _Utils_TestUtil_js__WEBPACK_IMPORTED_MODULE_1__[\"default\"].getDefaultStore()\nstore.state.cuentas.push({ icon: 'account_balance', nombre: 'ahorros', fondos: 100, route: '/' })\nwrapper = Object(_vue_test_utils__WEBPACK_IMPORTED_MODULE_0__[\"shallowMount\"])(_components_BotonTransacciones__WEBPACK_IMPORTED_MODULE_2__[\"default\"],\n  {\n    store,\n    propsData: {\n      tipo: 'Egreso',\n      cuenta: { icon: 'account_balance', nombre: 'ahorros', fondos: 100, route: '/' },\n      categorias: store.state.categoriaEgresos }\n  })",
            "err": {},
            "isRoot": false,
            "uuid": "10af9dcd-147b-423a-b12d-357e1ba6e3bb",
            "isHook": true,
            "skipped": false
          }
        ],
        "afterHooks": [],
        "tests": [
          {
            "title": "categoria vacia",
            "fullTitle": "Egresos invalidos categoria vacia",
            "timedOut": false,
            "duration": 11,
            "state": "passed",
            "speed": "fast",
            "pass": true,
            "fail": false,
            "pending": false,
            "code": "const datosTransaccion = { cuenta: 'ahorros', fecha: '06/05/2019', monto: 50, categoria: '' }\nconst saldoInicial = 100\nwrapper.vm.monto = datosTransaccion.monto\nwrapper.vm.fecha = datosTransaccion.fecha\nwrapper.vm.categoria = datosTransaccion.categoria\nwrapper.vm.agregar()\nassert.notExists(store.state.egresos.find(function (egreso) {\n  return (egreso.cuenta === datosTransaccion.cuenta) &&\n  (egreso.fecha === datosTransaccion.fecha) &&\n  (egreso.categoria === datosTransaccion.categoria) &&\n  (egreso.monto === datosTransaccion.monto)\n}), 'Se agrego el egreso')\nassert.equal(store.state.cuentas.find(cuenta => cuenta.nombre === datosTransaccion.cuenta).fondos,\n  saldoInicial, 'Se cambia el saldo de la cuenta')",
            "err": {},
            "isRoot": false,
            "uuid": "2c3484de-52fe-432c-b95b-daec6ff3c961",
            "isHook": false,
            "skipped": false
          },
          {
            "title": "fecha vacia",
            "fullTitle": "Egresos invalidos fecha vacia",
            "timedOut": false,
            "duration": 12,
            "state": "passed",
            "speed": "fast",
            "pass": true,
            "fail": false,
            "pending": false,
            "code": "const datosTransaccion = { cuenta: 'ahorros', fecha: '', monto: 50, categoria: 'Expensas' }\nconst saldoInicial = 100\nwrapper.vm.monto = datosTransaccion.monto\nwrapper.vm.fecha = datosTransaccion.fecha\nwrapper.vm.categoria = datosTransaccion.categoria\nwrapper.vm.agregar()\nassert.notExists(store.state.egresos.find(function (egreso) {\n  return (egreso.cuenta === datosTransaccion.cuenta) &&\n  (egreso.fecha === datosTransaccion.fecha) &&\n  (egreso.categoria === datosTransaccion.categoria) &&\n  (egreso.monto === datosTransaccion.monto)\n}), 'Se agrego el egreso')\nassert.equal(store.state.cuentas.find(cuenta => cuenta.nombre === datosTransaccion.cuenta).fondos,\n  saldoInicial, 'Se cambia el saldo de la cuenta')",
            "err": {},
            "isRoot": false,
            "uuid": "89528701-c8df-4491-aad9-3515031884f0",
            "isHook": false,
            "skipped": false
          },
          {
            "title": "monto nulo",
            "fullTitle": "Egresos invalidos monto nulo",
            "timedOut": false,
            "duration": 7,
            "state": "passed",
            "speed": "fast",
            "pass": true,
            "fail": false,
            "pending": false,
            "code": "const datosTransaccion = { cuenta: 'ahorros', fecha: '06/05/2019', monto: 0, categoria: 'Expensas' }\nconst saldoInicial = 100\nwrapper.vm.monto = datosTransaccion.monto\nwrapper.vm.fecha = datosTransaccion.fecha\nwrapper.vm.categoria = datosTransaccion.categoria\nwrapper.vm.agregar()\nassert.notExists(store.state.egresos.find(function (egreso) {\n  return (egreso.cuenta === datosTransaccion.cuenta) &&\n  (egreso.fecha === datosTransaccion.fecha) &&\n  (egreso.categoria === datosTransaccion.categoria) &&\n  (egreso.monto === datosTransaccion.monto)\n}), 'Se agrego el egreso')\nassert.equal(store.state.cuentas.find(cuenta => cuenta.nombre === datosTransaccion.cuenta).fondos,\n  saldoInicial, 'Se cambia el saldo de la cuenta')",
            "err": {},
            "isRoot": false,
            "uuid": "313f05d2-e2a9-4dc7-b6c7-791a6119794f",
            "isHook": false,
            "skipped": false
          },
          {
            "title": "monto negativo",
            "fullTitle": "Egresos invalidos monto negativo",
            "timedOut": false,
            "duration": 13,
            "state": "passed",
            "speed": "fast",
            "pass": true,
            "fail": false,
            "pending": false,
            "code": "const datosTransaccion = { cuenta: 'ahorros', fecha: '06/05/2019', monto: -50, categoria: 'Expensas' }\nconst saldoInicial = 100\nwrapper.vm.monto = datosTransaccion.monto\nwrapper.vm.fecha = datosTransaccion.fecha\nwrapper.vm.categoria = datosTransaccion.categoria\nwrapper.vm.agregar()\nassert.notExists(store.state.egresos.find(function (egreso) {\n  return (egreso.cuenta === datosTransaccion.cuenta) &&\n  (egreso.fecha === datosTransaccion.fecha) &&\n  (egreso.categoria === datosTransaccion.categoria) &&\n  (egreso.monto === datosTransaccion.monto)\n}), 'Se agrego el egreso')\nassert.equal(store.state.cuentas.find(cuenta => cuenta.nombre === datosTransaccion.cuenta).fondos,\n  saldoInicial, 'Se cambia el saldo de la cuenta')",
            "err": {},
            "isRoot": false,
            "uuid": "675faf9f-f526-4a0d-bfe8-7352d5d949d7",
            "isHook": false,
            "skipped": false
          },
          {
            "title": "monto mayor al saldo",
            "fullTitle": "Egresos invalidos monto mayor al saldo",
            "timedOut": false,
            "duration": 16,
            "state": "passed",
            "speed": "fast",
            "pass": true,
            "fail": false,
            "pending": false,
            "code": "const datosTransaccion = { cuenta: 'ahorros', fecha: '06/05/2019', monto: 200, categoria: 'Expensas' }\nconst saldoInicial = 100\nwrapper.vm.monto = datosTransaccion.monto\nwrapper.vm.fecha = datosTransaccion.fecha\nwrapper.vm.categoria = datosTransaccion.categoria\nwrapper.vm.agregar()\nassert.notExists(store.state.egresos.find(function (egreso) {\n  return (egreso.cuenta === datosTransaccion.cuenta) &&\n  (egreso.fecha === datosTransaccion.fecha) &&\n  (egreso.categoria === datosTransaccion.categoria) &&\n  (egreso.monto === datosTransaccion.monto)\n}), 'Se agrego el egreso')\nassert.equal(store.state.cuentas.find(cuenta => cuenta.nombre === datosTransaccion.cuenta).fondos,\n  saldoInicial, 'Se cambia el saldo de la cuenta')",
            "err": {},
            "isRoot": false,
            "uuid": "fb73d902-462d-4f94-9e35-4dc3b6e21294",
            "isHook": false,
            "skipped": false
          },
          {
            "title": "categoria inexistente",
            "fullTitle": "Egresos invalidos categoria inexistente",
            "timedOut": false,
            "duration": 11,
            "state": "passed",
            "speed": "fast",
            "pass": true,
            "fail": false,
            "pending": false,
            "code": "const datosTransaccion = { cuenta: 'ahorros', fecha: '06/05/2019', monto: 50, categoria: 'Tienda' }\nconst saldoInicial = 100\nwrapper.vm.monto = datosTransaccion.monto\nwrapper.vm.fecha = datosTransaccion.fecha\nwrapper.vm.categoria = datosTransaccion.categoria\nwrapper.vm.agregar()\nassert.notExists(store.state.egresos.find(function (egreso) {\n  return (egreso.cuenta === datosTransaccion.cuenta) &&\n  (egreso.fecha === datosTransaccion.fecha) &&\n  (egreso.categoria === datosTransaccion.categoria) &&\n  (egreso.monto === datosTransaccion.monto)\n}), 'Se agrego el egreso')\nassert.equal(store.state.cuentas.find(cuenta => cuenta.nombre === datosTransaccion.cuenta).fondos,\n  saldoInicial, 'Se cambia el saldo de la cuenta')",
            "err": {},
            "isRoot": false,
            "uuid": "2cd107df-e760-4c2c-819f-995550f726eb",
            "isHook": false,
            "skipped": false
          }
        ],
        "suites": [],
        "passes": [
          "2c3484de-52fe-432c-b95b-daec6ff3c961",
          "89528701-c8df-4491-aad9-3515031884f0",
          "313f05d2-e2a9-4dc7-b6c7-791a6119794f",
          "675faf9f-f526-4a0d-bfe8-7352d5d949d7",
          "fb73d902-462d-4f94-9e35-4dc3b6e21294",
          "2cd107df-e760-4c2c-819f-995550f726eb"
        ],
        "failures": [],
        "pending": [],
        "skipped": [],
        "duration": 70,
        "root": false,
        "rootEmpty": false,
        "_timeout": 2000
      },
      {
        "uuid": "8ba7c31b-4448-45a2-9dde-8d4c33337cb6",
        "title": "Render test, transacciones",
        "fullFile": "/Users/abrahan/Desktop/JS/Walle-et/dist/main.js",
        "file": "/dist/main.js",
        "beforeHooks": [
          {
            "title": "\"before each\" hook",
            "fullTitle": "Render test, transacciones \"before each\" hook",
            "timedOut": false,
            "duration": 0,
            "pass": false,
            "fail": false,
            "pending": false,
            "code": "store = _Utils_TestUtil_js__WEBPACK_IMPORTED_MODULE_1__[\"default\"].getDefaultStore()\nstore.state.cuentas.push({ icon: 'account_balance', nombre: 'ahorros', fondos: 0, route: '/' })",
            "err": {},
            "isRoot": false,
            "uuid": "c510e67c-2403-485b-8b58-d94025d949bc",
            "isHook": true,
            "skipped": false
          }
        ],
        "afterHooks": [],
        "tests": [
          {
            "title": "test ingreso",
            "fullTitle": "Render test, transacciones test ingreso",
            "timedOut": false,
            "duration": 13,
            "state": "passed",
            "speed": "fast",
            "pass": true,
            "fail": false,
            "pending": false,
            "code": "wrapper = Object(_vue_test_utils__WEBPACK_IMPORTED_MODULE_0__[\"shallowMount\"])(_components_BotonTransacciones__WEBPACK_IMPORTED_MODULE_2__[\"default\"],\n  {\n    store,\n    propsData: {\n      tipo: 'Ingreso',\n      cuenta: { icon: 'account_balance', nombre: 'ahorros', fondos: 0, route: '/' },\n      categorias: store.state.categoriaIngresos }\n  })\nassert.exists(wrapper.find('#selectorIngreso'))\nassert.exists(wrapper.find('#montoIngreso'))\nassert.exists(wrapper.find('#menuCalendarioIngreso'))\nassert.exists(wrapper.find('#fechaCalendarioIngreso'))\nassert.exists(wrapper.find('#okCalendarioIngreso'))\nassert.exists(wrapper.find('#agregarIngreso'))",
            "err": {},
            "isRoot": false,
            "uuid": "dce13449-21a6-441a-9fb4-14dde631e406",
            "isHook": false,
            "skipped": false
          },
          {
            "title": "test egreso",
            "fullTitle": "Render test, transacciones test egreso",
            "timedOut": false,
            "duration": 10,
            "state": "passed",
            "speed": "fast",
            "pass": true,
            "fail": false,
            "pending": false,
            "code": "wrapper = Object(_vue_test_utils__WEBPACK_IMPORTED_MODULE_0__[\"shallowMount\"])(_components_BotonTransacciones__WEBPACK_IMPORTED_MODULE_2__[\"default\"],\n  {\n    store,\n    propsData: {\n      tipo: 'Egreso',\n      cuenta: { icon: 'account_balance', nombre: 'ahorros', fondos: 0, route: '/' },\n      categorias: store.state.categoriaIngresos }\n  })\nassert.exists(wrapper.find('#selectorEgreso'))\nassert.exists(wrapper.find('#montoEgreso'))\nassert.exists(wrapper.find('#menuCalendarioEgreso'))\nassert.exists(wrapper.find('#fechaCalendarioEgreso'))\nassert.exists(wrapper.find('#okCalendarioEgreso'))\nassert.exists(wrapper.find('#agregarEgreso'))",
            "err": {},
            "isRoot": false,
            "uuid": "8881ca23-8ff5-4c9f-aae9-6697f8a296ef",
            "isHook": false,
            "skipped": false
          }
        ],
        "suites": [],
        "passes": [
          "dce13449-21a6-441a-9fb4-14dde631e406",
          "8881ca23-8ff5-4c9f-aae9-6697f8a296ef"
        ],
        "failures": [],
        "pending": [],
        "skipped": [],
        "duration": 23,
        "root": false,
        "rootEmpty": false,
        "_timeout": 2000
      },
      {
        "uuid": "f4094899-cd2f-4667-ba1d-fba4974df745",
        "title": "Transferencia, funcional",
        "fullFile": "/Users/abrahan/Desktop/JS/Walle-et/dist/main.js",
        "file": "/dist/main.js",
        "beforeHooks": [
          {
            "title": "\"before each\" hook",
            "fullTitle": "Transferencia, funcional \"before each\" hook",
            "timedOut": false,
            "duration": 8,
            "pass": false,
            "fail": false,
            "pending": false,
            "code": "store = _Utils_TestUtil_js__WEBPACK_IMPORTED_MODULE_1__[\"default\"].getDefaultStore()\nstore.state.cuentas.push({ icon: 'account_balance', nombre: 'ahorros', fondos: 100, route: '/' })\nstore.state.cuentas.push({ icon: 'account_balance', nombre: 'comida', fondos: 0, route: '/' })\nwrapper = Object(_vue_test_utils__WEBPACK_IMPORTED_MODULE_0__[\"shallowMount\"])(_components_BotonTransferencia__WEBPACK_IMPORTED_MODULE_2__[\"default\"],\n  {\n    store, propsData: { cuenta: { icon: 'account_balance', nombre: 'ahorros', fondos: 100, route: '/' } }\n  })",
            "err": {},
            "isRoot": false,
            "uuid": "8da22141-7583-47f8-8b7c-1a01c6905aad",
            "isHook": true,
            "skipped": false
          }
        ],
        "afterHooks": [],
        "tests": [
          {
            "title": "Agregar Transferencia",
            "fullTitle": "Transferencia, funcional Agregar Transferencia",
            "timedOut": false,
            "duration": 23,
            "state": "passed",
            "speed": "fast",
            "pass": true,
            "fail": false,
            "pending": false,
            "code": "const datosTransferencia = {\n  cuentaDestino: 'comida',\n  fecha: '2019-05-06',\n  monto: 50,\n  categoria: 'Transferencia',\n  cuentaOrigen: 'ahorros',\n  saldoOrigenInicial: 100,\n  saldoDestinoInicial: 0\n}\nwrapper.vm.monto = datosTransferencia.monto\nwrapper.vm.fecha = datosTransferencia.fecha\nwrapper.vm.cuentaDestino = datosTransferencia.cuentaDestino\nwrapper.vm.transferir()\nassert.exists(store.state.ingresos.find(function (ingreso) {\n  return (ingreso.cuenta === datosTransferencia.cuentaDestino) &&\n  (ingreso.fecha === datosTransferencia.fecha) &&\n  (ingreso.categoria === datosTransferencia.categoria) &&\n  (ingreso.monto === datosTransferencia.monto)\n}), 'No se encontro el ingreso en la cuenta destino' + store.state.egresos.length)\nassert.equal(store.state.cuentas.find(cuenta => cuenta.nombre === datosTransferencia.cuentaDestino).fondos,\n  (datosTransferencia.saldoDestinoInicial + datosTransferencia.monto),\n  'No se actualiza el saldo de la cuenta Destino')\nassert.exists(store.state.egresos.find(function (egreso) {\n  return (egreso.cuenta === datosTransferencia.cuentaOrigen) &&\n  (egreso.fecha === datosTransferencia.fecha) &&\n  (egreso.categoria === datosTransferencia.categoria) &&\n  (egreso.monto === datosTransferencia.monto)\n}), 'No se encontro el egreso en la cuenta origen')\nassert.equal(store.state.cuentas.find(cuenta => cuenta.nombre === datosTransferencia.cuentaOrigen).fondos,\n  (datosTransferencia.saldoOrigenInicial - datosTransferencia.monto),\n  'No se actualiza el saldo de la cuenta origen')",
            "err": {},
            "isRoot": false,
            "uuid": "7123f8e4-046c-4ed6-8427-edaaa5f1dd49",
            "isHook": false,
            "skipped": false
          }
        ],
        "suites": [],
        "passes": [
          "7123f8e4-046c-4ed6-8427-edaaa5f1dd49"
        ],
        "failures": [],
        "pending": [],
        "skipped": [],
        "duration": 23,
        "root": false,
        "rootEmpty": false,
        "_timeout": 2000
      },
      {
        "uuid": "8769eda8-c5d8-4d45-be8c-5aa9482cf5a5",
        "title": "Transferencias invalidas",
        "fullFile": "/Users/abrahan/Desktop/JS/Walle-et/dist/main.js",
        "file": "/dist/main.js",
        "beforeHooks": [
          {
            "title": "\"before each\" hook",
            "fullTitle": "Transferencias invalidas \"before each\" hook",
            "timedOut": false,
            "duration": 10,
            "pass": false,
            "fail": false,
            "pending": false,
            "code": "store = _Utils_TestUtil_js__WEBPACK_IMPORTED_MODULE_1__[\"default\"].getDefaultStore()\nstore.state.cuentas.push({ icon: 'account_balance', nombre: 'ahorros', fondos: 100, route: '/' })\nstore.state.cuentas.push({ icon: 'account_balance', nombre: 'comida', fondos: 0, route: '/' })\nwrapper = Object(_vue_test_utils__WEBPACK_IMPORTED_MODULE_0__[\"shallowMount\"])(_components_BotonTransferencia__WEBPACK_IMPORTED_MODULE_2__[\"default\"],\n  {\n    store, propsData: { cuenta: { icon: 'account_balance', nombre: 'ahorros', fondos: 100, route: '/' } }\n  })",
            "err": {},
            "isRoot": false,
            "uuid": "f10a4634-551f-4c7e-bcdc-c3b271a225d5",
            "isHook": true,
            "skipped": false
          }
        ],
        "afterHooks": [],
        "tests": [
          {
            "title": "Fecha vacia",
            "fullTitle": "Transferencias invalidas Fecha vacia",
            "timedOut": false,
            "duration": 9,
            "state": "passed",
            "speed": "fast",
            "pass": true,
            "fail": false,
            "pending": false,
            "code": "const datosTransferencia = {\n  cuentaDestino: 'comida',\n  fecha: '',\n  monto: 50,\n  categoria: 'Transferencia',\n  cuentaOrigen: 'ahorros',\n  saldoOrigenInicial: 100,\n  saldoDestinoInicial: 0\n}\nwrapper.vm.monto = datosTransferencia.monto\nwrapper.vm.fecha = datosTransferencia.fecha\nwrapper.vm.cuentaDestino = datosTransferencia.cuentaDestino\nwrapper.vm.transferir()\nassert.notExists(store.state.ingresos.find(function (ingreso) {\n  return (ingreso.cuenta === datosTransferencia.cuentaDestino) &&\n  (ingreso.fecha === datosTransferencia.fecha) &&\n  (ingreso.categoria === datosTransferencia.categoria) &&\n  (ingreso.monto === datosTransferencia.monto)\n}), 'Se encontro el ingreso en la cuenta destino')\nassert.equal(store.state.cuentas.find(cuenta => cuenta.nombre === datosTransferencia.cuentaDestino).fondos,\n  (datosTransferencia.saldoDestinoInicial),\n  'Se actualiza el saldo de la cuenta Destino')\nassert.notExists(store.state.egresos.find(function (egreso) {\n  return (egreso.cuenta === datosTransferencia.cuentaOrigen) &&\n  (egreso.fecha === datosTransferencia.fecha) &&\n  (egreso.categoria === datosTransferencia.categoria) &&\n  (egreso.monto === datosTransferencia.monto)\n}), 'Se encontro el egreso en la cuenta origen')\nassert.equal(store.state.cuentas.find(cuenta => cuenta.nombre === datosTransferencia.cuentaOrigen).fondos,\n  (datosTransferencia.saldoOrigenInicial),\n  'Se actualiza el saldo de la cuenta origen')",
            "err": {},
            "isRoot": false,
            "uuid": "8352d0f3-7da3-42b6-906b-36f120a38ed1",
            "isHook": false,
            "skipped": false
          },
          {
            "title": "Cuenta destino vacia",
            "fullTitle": "Transferencias invalidas Cuenta destino vacia",
            "timedOut": false,
            "duration": 6,
            "state": "passed",
            "speed": "fast",
            "pass": true,
            "fail": false,
            "pending": false,
            "code": "const datosTransferencia = {\n  cuentaDestino: '',\n  fecha: '2019-05-06',\n  monto: 50,\n  categoria: 'Transferencia',\n  cuentaOrigen: 'ahorros',\n  saldoOrigenInicial: 100,\n  saldoDestinoInicial: 0\n}\nwrapper.vm.monto = datosTransferencia.monto\nwrapper.vm.fecha = datosTransferencia.fecha\nwrapper.vm.cuentaDestino = datosTransferencia.cuentaDestino\nwrapper.vm.transferir()\nassert.notExists(store.state.ingresos.find(function (ingreso) {\n  return (ingreso.cuenta === datosTransferencia.cuentaDestino) &&\n  (ingreso.fecha === datosTransferencia.fecha) &&\n  (ingreso.categoria === datosTransferencia.categoria) &&\n  (ingreso.monto === datosTransferencia.monto)\n}), 'Se encontro el ingreso en la cuenta destino')\nassert.notExists(store.state.egresos.find(function (egreso) {\n  return (egreso.cuenta === datosTransferencia.cuentaOrigen) &&\n  (egreso.fecha === datosTransferencia.fecha) &&\n  (egreso.categoria === datosTransferencia.categoria) &&\n  (egreso.monto === datosTransferencia.monto)\n}), 'Se encontro el egreso en la cuenta origen')\nassert.equal(store.state.cuentas.find(cuenta => cuenta.nombre === datosTransferencia.cuentaOrigen).fondos,\n  (datosTransferencia.saldoOrigenInicial),\n  'Se actualiza el saldo de la cuenta origen')",
            "err": {},
            "isRoot": false,
            "uuid": "0e899e18-af5c-44cd-a69b-de8745c7fd54",
            "isHook": false,
            "skipped": false
          },
          {
            "title": "monto nulo",
            "fullTitle": "Transferencias invalidas monto nulo",
            "timedOut": false,
            "duration": 13,
            "state": "passed",
            "speed": "fast",
            "pass": true,
            "fail": false,
            "pending": false,
            "code": "const datosTransferencia = {\n  cuentaDestino: 'comida',\n  fecha: '2019-05-06',\n  monto: 0,\n  categoria: 'Transferencia',\n  cuentaOrigen: 'ahorros',\n  saldoOrigenInicial: 100,\n  saldoDestinoInicial: 0\n}\nwrapper.vm.monto = datosTransferencia.monto\nwrapper.vm.fecha = datosTransferencia.fecha\nwrapper.vm.cuentaDestino = datosTransferencia.cuentaDestino\nwrapper.vm.transferir()\nassert.notExists(store.state.ingresos.find(function (ingreso) {\n  return (ingreso.cuenta === datosTransferencia.cuentaDestino) &&\n  (ingreso.fecha === datosTransferencia.fecha) &&\n  (ingreso.categoria === datosTransferencia.categoria) &&\n  (ingreso.monto === datosTransferencia.monto)\n}), 'Se encontro el ingreso en la cuenta destino')\nassert.equal(store.state.cuentas.find(cuenta => cuenta.nombre === datosTransferencia.cuentaDestino).fondos,\n  (datosTransferencia.saldoDestinoInicial),\n  'Se actualiza el saldo de la cuenta Destino')\nassert.notExists(store.state.egresos.find(function (egreso) {\n  return (egreso.cuenta === datosTransferencia.cuentaOrigen) &&\n  (egreso.fecha === datosTransferencia.fecha) &&\n  (egreso.categoria === datosTransferencia.categoria) &&\n  (egreso.monto === datosTransferencia.monto)\n}), 'Se encontro el egreso en la cuenta origen')\nassert.equal(store.state.cuentas.find(cuenta => cuenta.nombre === datosTransferencia.cuentaOrigen).fondos,\n  (datosTransferencia.saldoOrigenInicial),\n  'Se actualiza el saldo de la cuenta origen')",
            "err": {},
            "isRoot": false,
            "uuid": "eb8b7d11-b167-4f6d-a1c8-244ebb7c8374",
            "isHook": false,
            "skipped": false
          },
          {
            "title": "monto negativo",
            "fullTitle": "Transferencias invalidas monto negativo",
            "timedOut": false,
            "duration": 10,
            "state": "passed",
            "speed": "fast",
            "pass": true,
            "fail": false,
            "pending": false,
            "code": "const datosTransferencia = {\n  cuentaDestino: 'comida',\n  fecha: '2019-05-06',\n  monto: -30,\n  categoria: 'Transferencia',\n  cuentaOrigen: 'ahorros',\n  saldoOrigenInicial: 100,\n  saldoDestinoInicial: 0\n}\nwrapper.vm.monto = datosTransferencia.monto\nwrapper.vm.fecha = datosTransferencia.fecha\nwrapper.vm.cuentaDestino = datosTransferencia.cuentaDestino\nwrapper.vm.transferir()\nassert.notExists(store.state.ingresos.find(function (ingreso) {\n  return (ingreso.cuenta === datosTransferencia.cuentaDestino) &&\n  (ingreso.fecha === datosTransferencia.fecha) &&\n  (ingreso.categoria === datosTransferencia.categoria) &&\n  (ingreso.monto === datosTransferencia.monto)\n}), 'Se encontro el ingreso en la cuenta destino')\nassert.equal(store.state.cuentas.find(cuenta => cuenta.nombre === datosTransferencia.cuentaDestino).fondos,\n  (datosTransferencia.saldoDestinoInicial),\n  'Se actualiza el saldo de la cuenta Destino')\nassert.notExists(store.state.egresos.find(function (egreso) {\n  return (egreso.cuenta === datosTransferencia.cuentaOrigen) &&\n  (egreso.fecha === datosTransferencia.fecha) &&\n  (egreso.categoria === datosTransferencia.categoria) &&\n  (egreso.monto === datosTransferencia.monto)\n}), 'Se encontro el egreso en la cuenta origen')\nassert.equal(store.state.cuentas.find(cuenta => cuenta.nombre === datosTransferencia.cuentaOrigen).fondos,\n  (datosTransferencia.saldoOrigenInicial),\n  'Se actualiza el saldo de la cuenta origen')",
            "err": {},
            "isRoot": false,
            "uuid": "463c261a-f670-444f-b7e5-8104a6cc29a8",
            "isHook": false,
            "skipped": false
          },
          {
            "title": "saldo insuficiente",
            "fullTitle": "Transferencias invalidas saldo insuficiente",
            "timedOut": false,
            "duration": 9,
            "state": "passed",
            "speed": "fast",
            "pass": true,
            "fail": false,
            "pending": false,
            "code": "const datosTransferencia = {\n  cuentaDestino: 'comida',\n  fecha: '2019-05-06',\n  monto: 200,\n  categoria: 'Transferencia',\n  cuentaOrigen: 'ahorros',\n  saldoOrigenInicial: 100,\n  saldoDestinoInicial: 0\n}\nwrapper.vm.monto = datosTransferencia.monto\nwrapper.vm.fecha = datosTransferencia.fecha\nwrapper.vm.cuentaDestino = datosTransferencia.cuentaDestino\nwrapper.vm.transferir()\nassert.notExists(store.state.ingresos.find(function (ingreso) {\n  return (ingreso.cuenta === datosTransferencia.cuentaDestino) &&\n  (ingreso.fecha === datosTransferencia.fecha) &&\n  (ingreso.categoria === datosTransferencia.categoria) &&\n  (ingreso.monto === datosTransferencia.monto)\n}), 'Se encontro el ingreso en la cuenta destino')\nassert.equal(store.state.cuentas.find(cuenta => cuenta.nombre === datosTransferencia.cuentaDestino).fondos,\n  (datosTransferencia.saldoDestinoInicial),\n  'Se actualiza el saldo de la cuenta Destino')\nassert.notExists(store.state.egresos.find(function (egreso) {\n  return (egreso.cuenta === datosTransferencia.cuentaOrigen) &&\n  (egreso.fecha === datosTransferencia.fecha) &&\n  (egreso.categoria === datosTransferencia.categoria) &&\n  (egreso.monto === datosTransferencia.monto)\n}), 'Se encontro el egreso en la cuenta origen')\nassert.equal(store.state.cuentas.find(cuenta => cuenta.nombre === datosTransferencia.cuentaOrigen).fondos,\n  (datosTransferencia.saldoOrigenInicial),\n  'Se actualiza el saldo de la cuenta origen')",
            "err": {},
            "isRoot": false,
            "uuid": "4479518a-6d2f-46d1-846c-6922227230f2",
            "isHook": false,
            "skipped": false
          },
          {
            "title": "Destino inexistente",
            "fullTitle": "Transferencias invalidas Destino inexistente",
            "timedOut": false,
            "duration": 15,
            "state": "passed",
            "speed": "fast",
            "pass": true,
            "fail": false,
            "pending": false,
            "code": "const datosTransferencia = {\n  cuentaDestino: 'banco',\n  fecha: '2019-05-06',\n  monto: 50,\n  categoria: 'Transferencia',\n  cuentaOrigen: 'ahorros',\n  saldoOrigenInicial: 100,\n  saldoDestinoInicial: 0\n}\nwrapper.vm.monto = datosTransferencia.monto\nwrapper.vm.fecha = datosTransferencia.fecha\nwrapper.vm.cuentaDestino = datosTransferencia.cuentaDestino\nwrapper.vm.transferir()\nassert.notExists(store.state.ingresos.find(function (ingreso) {\n  return (ingreso.cuenta === datosTransferencia.cuentaDestino) &&\n  (ingreso.fecha === datosTransferencia.fecha) &&\n  (ingreso.categoria === datosTransferencia.categoria) &&\n  (ingreso.monto === datosTransferencia.monto)\n}), 'Se encontro el ingreso en la cuenta destino')\nassert.notExists(store.state.egresos.find(function (egreso) {\n  return (egreso.cuenta === datosTransferencia.cuentaOrigen) &&\n  (egreso.fecha === datosTransferencia.fecha) &&\n  (egreso.categoria === datosTransferencia.categoria) &&\n  (egreso.monto === datosTransferencia.monto)\n}), 'Se encontro el egreso en la cuenta origen')\nassert.equal(store.state.cuentas.find(cuenta => cuenta.nombre === datosTransferencia.cuentaOrigen).fondos,\n  (datosTransferencia.saldoOrigenInicial),\n  'Se actualiza el saldo de la cuenta origen')",
            "err": {},
            "isRoot": false,
            "uuid": "9ff3c3d5-4062-4fab-a354-d9060152b3da",
            "isHook": false,
            "skipped": false
          }
        ],
        "suites": [],
        "passes": [
          "8352d0f3-7da3-42b6-906b-36f120a38ed1",
          "0e899e18-af5c-44cd-a69b-de8745c7fd54",
          "eb8b7d11-b167-4f6d-a1c8-244ebb7c8374",
          "463c261a-f670-444f-b7e5-8104a6cc29a8",
          "4479518a-6d2f-46d1-846c-6922227230f2",
          "9ff3c3d5-4062-4fab-a354-d9060152b3da"
        ],
        "failures": [],
        "pending": [],
        "skipped": [],
        "duration": 62,
        "root": false,
        "rootEmpty": false,
        "_timeout": 2000
      },
      {
        "uuid": "3039ee29-d106-4760-bb60-495eea5ae6f8",
        "title": "render tranferencia",
        "fullFile": "/Users/abrahan/Desktop/JS/Walle-et/dist/main.js",
        "file": "/dist/main.js",
        "beforeHooks": [
          {
            "title": "\"before each\" hook",
            "fullTitle": "render tranferencia \"before each\" hook",
            "timedOut": false,
            "duration": 7,
            "pass": false,
            "fail": false,
            "pending": false,
            "code": "store = _Utils_TestUtil_js__WEBPACK_IMPORTED_MODULE_1__[\"default\"].getDefaultStore()\nstore.state.cuentas.push({ icon: 'account_balance', nombre: 'ahorros', fondos: 100, route: '/' })\nstore.state.cuentas.push({ icon: 'account_balance', nombre: 'comida', fondos: 0, route: '/' })\nwrapper = Object(_vue_test_utils__WEBPACK_IMPORTED_MODULE_0__[\"shallowMount\"])(_components_BotonTransferencia__WEBPACK_IMPORTED_MODULE_2__[\"default\"],\n  {\n    store, propsData: { cuenta: { icon: 'account_balance', nombre: 'ahorros', fondos: 100, route: '/' } }\n  })",
            "err": {},
            "isRoot": false,
            "uuid": "ab370106-84b8-4ebe-9a45-3c826a5f8525",
            "isHook": true,
            "skipped": false
          }
        ],
        "afterHooks": [],
        "tests": [
          {
            "title": "Elementos del formulario renderizan",
            "fullTitle": "render tranferencia Elementos del formulario renderizan",
            "timedOut": false,
            "duration": 2,
            "state": "passed",
            "speed": "fast",
            "pass": true,
            "fail": false,
            "pending": false,
            "code": "assert.exists(wrapper.find('#selectorCuentaTransferencua'))\nassert.exists(wrapper.find('#montoTransferencia'))\nassert.exists(wrapper.find('#menuCalendarioTransferencia'))\nassert.exists(wrapper.find('#fechaCalendarioTransferencia'))\nassert.exists(wrapper.find('#okCalendarioTransferencia'))\nassert.exists(wrapper.find('#agregarTransferencia'))",
            "err": {},
            "isRoot": false,
            "uuid": "0f9bc0dd-863f-44f5-8dfa-318eb66c50e9",
            "isHook": false,
            "skipped": false
          }
        ],
        "suites": [],
        "passes": [
          "0f9bc0dd-863f-44f5-8dfa-318eb66c50e9"
        ],
        "failures": [],
        "pending": [],
        "skipped": [],
        "duration": 2,
        "root": false,
        "rootEmpty": false,
        "_timeout": 2000
      },
      {
        "uuid": "8df190a0-1061-4b90-bd51-2c2e81567baf",
        "title": "Cuenta",
        "fullFile": "/Users/abrahan/Desktop/JS/Walle-et/dist/main.js",
        "file": "/dist/main.js",
        "beforeHooks": [
          {
            "title": "\"before each\" hook",
            "fullTitle": "Cuenta \"before each\" hook",
            "timedOut": false,
            "duration": 14,
            "pass": false,
            "fail": false,
            "pending": false,
            "code": "store = _src_Utils_TestUtil_js__WEBPACK_IMPORTED_MODULE_1__[\"default\"].getDefaultStore()\nrouter = new vue_router__WEBPACK_IMPORTED_MODULE_3__[\"default\"]()\nwrapper = Object(_vue_test_utils__WEBPACK_IMPORTED_MODULE_0__[\"shallowMount\"])(_components_CrearWallet_vue__WEBPACK_IMPORTED_MODULE_2__[\"default\"],\n  {\n    store,\n    router\n  })\nwrapper.setData({\n  nombre: '',\n  nombreExiste: false,\n  snackbar: false,\n  timeout: 2500,\n  snackbarText: ''\n})",
            "err": {},
            "isRoot": false,
            "uuid": "b0ab137a-df36-4c40-a4c8-ef956914a2da",
            "isHook": true,
            "skipped": false
          }
        ],
        "afterHooks": [],
        "tests": [
          {
            "title": "Crear Cuenta, funcional",
            "fullTitle": "Cuenta Crear Cuenta, funcional",
            "timedOut": false,
            "duration": 5,
            "state": "passed",
            "speed": "fast",
            "pass": true,
            "fail": false,
            "pending": false,
            "code": "wrapper.vm.nombre = 'nuevaWallet'\nwrapper.vm.addCuenta()\nassert.exists(store.state.cuentas.find(cuenta => cuenta.nombre === 'nuevaWallet'),\n  'no se crea la cuenta')",
            "err": {},
            "isRoot": false,
            "uuid": "ecc7d847-a894-4e51-ac61-57a23624e1f5",
            "isHook": false,
            "skipped": false
          }
        ],
        "suites": [],
        "passes": [
          "ecc7d847-a894-4e51-ac61-57a23624e1f5"
        ],
        "failures": [],
        "pending": [],
        "skipped": [],
        "duration": 5,
        "root": false,
        "rootEmpty": false,
        "_timeout": 2000
      },
      {
        "uuid": "72f5b091-7a49-434c-91aa-faf246158af4",
        "title": "Cuentas invalidas",
        "fullFile": "/Users/abrahan/Desktop/JS/Walle-et/dist/main.js",
        "file": "/dist/main.js",
        "beforeHooks": [
          {
            "title": "\"before each\" hook",
            "fullTitle": "Cuentas invalidas \"before each\" hook",
            "timedOut": false,
            "duration": 6,
            "pass": false,
            "fail": false,
            "pending": false,
            "code": "store = _src_Utils_TestUtil_js__WEBPACK_IMPORTED_MODULE_1__[\"default\"].getDefaultStore()\nrouter = new vue_router__WEBPACK_IMPORTED_MODULE_3__[\"default\"]()\nwrapper = Object(_vue_test_utils__WEBPACK_IMPORTED_MODULE_0__[\"shallowMount\"])(_components_CrearWallet_vue__WEBPACK_IMPORTED_MODULE_2__[\"default\"],\n  {\n    store,\n    router\n  })\nwrapper.setData({\n  nombre: '',\n  nombreExiste: false,\n  snackbar: false,\n  timeout: 2500,\n  snackbarText: ''\n})",
            "err": {},
            "isRoot": false,
            "uuid": "47d60da2-46c3-4732-ace3-78719c7578f3",
            "isHook": true,
            "skipped": false
          }
        ],
        "afterHooks": [],
        "tests": [
          {
            "title": "cuenta de nombre vacio",
            "fullTitle": "Cuentas invalidas cuenta de nombre vacio",
            "timedOut": false,
            "duration": 1,
            "state": "passed",
            "speed": "fast",
            "pass": true,
            "fail": false,
            "pending": false,
            "code": "wrapper.vm.nombre = ''\nwrapper.vm.addCuenta()\nassert.notExists(store.state.cuentas.find(cuenta => cuenta.nombre === ''),\n  'cuenta sin nombre creada')",
            "err": {},
            "isRoot": false,
            "uuid": "16dc6b20-7af7-40d1-901a-ec27cc822ca9",
            "isHook": false,
            "skipped": false
          },
          {
            "title": "cuenta de nombre Global",
            "fullTitle": "Cuentas invalidas cuenta de nombre Global",
            "timedOut": false,
            "duration": 2,
            "state": "passed",
            "speed": "fast",
            "pass": true,
            "fail": false,
            "pending": false,
            "code": "const nombreGlobal = 'Global'\nwrapper.vm.nombre = nombreGlobal\nwrapper.vm.addCuenta()\nassert.equal(1, store.state.cuentas.filter(cuenta => cuenta.nombre === nombreGlobal).length,\n  'cuenta con nombre global creada')",
            "err": {},
            "isRoot": false,
            "uuid": "26a69250-52fe-4a40-a1df-cdc084a19ecc",
            "isHook": false,
            "skipped": false
          },
          {
            "title": "cuenta de nombre ya existente",
            "fullTitle": "Cuentas invalidas cuenta de nombre ya existente",
            "timedOut": false,
            "duration": 2,
            "state": "passed",
            "speed": "fast",
            "pass": true,
            "fail": false,
            "pending": false,
            "code": "const nombre = 'ahorros'\nstore.state.cuentas.push({ icon: 'account_balance', nombre: nombre, fondos: 0, route: '/' })\nwrapper.vm.nombre = nombre\nwrapper.vm.addCuenta()\nassert.equal(1, store.state.cuentas.filter(cuenta => cuenta.nombre === nombre).length,\n  'cuenta con nombre existente creada')",
            "err": {},
            "isRoot": false,
            "uuid": "83f0be5c-d4bf-4b53-947a-dd7602a22e73",
            "isHook": false,
            "skipped": false
          }
        ],
        "suites": [],
        "passes": [
          "16dc6b20-7af7-40d1-901a-ec27cc822ca9",
          "26a69250-52fe-4a40-a1df-cdc084a19ecc",
          "83f0be5c-d4bf-4b53-947a-dd7602a22e73"
        ],
        "failures": [],
        "pending": [],
        "skipped": [],
        "duration": 5,
        "root": false,
        "rootEmpty": false,
        "_timeout": 2000
      },
      {
        "uuid": "0212db03-6759-4ea9-81dc-66e66a072978",
        "title": "Render crear cuenta",
        "fullFile": "/Users/abrahan/Desktop/JS/Walle-et/dist/main.js",
        "file": "/dist/main.js",
        "beforeHooks": [
          {
            "title": "\"before each\" hook",
            "fullTitle": "Render crear cuenta \"before each\" hook",
            "timedOut": false,
            "duration": 5,
            "pass": false,
            "fail": false,
            "pending": false,
            "code": "store = _src_Utils_TestUtil_js__WEBPACK_IMPORTED_MODULE_1__[\"default\"].getDefaultStore()\nrouter = new vue_router__WEBPACK_IMPORTED_MODULE_3__[\"default\"]()\nwrapper = Object(_vue_test_utils__WEBPACK_IMPORTED_MODULE_0__[\"shallowMount\"])(_components_CrearWallet_vue__WEBPACK_IMPORTED_MODULE_2__[\"default\"],\n  {\n    store,\n    router\n  })\nwrapper.setData({\n  nombre: '',\n  nombreExiste: false,\n  snackbar: false,\n  timeout: 2500,\n  snackbarText: ''\n})",
            "err": {},
            "isRoot": false,
            "uuid": "c291c8c4-619f-4aa7-a84a-01a986cadf68",
            "isHook": true,
            "skipped": false
          }
        ],
        "afterHooks": [],
        "tests": [
          {
            "title": "elementos iniciales",
            "fullTitle": "Render crear cuenta elementos iniciales",
            "timedOut": false,
            "duration": 4,
            "state": "passed",
            "speed": "fast",
            "pass": true,
            "fail": false,
            "pending": false,
            "code": "assert.exists(wrapper.find('.Header'))\nassert.exists(wrapper.find('#nombreCrearCuenta'))\nassert.exists(wrapper.find('#crearCuenta'))\nassert.exists(wrapper.find('#volverHome'))\nassert.exists(wrapper.find('#snackbarCrearCuenta'))\nassert.exists(wrapper.find('#okSnackbar'))",
            "err": {},
            "isRoot": false,
            "uuid": "1ca0452d-6cab-4b26-b9d2-385ff0756a28",
            "isHook": false,
            "skipped": false
          }
        ],
        "suites": [],
        "passes": [
          "1ca0452d-6cab-4b26-b9d2-385ff0756a28"
        ],
        "failures": [],
        "pending": [],
        "skipped": [],
        "duration": 4,
        "root": false,
        "rootEmpty": false,
        "_timeout": 2000
      },
      {
        "uuid": "eca554ed-4054-479b-903f-eab8e83fcfaa",
        "title": "Modificar datos cuenta",
        "fullFile": "/Users/abrahan/Desktop/JS/Walle-et/dist/main.js",
        "file": "/dist/main.js",
        "beforeHooks": [
          {
            "title": "\"before each\" hook",
            "fullTitle": "Modificar datos cuenta \"before each\" hook",
            "timedOut": false,
            "duration": 6,
            "pass": false,
            "fail": false,
            "pending": false,
            "code": "store = _src_Utils_TestUtil_js__WEBPACK_IMPORTED_MODULE_1__[\"default\"].getDefaultStore()\nstore.state.cuentas.push(store.state.cuentas.push({\n  icon: 'account_balance', nombre: 'ahorros', fondos: 0, route: '/'\n}))\nwrapper = Object(_vue_test_utils__WEBPACK_IMPORTED_MODULE_0__[\"shallowMount\"])(_components_InformacionCuenta_vue__WEBPACK_IMPORTED_MODULE_2__[\"default\"],\n  {\n    store,\n    propsData: {\n      cuentaActual: 'ahorros',\n      cuentaOriginal: 'ahorros',\n      fondos: 0\n    }\n  })",
            "err": {},
            "isRoot": false,
            "uuid": "2966dd6f-be21-49a0-9576-ea549c3e4cd2",
            "isHook": true,
            "skipped": false
          }
        ],
        "afterHooks": [],
        "tests": [
          {
            "title": "editar nombre de cuenta",
            "fullTitle": "Modificar datos cuenta editar nombre de cuenta",
            "timedOut": false,
            "duration": 8,
            "state": "passed",
            "speed": "fast",
            "pass": true,
            "fail": false,
            "pending": false,
            "code": "const nuevoNombre = 'Emergencias'\nwrapper.vm.cuentaActual = nuevoNombre\nwrapper.vm.editarNombre()\nassert.exists(store.state.cuentas.find(cuenta => cuenta.nombre === nuevoNombre),\n  'El nombre no cambia')",
            "err": {},
            "isRoot": false,
            "uuid": "6e0aec25-8fb5-4934-9d08-d92875fff843",
            "isHook": false,
            "skipped": false
          },
          {
            "title": "borrar cuenta",
            "fullTitle": "Modificar datos cuenta borrar cuenta",
            "timedOut": false,
            "duration": 2,
            "state": "passed",
            "speed": "fast",
            "pass": true,
            "fail": false,
            "pending": false,
            "code": "const cuentaOriginal = wrapper.vm.cuentaOriginal\nwrapper.vm.borrarCuenta()\nassert.notExists(store.state.cuentas.find(cuenta => cuenta.nombre === cuentaOriginal),\n  'Aun existe la cuenta')",
            "err": {},
            "isRoot": false,
            "uuid": "19a73542-8170-4942-942d-fc66950cbd32",
            "isHook": false,
            "skipped": false
          }
        ],
        "suites": [],
        "passes": [
          "6e0aec25-8fb5-4934-9d08-d92875fff843",
          "19a73542-8170-4942-942d-fc66950cbd32"
        ],
        "failures": [],
        "pending": [],
        "skipped": [],
        "duration": 10,
        "root": false,
        "rootEmpty": false,
        "_timeout": 2000
      },
      {
        "uuid": "f523c857-25fa-44af-bd41-50101d9e78f0",
        "title": "Nombres de cuenta invalidos",
        "fullFile": "/Users/abrahan/Desktop/JS/Walle-et/dist/main.js",
        "file": "/dist/main.js",
        "beforeHooks": [
          {
            "title": "\"before each\" hook",
            "fullTitle": "Nombres de cuenta invalidos \"before each\" hook",
            "timedOut": false,
            "duration": 8,
            "pass": false,
            "fail": false,
            "pending": false,
            "code": "store = _src_Utils_TestUtil_js__WEBPACK_IMPORTED_MODULE_1__[\"default\"].getDefaultStore()\nstore.state.cuentas.push(store.state.cuentas.push({\n  icon: 'account_balance', nombre: 'ahorros', fondos: 0, route: '/'\n}))\nwrapper = Object(_vue_test_utils__WEBPACK_IMPORTED_MODULE_0__[\"shallowMount\"])(_components_InformacionCuenta_vue__WEBPACK_IMPORTED_MODULE_2__[\"default\"],\n  {\n    store,\n    propsData: {\n      cuentaActual: 'ahorros',\n      cuentaOriginal: 'ahorros',\n      fondos: 0\n    }\n  })",
            "err": {},
            "isRoot": false,
            "uuid": "b7475d8d-12b9-40ed-b066-195ff1810985",
            "isHook": true,
            "skipped": false
          }
        ],
        "afterHooks": [],
        "tests": [
          {
            "title": "Nombre vacio",
            "fullTitle": "Nombres de cuenta invalidos Nombre vacio",
            "timedOut": false,
            "duration": 6,
            "state": "passed",
            "speed": "fast",
            "pass": true,
            "fail": false,
            "pending": false,
            "code": "wrapper.vm.cuentaActual = ''\nwrapper.vm.editarNombre()\nassert.notExists(store.state.cuentas.find(cuenta => cuenta.nombre === ''),\n  'Se encontro cuenta vacia')",
            "err": {},
            "isRoot": false,
            "uuid": "3b107309-452c-48b2-a723-e3069b855a02",
            "isHook": false,
            "skipped": false
          },
          {
            "title": "Nombre Global",
            "fullTitle": "Nombres de cuenta invalidos Nombre Global",
            "timedOut": false,
            "duration": 6,
            "state": "passed",
            "speed": "fast",
            "pass": true,
            "fail": false,
            "pending": false,
            "code": "const nombreGlobal = 'Global'\nwrapper.vm.cuentaActual = nombreGlobal\nwrapper.vm.editarNombre()\nassert.equal(store.state.cuentas.filter(cuenta => cuenta.nombre === nombreGlobal).length, 1,\n  'Dos cuentas globales existententes')",
            "err": {},
            "isRoot": false,
            "uuid": "ce6f7acd-3d05-41a7-906f-f197438fbde7",
            "isHook": false,
            "skipped": false
          },
          {
            "title": "Nombre repetido",
            "fullTitle": "Nombres de cuenta invalidos Nombre repetido",
            "timedOut": false,
            "duration": 4,
            "state": "passed",
            "speed": "fast",
            "pass": true,
            "fail": false,
            "pending": false,
            "code": "const otraCuenta = 'Estudios'\nstore.state.cuentas.push({ icon: 'account_balance', nombre: otraCuenta, fondos: 0, route: '/' })\nwrapper.vm.cuentaActual = otraCuenta\nwrapper.vm.editarNombre()\nassert.equal(store.state.cuentas.filter(cuenta => cuenta.nombre === otraCuenta).length, 1,\n  'Dos cuentas de mismo nombre')",
            "err": {},
            "isRoot": false,
            "uuid": "3dadf11f-cd5d-4f4c-8115-7f348495a334",
            "isHook": false,
            "skipped": false
          }
        ],
        "suites": [],
        "passes": [
          "3b107309-452c-48b2-a723-e3069b855a02",
          "ce6f7acd-3d05-41a7-906f-f197438fbde7",
          "3dadf11f-cd5d-4f4c-8115-7f348495a334"
        ],
        "failures": [],
        "pending": [],
        "skipped": [],
        "duration": 16,
        "root": false,
        "rootEmpty": false,
        "_timeout": 2000
      },
      {
        "uuid": "1207a56a-7109-48ab-a636-e9b8004415be",
        "title": "Borrar Cuentas invalidas",
        "fullFile": "/Users/abrahan/Desktop/JS/Walle-et/dist/main.js",
        "file": "/dist/main.js",
        "beforeHooks": [
          {
            "title": "\"before each\" hook",
            "fullTitle": "Borrar Cuentas invalidas \"before each\" hook",
            "timedOut": false,
            "duration": 5,
            "pass": false,
            "fail": false,
            "pending": false,
            "code": "store = _src_Utils_TestUtil_js__WEBPACK_IMPORTED_MODULE_1__[\"default\"].getDefaultStore()\nstore.state.cuentas.push(store.state.cuentas.push({\n  icon: 'account_balance', nombre: 'ahorros', fondos: 0, route: '/'\n}))\nwrapper = Object(_vue_test_utils__WEBPACK_IMPORTED_MODULE_0__[\"shallowMount\"])(_components_InformacionCuenta_vue__WEBPACK_IMPORTED_MODULE_2__[\"default\"],\n  {\n    store,\n    propsData: {\n      cuentaActual: 'ahorros',\n      cuentaOriginal: 'ahorros',\n      fondos: 0\n    }\n  })",
            "err": {},
            "isRoot": false,
            "uuid": "6a6f205d-ef0b-4546-9a68-ed4ee3bb19bb",
            "isHook": true,
            "skipped": false
          }
        ],
        "afterHooks": [],
        "tests": [
          {
            "title": "Borrar cuenta global",
            "fullTitle": "Borrar Cuentas invalidas Borrar cuenta global",
            "timedOut": false,
            "duration": 2,
            "state": "passed",
            "speed": "fast",
            "pass": true,
            "fail": false,
            "pending": false,
            "code": "const nombreGlobal = 'Global'\nwrapper.vm.cuentaOriginal = nombreGlobal\nwrapper.vm.cuentaActual = nombreGlobal\nwrapper.vm.borrarCuenta()\nassert.exists(store.state.cuentas.find(cuenta => cuenta.nombre === nombreGlobal),\n  'Se borro la cuenta global')",
            "err": {},
            "isRoot": false,
            "uuid": "5ac4a652-4ef5-421a-809c-7f188159ea64",
            "isHook": false,
            "skipped": false
          },
          {
            "title": "Borrar cuenta con saldo",
            "fullTitle": "Borrar Cuentas invalidas Borrar cuenta con saldo",
            "timedOut": false,
            "duration": 4,
            "state": "passed",
            "speed": "fast",
            "pass": true,
            "fail": false,
            "pending": false,
            "code": "const cuentaOriginal = wrapper.vm.cuentaOriginal\nwrapper.vm.fondos = 100\nwrapper.vm.borrarCuenta()\nassert.exists(store.state.cuentas.find(cuenta => cuenta.nombre === cuentaOriginal),\n  'Se borro cuenta con fondos')",
            "err": {},
            "isRoot": false,
            "uuid": "1c0f392a-e0c5-400d-929e-e9131d1822d0",
            "isHook": false,
            "skipped": false
          },
          {
            "title": "Borrar cuenta con ingresos",
            "fullTitle": "Borrar Cuentas invalidas Borrar cuenta con ingresos",
            "timedOut": false,
            "duration": 11,
            "state": "passed",
            "speed": "fast",
            "pass": true,
            "fail": false,
            "pending": false,
            "code": "const cuentaOriginal = wrapper.vm.cuentaOriginal\nstore.state.ingresos.push({\n  cuenta: cuentaOriginal,\n  fecha: '2019-05-23',\n  monto: 50,\n  categoria: 'Salario'\n})\nwrapper.vm.borrarCuenta()\nassert.exists(store.state.cuentas.find(cuenta => cuenta.nombre === cuentaOriginal),\n  'Se borro cuenta con Ingresos')",
            "err": {},
            "isRoot": false,
            "uuid": "96090e49-cd4d-49a1-b2ed-1999611017e8",
            "isHook": false,
            "skipped": false
          },
          {
            "title": "Borrar cuenta con egresos",
            "fullTitle": "Borrar Cuentas invalidas Borrar cuenta con egresos",
            "timedOut": false,
            "duration": 2,
            "state": "passed",
            "speed": "fast",
            "pass": true,
            "fail": false,
            "pending": false,
            "code": "const cuentaOriginal = wrapper.vm.cuentaOriginal\nstore.state.egresos.push({\n  cuenta: cuentaOriginal,\n  fecha: '2019-05-23',\n  monto: 50,\n  categoria: 'Otros'\n})\nwrapper.vm.borrarCuenta()\nassert.exists(store.state.cuentas.find(cuenta => cuenta.nombre === cuentaOriginal),\n  'Se borro cuenta con Egresos')",
            "err": {},
            "isRoot": false,
            "uuid": "80713f3b-7c16-4f9c-b60d-8ba27ac97856",
            "isHook": false,
            "skipped": false
          }
        ],
        "suites": [],
        "passes": [
          "5ac4a652-4ef5-421a-809c-7f188159ea64",
          "1c0f392a-e0c5-400d-929e-e9131d1822d0",
          "96090e49-cd4d-49a1-b2ed-1999611017e8",
          "80713f3b-7c16-4f9c-b60d-8ba27ac97856"
        ],
        "failures": [],
        "pending": [],
        "skipped": [],
        "duration": 19,
        "root": false,
        "rootEmpty": false,
        "_timeout": 2000
      },
      {
        "uuid": "4be9ac64-ceea-4826-98e6-8f6dd406b2ff",
        "title": "Render informacion cuenta",
        "fullFile": "/Users/abrahan/Desktop/JS/Walle-et/dist/main.js",
        "file": "/dist/main.js",
        "beforeHooks": [
          {
            "title": "\"before each\" hook",
            "fullTitle": "Render informacion cuenta \"before each\" hook",
            "timedOut": false,
            "duration": 5,
            "pass": false,
            "fail": false,
            "pending": false,
            "code": "store = _src_Utils_TestUtil_js__WEBPACK_IMPORTED_MODULE_1__[\"default\"].getDefaultStore()\nstore.state.cuentas.push(store.state.cuentas.push({\n  icon: 'account_balance',\n  nombre: 'ahorros',\n  fondos: 0,\n  route: '/'\n}))\nwrapper = Object(_vue_test_utils__WEBPACK_IMPORTED_MODULE_0__[\"shallowMount\"])(_components_InformacionCuenta_vue__WEBPACK_IMPORTED_MODULE_2__[\"default\"],\n  {\n    store,\n    propsData: {\n      cuentaActual: 'ahorros',\n      cuentaOriginal: 'ahorros',\n      fondos: 0\n    }\n  })",
            "err": {},
            "isRoot": false,
            "uuid": "fda46aaf-c6e5-4fe6-909f-29d63f3b0fad",
            "isHook": true,
            "skipped": false
          }
        ],
        "afterHooks": [],
        "tests": [
          {
            "title": "Componentes iniciales renderizan",
            "fullTitle": "Render informacion cuenta Componentes iniciales renderizan",
            "timedOut": false,
            "duration": 2,
            "state": "passed",
            "speed": "fast",
            "pass": true,
            "fail": false,
            "pending": false,
            "code": "assert.exists(wrapper.find('.titulo'))\nassert.exists(wrapper.find('#nombreCuenta'))\nassert.exists(wrapper.find('#editarCuenta'))\nassert.exists(wrapper.find('#saldoCuenta'))\nassert.exists(wrapper.find('#borrarCuenta'))\nassert.exists(wrapper.find('#guardarrCuenta'))\nassert.exists(wrapper.find('#alertaSuperior'))",
            "err": {},
            "isRoot": false,
            "uuid": "0c9c3d52-178f-4464-82dd-d4dee1e5c8ae",
            "isHook": false,
            "skipped": false
          },
          {
            "title": "Boton ceditar cambia a guardar al click",
            "fullTitle": "Render informacion cuenta Boton ceditar cambia a guardar al click",
            "timedOut": false,
            "duration": 0,
            "state": "passed",
            "speed": "fast",
            "pass": true,
            "fail": false,
            "pending": false,
            "code": "// assert.isTrue(wrapper.find('#editarCuenta').element.value)\n// assert.exists(wrapper.find('#guardarCuenta'))\n// wrapper.find('#editarCuenta').trigger('click')\n// assert.notExists(wrapper.find('#editarCuenta'))\n// assert.exists(wrapper.find('#guardarCuenta'))\n// wrapper.find('#guardarCuenta').trigger('click')\n// assert.exists(wrapper.find('#editarCuenta'))\n// assert.notExists(wrapper.find('#guardarCuenta'))",
            "err": {},
            "isRoot": false,
            "uuid": "d6647b39-5004-4ca1-a6aa-9f20523bfb10",
            "isHook": false,
            "skipped": false
          }
        ],
        "suites": [],
        "passes": [
          "0c9c3d52-178f-4464-82dd-d4dee1e5c8ae",
          "d6647b39-5004-4ca1-a6aa-9f20523bfb10"
        ],
        "failures": [],
        "pending": [],
        "skipped": [],
        "duration": 2,
        "root": false,
        "rootEmpty": false,
        "_timeout": 2000
      },
      {
        "uuid": "46c2b31c-cfec-481c-b117-46dc56641850",
        "title": "render lista",
        "fullFile": "/Users/abrahan/Desktop/JS/Walle-et/dist/main.js",
        "file": "/dist/main.js",
        "beforeHooks": [
          {
            "title": "\"before each\" hook",
            "fullTitle": "render lista \"before each\" hook",
            "timedOut": false,
            "duration": 4,
            "pass": false,
            "fail": false,
            "pending": false,
            "code": "store = _src_Utils_TestUtil_js__WEBPACK_IMPORTED_MODULE_1__[\"default\"].getDefaultStore()\nstore.state.cuentas.push(store.state.cuentas.push({\n  icon: 'account_balance', nombre: 'ahorros', fondos: 70, route: '/'\n}))\nstore.state.ingresos.unshift({\n  cuenta: 'ahorros',\n  fecha: '2019-05-23',\n  monto: 50,\n  categoria: 'Salario'\n})\nstore.state.ingresos.unshift({\n  cuenta: 'ahorros',\n  fecha: '2019-05-23',\n  monto: 50,\n  categoria: 'Salario'\n})\nstore.state.egresos.unshift({\n  cuenta: 'ahorros',\n  fecha: '2019-05-23',\n  monto: 30,\n  categoria: 'Salario'\n})\nwrapper = Object(_vue_test_utils__WEBPACK_IMPORTED_MODULE_0__[\"shallowMount\"])(_components_Lista_vue__WEBPACK_IMPORTED_MODULE_2__[\"default\"],\n  {\n    store,\n    propsData: {\n      items: store.state.ingresos,\n      titulo: 'Ingresos',\n      cuenta: { icon: 'account_balance', nombre: 'ahorros', fondos: 70, route: '/' }\n    }\n  })\nwrapper.setData({\n  cabecerasTabla: [\n    { text: 'Fecha',\n      align: 'left',\n      sortable: false,\n      value: 'fecha' },\n    { text: 'Monto', value: 'monto' },\n    { text: 'Categoria', value: 'categoria' }\n  ]\n})",
            "err": {},
            "isRoot": false,
            "uuid": "109e94f6-35d1-4a5b-853f-4f3dbbee0c44",
            "isHook": true,
            "skipped": false
          }
        ],
        "afterHooks": [],
        "tests": [
          {
            "title": "Cada ingreso aparece en la lista",
            "fullTitle": "render lista Cada ingreso aparece en la lista",
            "timedOut": false,
            "duration": 1,
            "state": "passed",
            "speed": "fast",
            "pass": true,
            "fail": false,
            "pending": false,
            "code": "store.state.ingresos.forEach((ingreso, index) => {\n  assert.exists(wrapper.find('#' + wrapper.vm.cuenta.nombre + index))\n})",
            "err": {},
            "isRoot": false,
            "uuid": "806d80fb-c00a-4aab-bcbf-cf291e57ef29",
            "isHook": false,
            "skipped": false
          },
          {
            "title": "render objetos iniciales",
            "fullTitle": "render lista render objetos iniciales",
            "timedOut": false,
            "duration": 1,
            "state": "passed",
            "speed": "fast",
            "pass": true,
            "fail": false,
            "pending": false,
            "code": "assert.exists(wrapper.find('.titulo'))\nassert.exists(wrapper.find('#tabla' + wrapper.vm.titulo))",
            "err": {},
            "isRoot": false,
            "uuid": "43c6ddc5-4677-478e-9f95-f75de81a0c8b",
            "isHook": false,
            "skipped": false
          }
        ],
        "suites": [],
        "passes": [
          "806d80fb-c00a-4aab-bcbf-cf291e57ef29",
          "43c6ddc5-4677-478e-9f95-f75de81a0c8b"
        ],
        "failures": [],
        "pending": [],
        "skipped": [],
        "duration": 2,
        "root": false,
        "rootEmpty": false,
        "_timeout": 2000
      },
      {
        "uuid": "904e1050-9149-491e-9b33-2b40a1621281",
        "title": "Render nav",
        "fullFile": "/Users/abrahan/Desktop/JS/Walle-et/dist/main.js",
        "file": "/dist/main.js",
        "beforeHooks": [
          {
            "title": "\"before each\" hook",
            "fullTitle": "Render nav \"before each\" hook",
            "timedOut": false,
            "duration": 10,
            "pass": false,
            "fail": false,
            "pending": false,
            "code": "store = _src_Utils_TestUtil_js__WEBPACK_IMPORTED_MODULE_1__[\"default\"].getDefaultStore()\nstore.state.cuentas.push(store.state.cuentas.push({\n  icon: 'account_balance', nombre: 'ahorros', fondos: 0, route: '/'\n}))\nwrapper = Object(_vue_test_utils__WEBPACK_IMPORTED_MODULE_0__[\"shallowMount\"])(_components_NavDrawer_vue__WEBPACK_IMPORTED_MODULE_2__[\"default\"],\n  {\n    store\n  })",
            "err": {},
            "isRoot": false,
            "uuid": "69310c1d-83b0-47ae-9738-f9bd49276a15",
            "isHook": true,
            "skipped": false
          }
        ],
        "afterHooks": [],
        "tests": [
          {
            "title": "renderiza parte inicial",
            "fullTitle": "Render nav renderiza parte inicial",
            "timedOut": false,
            "duration": 1,
            "state": "passed",
            "speed": "fast",
            "pass": true,
            "fail": false,
            "pending": false,
            "code": "assert.exists(wrapper.find('#nav'))\nassert.exists(wrapper.find('#Global'))\nassert.exists(wrapper.find('#ahorros'))\nassert.exists(wrapper.find('#crearCuentaNav'))",
            "err": {},
            "isRoot": false,
            "uuid": "1f7b6cad-0160-44ee-be0c-82386db57418",
            "isHook": false,
            "skipped": false
          },
          {
            "title": "renderiza todas las cuentas",
            "fullTitle": "Render nav renderiza todas las cuentas",
            "timedOut": false,
            "duration": 8,
            "state": "passed",
            "speed": "fast",
            "pass": true,
            "fail": false,
            "pending": false,
            "code": "store.state.cuentas.push(store.state.cuentas.push({\n  icon: 'account_balance', nombre: 'ahorros', fondos: 0, route: '/'\n}))\nstore.state.cuentas.forEach(cuenta => {\n  assert.exists(wrapper.find('#' + cuenta.nombre))\n})",
            "err": {},
            "isRoot": false,
            "uuid": "dadd9345-9b79-4097-a32f-e19f2257b9f3",
            "isHook": false,
            "skipped": false
          }
        ],
        "suites": [],
        "passes": [
          "1f7b6cad-0160-44ee-be0c-82386db57418",
          "dadd9345-9b79-4097-a32f-e19f2257b9f3"
        ],
        "failures": [],
        "pending": [],
        "skipped": [],
        "duration": 9,
        "root": false,
        "rootEmpty": false,
        "_timeout": 2000
      },
      {
        "uuid": "3fdada7a-6cd9-475f-8ece-fa5f85e32bcc",
        "title": "Unit tests del reporte",
        "fullFile": "/Users/abrahan/Desktop/JS/Walle-et/dist/main.js",
        "file": "/dist/main.js",
        "beforeHooks": [
          {
            "title": "\"before each\" hook",
            "fullTitle": "Unit tests del reporte \"before each\" hook",
            "timedOut": false,
            "duration": 9,
            "pass": false,
            "fail": false,
            "pending": false,
            "code": "store = _Utils_ReportUtil_js__WEBPACK_IMPORTED_MODULE_3__[\"default\"].getDefaultStore()\nwrapper = Object(_vue_test_utils__WEBPACK_IMPORTED_MODULE_1__[\"shallowMount\"])(_components_Report_vue__WEBPACK_IMPORTED_MODULE_2__[\"default\"],\n  {\n    store\n  })",
            "err": {},
            "isRoot": false,
            "uuid": "23a17b3e-bc7a-48b5-a8a7-51daa5b268f2",
            "isHook": true,
            "skipped": false
          }
        ],
        "afterHooks": [],
        "tests": [
          {
            "title": "Recibe las fechas con exito",
            "fullTitle": "Unit tests del reporte Recibe las fechas con exito",
            "timedOut": false,
            "duration": 0,
            "state": "passed",
            "speed": "fast",
            "pass": true,
            "fail": false,
            "pending": false,
            "code": "var fechas = store.getters.obtenerFechas\nchai__WEBPACK_IMPORTED_MODULE_0__[\"assert\"].equal(fechas.length, 6)",
            "err": {},
            "isRoot": false,
            "uuid": "77be65b5-976d-4a1f-b514-210009a7aab4",
            "isHook": false,
            "skipped": false
          },
          {
            "title": "Reporte obtenido con 6 objetos",
            "fullTitle": "Unit tests del reporte Reporte obtenido con 6 objetos",
            "timedOut": false,
            "duration": 1,
            "state": "passed",
            "speed": "fast",
            "pass": true,
            "fail": false,
            "pending": false,
            "code": "chai__WEBPACK_IMPORTED_MODULE_0__[\"assert\"].exists(wrapper.vm.nuevoReporte)\nchai__WEBPACK_IMPORTED_MODULE_0__[\"assert\"].lengthOf(wrapper.vm.nuevoReporte, 6)",
            "err": {},
            "isRoot": false,
            "uuid": "896dea1c-2d65-448b-b271-f62ba950e6af",
            "isHook": false,
            "skipped": false
          },
          {
            "title": "Categorias concatenadas para el filtro",
            "fullTitle": "Unit tests del reporte Categorias concatenadas para el filtro",
            "timedOut": false,
            "duration": 0,
            "state": "passed",
            "speed": "fast",
            "pass": true,
            "fail": false,
            "pending": false,
            "code": "var catIngreso = store.state.categoriaIngresos\nvar catEgreso = store.state.categoriaEgresos\nvar concatenacion = store.getters.obtenerCategorias\nvar total = catIngreso.length + catEgreso.length\nchai__WEBPACK_IMPORTED_MODULE_0__[\"assert\"].isAtMost(concatenacion.length, total)",
            "err": {},
            "isRoot": false,
            "uuid": "05a71c16-049a-4c65-b08c-c42dd9b1db29",
            "isHook": false,
            "skipped": false
          }
        ],
        "suites": [],
        "passes": [
          "77be65b5-976d-4a1f-b514-210009a7aab4",
          "896dea1c-2d65-448b-b271-f62ba950e6af",
          "05a71c16-049a-4c65-b08c-c42dd9b1db29"
        ],
        "failures": [],
        "pending": [],
        "skipped": [],
        "duration": 1,
        "root": false,
        "rootEmpty": false,
        "_timeout": 2000
      }
    ],
    "passes": [],
    "failures": [],
    "pending": [],
    "skipped": [],
    "duration": 0,
    "root": true,
    "rootEmpty": true,
    "_timeout": 2000
  },
  "copyrightYear": 2019
}