{
  "stats": {
    "suites": 22,
    "tests": 55,
    "passes": 54,
    "pending": 0,
    "failures": 1,
    "start": "2019-05-19T22:11:40.543Z",
    "end": "2019-05-19T22:11:41.808Z",
    "duration": 1265,
    "testsRegistered": 55,
    "passPercent": 98.2,
    "pendingPercent": 0,
    "other": 0,
    "hasOther": false,
    "skipped": 0,
    "hasSkipped": false,
    "passPercentClass": "success",
    "pendingPercentClass": "danger"
  },
  "suites": {
    "uuid": "18faf72c-3001-4cec-81cd-053227878604",
    "title": "",
    "fullFile": "",
    "file": "",
    "beforeHooks": [],
    "afterHooks": [],
    "tests": [],
    "suites": [
      {
        "uuid": "4d1977c6-bf10-42fa-a025-bd1de9104407",
        "title": "categorias, test funcional",
        "fullFile": "/Users/abrahan/Desktop/JS/Walle-et/dist/main.js",
        "file": "/dist/main.js",
        "beforeHooks": [
          {
            "title": "\"before each\" hook",
            "fullTitle": "categorias, test funcional \"before each\" hook",
            "timedOut": false,
            "duration": 10,
            "pass": false,
            "fail": false,
            "pending": false,
            "code": "store = _src_Utils_TestUtil_js__WEBPACK_IMPORTED_MODULE_1__[\"default\"].getDefaultStore()\nwrapper = Object(_vue_test_utils__WEBPACK_IMPORTED_MODULE_0__[\"shallowMount\"])(_components_BotonCategorias_vue__WEBPACK_IMPORTED_MODULE_2__[\"default\"],\n  {\n    store,\n    propsData: {\n      categoriaIngresos: store.state.categoriaIngresos,\n      categoriaEgresos: store.state.categoriaEgresos\n    }\n  })",
            "err": {},
            "isRoot": false,
            "uuid": "d4905ca3-bc5b-4b18-88f7-9bd3694ef128",
            "isHook": true,
            "skipped": false
          }
        ],
        "afterHooks": [],
        "tests": [
          {
            "title": "Crear categoria Ingreso, funcional",
            "fullTitle": "categorias, test funcional Crear categoria Ingreso, funcional",
            "timedOut": false,
            "duration": 10,
            "state": "passed",
            "speed": "fast",
            "pass": true,
            "fail": false,
            "pending": false,
            "code": "const categoriaNueva = ['Ventas']\nwrapper.vm.tipo = 'Ingreso'\nwrapper.vm.nombre = categoriaNueva\nwrapper.vm.agregar()\nassert.exists(store.state.categoriaIngresos.find(categoria => categoria === categoriaNueva),\n  'No se encontro la nueva cateogira')",
            "err": {},
            "isRoot": false,
            "uuid": "81cd77e1-b5ca-474d-824e-a2544332beea",
            "isHook": false,
            "skipped": false
          },
          {
            "title": "Crear categoria Egreso, funcional",
            "fullTitle": "categorias, test funcional Crear categoria Egreso, funcional",
            "timedOut": false,
            "duration": 7,
            "state": "passed",
            "speed": "fast",
            "pass": true,
            "fail": false,
            "pending": false,
            "code": "const categoriaNueva = ['Compras']\nwrapper.vm.tipo = 'Egreso'\nwrapper.vm.nombre = categoriaNueva\nwrapper.vm.agregar()\nassert.exists(store.state.categoriaEgresos.find(categoria => categoria === categoriaNueva),\n  'No se encontro la nueva cateogira')",
            "err": {},
            "isRoot": false,
            "uuid": "aaf9efdf-dc35-4c48-a172-4f461976a736",
            "isHook": false,
            "skipped": false
          }
        ],
        "suites": [],
        "passes": [
          "81cd77e1-b5ca-474d-824e-a2544332beea",
          "aaf9efdf-dc35-4c48-a172-4f461976a736"
        ],
        "failures": [],
        "pending": [],
        "skipped": [],
        "duration": 17,
        "root": false,
        "rootEmpty": false,
        "_timeout": 2000
      },
      {
        "uuid": "2d71540d-9e78-48ad-9945-0ec5a1be829b",
        "title": "categorias render test",
        "fullFile": "/Users/abrahan/Desktop/JS/Walle-et/dist/main.js",
        "file": "/dist/main.js",
        "beforeHooks": [
          {
            "title": "\"before each\" hook",
            "fullTitle": "categorias render test \"before each\" hook",
            "timedOut": false,
            "duration": 7,
            "pass": false,
            "fail": false,
            "pending": false,
            "code": "store = _src_Utils_TestUtil_js__WEBPACK_IMPORTED_MODULE_1__[\"default\"].getDefaultStore()\nwrapper = Object(_vue_test_utils__WEBPACK_IMPORTED_MODULE_0__[\"shallowMount\"])(_components_BotonCategorias_vue__WEBPACK_IMPORTED_MODULE_2__[\"default\"],\n  {\n    store,\n    propsData: {\n      categoriaIngresos: store.state.categoriaIngresos,\n      categoriaEgresos: store.state.categoriaEgresos\n    }\n  })",
            "err": {},
            "isRoot": false,
            "uuid": "b95c4910-8e38-4f7f-9a31-074ab711623c",
            "isHook": true,
            "skipped": false
          }
        ],
        "afterHooks": [],
        "tests": [
          {
            "title": "elementos formulario renderizan",
            "fullTitle": "categorias render test elementos formulario renderizan",
            "timedOut": false,
            "duration": 7,
            "state": "passed",
            "speed": "fast",
            "pass": true,
            "fail": false,
            "pending": false,
            "code": "assert.exists(wrapper.find('#selectorCategoria'), 'no existe el selector de categoria')\nassert.exists(wrapper.find('#nombreCategoria'), 'no existe el input para el nombre categoria')\nassert.exists(wrapper.find('#agregarCategoria'), 'no existe el boton para agregar categoria')",
            "err": {},
            "isRoot": false,
            "uuid": "6a88eccd-ae67-4b9e-aa63-46bdc1a7a9fc",
            "isHook": false,
            "skipped": false
          }
        ],
        "suites": [],
        "passes": [
          "6a88eccd-ae67-4b9e-aa63-46bdc1a7a9fc"
        ],
        "failures": [],
        "pending": [],
        "skipped": [],
        "duration": 7,
        "root": false,
        "rootEmpty": false,
        "_timeout": 2000
      },
      {
        "uuid": "64450afc-3eb7-40fe-a509-2c1b21f03401",
        "title": "categorias, test event",
        "fullFile": "/Users/abrahan/Desktop/JS/Walle-et/dist/main.js",
        "file": "/dist/main.js",
        "beforeHooks": [
          {
            "title": "\"before each\" hook",
            "fullTitle": "categorias, test event \"before each\" hook",
            "timedOut": false,
            "duration": 8,
            "pass": false,
            "fail": false,
            "pending": false,
            "code": "store = _src_Utils_TestUtil_js__WEBPACK_IMPORTED_MODULE_1__[\"default\"].getDefaultStore()\nwrapper = Object(_vue_test_utils__WEBPACK_IMPORTED_MODULE_0__[\"shallowMount\"])(_components_BotonCategorias_vue__WEBPACK_IMPORTED_MODULE_2__[\"default\"],\n  {\n    store,\n    propsData: {\n      categoriaIngresos: store.state.categoriaIngresos,\n      categoriaEgresos: store.state.categoriaEgresos\n    }\n  })",
            "err": {},
            "isRoot": false,
            "uuid": "f5e90ee6-5527-4522-9e2c-2900de94d28d",
            "isHook": true,
            "skipped": false
          }
        ],
        "afterHooks": [],
        "tests": [
          {
            "title": "Crear cateogria de ingreso, events",
            "fullTitle": "categorias, test event Crear cateogria de ingreso, events",
            "timedOut": false,
            "duration": 6,
            "state": "failed",
            "pass": false,
            "fail": true,
            "pending": false,
            "code": "const categoriaNueva = 'Compras'\nwrapper.find('#selectorCategoria').trigger('click')\nwrapper.find('#selectorCategoria').trigger('keydown.down')\nwrapper.find('#selectorCategoria').trigger('keydown.enter')\nwrapper.find('#selectorCategoria').trigger('change')\nwrapper.find('#nombreCategoria').value = categoriaNueva\nwrapper.find('#nombreCategoria').trigger('input')\nwrapper.find('#agregarCategoria').trigger('click')\nassert.exists(store.state.categoriaIngresos.find(categoria => categoria === categoriaNueva),\n  'No se encontro la nueva cateogira')",
            "err": {
              "message": "AssertionError: No se encontro la nueva cateogira: expected undefined to exist",
              "estack": "AssertionError: No se encontro la nueva cateogira: expected undefined to exist\n    at Context.it (dist/webpack:/tests/unit/BotonCategoriasUnitTest.spec.js:97:1)"
            },
            "isRoot": false,
            "uuid": "eae186ad-bb95-403a-8b81-63c558cd3f80",
            "isHook": false,
            "skipped": false
          }
        ],
        "suites": [],
        "passes": [],
        "failures": [
          "eae186ad-bb95-403a-8b81-63c558cd3f80"
        ],
        "pending": [],
        "skipped": [],
        "duration": 6,
        "root": false,
        "rootEmpty": false,
        "_timeout": 2000
      },
      {
        "uuid": "f431ac0c-6716-44ae-89a6-e0b11769826c",
        "title": "Datos iniciales categorias",
        "fullFile": "/Users/abrahan/Desktop/JS/Walle-et/dist/main.js",
        "file": "/dist/main.js",
        "beforeHooks": [
          {
            "title": "\"before each\" hook",
            "fullTitle": "Datos iniciales categorias \"before each\" hook",
            "timedOut": false,
            "duration": 0,
            "pass": false,
            "fail": false,
            "pending": false,
            "code": "store = _src_Utils_TestUtil_js__WEBPACK_IMPORTED_MODULE_1__[\"default\"].getDefaultStore()",
            "err": {},
            "isRoot": false,
            "uuid": "a8c61c78-6c14-47b3-a38f-98a064e324b5",
            "isHook": true,
            "skipped": false
          }
        ],
        "afterHooks": [],
        "tests": [
          {
            "title": "Deberia tener 3 categorias de ingreso iniciales",
            "fullTitle": "Datos iniciales categorias Deberia tener 3 categorias de ingreso iniciales",
            "timedOut": false,
            "duration": 0,
            "state": "passed",
            "speed": "fast",
            "pass": true,
            "fail": false,
            "pending": false,
            "code": "assert.equal(3, store.state.categoriaIngresos.length,\n  'numero de categorias de ingresos: ' + store.state.categoriaIngresos.length)\nassert.exists(store.state.categoriaIngresos.find(categoria => categoria === 'Salario'),\n  'No esiste la categoria Salarios')\nassert.exists(store.state.categoriaIngresos.find(categoria => categoria === 'Transferencia'),\n  'No esiste la categoria Transferencia')\nassert.exists(store.state.categoriaIngresos.find(categoria => categoria === 'Otros'),\n  'No esiste la categoria Otros')",
            "err": {},
            "isRoot": false,
            "uuid": "746d3ec8-4a44-4026-a1ea-632b6d129045",
            "isHook": false,
            "skipped": false
          },
          {
            "title": "Deberia tener 3 categorias de egreso iniciales",
            "fullTitle": "Datos iniciales categorias Deberia tener 3 categorias de egreso iniciales",
            "timedOut": false,
            "duration": 0,
            "state": "passed",
            "speed": "fast",
            "pass": true,
            "fail": false,
            "pending": false,
            "code": "assert.equal(3, store.state.categoriaEgresos.length,\n  'numero de categorias de egresos: ' + store.state.categoriaEgresos.length)\nassert.exists(store.state.categoriaEgresos.find(categoria => categoria === 'Expensas'),\n  'No esiste la categoria Expensas')\nassert.exists(store.state.categoriaEgresos.find(categoria => categoria === 'Transferencia'),\n  'No esiste la categoria Transferencia')\nassert.exists(store.state.categoriaEgresos.find(categoria => categoria === 'Otros'),\n  'No esiste la categoria Otros')",
            "err": {},
            "isRoot": false,
            "uuid": "88d2617b-0bb6-43e4-81a3-baa67f47aa2f",
            "isHook": false,
            "skipped": false
          }
        ],
        "suites": [],
        "passes": [
          "746d3ec8-4a44-4026-a1ea-632b6d129045",
          "88d2617b-0bb6-43e4-81a3-baa67f47aa2f"
        ],
        "failures": [],
        "pending": [],
        "skipped": [],
        "duration": 0,
        "root": false,
        "rootEmpty": false,
        "_timeout": 2000
      },
      {
        "uuid": "51cd61ba-3703-4fd8-bfcf-028a8443f1af",
        "title": "Categorias invalidas",
        "fullFile": "/Users/abrahan/Desktop/JS/Walle-et/dist/main.js",
        "file": "/dist/main.js",
        "beforeHooks": [
          {
            "title": "\"before each\" hook",
            "fullTitle": "Categorias invalidas \"before each\" hook",
            "timedOut": false,
            "duration": 7,
            "pass": false,
            "fail": false,
            "pending": false,
            "code": "store = _src_Utils_TestUtil_js__WEBPACK_IMPORTED_MODULE_1__[\"default\"].getDefaultStore()\nwrapper = Object(_vue_test_utils__WEBPACK_IMPORTED_MODULE_0__[\"shallowMount\"])(_components_BotonCategorias_vue__WEBPACK_IMPORTED_MODULE_2__[\"default\"],\n  {\n    store,\n    propsData: {\n      categoriaIngresos: store.state.categoriaIngresos,\n      categoriaEgresos: store.state.categoriaEgresos\n    }\n  })",
            "err": {},
            "isRoot": false,
            "uuid": "61d38a97-3d4c-472b-8763-740803b98204",
            "isHook": true,
            "skipped": false
          }
        ],
        "afterHooks": [],
        "tests": [
          {
            "title": "no se puede crear categorias de ingreso con nombre vacio",
            "fullTitle": "Categorias invalidas no se puede crear categorias de ingreso con nombre vacio",
            "timedOut": false,
            "duration": 11,
            "state": "passed",
            "speed": "fast",
            "pass": true,
            "fail": false,
            "pending": false,
            "code": "wrapper.vm.tipo = 'Ingreso'\nwrapper.vm.nombre = ''\nwrapper.vm.agregar()\nassert.notExists(store.state.categoriaIngresos.find(categoria => categoria === ''))",
            "err": {},
            "isRoot": false,
            "uuid": "0323e901-f6fd-4363-93ac-d2e7cc914749",
            "isHook": false,
            "skipped": false
          },
          {
            "title": "no se puede crear categorias de egreso con nombre vacio",
            "fullTitle": "Categorias invalidas no se puede crear categorias de egreso con nombre vacio",
            "timedOut": false,
            "duration": 3,
            "state": "passed",
            "speed": "fast",
            "pass": true,
            "fail": false,
            "pending": false,
            "code": "wrapper.vm.tipo = 'Egreso'\nwrapper.vm.nombre = ''\nwrapper.vm.agregar()\nassert.notExists(store.state.categoriaEgresos.find(categoria => categoria === ''))",
            "err": {},
            "isRoot": false,
            "uuid": "e995206a-7d7d-45d9-abfc-1bfd90e678a2",
            "isHook": false,
            "skipped": false
          },
          {
            "title": "No se pueden agregar categorias de ingreso ya existentes",
            "fullTitle": "Categorias invalidas No se pueden agregar categorias de ingreso ya existentes",
            "timedOut": false,
            "duration": 7,
            "state": "passed",
            "speed": "fast",
            "pass": true,
            "fail": false,
            "pending": false,
            "code": "const categoriaExistente = 'Salario'\nconst cantidadInicial = store.state.categoriaEgresos.length\nwrapper.vm.tipo = 'Ingreso'\nwrapper.vm.nombre = categoriaExistente\nwrapper.vm.agregar()\nassert.equal(store.state.categoriaIngresos.length, cantidadInicial)",
            "err": {},
            "isRoot": false,
            "uuid": "7d85c7bd-47d1-4d78-b6c9-8e839d1c0912",
            "isHook": false,
            "skipped": false
          },
          {
            "title": "No se pueden agregar categorias de egreso ya existentes",
            "fullTitle": "Categorias invalidas No se pueden agregar categorias de egreso ya existentes",
            "timedOut": false,
            "duration": 10,
            "state": "passed",
            "speed": "fast",
            "pass": true,
            "fail": false,
            "pending": false,
            "code": "const categoriaExistente = 'Expensas'\nconst cantidadInicial = store.state.categoriaEgresos.length\nwrapper.vm.tipo = 'Egreso'\nwrapper.vm.nombre = categoriaExistente\nwrapper.vm.agregar()\nassert.equal(store.state.categoriaEgresos.length, cantidadInicial)",
            "err": {},
            "isRoot": false,
            "uuid": "b2d6e9cb-dd1b-4294-a8f8-1b6d1a6e9646",
            "isHook": false,
            "skipped": false
          },
          {
            "title": "no se puede crear categorias sin tipo",
            "fullTitle": "Categorias invalidas no se puede crear categorias sin tipo",
            "timedOut": false,
            "duration": 6,
            "state": "passed",
            "speed": "fast",
            "pass": true,
            "fail": false,
            "pending": false,
            "code": "const nombreCategoria = 'Supermercado'\nwrapper.vm.tipo = ''\nwrapper.vm.nombre = nombreCategoria\nwrapper.vm.agregar()\nassert.notExists(store.state.categoriaIngresos.find(categoria => categoria === nombreCategoria))\nassert.notExists(store.state.categoriaEgresos.find(categoria => categoria === nombreCategoria))",
            "err": {},
            "isRoot": false,
            "uuid": "70ef8241-146c-438f-a360-85ce3d6fef23",
            "isHook": false,
            "skipped": false
          }
        ],
        "suites": [],
        "passes": [
          "0323e901-f6fd-4363-93ac-d2e7cc914749",
          "e995206a-7d7d-45d9-abfc-1bfd90e678a2",
          "7d85c7bd-47d1-4d78-b6c9-8e839d1c0912",
          "b2d6e9cb-dd1b-4294-a8f8-1b6d1a6e9646",
          "70ef8241-146c-438f-a360-85ce3d6fef23"
        ],
        "failures": [],
        "pending": [],
        "skipped": [],
        "duration": 37,
        "root": false,
        "rootEmpty": false,
        "_timeout": 2000
      },
      {
        "uuid": "39779e5d-6b26-440b-a40b-df153eec3883",
        "title": "Ingresos, funcional",
        "fullFile": "/Users/abrahan/Desktop/JS/Walle-et/dist/main.js",
        "file": "/dist/main.js",
        "beforeHooks": [
          {
            "title": "\"before each\" hook",
            "fullTitle": "Ingresos, funcional \"before each\" hook",
            "timedOut": false,
            "duration": 14,
            "pass": false,
            "fail": false,
            "pending": false,
            "code": "store = _Utils_TestUtil_js__WEBPACK_IMPORTED_MODULE_1__[\"default\"].getDefaultStore()\nstore.state.cuentas.push({ icon: 'account_balance', nombre: 'ahorros', fondos: 0, route: '/' })\nwrapper = Object(_vue_test_utils__WEBPACK_IMPORTED_MODULE_0__[\"shallowMount\"])(_components_BotonTransacciones__WEBPACK_IMPORTED_MODULE_2__[\"default\"],\n  {\n    store,\n    propsData: {\n      tipo: 'Ingreso',\n      cuenta: { icon: 'account_balance', nombre: 'ahorros', fondos: 0, route: '/' },\n      categorias: store.state.categoriaIngresos }\n  })",
            "err": {},
            "isRoot": false,
            "uuid": "da4fa1e7-55c6-4571-bf71-6150a04f2651",
            "isHook": true,
            "skipped": false
          }
        ],
        "afterHooks": [],
        "tests": [
          {
            "title": "Agregar Ingreso",
            "fullTitle": "Ingresos, funcional Agregar Ingreso",
            "timedOut": false,
            "duration": 25,
            "state": "passed",
            "speed": "fast",
            "pass": true,
            "fail": false,
            "pending": false,
            "code": "const datosTransaccion = { cuenta: 'ahorros', fecha: '06/05/2019', monto: 120, categoria: 'Salario' }\nconst saldoInicial = 0\nwrapper.vm.monto = datosTransaccion.monto\nwrapper.vm.fecha = datosTransaccion.fecha\nwrapper.vm.categoria = datosTransaccion.categoria\nwrapper.vm.agregar()\nassert.exists(store.state.ingresos.find(function (ingreso) {\n  return (ingreso.cuenta === datosTransaccion.cuenta) &&\n  (ingreso.fecha === datosTransaccion.fecha) &&\n  (ingreso.categoria === datosTransaccion.categoria) &&\n  (ingreso.monto === datosTransaccion.monto)\n}), 'No se encontro el ingreso')\nassert.equal(store.state.cuentas.find(cuenta => cuenta.nombre === datosTransaccion.cuenta).fondos,\n  (saldoInicial + datosTransaccion.monto), 'No se actualiza el saldo de la cuenta')",
            "err": {},
            "isRoot": false,
            "uuid": "acc6598c-f723-49d0-99a5-b69d01f251b0",
            "isHook": false,
            "skipped": false
          }
        ],
        "suites": [],
        "passes": [
          "acc6598c-f723-49d0-99a5-b69d01f251b0"
        ],
        "failures": [],
        "pending": [],
        "skipped": [],
        "duration": 25,
        "root": false,
        "rootEmpty": false,
        "_timeout": 2000
      },
      {
        "uuid": "b0176f56-87b3-4bf6-9797-35f53d8352b3",
        "title": "Egresos, funcional",
        "fullFile": "/Users/abrahan/Desktop/JS/Walle-et/dist/main.js",
        "file": "/dist/main.js",
        "beforeHooks": [
          {
            "title": "\"before each\" hook",
            "fullTitle": "Egresos, funcional \"before each\" hook",
            "timedOut": false,
            "duration": 9,
            "pass": false,
            "fail": false,
            "pending": false,
            "code": "store = _Utils_TestUtil_js__WEBPACK_IMPORTED_MODULE_1__[\"default\"].getDefaultStore()\nstore.state.cuentas.push({ icon: 'account_balance', nombre: 'ahorros', fondos: 0, route: '/' })\nwrapper = Object(_vue_test_utils__WEBPACK_IMPORTED_MODULE_0__[\"shallowMount\"])(_components_BotonTransacciones__WEBPACK_IMPORTED_MODULE_2__[\"default\"],\n  {\n    store,\n    propsData: {\n      tipo: 'Egreso',\n      cuenta: { icon: 'account_balance', nombre: 'ahorros', fondos: 200, route: '/' },\n      categorias: store.state.categoriaEgresos }\n  })",
            "err": {},
            "isRoot": false,
            "uuid": "fb3c4aaf-2ba7-49b8-ae3b-15b84f798aaa",
            "isHook": true,
            "skipped": false
          }
        ],
        "afterHooks": [],
        "tests": [
          {
            "title": "Agregar Egreso",
            "fullTitle": "Egresos, funcional Agregar Egreso",
            "timedOut": false,
            "duration": 14,
            "state": "passed",
            "speed": "fast",
            "pass": true,
            "fail": false,
            "pending": false,
            "code": "const datosTransaccion = { cuenta: 'ahorros', fecha: '06/05/2019', monto: 100, categoria: 'Expensas' }\nconst saldoInicial = 200\nwrapper.vm.monto = datosTransaccion.monto\nwrapper.vm.fecha = datosTransaccion.fecha\nwrapper.vm.categoria = datosTransaccion.categoria\nwrapper.vm.agregar()\nassert.exists(store.state.egresos.find(function (egreso) {\n  return (egreso.cuenta === datosTransaccion.cuenta) &&\n  (egreso.fecha === datosTransaccion.fecha) &&\n  (egreso.categoria === datosTransaccion.categoria) &&\n  (egreso.monto === datosTransaccion.monto)\n}), 'No se encontro el egreso')\nassert.equal(store.state.cuentas.find(cuenta => cuenta.nombre === datosTransaccion.cuenta).fondos,\n  (saldoInicial - datosTransaccion.monto), 'No se actualiza el saldo de la cuenta')",
            "err": {},
            "isRoot": false,
            "uuid": "399a6191-69e3-4eae-b0b1-0314388c970b",
            "isHook": false,
            "skipped": false
          }
        ],
        "suites": [],
        "passes": [
          "399a6191-69e3-4eae-b0b1-0314388c970b"
        ],
        "failures": [],
        "pending": [],
        "skipped": [],
        "duration": 14,
        "root": false,
        "rootEmpty": false,
        "_timeout": 2000
      },
      {
        "uuid": "65248bb8-7c88-46a5-be1e-6a59df05e596",
        "title": "Ingresos invalidos",
        "fullFile": "/Users/abrahan/Desktop/JS/Walle-et/dist/main.js",
        "file": "/dist/main.js",
        "beforeHooks": [
          {
            "title": "\"before each\" hook",
            "fullTitle": "Ingresos invalidos \"before each\" hook",
            "timedOut": false,
            "duration": 14,
            "pass": false,
            "fail": false,
            "pending": false,
            "code": "store = _Utils_TestUtil_js__WEBPACK_IMPORTED_MODULE_1__[\"default\"].getDefaultStore()\nstore.state.cuentas.push({ icon: 'account_balance', nombre: 'ahorros', fondos: 0, route: '/' })\nwrapper = Object(_vue_test_utils__WEBPACK_IMPORTED_MODULE_0__[\"shallowMount\"])(_components_BotonTransacciones__WEBPACK_IMPORTED_MODULE_2__[\"default\"],\n  {\n    store,\n    propsData: {\n      tipo: 'Ingreso',\n      cuenta: { icon: 'account_balance', nombre: 'ahorros', fondos: 0, route: '/' },\n      categorias: store.state.categoriaIngresos }\n  })",
            "err": {},
            "isRoot": false,
            "uuid": "f1def079-f043-4f74-9c7d-0ed87d9c6efa",
            "isHook": true,
            "skipped": false
          }
        ],
        "afterHooks": [],
        "tests": [
          {
            "title": "categoria vacia",
            "fullTitle": "Ingresos invalidos categoria vacia",
            "timedOut": false,
            "duration": 12,
            "state": "passed",
            "speed": "fast",
            "pass": true,
            "fail": false,
            "pending": false,
            "code": "const datosTransaccion = { cuenta: 'ahorros', fecha: '06/05/2019', monto: 100, categoria: '' }\nconst saldoInicial = 0\nwrapper.vm.monto = datosTransaccion.monto\nwrapper.vm.fecha = datosTransaccion.fecha\nwrapper.vm.categoria = datosTransaccion.categoria\nwrapper.vm.agregar()\nassert.notExists(store.state.ingresos.find(function (ingreso) {\n  return (ingreso.cuenta === datosTransaccion.cuenta) &&\n  (ingreso.fecha === datosTransaccion.fecha) &&\n  (ingreso.categoria === datosTransaccion.categoria) &&\n  (ingreso.monto === datosTransaccion.monto)\n}), 'Se agrego el ingreso')\nassert.equal(store.state.cuentas.find(cuenta => cuenta.nombre === datosTransaccion.cuenta).fondos,\n  saldoInicial, 'Se cambia el saldo de la cuenta')",
            "err": {},
            "isRoot": false,
            "uuid": "b4a1ae21-6898-45ec-8f63-eda6084c8e40",
            "isHook": false,
            "skipped": false
          },
          {
            "title": "fecha vacia",
            "fullTitle": "Ingresos invalidos fecha vacia",
            "timedOut": false,
            "duration": 12,
            "state": "passed",
            "speed": "fast",
            "pass": true,
            "fail": false,
            "pending": false,
            "code": "const datosTransaccion = { cuenta: 'ahorros', fecha: '', monto: 100, categoria: 'Salario' }\nconst saldoInicial = 0\nwrapper.vm.monto = datosTransaccion.monto\nwrapper.vm.fecha = datosTransaccion.fecha\nwrapper.vm.categoria = datosTransaccion.categoria\nwrapper.vm.agregar()\nassert.notExists(store.state.ingresos.find(function (ingreso) {\n  return (ingreso.cuenta === datosTransaccion.cuenta) &&\n  (ingreso.fecha === datosTransaccion.fecha) &&\n  (ingreso.categoria === datosTransaccion.categoria) &&\n  (ingreso.monto === datosTransaccion.monto)\n}), 'Se agrego el ingreso')\nassert.equal(store.state.cuentas.find(cuenta => cuenta.nombre === datosTransaccion.cuenta).fondos,\n  saldoInicial, 'Se cambia el saldo de la cuenta')",
            "err": {},
            "isRoot": false,
            "uuid": "6860a0c9-e3a1-43f1-a05f-f8e10303ee1c",
            "isHook": false,
            "skipped": false
          },
          {
            "title": "monto nulo",
            "fullTitle": "Ingresos invalidos monto nulo",
            "timedOut": false,
            "duration": 13,
            "state": "passed",
            "speed": "fast",
            "pass": true,
            "fail": false,
            "pending": false,
            "code": "const datosTransaccion = { cuenta: 'ahorros', fecha: '06/05/2019', monto: 0, categoria: 'Salario' }\nconst saldoInicial = 0\nwrapper.vm.monto = datosTransaccion.monto\nwrapper.vm.fecha = datosTransaccion.fecha\nwrapper.vm.categoria = datosTransaccion.categoria\nwrapper.vm.agregar()\nassert.notExists(store.state.ingresos.find(function (ingreso) {\n  return (ingreso.cuenta === datosTransaccion.cuenta) &&\n  (ingreso.fecha === datosTransaccion.fecha) &&\n  (ingreso.categoria === datosTransaccion.categoria) &&\n  (ingreso.monto === datosTransaccion.monto)\n}), 'Se agrego el ingreso')\nassert.equal(store.state.cuentas.find(cuenta => cuenta.nombre === datosTransaccion.cuenta).fondos,\n  saldoInicial, 'Se cambia el saldo de la cuenta')",
            "err": {},
            "isRoot": false,
            "uuid": "3f620183-6e10-445c-97a2-67c1b0acaa03",
            "isHook": false,
            "skipped": false
          },
          {
            "title": "monto negativo",
            "fullTitle": "Ingresos invalidos monto negativo",
            "timedOut": false,
            "duration": 10,
            "state": "passed",
            "speed": "fast",
            "pass": true,
            "fail": false,
            "pending": false,
            "code": "const datosTransaccion = { cuenta: 'ahorros', fecha: '06/05/2019', monto: -50, categoria: 'Salario' }\nconst saldoInicial = 0\nwrapper.vm.monto = datosTransaccion.monto\nwrapper.vm.fecha = datosTransaccion.fecha\nwrapper.vm.categoria = datosTransaccion.categoria\nwrapper.vm.agregar()\nassert.notExists(store.state.ingresos.find(function (ingreso) {\n  return (ingreso.cuenta === datosTransaccion.cuenta) &&\n  (ingreso.fecha === datosTransaccion.fecha) &&\n  (ingreso.categoria === datosTransaccion.categoria) &&\n  (ingreso.monto === datosTransaccion.monto)\n}), 'Se agrego el ingreso')\nassert.equal(store.state.cuentas.find(cuenta => cuenta.nombre === datosTransaccion.cuenta).fondos,\n  saldoInicial, 'Se cambia el saldo de la cuenta')",
            "err": {},
            "isRoot": false,
            "uuid": "efe8c6dc-454a-4a4a-8fbb-77a2b94c473a",
            "isHook": false,
            "skipped": false
          },
          {
            "title": "categoria inexistente",
            "fullTitle": "Ingresos invalidos categoria inexistente",
            "timedOut": false,
            "duration": 14,
            "state": "passed",
            "speed": "fast",
            "pass": true,
            "fail": false,
            "pending": false,
            "code": "const datosTransaccion = { cuenta: 'ahorros', fecha: '06/05/2019', monto: 50, categoria: 'Tienda' }\nconst saldoInicial = 0\nwrapper.vm.monto = datosTransaccion.monto\nwrapper.vm.fecha = datosTransaccion.fecha\nwrapper.vm.categoria = datosTransaccion.categoria\nwrapper.vm.agregar()\nassert.notExists(store.state.ingresos.find(function (ingreso) {\n  return (ingreso.cuenta === datosTransaccion.cuenta) &&\n  (ingreso.fecha === datosTransaccion.fecha) &&\n  (ingreso.categoria === datosTransaccion.categoria) &&\n  (ingreso.monto === datosTransaccion.monto)\n}), 'Se agrego el ingreso')\nassert.equal(store.state.cuentas.find(cuenta => cuenta.nombre === datosTransaccion.cuenta).fondos,\n  saldoInicial, 'Se cambia el saldo de la cuenta')",
            "err": {},
            "isRoot": false,
            "uuid": "aec7712a-7e3a-4bef-a5cd-a2d4a9e92e5b",
            "isHook": false,
            "skipped": false
          }
        ],
        "suites": [],
        "passes": [
          "b4a1ae21-6898-45ec-8f63-eda6084c8e40",
          "6860a0c9-e3a1-43f1-a05f-f8e10303ee1c",
          "3f620183-6e10-445c-97a2-67c1b0acaa03",
          "efe8c6dc-454a-4a4a-8fbb-77a2b94c473a",
          "aec7712a-7e3a-4bef-a5cd-a2d4a9e92e5b"
        ],
        "failures": [],
        "pending": [],
        "skipped": [],
        "duration": 61,
        "root": false,
        "rootEmpty": false,
        "_timeout": 2000
      },
      {
        "uuid": "7a765d39-30a3-41a6-a0e5-383c9848945f",
        "title": "Egresos invalidos",
        "fullFile": "/Users/abrahan/Desktop/JS/Walle-et/dist/main.js",
        "file": "/dist/main.js",
        "beforeHooks": [
          {
            "title": "\"before each\" hook",
            "fullTitle": "Egresos invalidos \"before each\" hook",
            "timedOut": false,
            "duration": 11,
            "pass": false,
            "fail": false,
            "pending": false,
            "code": "store = _Utils_TestUtil_js__WEBPACK_IMPORTED_MODULE_1__[\"default\"].getDefaultStore()\nstore.state.cuentas.push({ icon: 'account_balance', nombre: 'ahorros', fondos: 100, route: '/' })\nwrapper = Object(_vue_test_utils__WEBPACK_IMPORTED_MODULE_0__[\"shallowMount\"])(_components_BotonTransacciones__WEBPACK_IMPORTED_MODULE_2__[\"default\"],\n  {\n    store,\n    propsData: {\n      tipo: 'Egreso',\n      cuenta: { icon: 'account_balance', nombre: 'ahorros', fondos: 100, route: '/' },\n      categorias: store.state.categoriaEgresos }\n  })",
            "err": {},
            "isRoot": false,
            "uuid": "7db1d22d-3297-420d-ab85-302256042c8d",
            "isHook": true,
            "skipped": false
          }
        ],
        "afterHooks": [],
        "tests": [
          {
            "title": "categoria vacia",
            "fullTitle": "Egresos invalidos categoria vacia",
            "timedOut": false,
            "duration": 13,
            "state": "passed",
            "speed": "fast",
            "pass": true,
            "fail": false,
            "pending": false,
            "code": "const datosTransaccion = { cuenta: 'ahorros', fecha: '06/05/2019', monto: 50, categoria: '' }\nconst saldoInicial = 100\nwrapper.vm.monto = datosTransaccion.monto\nwrapper.vm.fecha = datosTransaccion.fecha\nwrapper.vm.categoria = datosTransaccion.categoria\nwrapper.vm.agregar()\nassert.notExists(store.state.egresos.find(function (egreso) {\n  return (egreso.cuenta === datosTransaccion.cuenta) &&\n  (egreso.fecha === datosTransaccion.fecha) &&\n  (egreso.categoria === datosTransaccion.categoria) &&\n  (egreso.monto === datosTransaccion.monto)\n}), 'Se agrego el egreso')\nassert.equal(store.state.cuentas.find(cuenta => cuenta.nombre === datosTransaccion.cuenta).fondos,\n  saldoInicial, 'Se cambia el saldo de la cuenta')",
            "err": {},
            "isRoot": false,
            "uuid": "654c1119-42f7-452c-a608-0f16600f8990",
            "isHook": false,
            "skipped": false
          },
          {
            "title": "fecha vacia",
            "fullTitle": "Egresos invalidos fecha vacia",
            "timedOut": false,
            "duration": 12,
            "state": "passed",
            "speed": "fast",
            "pass": true,
            "fail": false,
            "pending": false,
            "code": "const datosTransaccion = { cuenta: 'ahorros', fecha: '', monto: 50, categoria: 'Expensas' }\nconst saldoInicial = 100\nwrapper.vm.monto = datosTransaccion.monto\nwrapper.vm.fecha = datosTransaccion.fecha\nwrapper.vm.categoria = datosTransaccion.categoria\nwrapper.vm.agregar()\nassert.notExists(store.state.egresos.find(function (egreso) {\n  return (egreso.cuenta === datosTransaccion.cuenta) &&\n  (egreso.fecha === datosTransaccion.fecha) &&\n  (egreso.categoria === datosTransaccion.categoria) &&\n  (egreso.monto === datosTransaccion.monto)\n}), 'Se agrego el egreso')\nassert.equal(store.state.cuentas.find(cuenta => cuenta.nombre === datosTransaccion.cuenta).fondos,\n  saldoInicial, 'Se cambia el saldo de la cuenta')",
            "err": {},
            "isRoot": false,
            "uuid": "06448bd8-56cd-41ab-b1c3-0d0a1fdd16f2",
            "isHook": false,
            "skipped": false
          },
          {
            "title": "monto nulo",
            "fullTitle": "Egresos invalidos monto nulo",
            "timedOut": false,
            "duration": 7,
            "state": "passed",
            "speed": "fast",
            "pass": true,
            "fail": false,
            "pending": false,
            "code": "const datosTransaccion = { cuenta: 'ahorros', fecha: '06/05/2019', monto: 0, categoria: 'Expensas' }\nconst saldoInicial = 100\nwrapper.vm.monto = datosTransaccion.monto\nwrapper.vm.fecha = datosTransaccion.fecha\nwrapper.vm.categoria = datosTransaccion.categoria\nwrapper.vm.agregar()\nassert.notExists(store.state.egresos.find(function (egreso) {\n  return (egreso.cuenta === datosTransaccion.cuenta) &&\n  (egreso.fecha === datosTransaccion.fecha) &&\n  (egreso.categoria === datosTransaccion.categoria) &&\n  (egreso.monto === datosTransaccion.monto)\n}), 'Se agrego el egreso')\nassert.equal(store.state.cuentas.find(cuenta => cuenta.nombre === datosTransaccion.cuenta).fondos,\n  saldoInicial, 'Se cambia el saldo de la cuenta')",
            "err": {},
            "isRoot": false,
            "uuid": "d4a84bfb-2fa7-4f54-8332-9f2dd4d0536f",
            "isHook": false,
            "skipped": false
          },
          {
            "title": "monto negativo",
            "fullTitle": "Egresos invalidos monto negativo",
            "timedOut": false,
            "duration": 11,
            "state": "passed",
            "speed": "fast",
            "pass": true,
            "fail": false,
            "pending": false,
            "code": "const datosTransaccion = { cuenta: 'ahorros', fecha: '06/05/2019', monto: -50, categoria: 'Expensas' }\nconst saldoInicial = 100\nwrapper.vm.monto = datosTransaccion.monto\nwrapper.vm.fecha = datosTransaccion.fecha\nwrapper.vm.categoria = datosTransaccion.categoria\nwrapper.vm.agregar()\nassert.notExists(store.state.egresos.find(function (egreso) {\n  return (egreso.cuenta === datosTransaccion.cuenta) &&\n  (egreso.fecha === datosTransaccion.fecha) &&\n  (egreso.categoria === datosTransaccion.categoria) &&\n  (egreso.monto === datosTransaccion.monto)\n}), 'Se agrego el egreso')\nassert.equal(store.state.cuentas.find(cuenta => cuenta.nombre === datosTransaccion.cuenta).fondos,\n  saldoInicial, 'Se cambia el saldo de la cuenta')",
            "err": {},
            "isRoot": false,
            "uuid": "ba7be91a-0fd1-439d-bbae-5fb85f81bbfe",
            "isHook": false,
            "skipped": false
          },
          {
            "title": "monto mayor al saldo",
            "fullTitle": "Egresos invalidos monto mayor al saldo",
            "timedOut": false,
            "duration": 12,
            "state": "passed",
            "speed": "fast",
            "pass": true,
            "fail": false,
            "pending": false,
            "code": "const datosTransaccion = { cuenta: 'ahorros', fecha: '06/05/2019', monto: 200, categoria: 'Expensas' }\nconst saldoInicial = 100\nwrapper.vm.monto = datosTransaccion.monto\nwrapper.vm.fecha = datosTransaccion.fecha\nwrapper.vm.categoria = datosTransaccion.categoria\nwrapper.vm.agregar()\nassert.notExists(store.state.egresos.find(function (egreso) {\n  return (egreso.cuenta === datosTransaccion.cuenta) &&\n  (egreso.fecha === datosTransaccion.fecha) &&\n  (egreso.categoria === datosTransaccion.categoria) &&\n  (egreso.monto === datosTransaccion.monto)\n}), 'Se agrego el egreso')\nassert.equal(store.state.cuentas.find(cuenta => cuenta.nombre === datosTransaccion.cuenta).fondos,\n  saldoInicial, 'Se cambia el saldo de la cuenta')",
            "err": {},
            "isRoot": false,
            "uuid": "e9ceb058-40ff-4d2d-96e6-e279c5a0276f",
            "isHook": false,
            "skipped": false
          },
          {
            "title": "categoria inexistente",
            "fullTitle": "Egresos invalidos categoria inexistente",
            "timedOut": false,
            "duration": 13,
            "state": "passed",
            "speed": "fast",
            "pass": true,
            "fail": false,
            "pending": false,
            "code": "const datosTransaccion = { cuenta: 'ahorros', fecha: '06/05/2019', monto: 50, categoria: 'Tienda' }\nconst saldoInicial = 100\nwrapper.vm.monto = datosTransaccion.monto\nwrapper.vm.fecha = datosTransaccion.fecha\nwrapper.vm.categoria = datosTransaccion.categoria\nwrapper.vm.agregar()\nassert.notExists(store.state.egresos.find(function (egreso) {\n  return (egreso.cuenta === datosTransaccion.cuenta) &&\n  (egreso.fecha === datosTransaccion.fecha) &&\n  (egreso.categoria === datosTransaccion.categoria) &&\n  (egreso.monto === datosTransaccion.monto)\n}), 'Se agrego el egreso')\nassert.equal(store.state.cuentas.find(cuenta => cuenta.nombre === datosTransaccion.cuenta).fondos,\n  saldoInicial, 'Se cambia el saldo de la cuenta')",
            "err": {},
            "isRoot": false,
            "uuid": "f16e2bee-2055-4471-8d7c-8589de518f9f",
            "isHook": false,
            "skipped": false
          }
        ],
        "suites": [],
        "passes": [
          "654c1119-42f7-452c-a608-0f16600f8990",
          "06448bd8-56cd-41ab-b1c3-0d0a1fdd16f2",
          "d4a84bfb-2fa7-4f54-8332-9f2dd4d0536f",
          "ba7be91a-0fd1-439d-bbae-5fb85f81bbfe",
          "e9ceb058-40ff-4d2d-96e6-e279c5a0276f",
          "f16e2bee-2055-4471-8d7c-8589de518f9f"
        ],
        "failures": [],
        "pending": [],
        "skipped": [],
        "duration": 68,
        "root": false,
        "rootEmpty": false,
        "_timeout": 2000
      },
      {
        "uuid": "f48abac2-a0a5-41aa-986d-edaac79149a1",
        "title": "Render test, transacciones",
        "fullFile": "/Users/abrahan/Desktop/JS/Walle-et/dist/main.js",
        "file": "/dist/main.js",
        "beforeHooks": [
          {
            "title": "\"before each\" hook",
            "fullTitle": "Render test, transacciones \"before each\" hook",
            "timedOut": false,
            "duration": 0,
            "pass": false,
            "fail": false,
            "pending": false,
            "code": "store = _Utils_TestUtil_js__WEBPACK_IMPORTED_MODULE_1__[\"default\"].getDefaultStore()\nstore.state.cuentas.push({ icon: 'account_balance', nombre: 'ahorros', fondos: 0, route: '/' })",
            "err": {},
            "isRoot": false,
            "uuid": "c3ac8e34-2b44-4be8-bfed-dcb5a1d2893e",
            "isHook": true,
            "skipped": false
          }
        ],
        "afterHooks": [],
        "tests": [
          {
            "title": "test ingreso",
            "fullTitle": "Render test, transacciones test ingreso",
            "timedOut": false,
            "duration": 15,
            "state": "passed",
            "speed": "fast",
            "pass": true,
            "fail": false,
            "pending": false,
            "code": "wrapper = Object(_vue_test_utils__WEBPACK_IMPORTED_MODULE_0__[\"shallowMount\"])(_components_BotonTransacciones__WEBPACK_IMPORTED_MODULE_2__[\"default\"],\n  {\n    store,\n    propsData: {\n      tipo: 'Ingreso',\n      cuenta: { icon: 'account_balance', nombre: 'ahorros', fondos: 0, route: '/' },\n      categorias: store.state.categoriaIngresos }\n  })\nassert.exists(wrapper.find('#selectorIngreso'))\nassert.exists(wrapper.find('#montoIngreso'))\nassert.exists(wrapper.find('#menuCalendarioIngreso'))\nassert.exists(wrapper.find('#fechaCalendarioIngreso'))\nassert.exists(wrapper.find('#okCalendarioIngreso'))\nassert.exists(wrapper.find('#agregarIngreso'))",
            "err": {},
            "isRoot": false,
            "uuid": "7e10541c-d1f9-4491-8ba0-cb1081a51d91",
            "isHook": false,
            "skipped": false
          },
          {
            "title": "test egreso",
            "fullTitle": "Render test, transacciones test egreso",
            "timedOut": false,
            "duration": 10,
            "state": "passed",
            "speed": "fast",
            "pass": true,
            "fail": false,
            "pending": false,
            "code": "wrapper = Object(_vue_test_utils__WEBPACK_IMPORTED_MODULE_0__[\"shallowMount\"])(_components_BotonTransacciones__WEBPACK_IMPORTED_MODULE_2__[\"default\"],\n  {\n    store,\n    propsData: {\n      tipo: 'Egreso',\n      cuenta: { icon: 'account_balance', nombre: 'ahorros', fondos: 0, route: '/' },\n      categorias: store.state.categoriaIngresos }\n  })\nassert.exists(wrapper.find('#selectorEgreso'))\nassert.exists(wrapper.find('#montoEgreso'))\nassert.exists(wrapper.find('#menuCalendarioEgreso'))\nassert.exists(wrapper.find('#fechaCalendarioEgreso'))\nassert.exists(wrapper.find('#okCalendarioEgreso'))\nassert.exists(wrapper.find('#agregarEgreso'))",
            "err": {},
            "isRoot": false,
            "uuid": "b8b9ff3b-61c9-4bf7-9317-db9ede4a98bf",
            "isHook": false,
            "skipped": false
          }
        ],
        "suites": [],
        "passes": [
          "7e10541c-d1f9-4491-8ba0-cb1081a51d91",
          "b8b9ff3b-61c9-4bf7-9317-db9ede4a98bf"
        ],
        "failures": [],
        "pending": [],
        "skipped": [],
        "duration": 25,
        "root": false,
        "rootEmpty": false,
        "_timeout": 2000
      },
      {
        "uuid": "f143186d-2602-4a9b-91ee-a9394ebd246d",
        "title": "Transferencia, funcional",
        "fullFile": "/Users/abrahan/Desktop/JS/Walle-et/dist/main.js",
        "file": "/dist/main.js",
        "beforeHooks": [
          {
            "title": "\"before each\" hook",
            "fullTitle": "Transferencia, funcional \"before each\" hook",
            "timedOut": false,
            "duration": 11,
            "pass": false,
            "fail": false,
            "pending": false,
            "code": "store = _Utils_TestUtil_js__WEBPACK_IMPORTED_MODULE_1__[\"default\"].getDefaultStore()\nstore.state.cuentas.push({ icon: 'account_balance', nombre: 'ahorros', fondos: 100, route: '/' })\nstore.state.cuentas.push({ icon: 'account_balance', nombre: 'comida', fondos: 0, route: '/' })\nwrapper = Object(_vue_test_utils__WEBPACK_IMPORTED_MODULE_0__[\"shallowMount\"])(_components_BotonTransferencia__WEBPACK_IMPORTED_MODULE_2__[\"default\"],\n  {\n    store, propsData: { cuenta: { icon: 'account_balance', nombre: 'ahorros', fondos: 100, route: '/' } }\n  })",
            "err": {},
            "isRoot": false,
            "uuid": "9c6e3c62-b94a-4504-9b85-4b6e29191617",
            "isHook": true,
            "skipped": false
          }
        ],
        "afterHooks": [],
        "tests": [
          {
            "title": "Agregar Transferencia",
            "fullTitle": "Transferencia, funcional Agregar Transferencia",
            "timedOut": false,
            "duration": 18,
            "state": "passed",
            "speed": "fast",
            "pass": true,
            "fail": false,
            "pending": false,
            "code": "const datosTransferencia = {\n  cuentaDestino: 'comida',\n  fecha: '2019-05-06',\n  monto: 50,\n  categoria: 'Transferencia',\n  cuentaOrigen: 'ahorros',\n  saldoOrigenInicial: 100,\n  saldoDestinoInicial: 0\n}\nwrapper.vm.monto = datosTransferencia.monto\nwrapper.vm.fecha = datosTransferencia.fecha\nwrapper.vm.cuentaDestino = datosTransferencia.cuentaDestino\nwrapper.vm.transferir()\nassert.exists(store.state.ingresos.find(function (ingreso) {\n  return (ingreso.cuenta === datosTransferencia.cuentaDestino) &&\n  (ingreso.fecha === datosTransferencia.fecha) &&\n  (ingreso.categoria === datosTransferencia.categoria) &&\n  (ingreso.monto === datosTransferencia.monto)\n}), 'No se encontro el ingreso en la cuenta destino' + store.state.egresos.length)\nassert.equal(store.state.cuentas.find(cuenta => cuenta.nombre === datosTransferencia.cuentaDestino).fondos,\n  (datosTransferencia.saldoDestinoInicial + datosTransferencia.monto),\n  'No se actualiza el saldo de la cuenta Destino')\nassert.exists(store.state.egresos.find(function (egreso) {\n  return (egreso.cuenta === datosTransferencia.cuentaOrigen) &&\n  (egreso.fecha === datosTransferencia.fecha) &&\n  (egreso.categoria === datosTransferencia.categoria) &&\n  (egreso.monto === datosTransferencia.monto)\n}), 'No se encontro el egreso en la cuenta origen')\nassert.equal(store.state.cuentas.find(cuenta => cuenta.nombre === datosTransferencia.cuentaOrigen).fondos,\n  (datosTransferencia.saldoOrigenInicial - datosTransferencia.monto),\n  'No se actualiza el saldo de la cuenta origen')",
            "err": {},
            "isRoot": false,
            "uuid": "bf7031ae-f9d1-4833-9566-8b2d2fa092f6",
            "isHook": false,
            "skipped": false
          }
        ],
        "suites": [],
        "passes": [
          "bf7031ae-f9d1-4833-9566-8b2d2fa092f6"
        ],
        "failures": [],
        "pending": [],
        "skipped": [],
        "duration": 18,
        "root": false,
        "rootEmpty": false,
        "_timeout": 2000
      },
      {
        "uuid": "a08af9db-7f73-4768-b107-e76e37cb2f05",
        "title": "Transferencias invalidas",
        "fullFile": "/Users/abrahan/Desktop/JS/Walle-et/dist/main.js",
        "file": "/dist/main.js",
        "beforeHooks": [
          {
            "title": "\"before each\" hook",
            "fullTitle": "Transferencias invalidas \"before each\" hook",
            "timedOut": false,
            "duration": 9,
            "pass": false,
            "fail": false,
            "pending": false,
            "code": "store = _Utils_TestUtil_js__WEBPACK_IMPORTED_MODULE_1__[\"default\"].getDefaultStore()\nstore.state.cuentas.push({ icon: 'account_balance', nombre: 'ahorros', fondos: 100, route: '/' })\nstore.state.cuentas.push({ icon: 'account_balance', nombre: 'comida', fondos: 0, route: '/' })\nwrapper = Object(_vue_test_utils__WEBPACK_IMPORTED_MODULE_0__[\"shallowMount\"])(_components_BotonTransferencia__WEBPACK_IMPORTED_MODULE_2__[\"default\"],\n  {\n    store, propsData: { cuenta: { icon: 'account_balance', nombre: 'ahorros', fondos: 100, route: '/' } }\n  })",
            "err": {},
            "isRoot": false,
            "uuid": "2cea6caf-dc30-4fe0-87d3-c318d7e3597c",
            "isHook": true,
            "skipped": false
          }
        ],
        "afterHooks": [],
        "tests": [
          {
            "title": "Fecha vacia",
            "fullTitle": "Transferencias invalidas Fecha vacia",
            "timedOut": false,
            "duration": 9,
            "state": "passed",
            "speed": "fast",
            "pass": true,
            "fail": false,
            "pending": false,
            "code": "const datosTransferencia = {\n  cuentaDestino: 'comida',\n  fecha: '',\n  monto: 50,\n  categoria: 'Transferencia',\n  cuentaOrigen: 'ahorros',\n  saldoOrigenInicial: 100,\n  saldoDestinoInicial: 0\n}\nwrapper.vm.monto = datosTransferencia.monto\nwrapper.vm.fecha = datosTransferencia.fecha\nwrapper.vm.cuentaDestino = datosTransferencia.cuentaDestino\nwrapper.vm.transferir()\nassert.notExists(store.state.ingresos.find(function (ingreso) {\n  return (ingreso.cuenta === datosTransferencia.cuentaDestino) &&\n  (ingreso.fecha === datosTransferencia.fecha) &&\n  (ingreso.categoria === datosTransferencia.categoria) &&\n  (ingreso.monto === datosTransferencia.monto)\n}), 'Se encontro el ingreso en la cuenta destino')\nassert.equal(store.state.cuentas.find(cuenta => cuenta.nombre === datosTransferencia.cuentaDestino).fondos,\n  (datosTransferencia.saldoDestinoInicial),\n  'Se actualiza el saldo de la cuenta Destino')\nassert.notExists(store.state.egresos.find(function (egreso) {\n  return (egreso.cuenta === datosTransferencia.cuentaOrigen) &&\n  (egreso.fecha === datosTransferencia.fecha) &&\n  (egreso.categoria === datosTransferencia.categoria) &&\n  (egreso.monto === datosTransferencia.monto)\n}), 'Se encontro el egreso en la cuenta origen')\nassert.equal(store.state.cuentas.find(cuenta => cuenta.nombre === datosTransferencia.cuentaOrigen).fondos,\n  (datosTransferencia.saldoOrigenInicial),\n  'Se actualiza el saldo de la cuenta origen')",
            "err": {},
            "isRoot": false,
            "uuid": "a61416a2-691d-4604-89f4-760acc6e0686",
            "isHook": false,
            "skipped": false
          },
          {
            "title": "Cuenta destino vacia",
            "fullTitle": "Transferencias invalidas Cuenta destino vacia",
            "timedOut": false,
            "duration": 6,
            "state": "passed",
            "speed": "fast",
            "pass": true,
            "fail": false,
            "pending": false,
            "code": "const datosTransferencia = {\n  cuentaDestino: '',\n  fecha: '2019-05-06',\n  monto: 50,\n  categoria: 'Transferencia',\n  cuentaOrigen: 'ahorros',\n  saldoOrigenInicial: 100,\n  saldoDestinoInicial: 0\n}\nwrapper.vm.monto = datosTransferencia.monto\nwrapper.vm.fecha = datosTransferencia.fecha\nwrapper.vm.cuentaDestino = datosTransferencia.cuentaDestino\nwrapper.vm.transferir()\nassert.notExists(store.state.ingresos.find(function (ingreso) {\n  return (ingreso.cuenta === datosTransferencia.cuentaDestino) &&\n  (ingreso.fecha === datosTransferencia.fecha) &&\n  (ingreso.categoria === datosTransferencia.categoria) &&\n  (ingreso.monto === datosTransferencia.monto)\n}), 'Se encontro el ingreso en la cuenta destino')\nassert.notExists(store.state.egresos.find(function (egreso) {\n  return (egreso.cuenta === datosTransferencia.cuentaOrigen) &&\n  (egreso.fecha === datosTransferencia.fecha) &&\n  (egreso.categoria === datosTransferencia.categoria) &&\n  (egreso.monto === datosTransferencia.monto)\n}), 'Se encontro el egreso en la cuenta origen')\nassert.equal(store.state.cuentas.find(cuenta => cuenta.nombre === datosTransferencia.cuentaOrigen).fondos,\n  (datosTransferencia.saldoOrigenInicial),\n  'Se actualiza el saldo de la cuenta origen')",
            "err": {},
            "isRoot": false,
            "uuid": "daaa2b5b-687e-4a24-a8c8-b423170ddc5d",
            "isHook": false,
            "skipped": false
          },
          {
            "title": "monto nulo",
            "fullTitle": "Transferencias invalidas monto nulo",
            "timedOut": false,
            "duration": 14,
            "state": "passed",
            "speed": "fast",
            "pass": true,
            "fail": false,
            "pending": false,
            "code": "const datosTransferencia = {\n  cuentaDestino: 'comida',\n  fecha: '2019-05-06',\n  monto: 0,\n  categoria: 'Transferencia',\n  cuentaOrigen: 'ahorros',\n  saldoOrigenInicial: 100,\n  saldoDestinoInicial: 0\n}\nwrapper.vm.monto = datosTransferencia.monto\nwrapper.vm.fecha = datosTransferencia.fecha\nwrapper.vm.cuentaDestino = datosTransferencia.cuentaDestino\nwrapper.vm.transferir()\nassert.notExists(store.state.ingresos.find(function (ingreso) {\n  return (ingreso.cuenta === datosTransferencia.cuentaDestino) &&\n  (ingreso.fecha === datosTransferencia.fecha) &&\n  (ingreso.categoria === datosTransferencia.categoria) &&\n  (ingreso.monto === datosTransferencia.monto)\n}), 'Se encontro el ingreso en la cuenta destino')\nassert.equal(store.state.cuentas.find(cuenta => cuenta.nombre === datosTransferencia.cuentaDestino).fondos,\n  (datosTransferencia.saldoDestinoInicial),\n  'Se actualiza el saldo de la cuenta Destino')\nassert.notExists(store.state.egresos.find(function (egreso) {\n  return (egreso.cuenta === datosTransferencia.cuentaOrigen) &&\n  (egreso.fecha === datosTransferencia.fecha) &&\n  (egreso.categoria === datosTransferencia.categoria) &&\n  (egreso.monto === datosTransferencia.monto)\n}), 'Se encontro el egreso en la cuenta origen')\nassert.equal(store.state.cuentas.find(cuenta => cuenta.nombre === datosTransferencia.cuentaOrigen).fondos,\n  (datosTransferencia.saldoOrigenInicial),\n  'Se actualiza el saldo de la cuenta origen')",
            "err": {},
            "isRoot": false,
            "uuid": "ecebbae6-ef08-403e-a042-865210513e0d",
            "isHook": false,
            "skipped": false
          },
          {
            "title": "monto negativo",
            "fullTitle": "Transferencias invalidas monto negativo",
            "timedOut": false,
            "duration": 11,
            "state": "passed",
            "speed": "fast",
            "pass": true,
            "fail": false,
            "pending": false,
            "code": "const datosTransferencia = {\n  cuentaDestino: 'comida',\n  fecha: '2019-05-06',\n  monto: -30,\n  categoria: 'Transferencia',\n  cuentaOrigen: 'ahorros',\n  saldoOrigenInicial: 100,\n  saldoDestinoInicial: 0\n}\nwrapper.vm.monto = datosTransferencia.monto\nwrapper.vm.fecha = datosTransferencia.fecha\nwrapper.vm.cuentaDestino = datosTransferencia.cuentaDestino\nwrapper.vm.transferir()\nassert.notExists(store.state.ingresos.find(function (ingreso) {\n  return (ingreso.cuenta === datosTransferencia.cuentaDestino) &&\n  (ingreso.fecha === datosTransferencia.fecha) &&\n  (ingreso.categoria === datosTransferencia.categoria) &&\n  (ingreso.monto === datosTransferencia.monto)\n}), 'Se encontro el ingreso en la cuenta destino')\nassert.equal(store.state.cuentas.find(cuenta => cuenta.nombre === datosTransferencia.cuentaDestino).fondos,\n  (datosTransferencia.saldoDestinoInicial),\n  'Se actualiza el saldo de la cuenta Destino')\nassert.notExists(store.state.egresos.find(function (egreso) {\n  return (egreso.cuenta === datosTransferencia.cuentaOrigen) &&\n  (egreso.fecha === datosTransferencia.fecha) &&\n  (egreso.categoria === datosTransferencia.categoria) &&\n  (egreso.monto === datosTransferencia.monto)\n}), 'Se encontro el egreso en la cuenta origen')\nassert.equal(store.state.cuentas.find(cuenta => cuenta.nombre === datosTransferencia.cuentaOrigen).fondos,\n  (datosTransferencia.saldoOrigenInicial),\n  'Se actualiza el saldo de la cuenta origen')",
            "err": {},
            "isRoot": false,
            "uuid": "3a4ed626-0c5e-49be-9077-fbb5d6248b97",
            "isHook": false,
            "skipped": false
          },
          {
            "title": "saldo insuficiente",
            "fullTitle": "Transferencias invalidas saldo insuficiente",
            "timedOut": false,
            "duration": 11,
            "state": "passed",
            "speed": "fast",
            "pass": true,
            "fail": false,
            "pending": false,
            "code": "const datosTransferencia = {\n  cuentaDestino: 'comida',\n  fecha: '2019-05-06',\n  monto: 200,\n  categoria: 'Transferencia',\n  cuentaOrigen: 'ahorros',\n  saldoOrigenInicial: 100,\n  saldoDestinoInicial: 0\n}\nwrapper.vm.monto = datosTransferencia.monto\nwrapper.vm.fecha = datosTransferencia.fecha\nwrapper.vm.cuentaDestino = datosTransferencia.cuentaDestino\nwrapper.vm.transferir()\nassert.notExists(store.state.ingresos.find(function (ingreso) {\n  return (ingreso.cuenta === datosTransferencia.cuentaDestino) &&\n  (ingreso.fecha === datosTransferencia.fecha) &&\n  (ingreso.categoria === datosTransferencia.categoria) &&\n  (ingreso.monto === datosTransferencia.monto)\n}), 'Se encontro el ingreso en la cuenta destino')\nassert.equal(store.state.cuentas.find(cuenta => cuenta.nombre === datosTransferencia.cuentaDestino).fondos,\n  (datosTransferencia.saldoDestinoInicial),\n  'Se actualiza el saldo de la cuenta Destino')\nassert.notExists(store.state.egresos.find(function (egreso) {\n  return (egreso.cuenta === datosTransferencia.cuentaOrigen) &&\n  (egreso.fecha === datosTransferencia.fecha) &&\n  (egreso.categoria === datosTransferencia.categoria) &&\n  (egreso.monto === datosTransferencia.monto)\n}), 'Se encontro el egreso en la cuenta origen')\nassert.equal(store.state.cuentas.find(cuenta => cuenta.nombre === datosTransferencia.cuentaOrigen).fondos,\n  (datosTransferencia.saldoOrigenInicial),\n  'Se actualiza el saldo de la cuenta origen')",
            "err": {},
            "isRoot": false,
            "uuid": "82efd9c7-edc5-4a65-837e-411aba5ff8fb",
            "isHook": false,
            "skipped": false
          },
          {
            "title": "Destino inexistente",
            "fullTitle": "Transferencias invalidas Destino inexistente",
            "timedOut": false,
            "duration": 13,
            "state": "passed",
            "speed": "fast",
            "pass": true,
            "fail": false,
            "pending": false,
            "code": "const datosTransferencia = {\n  cuentaDestino: 'banco',\n  fecha: '2019-05-06',\n  monto: 50,\n  categoria: 'Transferencia',\n  cuentaOrigen: 'ahorros',\n  saldoOrigenInicial: 100,\n  saldoDestinoInicial: 0\n}\nwrapper.vm.monto = datosTransferencia.monto\nwrapper.vm.fecha = datosTransferencia.fecha\nwrapper.vm.cuentaDestino = datosTransferencia.cuentaDestino\nwrapper.vm.transferir()\nassert.notExists(store.state.ingresos.find(function (ingreso) {\n  return (ingreso.cuenta === datosTransferencia.cuentaDestino) &&\n  (ingreso.fecha === datosTransferencia.fecha) &&\n  (ingreso.categoria === datosTransferencia.categoria) &&\n  (ingreso.monto === datosTransferencia.monto)\n}), 'Se encontro el ingreso en la cuenta destino')\nassert.notExists(store.state.egresos.find(function (egreso) {\n  return (egreso.cuenta === datosTransferencia.cuentaOrigen) &&\n  (egreso.fecha === datosTransferencia.fecha) &&\n  (egreso.categoria === datosTransferencia.categoria) &&\n  (egreso.monto === datosTransferencia.monto)\n}), 'Se encontro el egreso en la cuenta origen')\nassert.equal(store.state.cuentas.find(cuenta => cuenta.nombre === datosTransferencia.cuentaOrigen).fondos,\n  (datosTransferencia.saldoOrigenInicial),\n  'Se actualiza el saldo de la cuenta origen')",
            "err": {},
            "isRoot": false,
            "uuid": "21029fa9-7078-4b01-a0b0-1e98691a5873",
            "isHook": false,
            "skipped": false
          }
        ],
        "suites": [],
        "passes": [
          "a61416a2-691d-4604-89f4-760acc6e0686",
          "daaa2b5b-687e-4a24-a8c8-b423170ddc5d",
          "ecebbae6-ef08-403e-a042-865210513e0d",
          "3a4ed626-0c5e-49be-9077-fbb5d6248b97",
          "82efd9c7-edc5-4a65-837e-411aba5ff8fb",
          "21029fa9-7078-4b01-a0b0-1e98691a5873"
        ],
        "failures": [],
        "pending": [],
        "skipped": [],
        "duration": 64,
        "root": false,
        "rootEmpty": false,
        "_timeout": 2000
      },
      {
        "uuid": "1971ec22-a1f0-4579-b82f-eb28dee75b85",
        "title": "render tranferencia",
        "fullFile": "/Users/abrahan/Desktop/JS/Walle-et/dist/main.js",
        "file": "/dist/main.js",
        "beforeHooks": [
          {
            "title": "\"before each\" hook",
            "fullTitle": "render tranferencia \"before each\" hook",
            "timedOut": false,
            "duration": 7,
            "pass": false,
            "fail": false,
            "pending": false,
            "code": "store = _Utils_TestUtil_js__WEBPACK_IMPORTED_MODULE_1__[\"default\"].getDefaultStore()\nstore.state.cuentas.push({ icon: 'account_balance', nombre: 'ahorros', fondos: 100, route: '/' })\nstore.state.cuentas.push({ icon: 'account_balance', nombre: 'comida', fondos: 0, route: '/' })\nwrapper = Object(_vue_test_utils__WEBPACK_IMPORTED_MODULE_0__[\"shallowMount\"])(_components_BotonTransferencia__WEBPACK_IMPORTED_MODULE_2__[\"default\"],\n  {\n    store, propsData: { cuenta: { icon: 'account_balance', nombre: 'ahorros', fondos: 100, route: '/' } }\n  })",
            "err": {},
            "isRoot": false,
            "uuid": "151e06fa-e895-4179-8504-ec65e87d4528",
            "isHook": true,
            "skipped": false
          }
        ],
        "afterHooks": [],
        "tests": [
          {
            "title": "Elementos del formulario renderizan",
            "fullTitle": "render tranferencia Elementos del formulario renderizan",
            "timedOut": false,
            "duration": 2,
            "state": "passed",
            "speed": "fast",
            "pass": true,
            "fail": false,
            "pending": false,
            "code": "assert.exists(wrapper.find('#selectorCuentaTransferencua'))\nassert.exists(wrapper.find('#montoTransferencia'))\nassert.exists(wrapper.find('#menuCalendarioTransferencia'))\nassert.exists(wrapper.find('#fechaCalendarioTransferencia'))\nassert.exists(wrapper.find('#okCalendarioTransferencia'))\nassert.exists(wrapper.find('#agregarTransferencia'))",
            "err": {},
            "isRoot": false,
            "uuid": "40697334-ad82-43a3-8f38-c7e34672c462",
            "isHook": false,
            "skipped": false
          }
        ],
        "suites": [],
        "passes": [
          "40697334-ad82-43a3-8f38-c7e34672c462"
        ],
        "failures": [],
        "pending": [],
        "skipped": [],
        "duration": 2,
        "root": false,
        "rootEmpty": false,
        "_timeout": 2000
      },
      {
        "uuid": "8c761a96-f06a-4e11-8ecf-a355f16a2b25",
        "title": "Cuenta",
        "fullFile": "/Users/abrahan/Desktop/JS/Walle-et/dist/main.js",
        "file": "/dist/main.js",
        "beforeHooks": [
          {
            "title": "\"before each\" hook",
            "fullTitle": "Cuenta \"before each\" hook",
            "timedOut": false,
            "duration": 14,
            "pass": false,
            "fail": false,
            "pending": false,
            "code": "store = _src_Utils_TestUtil_js__WEBPACK_IMPORTED_MODULE_1__[\"default\"].getDefaultStore()\nrouter = new vue_router__WEBPACK_IMPORTED_MODULE_3__[\"default\"]()\nwrapper = Object(_vue_test_utils__WEBPACK_IMPORTED_MODULE_0__[\"shallowMount\"])(_components_CrearWallet_vue__WEBPACK_IMPORTED_MODULE_2__[\"default\"],\n  {\n    store,\n    router\n  })\nwrapper.setData({\n  nombre: '',\n  nombreExiste: false,\n  snackbar: false,\n  timeout: 2500,\n  snackbarText: ''\n})",
            "err": {},
            "isRoot": false,
            "uuid": "e4831df6-e2c2-4a05-b011-16690c81bf06",
            "isHook": true,
            "skipped": false
          }
        ],
        "afterHooks": [],
        "tests": [
          {
            "title": "Crear Cuenta, funcional",
            "fullTitle": "Cuenta Crear Cuenta, funcional",
            "timedOut": false,
            "duration": 5,
            "state": "passed",
            "speed": "fast",
            "pass": true,
            "fail": false,
            "pending": false,
            "code": "wrapper.vm.nombre = 'nuevaWallet'\nwrapper.vm.addCuenta()\nassert.exists(store.state.cuentas.find(cuenta => cuenta.nombre === 'nuevaWallet'),\n  'no se crea la cuenta')",
            "err": {},
            "isRoot": false,
            "uuid": "3752debf-5e41-43a0-acb0-9740f476a069",
            "isHook": false,
            "skipped": false
          }
        ],
        "suites": [],
        "passes": [
          "3752debf-5e41-43a0-acb0-9740f476a069"
        ],
        "failures": [],
        "pending": [],
        "skipped": [],
        "duration": 5,
        "root": false,
        "rootEmpty": false,
        "_timeout": 2000
      },
      {
        "uuid": "378459a4-9c79-4368-91c3-a5c6ddfecea1",
        "title": "Cuentas invalidas",
        "fullFile": "/Users/abrahan/Desktop/JS/Walle-et/dist/main.js",
        "file": "/dist/main.js",
        "beforeHooks": [
          {
            "title": "\"before each\" hook",
            "fullTitle": "Cuentas invalidas \"before each\" hook",
            "timedOut": false,
            "duration": 4,
            "pass": false,
            "fail": false,
            "pending": false,
            "code": "store = _src_Utils_TestUtil_js__WEBPACK_IMPORTED_MODULE_1__[\"default\"].getDefaultStore()\nrouter = new vue_router__WEBPACK_IMPORTED_MODULE_3__[\"default\"]()\nwrapper = Object(_vue_test_utils__WEBPACK_IMPORTED_MODULE_0__[\"shallowMount\"])(_components_CrearWallet_vue__WEBPACK_IMPORTED_MODULE_2__[\"default\"],\n  {\n    store,\n    router\n  })\nwrapper.setData({\n  nombre: '',\n  nombreExiste: false,\n  snackbar: false,\n  timeout: 2500,\n  snackbarText: ''\n})",
            "err": {},
            "isRoot": false,
            "uuid": "2f4daa5d-efab-439d-87a2-66986a89cc41",
            "isHook": true,
            "skipped": false
          }
        ],
        "afterHooks": [],
        "tests": [
          {
            "title": "cuenta de nombre vacio",
            "fullTitle": "Cuentas invalidas cuenta de nombre vacio",
            "timedOut": false,
            "duration": 1,
            "state": "passed",
            "speed": "fast",
            "pass": true,
            "fail": false,
            "pending": false,
            "code": "wrapper.vm.nombre = ''\nwrapper.vm.addCuenta()\nassert.notExists(store.state.cuentas.find(cuenta => cuenta.nombre === ''),\n  'cuenta sin nombre creada')",
            "err": {},
            "isRoot": false,
            "uuid": "2c3eea7d-cc62-4430-aaf5-1bd65fffae1c",
            "isHook": false,
            "skipped": false
          },
          {
            "title": "cuenta de nombre Global",
            "fullTitle": "Cuentas invalidas cuenta de nombre Global",
            "timedOut": false,
            "duration": 2,
            "state": "passed",
            "speed": "fast",
            "pass": true,
            "fail": false,
            "pending": false,
            "code": "const nombreGlobal = 'Global'\nwrapper.vm.nombre = nombreGlobal\nwrapper.vm.addCuenta()\nassert.equal(1, store.state.cuentas.filter(cuenta => cuenta.nombre === nombreGlobal).length,\n  'cuenta con nombre global creada')",
            "err": {},
            "isRoot": false,
            "uuid": "23bf5210-435e-4181-8810-fb0affaf4d52",
            "isHook": false,
            "skipped": false
          },
          {
            "title": "cuenta de nombre ya existente",
            "fullTitle": "Cuentas invalidas cuenta de nombre ya existente",
            "timedOut": false,
            "duration": 2,
            "state": "passed",
            "speed": "fast",
            "pass": true,
            "fail": false,
            "pending": false,
            "code": "const nombre = 'ahorros'\nstore.state.cuentas.push({ icon: 'account_balance', nombre: nombre, fondos: 0, route: '/' })\nwrapper.vm.nombre = nombre\nwrapper.vm.addCuenta()\nassert.equal(1, store.state.cuentas.filter(cuenta => cuenta.nombre === nombre).length,\n  'cuenta con nombre existente creada')",
            "err": {},
            "isRoot": false,
            "uuid": "f87c59af-964c-474b-ba03-8c4af4052c75",
            "isHook": false,
            "skipped": false
          }
        ],
        "suites": [],
        "passes": [
          "2c3eea7d-cc62-4430-aaf5-1bd65fffae1c",
          "23bf5210-435e-4181-8810-fb0affaf4d52",
          "f87c59af-964c-474b-ba03-8c4af4052c75"
        ],
        "failures": [],
        "pending": [],
        "skipped": [],
        "duration": 5,
        "root": false,
        "rootEmpty": false,
        "_timeout": 2000
      },
      {
        "uuid": "b91ad5ec-673d-43d9-b932-b67345f49d5b",
        "title": "Render crear cuenta",
        "fullFile": "/Users/abrahan/Desktop/JS/Walle-et/dist/main.js",
        "file": "/dist/main.js",
        "beforeHooks": [
          {
            "title": "\"before each\" hook",
            "fullTitle": "Render crear cuenta \"before each\" hook",
            "timedOut": false,
            "duration": 4,
            "pass": false,
            "fail": false,
            "pending": false,
            "code": "store = _src_Utils_TestUtil_js__WEBPACK_IMPORTED_MODULE_1__[\"default\"].getDefaultStore()\nrouter = new vue_router__WEBPACK_IMPORTED_MODULE_3__[\"default\"]()\nwrapper = Object(_vue_test_utils__WEBPACK_IMPORTED_MODULE_0__[\"shallowMount\"])(_components_CrearWallet_vue__WEBPACK_IMPORTED_MODULE_2__[\"default\"],\n  {\n    store,\n    router\n  })\nwrapper.setData({\n  nombre: '',\n  nombreExiste: false,\n  snackbar: false,\n  timeout: 2500,\n  snackbarText: ''\n})",
            "err": {},
            "isRoot": false,
            "uuid": "832d4ae1-567d-4110-b913-a46fc2678897",
            "isHook": true,
            "skipped": false
          }
        ],
        "afterHooks": [],
        "tests": [
          {
            "title": "elementos iniciales",
            "fullTitle": "Render crear cuenta elementos iniciales",
            "timedOut": false,
            "duration": 4,
            "state": "passed",
            "speed": "fast",
            "pass": true,
            "fail": false,
            "pending": false,
            "code": "assert.exists(wrapper.find('.Header'))\nassert.exists(wrapper.find('#nombreCrearCuenta'))\nassert.exists(wrapper.find('#crearCuenta'))\nassert.exists(wrapper.find('#volverHome'))\nassert.exists(wrapper.find('#snackbarCrearCuenta'))\nassert.exists(wrapper.find('#okSnackbar'))",
            "err": {},
            "isRoot": false,
            "uuid": "1094cb24-e1c9-4d3d-ba5b-1ef09d9cd774",
            "isHook": false,
            "skipped": false
          }
        ],
        "suites": [],
        "passes": [
          "1094cb24-e1c9-4d3d-ba5b-1ef09d9cd774"
        ],
        "failures": [],
        "pending": [],
        "skipped": [],
        "duration": 4,
        "root": false,
        "rootEmpty": false,
        "_timeout": 2000
      },
      {
        "uuid": "72b3b1dd-216f-44a1-8ea4-50bf312082af",
        "title": "Modificar datos cuenta",
        "fullFile": "/Users/abrahan/Desktop/JS/Walle-et/dist/main.js",
        "file": "/dist/main.js",
        "beforeHooks": [
          {
            "title": "\"before each\" hook",
            "fullTitle": "Modificar datos cuenta \"before each\" hook",
            "timedOut": false,
            "duration": 6,
            "pass": false,
            "fail": false,
            "pending": false,
            "code": "store = _src_Utils_TestUtil_js__WEBPACK_IMPORTED_MODULE_1__[\"default\"].getDefaultStore()\nstore.state.cuentas.push(store.state.cuentas.push({\n  icon: 'account_balance', nombre: 'ahorros', fondos: 0, route: '/'\n}))\nwrapper = Object(_vue_test_utils__WEBPACK_IMPORTED_MODULE_0__[\"shallowMount\"])(_components_InformacionCuenta_vue__WEBPACK_IMPORTED_MODULE_2__[\"default\"],\n  {\n    store,\n    propsData: {\n      cuentaActual: 'ahorros',\n      cuentaOriginal: 'ahorros',\n      fondos: 0\n    }\n  })",
            "err": {},
            "isRoot": false,
            "uuid": "90402505-e5d2-4666-bfd2-33e794b15835",
            "isHook": true,
            "skipped": false
          }
        ],
        "afterHooks": [],
        "tests": [
          {
            "title": "editar nombre de cuenta",
            "fullTitle": "Modificar datos cuenta editar nombre de cuenta",
            "timedOut": false,
            "duration": 5,
            "state": "passed",
            "speed": "fast",
            "pass": true,
            "fail": false,
            "pending": false,
            "code": "const nuevoNombre = 'Emergencias'\nwrapper.vm.cuentaActual = nuevoNombre\nwrapper.vm.editarNombre()\nassert.exists(store.state.cuentas.find(cuenta => cuenta.nombre === nuevoNombre),\n  'El nombre no cambia')",
            "err": {},
            "isRoot": false,
            "uuid": "d89cb2ef-9040-45d7-b555-860388c13fbf",
            "isHook": false,
            "skipped": false
          },
          {
            "title": "borrar cuenta",
            "fullTitle": "Modificar datos cuenta borrar cuenta",
            "timedOut": false,
            "duration": 3,
            "state": "passed",
            "speed": "fast",
            "pass": true,
            "fail": false,
            "pending": false,
            "code": "const cuentaOriginal = wrapper.vm.cuentaOriginal\nwrapper.vm.borrarCuenta()\nassert.notExists(store.state.cuentas.find(cuenta => cuenta.nombre === cuentaOriginal),\n  'Aun existe la cuenta')",
            "err": {},
            "isRoot": false,
            "uuid": "9f9ad84c-3146-403f-ab41-cdf57259388b",
            "isHook": false,
            "skipped": false
          }
        ],
        "suites": [],
        "passes": [
          "d89cb2ef-9040-45d7-b555-860388c13fbf",
          "9f9ad84c-3146-403f-ab41-cdf57259388b"
        ],
        "failures": [],
        "pending": [],
        "skipped": [],
        "duration": 8,
        "root": false,
        "rootEmpty": false,
        "_timeout": 2000
      },
      {
        "uuid": "4fefe1c2-c960-4d3d-a5ce-2005950ff495",
        "title": "Nombres de cuenta invalidos",
        "fullFile": "/Users/abrahan/Desktop/JS/Walle-et/dist/main.js",
        "file": "/dist/main.js",
        "beforeHooks": [
          {
            "title": "\"before each\" hook",
            "fullTitle": "Nombres de cuenta invalidos \"before each\" hook",
            "timedOut": false,
            "duration": 5,
            "pass": false,
            "fail": false,
            "pending": false,
            "code": "store = _src_Utils_TestUtil_js__WEBPACK_IMPORTED_MODULE_1__[\"default\"].getDefaultStore()\nstore.state.cuentas.push(store.state.cuentas.push({\n  icon: 'account_balance', nombre: 'ahorros', fondos: 0, route: '/'\n}))\nwrapper = Object(_vue_test_utils__WEBPACK_IMPORTED_MODULE_0__[\"shallowMount\"])(_components_InformacionCuenta_vue__WEBPACK_IMPORTED_MODULE_2__[\"default\"],\n  {\n    store,\n    propsData: {\n      cuentaActual: 'ahorros',\n      cuentaOriginal: 'ahorros',\n      fondos: 0\n    }\n  })",
            "err": {},
            "isRoot": false,
            "uuid": "85817361-412c-487d-8456-21d6e0976f64",
            "isHook": true,
            "skipped": false
          }
        ],
        "afterHooks": [],
        "tests": [
          {
            "title": "Nombre vacio",
            "fullTitle": "Nombres de cuenta invalidos Nombre vacio",
            "timedOut": false,
            "duration": 5,
            "state": "passed",
            "speed": "fast",
            "pass": true,
            "fail": false,
            "pending": false,
            "code": "wrapper.vm.cuentaActual = ''\nwrapper.vm.editarNombre()\nassert.notExists(store.state.cuentas.find(cuenta => cuenta.nombre === ''),\n  'Se encontro cuenta vacia')",
            "err": {},
            "isRoot": false,
            "uuid": "7a26d724-206b-44a8-89fe-1c8918a909df",
            "isHook": false,
            "skipped": false
          },
          {
            "title": "Nombre Global",
            "fullTitle": "Nombres de cuenta invalidos Nombre Global",
            "timedOut": false,
            "duration": 5,
            "state": "passed",
            "speed": "fast",
            "pass": true,
            "fail": false,
            "pending": false,
            "code": "const nombreGlobal = 'Global'\nwrapper.vm.cuentaActual = nombreGlobal\nwrapper.vm.editarNombre()\nassert.equal(store.state.cuentas.filter(cuenta => cuenta.nombre === nombreGlobal).length, 1,\n  'Dos cuentas globales existententes')",
            "err": {},
            "isRoot": false,
            "uuid": "e8df987a-2f13-4663-9f73-6137477201b6",
            "isHook": false,
            "skipped": false
          },
          {
            "title": "Nombre repetido",
            "fullTitle": "Nombres de cuenta invalidos Nombre repetido",
            "timedOut": false,
            "duration": 5,
            "state": "passed",
            "speed": "fast",
            "pass": true,
            "fail": false,
            "pending": false,
            "code": "const otraCuenta = 'Estudios'\nstore.state.cuentas.push({ icon: 'account_balance', nombre: otraCuenta, fondos: 0, route: '/' })\nwrapper.vm.cuentaActual = otraCuenta\nwrapper.vm.editarNombre()\nassert.equal(store.state.cuentas.filter(cuenta => cuenta.nombre === otraCuenta).length, 1,\n  'Dos cuentas de mismo nombre')",
            "err": {},
            "isRoot": false,
            "uuid": "af943c0e-265d-41a3-b08d-7480f875c088",
            "isHook": false,
            "skipped": false
          }
        ],
        "suites": [],
        "passes": [
          "7a26d724-206b-44a8-89fe-1c8918a909df",
          "e8df987a-2f13-4663-9f73-6137477201b6",
          "af943c0e-265d-41a3-b08d-7480f875c088"
        ],
        "failures": [],
        "pending": [],
        "skipped": [],
        "duration": 15,
        "root": false,
        "rootEmpty": false,
        "_timeout": 2000
      },
      {
        "uuid": "6c09ecd9-e709-4d95-89ad-e57f5523f131",
        "title": "Borrar Cuentas invalidas",
        "fullFile": "/Users/abrahan/Desktop/JS/Walle-et/dist/main.js",
        "file": "/dist/main.js",
        "beforeHooks": [
          {
            "title": "\"before each\" hook",
            "fullTitle": "Borrar Cuentas invalidas \"before each\" hook",
            "timedOut": false,
            "duration": 9,
            "pass": false,
            "fail": false,
            "pending": false,
            "code": "store = _src_Utils_TestUtil_js__WEBPACK_IMPORTED_MODULE_1__[\"default\"].getDefaultStore()\nstore.state.cuentas.push(store.state.cuentas.push({\n  icon: 'account_balance', nombre: 'ahorros', fondos: 0, route: '/'\n}))\nwrapper = Object(_vue_test_utils__WEBPACK_IMPORTED_MODULE_0__[\"shallowMount\"])(_components_InformacionCuenta_vue__WEBPACK_IMPORTED_MODULE_2__[\"default\"],\n  {\n    store,\n    propsData: {\n      cuentaActual: 'ahorros',\n      cuentaOriginal: 'ahorros',\n      fondos: 0\n    }\n  })",
            "err": {},
            "isRoot": false,
            "uuid": "bbf501aa-f516-4d18-ad1a-85dc1e4c15d2",
            "isHook": true,
            "skipped": false
          }
        ],
        "afterHooks": [],
        "tests": [
          {
            "title": "Borrar cuenta global",
            "fullTitle": "Borrar Cuentas invalidas Borrar cuenta global",
            "timedOut": false,
            "duration": 3,
            "state": "passed",
            "speed": "fast",
            "pass": true,
            "fail": false,
            "pending": false,
            "code": "const nombreGlobal = 'Global'\nwrapper.vm.cuentaOriginal = nombreGlobal\nwrapper.vm.cuentaActual = nombreGlobal\nwrapper.vm.borrarCuenta()\nassert.exists(store.state.cuentas.find(cuenta => cuenta.nombre === nombreGlobal),\n  'Se borro la cuenta global')",
            "err": {},
            "isRoot": false,
            "uuid": "3f972eef-e1e0-487d-88a3-ded68e7dfc10",
            "isHook": false,
            "skipped": false
          },
          {
            "title": "Borrar cuenta con saldo",
            "fullTitle": "Borrar Cuentas invalidas Borrar cuenta con saldo",
            "timedOut": false,
            "duration": 4,
            "state": "passed",
            "speed": "fast",
            "pass": true,
            "fail": false,
            "pending": false,
            "code": "const cuentaOriginal = wrapper.vm.cuentaOriginal\nwrapper.vm.fondos = 100\nwrapper.vm.borrarCuenta()\nassert.exists(store.state.cuentas.find(cuenta => cuenta.nombre === cuentaOriginal),\n  'Se borro cuenta con fondos')",
            "err": {},
            "isRoot": false,
            "uuid": "c62400e9-a00f-4c43-afd3-a64b36d5a5e9",
            "isHook": false,
            "skipped": false
          },
          {
            "title": "Borrar cuenta con ingresos",
            "fullTitle": "Borrar Cuentas invalidas Borrar cuenta con ingresos",
            "timedOut": false,
            "duration": 1,
            "state": "passed",
            "speed": "fast",
            "pass": true,
            "fail": false,
            "pending": false,
            "code": "const cuentaOriginal = wrapper.vm.cuentaOriginal\nstore.state.ingresos.push({\n  cuenta: cuentaOriginal,\n  fecha: '2019-05-23',\n  monto: 50,\n  categoria: 'Salario'\n})\nwrapper.vm.borrarCuenta()\nassert.exists(store.state.cuentas.find(cuenta => cuenta.nombre === cuentaOriginal),\n  'Se borro cuenta con Ingresos')",
            "err": {},
            "isRoot": false,
            "uuid": "136e394d-9068-476e-8243-7db23b784956",
            "isHook": false,
            "skipped": false
          },
          {
            "title": "Borrar cuenta con egresos",
            "fullTitle": "Borrar Cuentas invalidas Borrar cuenta con egresos",
            "timedOut": false,
            "duration": 2,
            "state": "passed",
            "speed": "fast",
            "pass": true,
            "fail": false,
            "pending": false,
            "code": "const cuentaOriginal = wrapper.vm.cuentaOriginal\nstore.state.egresos.push({\n  cuenta: cuentaOriginal,\n  fecha: '2019-05-23',\n  monto: 50,\n  categoria: 'Otros'\n})\nwrapper.vm.borrarCuenta()\nassert.exists(store.state.cuentas.find(cuenta => cuenta.nombre === cuentaOriginal),\n  'Se borro cuenta con Egresos')",
            "err": {},
            "isRoot": false,
            "uuid": "ed91e5a0-8228-42d5-b5de-66c46c1d464e",
            "isHook": false,
            "skipped": false
          }
        ],
        "suites": [],
        "passes": [
          "3f972eef-e1e0-487d-88a3-ded68e7dfc10",
          "c62400e9-a00f-4c43-afd3-a64b36d5a5e9",
          "136e394d-9068-476e-8243-7db23b784956",
          "ed91e5a0-8228-42d5-b5de-66c46c1d464e"
        ],
        "failures": [],
        "pending": [],
        "skipped": [],
        "duration": 10,
        "root": false,
        "rootEmpty": false,
        "_timeout": 2000
      },
      {
        "uuid": "ba3d9c0f-5e2b-47f1-b3d7-6c4033045afe",
        "title": "Render informacion cuenta",
        "fullFile": "/Users/abrahan/Desktop/JS/Walle-et/dist/main.js",
        "file": "/dist/main.js",
        "beforeHooks": [
          {
            "title": "\"before each\" hook",
            "fullTitle": "Render informacion cuenta \"before each\" hook",
            "timedOut": false,
            "duration": 6,
            "pass": false,
            "fail": false,
            "pending": false,
            "code": "store = _src_Utils_TestUtil_js__WEBPACK_IMPORTED_MODULE_1__[\"default\"].getDefaultStore()\nstore.state.cuentas.push(store.state.cuentas.push({\n  icon: 'account_balance',\n  nombre: 'ahorros',\n  fondos: 0,\n  route: '/'\n}))\nwrapper = Object(_vue_test_utils__WEBPACK_IMPORTED_MODULE_0__[\"shallowMount\"])(_components_InformacionCuenta_vue__WEBPACK_IMPORTED_MODULE_2__[\"default\"],\n  {\n    store,\n    propsData: {\n      cuentaActual: 'ahorros',\n      cuentaOriginal: 'ahorros',\n      fondos: 0\n    }\n  })",
            "err": {},
            "isRoot": false,
            "uuid": "d1d21f3a-39a2-401e-8a09-b53fcc847557",
            "isHook": true,
            "skipped": false
          }
        ],
        "afterHooks": [],
        "tests": [
          {
            "title": "Componentes iniciales renderizan",
            "fullTitle": "Render informacion cuenta Componentes iniciales renderizan",
            "timedOut": false,
            "duration": 3,
            "state": "passed",
            "speed": "fast",
            "pass": true,
            "fail": false,
            "pending": false,
            "code": "assert.exists(wrapper.find('.titulo'))\nassert.exists(wrapper.find('#nombreCuenta'))\nassert.exists(wrapper.find('#editarCuenta'))\nassert.exists(wrapper.find('#saldoCuenta'))\nassert.exists(wrapper.find('#borrarCuenta'))\nassert.exists(wrapper.find('#guardarrCuenta'))\nassert.exists(wrapper.find('#alertaSuperior'))",
            "err": {},
            "isRoot": false,
            "uuid": "a19000e7-1b98-42a8-9af8-d29ab24449b7",
            "isHook": false,
            "skipped": false
          },
          {
            "title": "Boton ceditar cambia a guardar al click",
            "fullTitle": "Render informacion cuenta Boton ceditar cambia a guardar al click",
            "timedOut": false,
            "duration": 0,
            "state": "passed",
            "speed": "fast",
            "pass": true,
            "fail": false,
            "pending": false,
            "code": "// assert.isTrue(wrapper.find('#editarCuenta').element.value)\n// assert.exists(wrapper.find('#guardarCuenta'))\n// wrapper.find('#editarCuenta').trigger('click')\n// assert.notExists(wrapper.find('#editarCuenta'))\n// assert.exists(wrapper.find('#guardarCuenta'))\n// wrapper.find('#guardarCuenta').trigger('click')\n// assert.exists(wrapper.find('#editarCuenta'))\n// assert.notExists(wrapper.find('#guardarCuenta'))",
            "err": {},
            "isRoot": false,
            "uuid": "d5465b2a-353e-41b7-ac7b-33e39763d9fd",
            "isHook": false,
            "skipped": false
          }
        ],
        "suites": [],
        "passes": [
          "a19000e7-1b98-42a8-9af8-d29ab24449b7",
          "d5465b2a-353e-41b7-ac7b-33e39763d9fd"
        ],
        "failures": [],
        "pending": [],
        "skipped": [],
        "duration": 3,
        "root": false,
        "rootEmpty": false,
        "_timeout": 2000
      },
      {
        "uuid": "0117a310-4fe3-47e1-8e29-57fbef6e327a",
        "title": "Render nav",
        "fullFile": "/Users/abrahan/Desktop/JS/Walle-et/dist/main.js",
        "file": "/dist/main.js",
        "beforeHooks": [
          {
            "title": "\"before each\" hook",
            "fullTitle": "Render nav \"before each\" hook",
            "timedOut": false,
            "duration": 9,
            "pass": false,
            "fail": false,
            "pending": false,
            "code": "store = _src_Utils_TestUtil_js__WEBPACK_IMPORTED_MODULE_1__[\"default\"].getDefaultStore()\nstore.state.cuentas.push(store.state.cuentas.push({\n  icon: 'account_balance', nombre: 'ahorros', fondos: 0, route: '/'\n}))\nwrapper = Object(_vue_test_utils__WEBPACK_IMPORTED_MODULE_0__[\"shallowMount\"])(_components_NavDrawer_vue__WEBPACK_IMPORTED_MODULE_2__[\"default\"],\n  {\n    store\n  })",
            "err": {},
            "isRoot": false,
            "uuid": "4edb2486-2f8a-4cfc-b5ce-62ef6e4fdb34",
            "isHook": true,
            "skipped": false
          }
        ],
        "afterHooks": [],
        "tests": [
          {
            "title": "renderiza parte inicial",
            "fullTitle": "Render nav renderiza parte inicial",
            "timedOut": false,
            "duration": 2,
            "state": "passed",
            "speed": "fast",
            "pass": true,
            "fail": false,
            "pending": false,
            "code": "assert.exists(wrapper.find('#nav'))\nassert.exists(wrapper.find('#Global'))\nassert.exists(wrapper.find('#ahorros'))\nassert.exists(wrapper.find('#crearCuentaNav'))",
            "err": {},
            "isRoot": false,
            "uuid": "1f9642af-c0de-4429-90de-2d2dc6d59395",
            "isHook": false,
            "skipped": false
          },
          {
            "title": "renderiza todas las cuentas",
            "fullTitle": "Render nav renderiza todas las cuentas",
            "timedOut": false,
            "duration": 10,
            "state": "passed",
            "speed": "fast",
            "pass": true,
            "fail": false,
            "pending": false,
            "code": "store.state.cuentas.push(store.state.cuentas.push({\n  icon: 'account_balance', nombre: 'ahorros', fondos: 0, route: '/'\n}))\nstore.state.cuentas.forEach(cuenta => {\n  assert.exists(wrapper.find('#' + cuenta.nombre))\n})",
            "err": {},
            "isRoot": false,
            "uuid": "a275ff0e-1582-4d1e-9857-70c022b913c6",
            "isHook": false,
            "skipped": false
          }
        ],
        "suites": [],
        "passes": [
          "1f9642af-c0de-4429-90de-2d2dc6d59395",
          "a275ff0e-1582-4d1e-9857-70c022b913c6"
        ],
        "failures": [],
        "pending": [],
        "skipped": [],
        "duration": 12,
        "root": false,
        "rootEmpty": false,
        "_timeout": 2000
      },
      {
        "uuid": "def99ef2-ae53-4b12-8bcb-f4139d2adfde",
        "title": "Unit tests del reporte",
        "fullFile": "/Users/abrahan/Desktop/JS/Walle-et/dist/main.js",
        "file": "/dist/main.js",
        "beforeHooks": [
          {
            "title": "\"before each\" hook",
            "fullTitle": "Unit tests del reporte \"before each\" hook",
            "timedOut": false,
            "duration": 10,
            "pass": false,
            "fail": false,
            "pending": false,
            "code": "store = _Utils_ReportUtil_js__WEBPACK_IMPORTED_MODULE_3__[\"default\"].getDefaultStore()\nwrapper = Object(_vue_test_utils__WEBPACK_IMPORTED_MODULE_1__[\"shallowMount\"])(_components_Report_vue__WEBPACK_IMPORTED_MODULE_2__[\"default\"],\n  {\n    store\n  })",
            "err": {},
            "isRoot": false,
            "uuid": "50b99484-c84c-46b1-9a6b-fe3c72e179f0",
            "isHook": true,
            "skipped": false
          }
        ],
        "afterHooks": [],
        "tests": [
          {
            "title": "Recibe las fechas con exito",
            "fullTitle": "Unit tests del reporte Recibe las fechas con exito",
            "timedOut": false,
            "duration": 0,
            "state": "passed",
            "speed": "fast",
            "pass": true,
            "fail": false,
            "pending": false,
            "code": "var fechas = store.getters.obtenerFechas\nchai__WEBPACK_IMPORTED_MODULE_0__[\"assert\"].equal(fechas.length, 6)",
            "err": {},
            "isRoot": false,
            "uuid": "b418da3b-9231-4893-8e6e-f5acf8a13a55",
            "isHook": false,
            "skipped": false
          },
          {
            "title": "Reporte obtenido con 6 objetos",
            "fullTitle": "Unit tests del reporte Reporte obtenido con 6 objetos",
            "timedOut": false,
            "duration": 1,
            "state": "passed",
            "speed": "fast",
            "pass": true,
            "fail": false,
            "pending": false,
            "code": "chai__WEBPACK_IMPORTED_MODULE_0__[\"assert\"].exists(wrapper.vm.nuevoReporte)\nchai__WEBPACK_IMPORTED_MODULE_0__[\"assert\"].lengthOf(wrapper.vm.nuevoReporte, 6)",
            "err": {},
            "isRoot": false,
            "uuid": "ac41f5fa-fd18-41f0-aa2c-19f2d1914b44",
            "isHook": false,
            "skipped": false
          },
          {
            "title": "Categorias concatenadas para el filtro",
            "fullTitle": "Unit tests del reporte Categorias concatenadas para el filtro",
            "timedOut": false,
            "duration": 0,
            "state": "passed",
            "speed": "fast",
            "pass": true,
            "fail": false,
            "pending": false,
            "code": "var catIngreso = store.state.categoriaIngresos\nvar catEgreso = store.state.categoriaEgresos\nvar concatenacion = store.getters.obtenerCategorias\nvar total = catIngreso.length + catEgreso.length\nchai__WEBPACK_IMPORTED_MODULE_0__[\"assert\"].isAtMost(concatenacion.length, total)",
            "err": {},
            "isRoot": false,
            "uuid": "101e317b-d55a-4f2b-8984-ec1f757c383c",
            "isHook": false,
            "skipped": false
          }
        ],
        "suites": [],
        "passes": [
          "b418da3b-9231-4893-8e6e-f5acf8a13a55",
          "ac41f5fa-fd18-41f0-aa2c-19f2d1914b44",
          "101e317b-d55a-4f2b-8984-ec1f757c383c"
        ],
        "failures": [],
        "pending": [],
        "skipped": [],
        "duration": 1,
        "root": false,
        "rootEmpty": false,
        "_timeout": 2000
      }
    ],
    "passes": [],
    "failures": [],
    "pending": [],
    "skipped": [],
    "duration": 0,
    "root": true,
    "rootEmpty": true,
    "_timeout": 2000
  },
  "copyrightYear": 2019
}