{
  "stats": {
    "suites": 25,
    "tests": 60,
    "passes": 59,
    "pending": 0,
    "failures": 1,
    "start": "2019-05-19T23:18:11.947Z",
    "end": "2019-05-19T23:18:13.354Z",
    "duration": 1407,
    "testsRegistered": 60,
    "passPercent": 98.3,
    "pendingPercent": 0,
    "other": 0,
    "hasOther": false,
    "skipped": 0,
    "hasSkipped": false,
    "passPercentClass": "success",
    "pendingPercentClass": "danger"
  },
  "suites": {
    "uuid": "a96fb9d5-17c3-4760-b8c5-2171d84a217e",
    "title": "",
    "fullFile": "",
    "file": "",
    "beforeHooks": [],
    "afterHooks": [],
    "tests": [],
    "suites": [
      {
        "uuid": "bd4ddc66-02c6-4f5d-a167-f51fd636503b",
        "title": "categorias, test funcional",
        "fullFile": "/Users/abrahan/Desktop/JS/Walle-et/dist/main.js",
        "file": "/dist/main.js",
        "beforeHooks": [
          {
            "title": "\"before each\" hook",
            "fullTitle": "categorias, test funcional \"before each\" hook",
            "timedOut": false,
            "duration": 9,
            "pass": false,
            "fail": false,
            "pending": false,
            "code": "store = _src_Utils_TestUtil_js__WEBPACK_IMPORTED_MODULE_1__[\"default\"].getDefaultStore()\nwrapper = Object(_vue_test_utils__WEBPACK_IMPORTED_MODULE_0__[\"shallowMount\"])(_components_BotonCategorias_vue__WEBPACK_IMPORTED_MODULE_2__[\"default\"],\n  {\n    store,\n    propsData: {\n      categoriaIngresos: store.state.categoriaIngresos,\n      categoriaEgresos: store.state.categoriaEgresos\n    }\n  })",
            "err": {},
            "isRoot": false,
            "uuid": "a9f6030a-4cb4-4f7a-811c-64bfb0b771c5",
            "isHook": true,
            "skipped": false
          }
        ],
        "afterHooks": [],
        "tests": [
          {
            "title": "Crear categoria Ingreso, funcional",
            "fullTitle": "categorias, test funcional Crear categoria Ingreso, funcional",
            "timedOut": false,
            "duration": 9,
            "state": "passed",
            "speed": "fast",
            "pass": true,
            "fail": false,
            "pending": false,
            "code": "const categoriaNueva = ['Ventas']\nwrapper.vm.tipo = 'Ingreso'\nwrapper.vm.nombre = categoriaNueva\nwrapper.vm.agregar()\nassert.exists(store.state.categoriaIngresos.find(categoria => categoria === categoriaNueva),\n  'No se encontro la nueva cateogira')",
            "err": {},
            "isRoot": false,
            "uuid": "792013b3-9788-4186-82ab-47094514b68f",
            "isHook": false,
            "skipped": false
          },
          {
            "title": "Crear categoria Egreso, funcional",
            "fullTitle": "categorias, test funcional Crear categoria Egreso, funcional",
            "timedOut": false,
            "duration": 8,
            "state": "passed",
            "speed": "fast",
            "pass": true,
            "fail": false,
            "pending": false,
            "code": "const categoriaNueva = ['Compras']\nwrapper.vm.tipo = 'Egreso'\nwrapper.vm.nombre = categoriaNueva\nwrapper.vm.agregar()\nassert.exists(store.state.categoriaEgresos.find(categoria => categoria === categoriaNueva),\n  'No se encontro la nueva cateogira')",
            "err": {},
            "isRoot": false,
            "uuid": "3c24c8ad-6e7e-4814-bea3-d6594f99a1fb",
            "isHook": false,
            "skipped": false
          }
        ],
        "suites": [],
        "passes": [
          "792013b3-9788-4186-82ab-47094514b68f",
          "3c24c8ad-6e7e-4814-bea3-d6594f99a1fb"
        ],
        "failures": [],
        "pending": [],
        "skipped": [],
        "duration": 17,
        "root": false,
        "rootEmpty": false,
        "_timeout": 2000
      },
      {
        "uuid": "67f725ce-c329-4e0a-80fd-1f6adaf1c75f",
        "title": "categorias render test",
        "fullFile": "/Users/abrahan/Desktop/JS/Walle-et/dist/main.js",
        "file": "/dist/main.js",
        "beforeHooks": [
          {
            "title": "\"before each\" hook",
            "fullTitle": "categorias render test \"before each\" hook",
            "timedOut": false,
            "duration": 8,
            "pass": false,
            "fail": false,
            "pending": false,
            "code": "store = _src_Utils_TestUtil_js__WEBPACK_IMPORTED_MODULE_1__[\"default\"].getDefaultStore()\nwrapper = Object(_vue_test_utils__WEBPACK_IMPORTED_MODULE_0__[\"shallowMount\"])(_components_BotonCategorias_vue__WEBPACK_IMPORTED_MODULE_2__[\"default\"],\n  {\n    store,\n    propsData: {\n      categoriaIngresos: store.state.categoriaIngresos,\n      categoriaEgresos: store.state.categoriaEgresos\n    }\n  })",
            "err": {},
            "isRoot": false,
            "uuid": "1910d75a-fd19-44e3-97cf-2622703ae1b0",
            "isHook": true,
            "skipped": false
          }
        ],
        "afterHooks": [],
        "tests": [
          {
            "title": "elementos formulario renderizan",
            "fullTitle": "categorias render test elementos formulario renderizan",
            "timedOut": false,
            "duration": 7,
            "state": "passed",
            "speed": "fast",
            "pass": true,
            "fail": false,
            "pending": false,
            "code": "assert.exists(wrapper.find('#selectorCategoria'), 'no existe el selector de categoria')\nassert.exists(wrapper.find('#nombreCategoria'), 'no existe el input para el nombre categoria')\nassert.exists(wrapper.find('#agregarCategoria'), 'no existe el boton para agregar categoria')",
            "err": {},
            "isRoot": false,
            "uuid": "44cb4238-6c0e-4e93-8c48-0964a668c668",
            "isHook": false,
            "skipped": false
          }
        ],
        "suites": [],
        "passes": [
          "44cb4238-6c0e-4e93-8c48-0964a668c668"
        ],
        "failures": [],
        "pending": [],
        "skipped": [],
        "duration": 7,
        "root": false,
        "rootEmpty": false,
        "_timeout": 2000
      },
      {
        "uuid": "3734038a-8181-4914-97cf-c01cc5a59638",
        "title": "categorias, test event",
        "fullFile": "/Users/abrahan/Desktop/JS/Walle-et/dist/main.js",
        "file": "/dist/main.js",
        "beforeHooks": [
          {
            "title": "\"before each\" hook",
            "fullTitle": "categorias, test event \"before each\" hook",
            "timedOut": false,
            "duration": 7,
            "pass": false,
            "fail": false,
            "pending": false,
            "code": "store = _src_Utils_TestUtil_js__WEBPACK_IMPORTED_MODULE_1__[\"default\"].getDefaultStore()\nwrapper = Object(_vue_test_utils__WEBPACK_IMPORTED_MODULE_0__[\"shallowMount\"])(_components_BotonCategorias_vue__WEBPACK_IMPORTED_MODULE_2__[\"default\"],\n  {\n    store,\n    propsData: {\n      categoriaIngresos: store.state.categoriaIngresos,\n      categoriaEgresos: store.state.categoriaEgresos\n    }\n  })",
            "err": {},
            "isRoot": false,
            "uuid": "71651d28-32f4-4dd6-a042-3f0f07f725c5",
            "isHook": true,
            "skipped": false
          }
        ],
        "afterHooks": [],
        "tests": [
          {
            "title": "Crear cateogria de ingreso, events",
            "fullTitle": "categorias, test event Crear cateogria de ingreso, events",
            "timedOut": false,
            "duration": 7,
            "state": "failed",
            "pass": false,
            "fail": true,
            "pending": false,
            "code": "const categoriaNueva = 'Compras'\nwrapper.find('#selectorCategoria').trigger('click')\nwrapper.find('#selectorCategoria').trigger('keydown.down')\nwrapper.find('#selectorCategoria').trigger('keydown.enter')\nwrapper.find('#selectorCategoria').trigger('change')\nwrapper.find('#nombreCategoria').value = categoriaNueva\nwrapper.find('#nombreCategoria').trigger('input')\nwrapper.find('#agregarCategoria').trigger('click')\nassert.exists(store.state.categoriaIngresos.find(categoria => categoria === categoriaNueva),\n  'No se encontro la nueva cateogira')",
            "err": {
              "message": "AssertionError: No se encontro la nueva cateogira: expected undefined to exist",
              "estack": "AssertionError: No se encontro la nueva cateogira: expected undefined to exist\n    at Context.it (dist/webpack:/tests/unit/BotonCategoriasUnitTest.spec.js:97:1)"
            },
            "isRoot": false,
            "uuid": "6064168d-c2e4-4680-8892-bd8e67e6c845",
            "isHook": false,
            "skipped": false
          }
        ],
        "suites": [],
        "passes": [],
        "failures": [
          "6064168d-c2e4-4680-8892-bd8e67e6c845"
        ],
        "pending": [],
        "skipped": [],
        "duration": 7,
        "root": false,
        "rootEmpty": false,
        "_timeout": 2000
      },
      {
        "uuid": "16f16fbe-9c02-4236-862b-d524d7edbc06",
        "title": "Datos iniciales categorias",
        "fullFile": "/Users/abrahan/Desktop/JS/Walle-et/dist/main.js",
        "file": "/dist/main.js",
        "beforeHooks": [
          {
            "title": "\"before each\" hook",
            "fullTitle": "Datos iniciales categorias \"before each\" hook",
            "timedOut": false,
            "duration": 0,
            "pass": false,
            "fail": false,
            "pending": false,
            "code": "store = _src_Utils_TestUtil_js__WEBPACK_IMPORTED_MODULE_1__[\"default\"].getDefaultStore()",
            "err": {},
            "isRoot": false,
            "uuid": "723c2c22-2d39-464d-9104-42b81c794469",
            "isHook": true,
            "skipped": false
          }
        ],
        "afterHooks": [],
        "tests": [
          {
            "title": "Deberia tener 3 categorias de ingreso iniciales",
            "fullTitle": "Datos iniciales categorias Deberia tener 3 categorias de ingreso iniciales",
            "timedOut": false,
            "duration": 0,
            "state": "passed",
            "speed": "fast",
            "pass": true,
            "fail": false,
            "pending": false,
            "code": "assert.equal(3, store.state.categoriaIngresos.length,\n  'numero de categorias de ingresos: ' + store.state.categoriaIngresos.length)\nassert.exists(store.state.categoriaIngresos.find(categoria => categoria === 'Salario'),\n  'No esiste la categoria Salarios')\nassert.exists(store.state.categoriaIngresos.find(categoria => categoria === 'Transferencia'),\n  'No esiste la categoria Transferencia')\nassert.exists(store.state.categoriaIngresos.find(categoria => categoria === 'Otros'),\n  'No esiste la categoria Otros')",
            "err": {},
            "isRoot": false,
            "uuid": "6b006266-d585-4426-a243-865c47ccf0d7",
            "isHook": false,
            "skipped": false
          },
          {
            "title": "Deberia tener 3 categorias de egreso iniciales",
            "fullTitle": "Datos iniciales categorias Deberia tener 3 categorias de egreso iniciales",
            "timedOut": false,
            "duration": 0,
            "state": "passed",
            "speed": "fast",
            "pass": true,
            "fail": false,
            "pending": false,
            "code": "assert.equal(3, store.state.categoriaEgresos.length,\n  'numero de categorias de egresos: ' + store.state.categoriaEgresos.length)\nassert.exists(store.state.categoriaEgresos.find(categoria => categoria === 'Expensas'),\n  'No esiste la categoria Expensas')\nassert.exists(store.state.categoriaEgresos.find(categoria => categoria === 'Transferencia'),\n  'No esiste la categoria Transferencia')\nassert.exists(store.state.categoriaEgresos.find(categoria => categoria === 'Otros'),\n  'No esiste la categoria Otros')",
            "err": {},
            "isRoot": false,
            "uuid": "81d34611-d556-4515-b1ca-d393a28ca5ce",
            "isHook": false,
            "skipped": false
          }
        ],
        "suites": [],
        "passes": [
          "6b006266-d585-4426-a243-865c47ccf0d7",
          "81d34611-d556-4515-b1ca-d393a28ca5ce"
        ],
        "failures": [],
        "pending": [],
        "skipped": [],
        "duration": 0,
        "root": false,
        "rootEmpty": false,
        "_timeout": 2000
      },
      {
        "uuid": "f40b2f7a-f45c-42e7-ba39-fbf42dcf42e8",
        "title": "Categorias invalidas",
        "fullFile": "/Users/abrahan/Desktop/JS/Walle-et/dist/main.js",
        "file": "/dist/main.js",
        "beforeHooks": [
          {
            "title": "\"before each\" hook",
            "fullTitle": "Categorias invalidas \"before each\" hook",
            "timedOut": false,
            "duration": 7,
            "pass": false,
            "fail": false,
            "pending": false,
            "code": "store = _src_Utils_TestUtil_js__WEBPACK_IMPORTED_MODULE_1__[\"default\"].getDefaultStore()\nwrapper = Object(_vue_test_utils__WEBPACK_IMPORTED_MODULE_0__[\"shallowMount\"])(_components_BotonCategorias_vue__WEBPACK_IMPORTED_MODULE_2__[\"default\"],\n  {\n    store,\n    propsData: {\n      categoriaIngresos: store.state.categoriaIngresos,\n      categoriaEgresos: store.state.categoriaEgresos\n    }\n  })",
            "err": {},
            "isRoot": false,
            "uuid": "a772a1f7-a4ac-4183-b2f4-90f18ef52885",
            "isHook": true,
            "skipped": false
          }
        ],
        "afterHooks": [],
        "tests": [
          {
            "title": "no se puede crear categorias de ingreso con nombre vacio",
            "fullTitle": "Categorias invalidas no se puede crear categorias de ingreso con nombre vacio",
            "timedOut": false,
            "duration": 3,
            "state": "passed",
            "speed": "fast",
            "pass": true,
            "fail": false,
            "pending": false,
            "code": "wrapper.vm.tipo = 'Ingreso'\nwrapper.vm.nombre = ''\nwrapper.vm.agregar()\nassert.notExists(store.state.categoriaIngresos.find(categoria => categoria === ''))",
            "err": {},
            "isRoot": false,
            "uuid": "ff6a0a1f-6bb1-4901-9c38-92cb0aa753e8",
            "isHook": false,
            "skipped": false
          },
          {
            "title": "no se puede crear categorias de egreso con nombre vacio",
            "fullTitle": "Categorias invalidas no se puede crear categorias de egreso con nombre vacio",
            "timedOut": false,
            "duration": 3,
            "state": "passed",
            "speed": "fast",
            "pass": true,
            "fail": false,
            "pending": false,
            "code": "wrapper.vm.tipo = 'Egreso'\nwrapper.vm.nombre = ''\nwrapper.vm.agregar()\nassert.notExists(store.state.categoriaEgresos.find(categoria => categoria === ''))",
            "err": {},
            "isRoot": false,
            "uuid": "380ae850-6df5-4713-97fa-e65fb73208b6",
            "isHook": false,
            "skipped": false
          },
          {
            "title": "No se pueden agregar categorias de ingreso ya existentes",
            "fullTitle": "Categorias invalidas No se pueden agregar categorias de ingreso ya existentes",
            "timedOut": false,
            "duration": 6,
            "state": "passed",
            "speed": "fast",
            "pass": true,
            "fail": false,
            "pending": false,
            "code": "const categoriaExistente = 'Salario'\nconst cantidadInicial = store.state.categoriaEgresos.length\nwrapper.vm.tipo = 'Ingreso'\nwrapper.vm.nombre = categoriaExistente\nwrapper.vm.agregar()\nassert.equal(store.state.categoriaIngresos.length, cantidadInicial)",
            "err": {},
            "isRoot": false,
            "uuid": "2d1fbfe3-6015-49eb-a8d8-5793a2e2758d",
            "isHook": false,
            "skipped": false
          },
          {
            "title": "No se pueden agregar categorias de egreso ya existentes",
            "fullTitle": "Categorias invalidas No se pueden agregar categorias de egreso ya existentes",
            "timedOut": false,
            "duration": 10,
            "state": "passed",
            "speed": "fast",
            "pass": true,
            "fail": false,
            "pending": false,
            "code": "const categoriaExistente = 'Expensas'\nconst cantidadInicial = store.state.categoriaEgresos.length\nwrapper.vm.tipo = 'Egreso'\nwrapper.vm.nombre = categoriaExistente\nwrapper.vm.agregar()\nassert.equal(store.state.categoriaEgresos.length, cantidadInicial)",
            "err": {},
            "isRoot": false,
            "uuid": "265d69f6-9a6b-4970-b2d2-63d215d7396f",
            "isHook": false,
            "skipped": false
          },
          {
            "title": "no se puede crear categorias sin tipo",
            "fullTitle": "Categorias invalidas no se puede crear categorias sin tipo",
            "timedOut": false,
            "duration": 4,
            "state": "passed",
            "speed": "fast",
            "pass": true,
            "fail": false,
            "pending": false,
            "code": "const nombreCategoria = 'Supermercado'\nwrapper.vm.tipo = ''\nwrapper.vm.nombre = nombreCategoria\nwrapper.vm.agregar()\nassert.notExists(store.state.categoriaIngresos.find(categoria => categoria === nombreCategoria))\nassert.notExists(store.state.categoriaEgresos.find(categoria => categoria === nombreCategoria))",
            "err": {},
            "isRoot": false,
            "uuid": "28109505-4aba-4d33-b509-a8e8a8169b6c",
            "isHook": false,
            "skipped": false
          }
        ],
        "suites": [],
        "passes": [
          "ff6a0a1f-6bb1-4901-9c38-92cb0aa753e8",
          "380ae850-6df5-4713-97fa-e65fb73208b6",
          "2d1fbfe3-6015-49eb-a8d8-5793a2e2758d",
          "265d69f6-9a6b-4970-b2d2-63d215d7396f",
          "28109505-4aba-4d33-b509-a8e8a8169b6c"
        ],
        "failures": [],
        "pending": [],
        "skipped": [],
        "duration": 26,
        "root": false,
        "rootEmpty": false,
        "_timeout": 2000
      },
      {
        "uuid": "d98d266e-f8a8-43c8-903e-3741a5fffefc",
        "title": "Ingresos, funcional",
        "fullFile": "/Users/abrahan/Desktop/JS/Walle-et/dist/main.js",
        "file": "/dist/main.js",
        "beforeHooks": [
          {
            "title": "\"before each\" hook",
            "fullTitle": "Ingresos, funcional \"before each\" hook",
            "timedOut": false,
            "duration": 21,
            "pass": false,
            "fail": false,
            "pending": false,
            "code": "store = _Utils_TestUtil_js__WEBPACK_IMPORTED_MODULE_1__[\"default\"].getDefaultStore()\nstore.state.cuentas.push({ icon: 'account_balance', nombre: 'ahorros', fondos: 0, route: '/' })\nwrapper = Object(_vue_test_utils__WEBPACK_IMPORTED_MODULE_0__[\"shallowMount\"])(_components_BotonTransacciones__WEBPACK_IMPORTED_MODULE_2__[\"default\"],\n  {\n    store,\n    propsData: {\n      tipo: 'Ingreso',\n      cuenta: { icon: 'account_balance', nombre: 'ahorros', fondos: 0, route: '/' },\n      categorias: store.state.categoriaIngresos }\n  })",
            "err": {},
            "isRoot": false,
            "uuid": "17a246d4-8159-4fdb-b18c-80c24033fca8",
            "isHook": true,
            "skipped": false
          }
        ],
        "afterHooks": [],
        "tests": [
          {
            "title": "Agregar Ingreso",
            "fullTitle": "Ingresos, funcional Agregar Ingreso",
            "timedOut": false,
            "duration": 18,
            "state": "passed",
            "speed": "fast",
            "pass": true,
            "fail": false,
            "pending": false,
            "code": "const datosTransaccion = { cuenta: 'ahorros', fecha: '06/05/2019', monto: 120, categoria: 'Salario' }\nconst saldoInicial = 0\nwrapper.vm.monto = datosTransaccion.monto\nwrapper.vm.fecha = datosTransaccion.fecha\nwrapper.vm.categoria = datosTransaccion.categoria\nwrapper.vm.agregar()\nassert.exists(store.state.ingresos.find(function (ingreso) {\n  return (ingreso.cuenta === datosTransaccion.cuenta) &&\n  (ingreso.fecha === datosTransaccion.fecha) &&\n  (ingreso.categoria === datosTransaccion.categoria) &&\n  (ingreso.monto === datosTransaccion.monto)\n}), 'No se encontro el ingreso')\nassert.equal(store.state.cuentas.find(cuenta => cuenta.nombre === datosTransaccion.cuenta).fondos,\n  (saldoInicial + datosTransaccion.monto), 'No se actualiza el saldo de la cuenta')",
            "err": {},
            "isRoot": false,
            "uuid": "8c4fa958-99b4-4dfc-81f9-2f8a1bef3192",
            "isHook": false,
            "skipped": false
          }
        ],
        "suites": [],
        "passes": [
          "8c4fa958-99b4-4dfc-81f9-2f8a1bef3192"
        ],
        "failures": [],
        "pending": [],
        "skipped": [],
        "duration": 18,
        "root": false,
        "rootEmpty": false,
        "_timeout": 2000
      },
      {
        "uuid": "44ed034e-0daf-4f31-82fa-0b3564abedcd",
        "title": "Egresos, funcional",
        "fullFile": "/Users/abrahan/Desktop/JS/Walle-et/dist/main.js",
        "file": "/dist/main.js",
        "beforeHooks": [
          {
            "title": "\"before each\" hook",
            "fullTitle": "Egresos, funcional \"before each\" hook",
            "timedOut": false,
            "duration": 9,
            "pass": false,
            "fail": false,
            "pending": false,
            "code": "store = _Utils_TestUtil_js__WEBPACK_IMPORTED_MODULE_1__[\"default\"].getDefaultStore()\nstore.state.cuentas.push({ icon: 'account_balance', nombre: 'ahorros', fondos: 0, route: '/' })\nwrapper = Object(_vue_test_utils__WEBPACK_IMPORTED_MODULE_0__[\"shallowMount\"])(_components_BotonTransacciones__WEBPACK_IMPORTED_MODULE_2__[\"default\"],\n  {\n    store,\n    propsData: {\n      tipo: 'Egreso',\n      cuenta: { icon: 'account_balance', nombre: 'ahorros', fondos: 200, route: '/' },\n      categorias: store.state.categoriaEgresos }\n  })",
            "err": {},
            "isRoot": false,
            "uuid": "84848ecd-6043-43cf-9004-c8f1bf331ecd",
            "isHook": true,
            "skipped": false
          }
        ],
        "afterHooks": [],
        "tests": [
          {
            "title": "Agregar Egreso",
            "fullTitle": "Egresos, funcional Agregar Egreso",
            "timedOut": false,
            "duration": 18,
            "state": "passed",
            "speed": "fast",
            "pass": true,
            "fail": false,
            "pending": false,
            "code": "const datosTransaccion = { cuenta: 'ahorros', fecha: '06/05/2019', monto: 100, categoria: 'Expensas' }\nconst saldoInicial = 200\nwrapper.vm.monto = datosTransaccion.monto\nwrapper.vm.fecha = datosTransaccion.fecha\nwrapper.vm.categoria = datosTransaccion.categoria\nwrapper.vm.agregar()\nassert.exists(store.state.egresos.find(function (egreso) {\n  return (egreso.cuenta === datosTransaccion.cuenta) &&\n  (egreso.fecha === datosTransaccion.fecha) &&\n  (egreso.categoria === datosTransaccion.categoria) &&\n  (egreso.monto === datosTransaccion.monto)\n}), 'No se encontro el egreso')\nassert.equal(store.state.cuentas.find(cuenta => cuenta.nombre === datosTransaccion.cuenta).fondos,\n  (saldoInicial - datosTransaccion.monto), 'No se actualiza el saldo de la cuenta')",
            "err": {},
            "isRoot": false,
            "uuid": "e28e03b1-ac47-4fff-bd10-d918da55f741",
            "isHook": false,
            "skipped": false
          }
        ],
        "suites": [],
        "passes": [
          "e28e03b1-ac47-4fff-bd10-d918da55f741"
        ],
        "failures": [],
        "pending": [],
        "skipped": [],
        "duration": 18,
        "root": false,
        "rootEmpty": false,
        "_timeout": 2000
      },
      {
        "uuid": "b936b335-c450-4b0f-a405-e1b0b5586b50",
        "title": "Ingresos invalidos",
        "fullFile": "/Users/abrahan/Desktop/JS/Walle-et/dist/main.js",
        "file": "/dist/main.js",
        "beforeHooks": [
          {
            "title": "\"before each\" hook",
            "fullTitle": "Ingresos invalidos \"before each\" hook",
            "timedOut": false,
            "duration": 12,
            "pass": false,
            "fail": false,
            "pending": false,
            "code": "store = _Utils_TestUtil_js__WEBPACK_IMPORTED_MODULE_1__[\"default\"].getDefaultStore()\nstore.state.cuentas.push({ icon: 'account_balance', nombre: 'ahorros', fondos: 0, route: '/' })\nwrapper = Object(_vue_test_utils__WEBPACK_IMPORTED_MODULE_0__[\"shallowMount\"])(_components_BotonTransacciones__WEBPACK_IMPORTED_MODULE_2__[\"default\"],\n  {\n    store,\n    propsData: {\n      tipo: 'Ingreso',\n      cuenta: { icon: 'account_balance', nombre: 'ahorros', fondos: 0, route: '/' },\n      categorias: store.state.categoriaIngresos }\n  })",
            "err": {},
            "isRoot": false,
            "uuid": "8d812f4d-96a0-45b7-aa6b-d2091f0e86d0",
            "isHook": true,
            "skipped": false
          }
        ],
        "afterHooks": [],
        "tests": [
          {
            "title": "categoria vacia",
            "fullTitle": "Ingresos invalidos categoria vacia",
            "timedOut": false,
            "duration": 14,
            "state": "passed",
            "speed": "fast",
            "pass": true,
            "fail": false,
            "pending": false,
            "code": "const datosTransaccion = { cuenta: 'ahorros', fecha: '06/05/2019', monto: 100, categoria: '' }\nconst saldoInicial = 0\nwrapper.vm.monto = datosTransaccion.monto\nwrapper.vm.fecha = datosTransaccion.fecha\nwrapper.vm.categoria = datosTransaccion.categoria\nwrapper.vm.agregar()\nassert.notExists(store.state.ingresos.find(function (ingreso) {\n  return (ingreso.cuenta === datosTransaccion.cuenta) &&\n  (ingreso.fecha === datosTransaccion.fecha) &&\n  (ingreso.categoria === datosTransaccion.categoria) &&\n  (ingreso.monto === datosTransaccion.monto)\n}), 'Se agrego el ingreso')\nassert.equal(store.state.cuentas.find(cuenta => cuenta.nombre === datosTransaccion.cuenta).fondos,\n  saldoInicial, 'Se cambia el saldo de la cuenta')",
            "err": {},
            "isRoot": false,
            "uuid": "6b8f0e96-1637-4cc2-9050-ede2815386f1",
            "isHook": false,
            "skipped": false
          },
          {
            "title": "fecha vacia",
            "fullTitle": "Ingresos invalidos fecha vacia",
            "timedOut": false,
            "duration": 11,
            "state": "passed",
            "speed": "fast",
            "pass": true,
            "fail": false,
            "pending": false,
            "code": "const datosTransaccion = { cuenta: 'ahorros', fecha: '', monto: 100, categoria: 'Salario' }\nconst saldoInicial = 0\nwrapper.vm.monto = datosTransaccion.monto\nwrapper.vm.fecha = datosTransaccion.fecha\nwrapper.vm.categoria = datosTransaccion.categoria\nwrapper.vm.agregar()\nassert.notExists(store.state.ingresos.find(function (ingreso) {\n  return (ingreso.cuenta === datosTransaccion.cuenta) &&\n  (ingreso.fecha === datosTransaccion.fecha) &&\n  (ingreso.categoria === datosTransaccion.categoria) &&\n  (ingreso.monto === datosTransaccion.monto)\n}), 'Se agrego el ingreso')\nassert.equal(store.state.cuentas.find(cuenta => cuenta.nombre === datosTransaccion.cuenta).fondos,\n  saldoInicial, 'Se cambia el saldo de la cuenta')",
            "err": {},
            "isRoot": false,
            "uuid": "3d9b9155-7708-44f1-80a5-1698b6e9781a",
            "isHook": false,
            "skipped": false
          },
          {
            "title": "monto nulo",
            "fullTitle": "Ingresos invalidos monto nulo",
            "timedOut": false,
            "duration": 14,
            "state": "passed",
            "speed": "fast",
            "pass": true,
            "fail": false,
            "pending": false,
            "code": "const datosTransaccion = { cuenta: 'ahorros', fecha: '06/05/2019', monto: 0, categoria: 'Salario' }\nconst saldoInicial = 0\nwrapper.vm.monto = datosTransaccion.monto\nwrapper.vm.fecha = datosTransaccion.fecha\nwrapper.vm.categoria = datosTransaccion.categoria\nwrapper.vm.agregar()\nassert.notExists(store.state.ingresos.find(function (ingreso) {\n  return (ingreso.cuenta === datosTransaccion.cuenta) &&\n  (ingreso.fecha === datosTransaccion.fecha) &&\n  (ingreso.categoria === datosTransaccion.categoria) &&\n  (ingreso.monto === datosTransaccion.monto)\n}), 'Se agrego el ingreso')\nassert.equal(store.state.cuentas.find(cuenta => cuenta.nombre === datosTransaccion.cuenta).fondos,\n  saldoInicial, 'Se cambia el saldo de la cuenta')",
            "err": {},
            "isRoot": false,
            "uuid": "ce0b3d16-fa49-463e-87cd-d54132c61b26",
            "isHook": false,
            "skipped": false
          },
          {
            "title": "monto negativo",
            "fullTitle": "Ingresos invalidos monto negativo",
            "timedOut": false,
            "duration": 16,
            "state": "passed",
            "speed": "fast",
            "pass": true,
            "fail": false,
            "pending": false,
            "code": "const datosTransaccion = { cuenta: 'ahorros', fecha: '06/05/2019', monto: -50, categoria: 'Salario' }\nconst saldoInicial = 0\nwrapper.vm.monto = datosTransaccion.monto\nwrapper.vm.fecha = datosTransaccion.fecha\nwrapper.vm.categoria = datosTransaccion.categoria\nwrapper.vm.agregar()\nassert.notExists(store.state.ingresos.find(function (ingreso) {\n  return (ingreso.cuenta === datosTransaccion.cuenta) &&\n  (ingreso.fecha === datosTransaccion.fecha) &&\n  (ingreso.categoria === datosTransaccion.categoria) &&\n  (ingreso.monto === datosTransaccion.monto)\n}), 'Se agrego el ingreso')\nassert.equal(store.state.cuentas.find(cuenta => cuenta.nombre === datosTransaccion.cuenta).fondos,\n  saldoInicial, 'Se cambia el saldo de la cuenta')",
            "err": {},
            "isRoot": false,
            "uuid": "ad7655c4-d770-44cb-ba09-62c26a369623",
            "isHook": false,
            "skipped": false
          },
          {
            "title": "categoria inexistente",
            "fullTitle": "Ingresos invalidos categoria inexistente",
            "timedOut": false,
            "duration": 15,
            "state": "passed",
            "speed": "fast",
            "pass": true,
            "fail": false,
            "pending": false,
            "code": "const datosTransaccion = { cuenta: 'ahorros', fecha: '06/05/2019', monto: 50, categoria: 'Tienda' }\nconst saldoInicial = 0\nwrapper.vm.monto = datosTransaccion.monto\nwrapper.vm.fecha = datosTransaccion.fecha\nwrapper.vm.categoria = datosTransaccion.categoria\nwrapper.vm.agregar()\nassert.notExists(store.state.ingresos.find(function (ingreso) {\n  return (ingreso.cuenta === datosTransaccion.cuenta) &&\n  (ingreso.fecha === datosTransaccion.fecha) &&\n  (ingreso.categoria === datosTransaccion.categoria) &&\n  (ingreso.monto === datosTransaccion.monto)\n}), 'Se agrego el ingreso')\nassert.equal(store.state.cuentas.find(cuenta => cuenta.nombre === datosTransaccion.cuenta).fondos,\n  saldoInicial, 'Se cambia el saldo de la cuenta')",
            "err": {},
            "isRoot": false,
            "uuid": "337ef700-925f-4cfe-835e-58059705b0cc",
            "isHook": false,
            "skipped": false
          }
        ],
        "suites": [],
        "passes": [
          "6b8f0e96-1637-4cc2-9050-ede2815386f1",
          "3d9b9155-7708-44f1-80a5-1698b6e9781a",
          "ce0b3d16-fa49-463e-87cd-d54132c61b26",
          "ad7655c4-d770-44cb-ba09-62c26a369623",
          "337ef700-925f-4cfe-835e-58059705b0cc"
        ],
        "failures": [],
        "pending": [],
        "skipped": [],
        "duration": 70,
        "root": false,
        "rootEmpty": false,
        "_timeout": 2000
      },
      {
        "uuid": "d4ec9c8a-a91c-41d9-8439-61ee54f74791",
        "title": "Egresos invalidos",
        "fullFile": "/Users/abrahan/Desktop/JS/Walle-et/dist/main.js",
        "file": "/dist/main.js",
        "beforeHooks": [
          {
            "title": "\"before each\" hook",
            "fullTitle": "Egresos invalidos \"before each\" hook",
            "timedOut": false,
            "duration": 9,
            "pass": false,
            "fail": false,
            "pending": false,
            "code": "store = _Utils_TestUtil_js__WEBPACK_IMPORTED_MODULE_1__[\"default\"].getDefaultStore()\nstore.state.cuentas.push({ icon: 'account_balance', nombre: 'ahorros', fondos: 100, route: '/' })\nwrapper = Object(_vue_test_utils__WEBPACK_IMPORTED_MODULE_0__[\"shallowMount\"])(_components_BotonTransacciones__WEBPACK_IMPORTED_MODULE_2__[\"default\"],\n  {\n    store,\n    propsData: {\n      tipo: 'Egreso',\n      cuenta: { icon: 'account_balance', nombre: 'ahorros', fondos: 100, route: '/' },\n      categorias: store.state.categoriaEgresos }\n  })",
            "err": {},
            "isRoot": false,
            "uuid": "0e0dd1b8-8609-4873-a1ae-3023fa1b877b",
            "isHook": true,
            "skipped": false
          }
        ],
        "afterHooks": [],
        "tests": [
          {
            "title": "categoria vacia",
            "fullTitle": "Egresos invalidos categoria vacia",
            "timedOut": false,
            "duration": 11,
            "state": "passed",
            "speed": "fast",
            "pass": true,
            "fail": false,
            "pending": false,
            "code": "const datosTransaccion = { cuenta: 'ahorros', fecha: '06/05/2019', monto: 50, categoria: '' }\nconst saldoInicial = 100\nwrapper.vm.monto = datosTransaccion.monto\nwrapper.vm.fecha = datosTransaccion.fecha\nwrapper.vm.categoria = datosTransaccion.categoria\nwrapper.vm.agregar()\nassert.notExists(store.state.egresos.find(function (egreso) {\n  return (egreso.cuenta === datosTransaccion.cuenta) &&\n  (egreso.fecha === datosTransaccion.fecha) &&\n  (egreso.categoria === datosTransaccion.categoria) &&\n  (egreso.monto === datosTransaccion.monto)\n}), 'Se agrego el egreso')\nassert.equal(store.state.cuentas.find(cuenta => cuenta.nombre === datosTransaccion.cuenta).fondos,\n  saldoInicial, 'Se cambia el saldo de la cuenta')",
            "err": {},
            "isRoot": false,
            "uuid": "6605dec3-9238-4360-8995-00c27253537c",
            "isHook": false,
            "skipped": false
          },
          {
            "title": "fecha vacia",
            "fullTitle": "Egresos invalidos fecha vacia",
            "timedOut": false,
            "duration": 18,
            "state": "passed",
            "speed": "fast",
            "pass": true,
            "fail": false,
            "pending": false,
            "code": "const datosTransaccion = { cuenta: 'ahorros', fecha: '', monto: 50, categoria: 'Expensas' }\nconst saldoInicial = 100\nwrapper.vm.monto = datosTransaccion.monto\nwrapper.vm.fecha = datosTransaccion.fecha\nwrapper.vm.categoria = datosTransaccion.categoria\nwrapper.vm.agregar()\nassert.notExists(store.state.egresos.find(function (egreso) {\n  return (egreso.cuenta === datosTransaccion.cuenta) &&\n  (egreso.fecha === datosTransaccion.fecha) &&\n  (egreso.categoria === datosTransaccion.categoria) &&\n  (egreso.monto === datosTransaccion.monto)\n}), 'Se agrego el egreso')\nassert.equal(store.state.cuentas.find(cuenta => cuenta.nombre === datosTransaccion.cuenta).fondos,\n  saldoInicial, 'Se cambia el saldo de la cuenta')",
            "err": {},
            "isRoot": false,
            "uuid": "f1cd64cb-682e-405e-ad43-d26d20f04a71",
            "isHook": false,
            "skipped": false
          },
          {
            "title": "monto nulo",
            "fullTitle": "Egresos invalidos monto nulo",
            "timedOut": false,
            "duration": 7,
            "state": "passed",
            "speed": "fast",
            "pass": true,
            "fail": false,
            "pending": false,
            "code": "const datosTransaccion = { cuenta: 'ahorros', fecha: '06/05/2019', monto: 0, categoria: 'Expensas' }\nconst saldoInicial = 100\nwrapper.vm.monto = datosTransaccion.monto\nwrapper.vm.fecha = datosTransaccion.fecha\nwrapper.vm.categoria = datosTransaccion.categoria\nwrapper.vm.agregar()\nassert.notExists(store.state.egresos.find(function (egreso) {\n  return (egreso.cuenta === datosTransaccion.cuenta) &&\n  (egreso.fecha === datosTransaccion.fecha) &&\n  (egreso.categoria === datosTransaccion.categoria) &&\n  (egreso.monto === datosTransaccion.monto)\n}), 'Se agrego el egreso')\nassert.equal(store.state.cuentas.find(cuenta => cuenta.nombre === datosTransaccion.cuenta).fondos,\n  saldoInicial, 'Se cambia el saldo de la cuenta')",
            "err": {},
            "isRoot": false,
            "uuid": "799a566d-439b-4490-957e-3be9b45ad74a",
            "isHook": false,
            "skipped": false
          },
          {
            "title": "monto negativo",
            "fullTitle": "Egresos invalidos monto negativo",
            "timedOut": false,
            "duration": 10,
            "state": "passed",
            "speed": "fast",
            "pass": true,
            "fail": false,
            "pending": false,
            "code": "const datosTransaccion = { cuenta: 'ahorros', fecha: '06/05/2019', monto: -50, categoria: 'Expensas' }\nconst saldoInicial = 100\nwrapper.vm.monto = datosTransaccion.monto\nwrapper.vm.fecha = datosTransaccion.fecha\nwrapper.vm.categoria = datosTransaccion.categoria\nwrapper.vm.agregar()\nassert.notExists(store.state.egresos.find(function (egreso) {\n  return (egreso.cuenta === datosTransaccion.cuenta) &&\n  (egreso.fecha === datosTransaccion.fecha) &&\n  (egreso.categoria === datosTransaccion.categoria) &&\n  (egreso.monto === datosTransaccion.monto)\n}), 'Se agrego el egreso')\nassert.equal(store.state.cuentas.find(cuenta => cuenta.nombre === datosTransaccion.cuenta).fondos,\n  saldoInicial, 'Se cambia el saldo de la cuenta')",
            "err": {},
            "isRoot": false,
            "uuid": "e98ed351-ffc0-4418-949b-90447c3fcd31",
            "isHook": false,
            "skipped": false
          },
          {
            "title": "monto mayor al saldo",
            "fullTitle": "Egresos invalidos monto mayor al saldo",
            "timedOut": false,
            "duration": 15,
            "state": "passed",
            "speed": "fast",
            "pass": true,
            "fail": false,
            "pending": false,
            "code": "const datosTransaccion = { cuenta: 'ahorros', fecha: '06/05/2019', monto: 200, categoria: 'Expensas' }\nconst saldoInicial = 100\nwrapper.vm.monto = datosTransaccion.monto\nwrapper.vm.fecha = datosTransaccion.fecha\nwrapper.vm.categoria = datosTransaccion.categoria\nwrapper.vm.agregar()\nassert.notExists(store.state.egresos.find(function (egreso) {\n  return (egreso.cuenta === datosTransaccion.cuenta) &&\n  (egreso.fecha === datosTransaccion.fecha) &&\n  (egreso.categoria === datosTransaccion.categoria) &&\n  (egreso.monto === datosTransaccion.monto)\n}), 'Se agrego el egreso')\nassert.equal(store.state.cuentas.find(cuenta => cuenta.nombre === datosTransaccion.cuenta).fondos,\n  saldoInicial, 'Se cambia el saldo de la cuenta')",
            "err": {},
            "isRoot": false,
            "uuid": "6acfc6f0-1207-42b3-8945-d8ad6a95a985",
            "isHook": false,
            "skipped": false
          },
          {
            "title": "categoria inexistente",
            "fullTitle": "Egresos invalidos categoria inexistente",
            "timedOut": false,
            "duration": 13,
            "state": "passed",
            "speed": "fast",
            "pass": true,
            "fail": false,
            "pending": false,
            "code": "const datosTransaccion = { cuenta: 'ahorros', fecha: '06/05/2019', monto: 50, categoria: 'Tienda' }\nconst saldoInicial = 100\nwrapper.vm.monto = datosTransaccion.monto\nwrapper.vm.fecha = datosTransaccion.fecha\nwrapper.vm.categoria = datosTransaccion.categoria\nwrapper.vm.agregar()\nassert.notExists(store.state.egresos.find(function (egreso) {\n  return (egreso.cuenta === datosTransaccion.cuenta) &&\n  (egreso.fecha === datosTransaccion.fecha) &&\n  (egreso.categoria === datosTransaccion.categoria) &&\n  (egreso.monto === datosTransaccion.monto)\n}), 'Se agrego el egreso')\nassert.equal(store.state.cuentas.find(cuenta => cuenta.nombre === datosTransaccion.cuenta).fondos,\n  saldoInicial, 'Se cambia el saldo de la cuenta')",
            "err": {},
            "isRoot": false,
            "uuid": "c6802545-ffff-45b2-b5eb-88f9bff113b3",
            "isHook": false,
            "skipped": false
          }
        ],
        "suites": [],
        "passes": [
          "6605dec3-9238-4360-8995-00c27253537c",
          "f1cd64cb-682e-405e-ad43-d26d20f04a71",
          "799a566d-439b-4490-957e-3be9b45ad74a",
          "e98ed351-ffc0-4418-949b-90447c3fcd31",
          "6acfc6f0-1207-42b3-8945-d8ad6a95a985",
          "c6802545-ffff-45b2-b5eb-88f9bff113b3"
        ],
        "failures": [],
        "pending": [],
        "skipped": [],
        "duration": 74,
        "root": false,
        "rootEmpty": false,
        "_timeout": 2000
      },
      {
        "uuid": "c0aeadc7-079c-460f-8816-09dc58e1b78b",
        "title": "Render test, transacciones",
        "fullFile": "/Users/abrahan/Desktop/JS/Walle-et/dist/main.js",
        "file": "/dist/main.js",
        "beforeHooks": [
          {
            "title": "\"before each\" hook",
            "fullTitle": "Render test, transacciones \"before each\" hook",
            "timedOut": false,
            "duration": 0,
            "pass": false,
            "fail": false,
            "pending": false,
            "code": "store = _Utils_TestUtil_js__WEBPACK_IMPORTED_MODULE_1__[\"default\"].getDefaultStore()\nstore.state.cuentas.push({ icon: 'account_balance', nombre: 'ahorros', fondos: 0, route: '/' })",
            "err": {},
            "isRoot": false,
            "uuid": "9ee3a297-0cdc-47cb-bff0-5dbe630e8b69",
            "isHook": true,
            "skipped": false
          }
        ],
        "afterHooks": [],
        "tests": [
          {
            "title": "test ingreso",
            "fullTitle": "Render test, transacciones test ingreso",
            "timedOut": false,
            "duration": 16,
            "state": "passed",
            "speed": "fast",
            "pass": true,
            "fail": false,
            "pending": false,
            "code": "wrapper = Object(_vue_test_utils__WEBPACK_IMPORTED_MODULE_0__[\"shallowMount\"])(_components_BotonTransacciones__WEBPACK_IMPORTED_MODULE_2__[\"default\"],\n  {\n    store,\n    propsData: {\n      tipo: 'Ingreso',\n      cuenta: { icon: 'account_balance', nombre: 'ahorros', fondos: 0, route: '/' },\n      categorias: store.state.categoriaIngresos }\n  })\nassert.exists(wrapper.find('#selectorIngreso'))\nassert.exists(wrapper.find('#montoIngreso'))\nassert.exists(wrapper.find('#menuCalendarioIngreso'))\nassert.exists(wrapper.find('#fechaCalendarioIngreso'))\nassert.exists(wrapper.find('#okCalendarioIngreso'))\nassert.exists(wrapper.find('#agregarIngreso'))",
            "err": {},
            "isRoot": false,
            "uuid": "a1464d59-8206-44c5-831c-3f6cda10490c",
            "isHook": false,
            "skipped": false
          },
          {
            "title": "test egreso",
            "fullTitle": "Render test, transacciones test egreso",
            "timedOut": false,
            "duration": 10,
            "state": "passed",
            "speed": "fast",
            "pass": true,
            "fail": false,
            "pending": false,
            "code": "wrapper = Object(_vue_test_utils__WEBPACK_IMPORTED_MODULE_0__[\"shallowMount\"])(_components_BotonTransacciones__WEBPACK_IMPORTED_MODULE_2__[\"default\"],\n  {\n    store,\n    propsData: {\n      tipo: 'Egreso',\n      cuenta: { icon: 'account_balance', nombre: 'ahorros', fondos: 0, route: '/' },\n      categorias: store.state.categoriaIngresos }\n  })\nassert.exists(wrapper.find('#selectorEgreso'))\nassert.exists(wrapper.find('#montoEgreso'))\nassert.exists(wrapper.find('#menuCalendarioEgreso'))\nassert.exists(wrapper.find('#fechaCalendarioEgreso'))\nassert.exists(wrapper.find('#okCalendarioEgreso'))\nassert.exists(wrapper.find('#agregarEgreso'))",
            "err": {},
            "isRoot": false,
            "uuid": "0916b587-c4e7-4b11-b953-5ac5304a0e9d",
            "isHook": false,
            "skipped": false
          }
        ],
        "suites": [],
        "passes": [
          "a1464d59-8206-44c5-831c-3f6cda10490c",
          "0916b587-c4e7-4b11-b953-5ac5304a0e9d"
        ],
        "failures": [],
        "pending": [],
        "skipped": [],
        "duration": 26,
        "root": false,
        "rootEmpty": false,
        "_timeout": 2000
      },
      {
        "uuid": "c4e1f0f6-86f7-41ec-8370-f8fcc2ab3b31",
        "title": "Transferencia, funcional",
        "fullFile": "/Users/abrahan/Desktop/JS/Walle-et/dist/main.js",
        "file": "/dist/main.js",
        "beforeHooks": [
          {
            "title": "\"before each\" hook",
            "fullTitle": "Transferencia, funcional \"before each\" hook",
            "timedOut": false,
            "duration": 7,
            "pass": false,
            "fail": false,
            "pending": false,
            "code": "store = _Utils_TestUtil_js__WEBPACK_IMPORTED_MODULE_1__[\"default\"].getDefaultStore()\nstore.state.cuentas.push({ icon: 'account_balance', nombre: 'ahorros', fondos: 100, route: '/' })\nstore.state.cuentas.push({ icon: 'account_balance', nombre: 'comida', fondos: 0, route: '/' })\nwrapper = Object(_vue_test_utils__WEBPACK_IMPORTED_MODULE_0__[\"shallowMount\"])(_components_BotonTransferencia__WEBPACK_IMPORTED_MODULE_2__[\"default\"],\n  {\n    store, propsData: { cuenta: { icon: 'account_balance', nombre: 'ahorros', fondos: 100, route: '/' } }\n  })",
            "err": {},
            "isRoot": false,
            "uuid": "c8d57907-8cd4-4c24-83a1-0ab3b7133be5",
            "isHook": true,
            "skipped": false
          }
        ],
        "afterHooks": [],
        "tests": [
          {
            "title": "Agregar Transferencia",
            "fullTitle": "Transferencia, funcional Agregar Transferencia",
            "timedOut": false,
            "duration": 16,
            "state": "passed",
            "speed": "fast",
            "pass": true,
            "fail": false,
            "pending": false,
            "code": "const datosTransferencia = {\n  cuentaDestino: 'comida',\n  fecha: '2019-05-06',\n  monto: 50,\n  categoria: 'Transferencia',\n  cuentaOrigen: 'ahorros',\n  saldoOrigenInicial: 100,\n  saldoDestinoInicial: 0\n}\nwrapper.vm.monto = datosTransferencia.monto\nwrapper.vm.fecha = datosTransferencia.fecha\nwrapper.vm.cuentaDestino = datosTransferencia.cuentaDestino\nwrapper.vm.transferir()\nassert.exists(store.state.ingresos.find(function (ingreso) {\n  return (ingreso.cuenta === datosTransferencia.cuentaDestino) &&\n  (ingreso.fecha === datosTransferencia.fecha) &&\n  (ingreso.categoria === datosTransferencia.categoria) &&\n  (ingreso.monto === datosTransferencia.monto)\n}), 'No se encontro el ingreso en la cuenta destino' + store.state.egresos.length)\nassert.equal(store.state.cuentas.find(cuenta => cuenta.nombre === datosTransferencia.cuentaDestino).fondos,\n  (datosTransferencia.saldoDestinoInicial + datosTransferencia.monto),\n  'No se actualiza el saldo de la cuenta Destino')\nassert.exists(store.state.egresos.find(function (egreso) {\n  return (egreso.cuenta === datosTransferencia.cuentaOrigen) &&\n  (egreso.fecha === datosTransferencia.fecha) &&\n  (egreso.categoria === datosTransferencia.categoria) &&\n  (egreso.monto === datosTransferencia.monto)\n}), 'No se encontro el egreso en la cuenta origen')\nassert.equal(store.state.cuentas.find(cuenta => cuenta.nombre === datosTransferencia.cuentaOrigen).fondos,\n  (datosTransferencia.saldoOrigenInicial - datosTransferencia.monto),\n  'No se actualiza el saldo de la cuenta origen')",
            "err": {},
            "isRoot": false,
            "uuid": "b15059cc-4ffa-4e18-9e42-b4a206303040",
            "isHook": false,
            "skipped": false
          }
        ],
        "suites": [],
        "passes": [
          "b15059cc-4ffa-4e18-9e42-b4a206303040"
        ],
        "failures": [],
        "pending": [],
        "skipped": [],
        "duration": 16,
        "root": false,
        "rootEmpty": false,
        "_timeout": 2000
      },
      {
        "uuid": "004f80e1-fc92-46e9-9a0b-4de26a1f7e23",
        "title": "Transferencias invalidas",
        "fullFile": "/Users/abrahan/Desktop/JS/Walle-et/dist/main.js",
        "file": "/dist/main.js",
        "beforeHooks": [
          {
            "title": "\"before each\" hook",
            "fullTitle": "Transferencias invalidas \"before each\" hook",
            "timedOut": false,
            "duration": 24,
            "pass": false,
            "fail": false,
            "pending": false,
            "code": "store = _Utils_TestUtil_js__WEBPACK_IMPORTED_MODULE_1__[\"default\"].getDefaultStore()\nstore.state.cuentas.push({ icon: 'account_balance', nombre: 'ahorros', fondos: 100, route: '/' })\nstore.state.cuentas.push({ icon: 'account_balance', nombre: 'comida', fondos: 0, route: '/' })\nwrapper = Object(_vue_test_utils__WEBPACK_IMPORTED_MODULE_0__[\"shallowMount\"])(_components_BotonTransferencia__WEBPACK_IMPORTED_MODULE_2__[\"default\"],\n  {\n    store, propsData: { cuenta: { icon: 'account_balance', nombre: 'ahorros', fondos: 100, route: '/' } }\n  })",
            "err": {},
            "isRoot": false,
            "uuid": "7acd9247-791f-4b9c-b529-ababa45a8825",
            "isHook": true,
            "skipped": false
          }
        ],
        "afterHooks": [],
        "tests": [
          {
            "title": "Fecha vacia",
            "fullTitle": "Transferencias invalidas Fecha vacia",
            "timedOut": false,
            "duration": 11,
            "state": "passed",
            "speed": "fast",
            "pass": true,
            "fail": false,
            "pending": false,
            "code": "const datosTransferencia = {\n  cuentaDestino: 'comida',\n  fecha: '',\n  monto: 50,\n  categoria: 'Transferencia',\n  cuentaOrigen: 'ahorros',\n  saldoOrigenInicial: 100,\n  saldoDestinoInicial: 0\n}\nwrapper.vm.monto = datosTransferencia.monto\nwrapper.vm.fecha = datosTransferencia.fecha\nwrapper.vm.cuentaDestino = datosTransferencia.cuentaDestino\nwrapper.vm.transferir()\nassert.notExists(store.state.ingresos.find(function (ingreso) {\n  return (ingreso.cuenta === datosTransferencia.cuentaDestino) &&\n  (ingreso.fecha === datosTransferencia.fecha) &&\n  (ingreso.categoria === datosTransferencia.categoria) &&\n  (ingreso.monto === datosTransferencia.monto)\n}), 'Se encontro el ingreso en la cuenta destino')\nassert.equal(store.state.cuentas.find(cuenta => cuenta.nombre === datosTransferencia.cuentaDestino).fondos,\n  (datosTransferencia.saldoDestinoInicial),\n  'Se actualiza el saldo de la cuenta Destino')\nassert.notExists(store.state.egresos.find(function (egreso) {\n  return (egreso.cuenta === datosTransferencia.cuentaOrigen) &&\n  (egreso.fecha === datosTransferencia.fecha) &&\n  (egreso.categoria === datosTransferencia.categoria) &&\n  (egreso.monto === datosTransferencia.monto)\n}), 'Se encontro el egreso en la cuenta origen')\nassert.equal(store.state.cuentas.find(cuenta => cuenta.nombre === datosTransferencia.cuentaOrigen).fondos,\n  (datosTransferencia.saldoOrigenInicial),\n  'Se actualiza el saldo de la cuenta origen')",
            "err": {},
            "isRoot": false,
            "uuid": "b1bdb7f0-0303-4892-8e0e-c7c7a0ebc341",
            "isHook": false,
            "skipped": false
          },
          {
            "title": "Cuenta destino vacia",
            "fullTitle": "Transferencias invalidas Cuenta destino vacia",
            "timedOut": false,
            "duration": 7,
            "state": "passed",
            "speed": "fast",
            "pass": true,
            "fail": false,
            "pending": false,
            "code": "const datosTransferencia = {\n  cuentaDestino: '',\n  fecha: '2019-05-06',\n  monto: 50,\n  categoria: 'Transferencia',\n  cuentaOrigen: 'ahorros',\n  saldoOrigenInicial: 100,\n  saldoDestinoInicial: 0\n}\nwrapper.vm.monto = datosTransferencia.monto\nwrapper.vm.fecha = datosTransferencia.fecha\nwrapper.vm.cuentaDestino = datosTransferencia.cuentaDestino\nwrapper.vm.transferir()\nassert.notExists(store.state.ingresos.find(function (ingreso) {\n  return (ingreso.cuenta === datosTransferencia.cuentaDestino) &&\n  (ingreso.fecha === datosTransferencia.fecha) &&\n  (ingreso.categoria === datosTransferencia.categoria) &&\n  (ingreso.monto === datosTransferencia.monto)\n}), 'Se encontro el ingreso en la cuenta destino')\nassert.notExists(store.state.egresos.find(function (egreso) {\n  return (egreso.cuenta === datosTransferencia.cuentaOrigen) &&\n  (egreso.fecha === datosTransferencia.fecha) &&\n  (egreso.categoria === datosTransferencia.categoria) &&\n  (egreso.monto === datosTransferencia.monto)\n}), 'Se encontro el egreso en la cuenta origen')\nassert.equal(store.state.cuentas.find(cuenta => cuenta.nombre === datosTransferencia.cuentaOrigen).fondos,\n  (datosTransferencia.saldoOrigenInicial),\n  'Se actualiza el saldo de la cuenta origen')",
            "err": {},
            "isRoot": false,
            "uuid": "7667e2c8-76d4-4ebb-ae3b-858d5982e5e9",
            "isHook": false,
            "skipped": false
          },
          {
            "title": "monto nulo",
            "fullTitle": "Transferencias invalidas monto nulo",
            "timedOut": false,
            "duration": 7,
            "state": "passed",
            "speed": "fast",
            "pass": true,
            "fail": false,
            "pending": false,
            "code": "const datosTransferencia = {\n  cuentaDestino: 'comida',\n  fecha: '2019-05-06',\n  monto: 0,\n  categoria: 'Transferencia',\n  cuentaOrigen: 'ahorros',\n  saldoOrigenInicial: 100,\n  saldoDestinoInicial: 0\n}\nwrapper.vm.monto = datosTransferencia.monto\nwrapper.vm.fecha = datosTransferencia.fecha\nwrapper.vm.cuentaDestino = datosTransferencia.cuentaDestino\nwrapper.vm.transferir()\nassert.notExists(store.state.ingresos.find(function (ingreso) {\n  return (ingreso.cuenta === datosTransferencia.cuentaDestino) &&\n  (ingreso.fecha === datosTransferencia.fecha) &&\n  (ingreso.categoria === datosTransferencia.categoria) &&\n  (ingreso.monto === datosTransferencia.monto)\n}), 'Se encontro el ingreso en la cuenta destino')\nassert.equal(store.state.cuentas.find(cuenta => cuenta.nombre === datosTransferencia.cuentaDestino).fondos,\n  (datosTransferencia.saldoDestinoInicial),\n  'Se actualiza el saldo de la cuenta Destino')\nassert.notExists(store.state.egresos.find(function (egreso) {\n  return (egreso.cuenta === datosTransferencia.cuentaOrigen) &&\n  (egreso.fecha === datosTransferencia.fecha) &&\n  (egreso.categoria === datosTransferencia.categoria) &&\n  (egreso.monto === datosTransferencia.monto)\n}), 'Se encontro el egreso en la cuenta origen')\nassert.equal(store.state.cuentas.find(cuenta => cuenta.nombre === datosTransferencia.cuentaOrigen).fondos,\n  (datosTransferencia.saldoOrigenInicial),\n  'Se actualiza el saldo de la cuenta origen')",
            "err": {},
            "isRoot": false,
            "uuid": "1330f16d-41c2-4f5b-94a9-fba1f3657c87",
            "isHook": false,
            "skipped": false
          },
          {
            "title": "monto negativo",
            "fullTitle": "Transferencias invalidas monto negativo",
            "timedOut": false,
            "duration": 26,
            "state": "passed",
            "speed": "fast",
            "pass": true,
            "fail": false,
            "pending": false,
            "code": "const datosTransferencia = {\n  cuentaDestino: 'comida',\n  fecha: '2019-05-06',\n  monto: -30,\n  categoria: 'Transferencia',\n  cuentaOrigen: 'ahorros',\n  saldoOrigenInicial: 100,\n  saldoDestinoInicial: 0\n}\nwrapper.vm.monto = datosTransferencia.monto\nwrapper.vm.fecha = datosTransferencia.fecha\nwrapper.vm.cuentaDestino = datosTransferencia.cuentaDestino\nwrapper.vm.transferir()\nassert.notExists(store.state.ingresos.find(function (ingreso) {\n  return (ingreso.cuenta === datosTransferencia.cuentaDestino) &&\n  (ingreso.fecha === datosTransferencia.fecha) &&\n  (ingreso.categoria === datosTransferencia.categoria) &&\n  (ingreso.monto === datosTransferencia.monto)\n}), 'Se encontro el ingreso en la cuenta destino')\nassert.equal(store.state.cuentas.find(cuenta => cuenta.nombre === datosTransferencia.cuentaDestino).fondos,\n  (datosTransferencia.saldoDestinoInicial),\n  'Se actualiza el saldo de la cuenta Destino')\nassert.notExists(store.state.egresos.find(function (egreso) {\n  return (egreso.cuenta === datosTransferencia.cuentaOrigen) &&\n  (egreso.fecha === datosTransferencia.fecha) &&\n  (egreso.categoria === datosTransferencia.categoria) &&\n  (egreso.monto === datosTransferencia.monto)\n}), 'Se encontro el egreso en la cuenta origen')\nassert.equal(store.state.cuentas.find(cuenta => cuenta.nombre === datosTransferencia.cuentaOrigen).fondos,\n  (datosTransferencia.saldoOrigenInicial),\n  'Se actualiza el saldo de la cuenta origen')",
            "err": {},
            "isRoot": false,
            "uuid": "07f7977c-2deb-46a0-b806-4008a4930c1b",
            "isHook": false,
            "skipped": false
          },
          {
            "title": "saldo insuficiente",
            "fullTitle": "Transferencias invalidas saldo insuficiente",
            "timedOut": false,
            "duration": 31,
            "state": "passed",
            "speed": "fast",
            "pass": true,
            "fail": false,
            "pending": false,
            "code": "const datosTransferencia = {\n  cuentaDestino: 'comida',\n  fecha: '2019-05-06',\n  monto: 200,\n  categoria: 'Transferencia',\n  cuentaOrigen: 'ahorros',\n  saldoOrigenInicial: 100,\n  saldoDestinoInicial: 0\n}\nwrapper.vm.monto = datosTransferencia.monto\nwrapper.vm.fecha = datosTransferencia.fecha\nwrapper.vm.cuentaDestino = datosTransferencia.cuentaDestino\nwrapper.vm.transferir()\nassert.notExists(store.state.ingresos.find(function (ingreso) {\n  return (ingreso.cuenta === datosTransferencia.cuentaDestino) &&\n  (ingreso.fecha === datosTransferencia.fecha) &&\n  (ingreso.categoria === datosTransferencia.categoria) &&\n  (ingreso.monto === datosTransferencia.monto)\n}), 'Se encontro el ingreso en la cuenta destino')\nassert.equal(store.state.cuentas.find(cuenta => cuenta.nombre === datosTransferencia.cuentaDestino).fondos,\n  (datosTransferencia.saldoDestinoInicial),\n  'Se actualiza el saldo de la cuenta Destino')\nassert.notExists(store.state.egresos.find(function (egreso) {\n  return (egreso.cuenta === datosTransferencia.cuentaOrigen) &&\n  (egreso.fecha === datosTransferencia.fecha) &&\n  (egreso.categoria === datosTransferencia.categoria) &&\n  (egreso.monto === datosTransferencia.monto)\n}), 'Se encontro el egreso en la cuenta origen')\nassert.equal(store.state.cuentas.find(cuenta => cuenta.nombre === datosTransferencia.cuentaOrigen).fondos,\n  (datosTransferencia.saldoOrigenInicial),\n  'Se actualiza el saldo de la cuenta origen')",
            "err": {},
            "isRoot": false,
            "uuid": "7fd72d01-5b13-4e2a-aea4-bef9b3579492",
            "isHook": false,
            "skipped": false
          },
          {
            "title": "Destino inexistente",
            "fullTitle": "Transferencias invalidas Destino inexistente",
            "timedOut": false,
            "duration": 39,
            "state": "passed",
            "speed": "medium",
            "pass": true,
            "fail": false,
            "pending": false,
            "code": "const datosTransferencia = {\n  cuentaDestino: 'banco',\n  fecha: '2019-05-06',\n  monto: 50,\n  categoria: 'Transferencia',\n  cuentaOrigen: 'ahorros',\n  saldoOrigenInicial: 100,\n  saldoDestinoInicial: 0\n}\nwrapper.vm.monto = datosTransferencia.monto\nwrapper.vm.fecha = datosTransferencia.fecha\nwrapper.vm.cuentaDestino = datosTransferencia.cuentaDestino\nwrapper.vm.transferir()\nassert.notExists(store.state.ingresos.find(function (ingreso) {\n  return (ingreso.cuenta === datosTransferencia.cuentaDestino) &&\n  (ingreso.fecha === datosTransferencia.fecha) &&\n  (ingreso.categoria === datosTransferencia.categoria) &&\n  (ingreso.monto === datosTransferencia.monto)\n}), 'Se encontro el ingreso en la cuenta destino')\nassert.notExists(store.state.egresos.find(function (egreso) {\n  return (egreso.cuenta === datosTransferencia.cuentaOrigen) &&\n  (egreso.fecha === datosTransferencia.fecha) &&\n  (egreso.categoria === datosTransferencia.categoria) &&\n  (egreso.monto === datosTransferencia.monto)\n}), 'Se encontro el egreso en la cuenta origen')\nassert.equal(store.state.cuentas.find(cuenta => cuenta.nombre === datosTransferencia.cuentaOrigen).fondos,\n  (datosTransferencia.saldoOrigenInicial),\n  'Se actualiza el saldo de la cuenta origen')",
            "err": {},
            "isRoot": false,
            "uuid": "6ea54f60-ffe3-4c71-8d39-d7768f4d5af5",
            "isHook": false,
            "skipped": false
          }
        ],
        "suites": [],
        "passes": [
          "b1bdb7f0-0303-4892-8e0e-c7c7a0ebc341",
          "7667e2c8-76d4-4ebb-ae3b-858d5982e5e9",
          "1330f16d-41c2-4f5b-94a9-fba1f3657c87",
          "07f7977c-2deb-46a0-b806-4008a4930c1b",
          "7fd72d01-5b13-4e2a-aea4-bef9b3579492",
          "6ea54f60-ffe3-4c71-8d39-d7768f4d5af5"
        ],
        "failures": [],
        "pending": [],
        "skipped": [],
        "duration": 121,
        "root": false,
        "rootEmpty": false,
        "_timeout": 2000
      },
      {
        "uuid": "1c81f853-58cf-49e8-8322-a870ae3826b2",
        "title": "render tranferencia",
        "fullFile": "/Users/abrahan/Desktop/JS/Walle-et/dist/main.js",
        "file": "/dist/main.js",
        "beforeHooks": [
          {
            "title": "\"before each\" hook",
            "fullTitle": "render tranferencia \"before each\" hook",
            "timedOut": false,
            "duration": 8,
            "pass": false,
            "fail": false,
            "pending": false,
            "code": "store = _Utils_TestUtil_js__WEBPACK_IMPORTED_MODULE_1__[\"default\"].getDefaultStore()\nstore.state.cuentas.push({ icon: 'account_balance', nombre: 'ahorros', fondos: 100, route: '/' })\nstore.state.cuentas.push({ icon: 'account_balance', nombre: 'comida', fondos: 0, route: '/' })\nwrapper = Object(_vue_test_utils__WEBPACK_IMPORTED_MODULE_0__[\"shallowMount\"])(_components_BotonTransferencia__WEBPACK_IMPORTED_MODULE_2__[\"default\"],\n  {\n    store, propsData: { cuenta: { icon: 'account_balance', nombre: 'ahorros', fondos: 100, route: '/' } }\n  })",
            "err": {},
            "isRoot": false,
            "uuid": "11c6476b-aced-4319-98e0-988f51a4c85e",
            "isHook": true,
            "skipped": false
          }
        ],
        "afterHooks": [],
        "tests": [
          {
            "title": "Elementos del formulario renderizan",
            "fullTitle": "render tranferencia Elementos del formulario renderizan",
            "timedOut": false,
            "duration": 2,
            "state": "passed",
            "speed": "fast",
            "pass": true,
            "fail": false,
            "pending": false,
            "code": "assert.exists(wrapper.find('#selectorCuentaTransferencua'))\nassert.exists(wrapper.find('#montoTransferencia'))\nassert.exists(wrapper.find('#menuCalendarioTransferencia'))\nassert.exists(wrapper.find('#fechaCalendarioTransferencia'))\nassert.exists(wrapper.find('#okCalendarioTransferencia'))\nassert.exists(wrapper.find('#agregarTransferencia'))",
            "err": {},
            "isRoot": false,
            "uuid": "177a664c-c48c-48a1-94ce-4152ed07bb9b",
            "isHook": false,
            "skipped": false
          }
        ],
        "suites": [],
        "passes": [
          "177a664c-c48c-48a1-94ce-4152ed07bb9b"
        ],
        "failures": [],
        "pending": [],
        "skipped": [],
        "duration": 2,
        "root": false,
        "rootEmpty": false,
        "_timeout": 2000
      },
      {
        "uuid": "a54a9bd5-9a55-450e-972d-f68570cac3b8",
        "title": "Cuenta",
        "fullFile": "/Users/abrahan/Desktop/JS/Walle-et/dist/main.js",
        "file": "/dist/main.js",
        "beforeHooks": [
          {
            "title": "\"before each\" hook",
            "fullTitle": "Cuenta \"before each\" hook",
            "timedOut": false,
            "duration": 11,
            "pass": false,
            "fail": false,
            "pending": false,
            "code": "store = _src_Utils_TestUtil_js__WEBPACK_IMPORTED_MODULE_1__[\"default\"].getDefaultStore()\nrouter = new vue_router__WEBPACK_IMPORTED_MODULE_3__[\"default\"]()\nwrapper = Object(_vue_test_utils__WEBPACK_IMPORTED_MODULE_0__[\"shallowMount\"])(_components_CrearWallet_vue__WEBPACK_IMPORTED_MODULE_2__[\"default\"],\n  {\n    store,\n    router\n  })\nwrapper.setData({\n  nombre: '',\n  nombreExiste: false,\n  snackbar: false,\n  timeout: 2500,\n  snackbarText: ''\n})",
            "err": {},
            "isRoot": false,
            "uuid": "5be27557-5297-4ec6-9bba-48eb7107d2a6",
            "isHook": true,
            "skipped": false
          }
        ],
        "afterHooks": [],
        "tests": [
          {
            "title": "Crear Cuenta, funcional",
            "fullTitle": "Cuenta Crear Cuenta, funcional",
            "timedOut": false,
            "duration": 5,
            "state": "passed",
            "speed": "fast",
            "pass": true,
            "fail": false,
            "pending": false,
            "code": "wrapper.vm.nombre = 'nuevaWallet'\nwrapper.vm.addCuenta()\nassert.exists(store.state.cuentas.find(cuenta => cuenta.nombre === 'nuevaWallet'),\n  'no se crea la cuenta')",
            "err": {},
            "isRoot": false,
            "uuid": "2f209072-1c46-4804-b35f-a5d419abbf5a",
            "isHook": false,
            "skipped": false
          }
        ],
        "suites": [],
        "passes": [
          "2f209072-1c46-4804-b35f-a5d419abbf5a"
        ],
        "failures": [],
        "pending": [],
        "skipped": [],
        "duration": 5,
        "root": false,
        "rootEmpty": false,
        "_timeout": 2000
      },
      {
        "uuid": "d1fcb90a-aebe-4b6b-8738-287b96a087d7",
        "title": "Cuentas invalidas",
        "fullFile": "/Users/abrahan/Desktop/JS/Walle-et/dist/main.js",
        "file": "/dist/main.js",
        "beforeHooks": [
          {
            "title": "\"before each\" hook",
            "fullTitle": "Cuentas invalidas \"before each\" hook",
            "timedOut": false,
            "duration": 6,
            "pass": false,
            "fail": false,
            "pending": false,
            "code": "store = _src_Utils_TestUtil_js__WEBPACK_IMPORTED_MODULE_1__[\"default\"].getDefaultStore()\nrouter = new vue_router__WEBPACK_IMPORTED_MODULE_3__[\"default\"]()\nwrapper = Object(_vue_test_utils__WEBPACK_IMPORTED_MODULE_0__[\"shallowMount\"])(_components_CrearWallet_vue__WEBPACK_IMPORTED_MODULE_2__[\"default\"],\n  {\n    store,\n    router\n  })\nwrapper.setData({\n  nombre: '',\n  nombreExiste: false,\n  snackbar: false,\n  timeout: 2500,\n  snackbarText: ''\n})",
            "err": {},
            "isRoot": false,
            "uuid": "a1f00ae7-a59e-4c31-a140-c716e99b4821",
            "isHook": true,
            "skipped": false
          }
        ],
        "afterHooks": [],
        "tests": [
          {
            "title": "cuenta de nombre vacio",
            "fullTitle": "Cuentas invalidas cuenta de nombre vacio",
            "timedOut": false,
            "duration": 0,
            "state": "passed",
            "speed": "fast",
            "pass": true,
            "fail": false,
            "pending": false,
            "code": "wrapper.vm.nombre = ''\nwrapper.vm.addCuenta()\nassert.notExists(store.state.cuentas.find(cuenta => cuenta.nombre === ''),\n  'cuenta sin nombre creada')",
            "err": {},
            "isRoot": false,
            "uuid": "314d2545-34fb-4865-b8f9-cc978b8af09d",
            "isHook": false,
            "skipped": false
          },
          {
            "title": "cuenta de nombre Global",
            "fullTitle": "Cuentas invalidas cuenta de nombre Global",
            "timedOut": false,
            "duration": 2,
            "state": "passed",
            "speed": "fast",
            "pass": true,
            "fail": false,
            "pending": false,
            "code": "const nombreGlobal = 'Global'\nwrapper.vm.nombre = nombreGlobal\nwrapper.vm.addCuenta()\nassert.equal(1, store.state.cuentas.filter(cuenta => cuenta.nombre === nombreGlobal).length,\n  'cuenta con nombre global creada')",
            "err": {},
            "isRoot": false,
            "uuid": "0c04e753-b310-470e-817b-452f261b9e6d",
            "isHook": false,
            "skipped": false
          },
          {
            "title": "cuenta de nombre ya existente",
            "fullTitle": "Cuentas invalidas cuenta de nombre ya existente",
            "timedOut": false,
            "duration": 2,
            "state": "passed",
            "speed": "fast",
            "pass": true,
            "fail": false,
            "pending": false,
            "code": "const nombre = 'ahorros'\nstore.state.cuentas.push({ icon: 'account_balance', nombre: nombre, fondos: 0, route: '/' })\nwrapper.vm.nombre = nombre\nwrapper.vm.addCuenta()\nassert.equal(1, store.state.cuentas.filter(cuenta => cuenta.nombre === nombre).length,\n  'cuenta con nombre existente creada')",
            "err": {},
            "isRoot": false,
            "uuid": "fcd9d499-7e5d-4eb6-85e0-4bf27dbeb6c1",
            "isHook": false,
            "skipped": false
          }
        ],
        "suites": [],
        "passes": [
          "314d2545-34fb-4865-b8f9-cc978b8af09d",
          "0c04e753-b310-470e-817b-452f261b9e6d",
          "fcd9d499-7e5d-4eb6-85e0-4bf27dbeb6c1"
        ],
        "failures": [],
        "pending": [],
        "skipped": [],
        "duration": 4,
        "root": false,
        "rootEmpty": false,
        "_timeout": 2000
      },
      {
        "uuid": "cc47d5b1-f518-4945-8fad-42688aa9d41d",
        "title": "Render crear cuenta",
        "fullFile": "/Users/abrahan/Desktop/JS/Walle-et/dist/main.js",
        "file": "/dist/main.js",
        "beforeHooks": [
          {
            "title": "\"before each\" hook",
            "fullTitle": "Render crear cuenta \"before each\" hook",
            "timedOut": false,
            "duration": 4,
            "pass": false,
            "fail": false,
            "pending": false,
            "code": "store = _src_Utils_TestUtil_js__WEBPACK_IMPORTED_MODULE_1__[\"default\"].getDefaultStore()\nrouter = new vue_router__WEBPACK_IMPORTED_MODULE_3__[\"default\"]()\nwrapper = Object(_vue_test_utils__WEBPACK_IMPORTED_MODULE_0__[\"shallowMount\"])(_components_CrearWallet_vue__WEBPACK_IMPORTED_MODULE_2__[\"default\"],\n  {\n    store,\n    router\n  })\nwrapper.setData({\n  nombre: '',\n  nombreExiste: false,\n  snackbar: false,\n  timeout: 2500,\n  snackbarText: ''\n})",
            "err": {},
            "isRoot": false,
            "uuid": "59a6a966-d69c-4170-b45c-2500243b9415",
            "isHook": true,
            "skipped": false
          }
        ],
        "afterHooks": [],
        "tests": [
          {
            "title": "elementos iniciales",
            "fullTitle": "Render crear cuenta elementos iniciales",
            "timedOut": false,
            "duration": 3,
            "state": "passed",
            "speed": "fast",
            "pass": true,
            "fail": false,
            "pending": false,
            "code": "assert.exists(wrapper.find('.Header'))\nassert.exists(wrapper.find('#nombreCrearCuenta'))\nassert.exists(wrapper.find('#crearCuenta'))\nassert.exists(wrapper.find('#volverHome'))\nassert.exists(wrapper.find('#snackbarCrearCuenta'))\nassert.exists(wrapper.find('#okSnackbar'))",
            "err": {},
            "isRoot": false,
            "uuid": "c657b473-e4dc-43a4-9b61-f31547cf9add",
            "isHook": false,
            "skipped": false
          }
        ],
        "suites": [],
        "passes": [
          "c657b473-e4dc-43a4-9b61-f31547cf9add"
        ],
        "failures": [],
        "pending": [],
        "skipped": [],
        "duration": 3,
        "root": false,
        "rootEmpty": false,
        "_timeout": 2000
      },
      {
        "uuid": "262bdd66-eb59-4d50-a45c-c33e492f84db",
        "title": "render barra de cuenta manager",
        "fullFile": "/Users/abrahan/Desktop/JS/Walle-et/dist/main.js",
        "file": "/dist/main.js",
        "beforeHooks": [
          {
            "title": "\"before each\" hook",
            "fullTitle": "render barra de cuenta manager \"before each\" hook",
            "timedOut": false,
            "duration": 5,
            "pass": false,
            "fail": false,
            "pending": false,
            "code": "store = _src_Utils_TestUtil_js__WEBPACK_IMPORTED_MODULE_1__[\"default\"].getDefaultStore()\nstore.state.cuentas.push(store.state.cuentas.push({\n  icon: 'account_balance', nombre: 'ahorros', fondos: 0, route: '/'\n}))\nrouter = new vue_router__WEBPACK_IMPORTED_MODULE_3__[\"default\"]()\nwrapper = Object(_vue_test_utils__WEBPACK_IMPORTED_MODULE_0__[\"shallowMount\"])(_components_CuentaManager_vue__WEBPACK_IMPORTED_MODULE_2__[\"default\"],\n  {\n    store,\n    router,\n    propsData: {\n      cuenta: {\n        icon: 'account_balance', nombre: 'ahorros', fondos: 0, route: '/'\n      }\n    }\n  })",
            "err": {},
            "isRoot": false,
            "uuid": "79c7610e-3ec3-43c1-a2da-6e1fe611ae44",
            "isHook": true,
            "skipped": false
          }
        ],
        "afterHooks": [],
        "tests": [
          {
            "title": "render elementos inicales",
            "fullTitle": "render barra de cuenta manager render elementos inicales",
            "timedOut": false,
            "duration": 1,
            "state": "passed",
            "speed": "fast",
            "pass": true,
            "fail": false,
            "pending": false,
            "code": "assert.exists(wrapper.find('#listaIngresos'))\nassert.exists(wrapper.find('#listaEgresos'))\nassert.exists(wrapper.find('InformacionCuenta'))\nassert.exists(wrapper.find('Herramientas'))",
            "err": {},
            "isRoot": false,
            "uuid": "71cabc7e-9b53-4215-bc60-80095ecb1a66",
            "isHook": false,
            "skipped": false
          }
        ],
        "suites": [],
        "passes": [
          "71cabc7e-9b53-4215-bc60-80095ecb1a66"
        ],
        "failures": [],
        "pending": [],
        "skipped": [],
        "duration": 1,
        "root": false,
        "rootEmpty": false,
        "_timeout": 2000
      },
      {
        "uuid": "a1dbee48-e8b4-41d0-9197-db2281d9d74c",
        "title": "render barra de herramientas",
        "fullFile": "/Users/abrahan/Desktop/JS/Walle-et/dist/main.js",
        "file": "/dist/main.js",
        "beforeHooks": [
          {
            "title": "\"before each\" hook",
            "fullTitle": "render barra de herramientas \"before each\" hook",
            "timedOut": false,
            "duration": 5,
            "pass": false,
            "fail": false,
            "pending": false,
            "code": "store = _src_Utils_TestUtil_js__WEBPACK_IMPORTED_MODULE_1__[\"default\"].getDefaultStore()\nstore.state.cuentas.push(store.state.cuentas.push({\n  icon: 'account_balance', nombre: 'ahorros', fondos: 0, route: '/'\n}))\nrouter = new vue_router__WEBPACK_IMPORTED_MODULE_3__[\"default\"]()\nwrapper = Object(_vue_test_utils__WEBPACK_IMPORTED_MODULE_0__[\"shallowMount\"])(_components_Herramientas_vue__WEBPACK_IMPORTED_MODULE_2__[\"default\"],\n  {\n    store,\n    router,\n    propsData: {\n      cuenta: {\n        icon: 'account_balance', nombre: 'ahorros', fondos: 0, route: '/'\n      }\n    }\n  })",
            "err": {},
            "isRoot": false,
            "uuid": "edabdf8d-f9ef-4686-934c-fd4ff00a0ef6",
            "isHook": true,
            "skipped": false
          }
        ],
        "afterHooks": [],
        "tests": [
          {
            "title": "render elementos inicales",
            "fullTitle": "render barra de herramientas render elementos inicales",
            "timedOut": false,
            "duration": 2,
            "state": "passed",
            "speed": "fast",
            "pass": true,
            "fail": false,
            "pending": false,
            "code": "assert.exists(wrapper.find('#herramientaIngreso'))\nassert.exists(wrapper.find('#herramientaEgreso'))\nassert.exists(wrapper.find('BotonTransferencia'))\nassert.exists(wrapper.find('BotonCategorias'))\nassert.exists(wrapper.find('#botonReporte'))\nassert.exists(wrapper.find('#alertaInferior'))",
            "err": {},
            "isRoot": false,
            "uuid": "f04b049d-01c2-471e-a33f-fd7dd694c1e2",
            "isHook": false,
            "skipped": false
          },
          {
            "title": "render caso cuenta global",
            "fullTitle": "render barra de herramientas render caso cuenta global",
            "timedOut": false,
            "duration": 0,
            "state": "passed",
            "speed": "fast",
            "pass": true,
            "fail": false,
            "pending": false,
            "code": "",
            "err": {},
            "isRoot": false,
            "uuid": "575b57ed-225b-4e6c-9102-d3fade46b712",
            "isHook": false,
            "skipped": false
          }
        ],
        "suites": [],
        "passes": [
          "f04b049d-01c2-471e-a33f-fd7dd694c1e2",
          "575b57ed-225b-4e6c-9102-d3fade46b712"
        ],
        "failures": [],
        "pending": [],
        "skipped": [],
        "duration": 2,
        "root": false,
        "rootEmpty": false,
        "_timeout": 2000
      },
      {
        "uuid": "a7e4e975-c7a6-438c-b1dd-43cbd41c8f8d",
        "title": "Modificar datos cuenta",
        "fullFile": "/Users/abrahan/Desktop/JS/Walle-et/dist/main.js",
        "file": "/dist/main.js",
        "beforeHooks": [
          {
            "title": "\"before each\" hook",
            "fullTitle": "Modificar datos cuenta \"before each\" hook",
            "timedOut": false,
            "duration": 5,
            "pass": false,
            "fail": false,
            "pending": false,
            "code": "store = _src_Utils_TestUtil_js__WEBPACK_IMPORTED_MODULE_1__[\"default\"].getDefaultStore()\nstore.state.cuentas.push(store.state.cuentas.push({\n  icon: 'account_balance', nombre: 'ahorros', fondos: 0, route: '/'\n}))\nwrapper = Object(_vue_test_utils__WEBPACK_IMPORTED_MODULE_0__[\"shallowMount\"])(_components_InformacionCuenta_vue__WEBPACK_IMPORTED_MODULE_2__[\"default\"],\n  {\n    store,\n    propsData: {\n      cuentaActual: 'ahorros',\n      cuentaOriginal: 'ahorros',\n      fondos: 0\n    }\n  })",
            "err": {},
            "isRoot": false,
            "uuid": "78c95f3d-0900-4cc7-9c3a-21c3d5ac72d5",
            "isHook": true,
            "skipped": false
          }
        ],
        "afterHooks": [],
        "tests": [
          {
[...]
            "timedOut": false,
            "duration": 4,
            "state": "passed",
            "speed": "fast",
            "pass": true,
            "fail": false,
            "pending": false,
            "code": "const otraCuenta = 'Estudios'\nstore.state.cuentas.push({ icon: 'account_balance', nombre: otraCuenta, fondos: 0, route: '/' })\nwrapper.vm.cuentaActual = otraCuenta\nwrapper.vm.editarNombre()\nassert.equal(store.state.cuentas.filter(cuenta => cuenta.nombre === otraCuenta).length, 1,\n  'Dos cuentas de mismo nombre')",
            "err": {},
            "isRoot": false,
            "uuid": "ab5ab53c-d971-4fd7-91bd-e04eda3c3971",
            "isHook": false,
            "skipped": false
          }
        ],
        "suites": [],
        "passes": [
          "21308b77-4bd9-4f52-9e72-7b30cb18b4e2",
          "0043c8ac-a36e-43cb-a497-3e1ab6f4cd79",
          "ab5ab53c-d971-4fd7-91bd-e04eda3c3971"
        ],
        "failures": [],
        "pending": [],
        "skipped": [],
        "duration": 13,
        "root": false,
        "rootEmpty": false,
        "_timeout": 2000
      },
      {
        "uuid": "a4c11c6e-ff98-411b-b6cb-28f539351d15",
        "title": "Borrar Cuentas invalidas",
        "fullFile": "/Users/abrahan/Desktop/JS/Walle-et/dist/main.js",
        "file": "/dist/main.js",
        "beforeHooks": [
          {
            "title": "\"before each\" hook",
            "fullTitle": "Borrar Cuentas invalidas \"before each\" hook",
            "timedOut": false,
            "duration": 7,
            "pass": false,
            "fail": false,
            "pending": false,
            "code": "store = _src_Utils_TestUtil_js__WEBPACK_IMPORTED_MODULE_1__[\"default\"].getDefaultStore()\nstore.state.cuentas.push(store.state.cuentas.push({\n  icon: 'account_balance', nombre: 'ahorros', fondos: 0, route: '/'\n}))\nwrapper = Object(_vue_test_utils__WEBPACK_IMPORTED_MODULE_0__[\"shallowMount\"])(_components_InformacionCuenta_vue__WEBPACK_IMPORTED_MODULE_2__[\"default\"],\n  {\n    store,\n    propsData: {\n      cuentaActual: 'ahorros',\n      cuentaOriginal: 'ahorros',\n      fondos: 0\n    }\n  })",
            "err": {},
            "isRoot": false,
            "uuid": "a37ad778-1065-4049-abc8-9ed075141949",
            "isHook": true,
            "skipped": false
          }
        ],
        "afterHooks": [],
        "tests": [
          {
            "title": "Borrar cuenta global",
            "fullTitle": "Borrar Cuentas invalidas Borrar cuenta global",
            "timedOut": false,
            "duration": 3,
            "state": "passed",
            "speed": "fast",
            "pass": true,
            "fail": false,
            "pending": false,
            "code": "const nombreGlobal = 'Global'\nwrapper.vm.cuentaOriginal = nombreGlobal\nwrapper.vm.cuentaActual = nombreGlobal\nwrapper.vm.borrarCuenta()\nassert.exists(store.state.cuentas.find(cuenta => cuenta.nombre === nombreGlobal),\n  'Se borro la cuenta global')",
            "err": {},
            "isRoot": false,
            "uuid": "6890e693-0451-4172-9fea-a64b9873c902",
            "isHook": false,
            "skipped": false
          },
          {
            "title": "Borrar cuenta con saldo",
            "fullTitle": "Borrar Cuentas invalidas Borrar cuenta con saldo",
            "timedOut": false,
            "duration": 4,
            "state": "passed",
            "speed": "fast",
            "pass": true,
            "fail": false,
            "pending": false,
            "code": "const cuentaOriginal = wrapper.vm.cuentaOriginal\nwrapper.vm.fondos = 100\nwrapper.vm.borrarCuenta()\nassert.exists(store.state.cuentas.find(cuenta => cuenta.nombre === cuentaOriginal),\n  'Se borro cuenta con fondos')",
            "err": {},
            "isRoot": false,
            "uuid": "4a9d3280-2a08-4097-bfbe-dbe7c47b9c66",
            "isHook": false,
            "skipped": false
          },
          {
            "title": "Borrar cuenta con ingresos",
            "fullTitle": "Borrar Cuentas invalidas Borrar cuenta con ingresos",
            "timedOut": false,
            "duration": 3,
            "state": "passed",
            "speed": "fast",
            "pass": true,
            "fail": false,
            "pending": false,
            "code": "const cuentaOriginal = wrapper.vm.cuentaOriginal\nstore.state.ingresos.push({\n  cuenta: cuentaOriginal,\n  fecha: '2019-05-23',\n  monto: 50,\n  categoria: 'Salario'\n})\nwrapper.vm.borrarCuenta()\nassert.exists(store.state.cuentas.find(cuenta => cuenta.nombre === cuentaOriginal),\n  'Se borro cuenta con Ingresos')",
            "err": {},
            "isRoot": false,
            "uuid": "be90be2b-39fe-4bdf-a676-b0ecd3403199",
            "isHook": false,
            "skipped": false
          },
          {
            "title": "Borrar cuenta con egresos",
            "fullTitle": "Borrar Cuentas invalidas Borrar cuenta con egresos",
            "timedOut": false,
            "duration": 1,
            "state": "passed",
            "speed": "fast",
            "pass": true,
            "fail": false,
            "pending": false,
            "code": "const cuentaOriginal = wrapper.vm.cuentaOriginal\nstore.state.egresos.push({\n  cuenta: cuentaOriginal,\n  fecha: '2019-05-23',\n  monto: 50,\n  categoria: 'Otros'\n})\nwrapper.vm.borrarCuenta()\nassert.exists(store.state.cuentas.find(cuenta => cuenta.nombre === cuentaOriginal),\n  'Se borro cuenta con Egresos')",
            "err": {},
            "isRoot": false,
            "uuid": "9c567862-f0f2-4adc-b217-406105973153",
            "isHook": false,
            "skipped": false
          }
        ],
        "suites": [],
        "passes": [
          "6890e693-0451-4172-9fea-a64b9873c902",
          "4a9d3280-2a08-4097-bfbe-dbe7c47b9c66",
          "be90be2b-39fe-4bdf-a676-b0ecd3403199",
          "9c567862-f0f2-4adc-b217-406105973153"
        ],
        "failures": [],
        "pending": [],
        "skipped": [],
        "duration": 11,
        "root": false,
        "rootEmpty": false,
        "_timeout": 2000
      },
      {
        "uuid": "0321d60e-c38a-4661-a37e-bbb716bc7608",
        "title": "Render informacion cuenta",
        "fullFile": "/Users/abrahan/Desktop/JS/Walle-et/dist/main.js",
        "file": "/dist/main.js",
        "beforeHooks": [
          {
            "title": "\"before each\" hook",
            "fullTitle": "Render informacion cuenta \"before each\" hook",
            "timedOut": false,
            "duration": 5,
            "pass": false,
            "fail": false,
            "pending": false,
            "code": "store = _src_Utils_TestUtil_js__WEBPACK_IMPORTED_MODULE_1__[\"default\"].getDefaultStore()\nstore.state.cuentas.push(store.state.cuentas.push({\n  icon: 'account_balance',\n  nombre: 'ahorros',\n  fondos: 0,\n  route: '/'\n}))\nwrapper = Object(_vue_test_utils__WEBPACK_IMPORTED_MODULE_0__[\"shallowMount\"])(_components_InformacionCuenta_vue__WEBPACK_IMPORTED_MODULE_2__[\"default\"],\n  {\n    store,\n    propsData: {\n      cuentaActual: 'ahorros',\n      cuentaOriginal: 'ahorros',\n      fondos: 0\n    }\n  })",
            "err": {},
            "isRoot": false,
            "uuid": "acf2c00d-99b8-4b0a-93ff-119fa0ca092e",
            "isHook": true,
            "skipped": false
          }
        ],
        "afterHooks": [],
        "tests": [
          {
            "title": "Componentes iniciales renderizan",
            "fullTitle": "Render informacion cuenta Componentes iniciales renderizan",
            "timedOut": false,
            "duration": 3,
            "state": "passed",
            "speed": "fast",
            "pass": true,
            "fail": false,
            "pending": false,
            "code": "assert.exists(wrapper.find('.titulo'))\nassert.exists(wrapper.find('#nombreCuenta'))\nassert.exists(wrapper.find('#editarCuenta'))\nassert.exists(wrapper.find('#saldoCuenta'))\nassert.exists(wrapper.find('#borrarCuenta'))\nassert.exists(wrapper.find('#guardarrCuenta'))\nassert.exists(wrapper.find('#alertaSuperior'))",
            "err": {},
            "isRoot": false,
            "uuid": "9e66376f-c7d5-4e2d-a660-b6befbefec18",
            "isHook": false,
            "skipped": false
          },
          {
            "title": "Boton ceditar cambia a guardar al click",
            "fullTitle": "Render informacion cuenta Boton ceditar cambia a guardar al click",
            "timedOut": false,
            "duration": 0,
            "state": "passed",
            "speed": "fast",
            "pass": true,
            "fail": false,
            "pending": false,
            "code": "// assert.isTrue(wrapper.find('#editarCuenta').element.value)\n// assert.exists(wrapper.find('#guardarCuenta'))\n// wrapper.find('#editarCuenta').trigger('click')\n// assert.notExists(wrapper.find('#editarCuenta'))\n// assert.exists(wrapper.find('#guardarCuenta'))\n// wrapper.find('#guardarCuenta').trigger('click')\n// assert.exists(wrapper.find('#editarCuenta'))\n// assert.notExists(wrapper.find('#guardarCuenta'))",
            "err": {},
            "isRoot": false,
            "uuid": "9edf7e03-851c-437d-ad0d-5c38a0f946cf",
            "isHook": false,
            "skipped": false
          }
        ],
        "suites": [],
        "passes": [
          "9e66376f-c7d5-4e2d-a660-b6befbefec18",
          "9edf7e03-851c-437d-ad0d-5c38a0f946cf"
        ],
        "failures": [],
        "pending": [],
        "skipped": [],
        "duration": 3,
        "root": false,
        "rootEmpty": false,
        "_timeout": 2000
      },
      {
        "uuid": "13bb0a8c-cc1e-4125-a673-50030f19defe",
        "title": "render lista",
        "fullFile": "/Users/abrahan/Desktop/JS/Walle-et/dist/main.js",
        "file": "/dist/main.js",
        "beforeHooks": [
          {
            "title": "\"before each\" hook",
            "fullTitle": "render lista \"before each\" hook",
            "timedOut": false,
            "duration": 4,
            "pass": false,
            "fail": false,
            "pending": false,
            "code": "store = _src_Utils_TestUtil_js__WEBPACK_IMPORTED_MODULE_1__[\"default\"].getDefaultStore()\nstore.state.cuentas.push(store.state.cuentas.push({\n  icon: 'account_balance', nombre: 'ahorros', fondos: 70, route: '/'\n}))\nstore.state.ingresos.unshift({\n  cuenta: 'ahorros',\n  fecha: '2019-05-23',\n  monto: 50,\n  categoria: 'Salario'\n})\nstore.state.ingresos.unshift({\n  cuenta: 'ahorros',\n  fecha: '2019-05-23',\n  monto: 50,\n  categoria: 'Salario'\n})\nstore.state.egresos.unshift({\n  cuenta: 'ahorros',\n  fecha: '2019-05-23',\n  monto: 30,\n  categoria: 'Salario'\n})\nwrapper = Object(_vue_test_utils__WEBPACK_IMPORTED_MODULE_0__[\"shallowMount\"])(_components_Lista_vue__WEBPACK_IMPORTED_MODULE_2__[\"default\"],\n  {\n    store,\n    propsData: {\n      items: store.state.ingresos,\n      titulo: 'Ingresos',\n      cuenta: { icon: 'account_balance', nombre: 'ahorros', fondos: 70, route: '/' }\n    }\n  })\nwrapper.setData({\n  cabecerasTabla: [\n    { text: 'Fecha',\n      align: 'left',\n      sortable: false,\n      value: 'fecha' },\n    { text: 'Monto', value: 'monto' },\n    { text: 'Categoria', value: 'categoria' }\n  ]\n})",
            "err": {},
            "isRoot": false,
            "uuid": "14246624-4bbb-4616-9838-636839479385",
            "isHook": true,
            "skipped": false
          }
        ],
        "afterHooks": [],
        "tests": [
          {
            "title": "Cada ingreso aparece en la lista",
            "fullTitle": "render lista Cada ingreso aparece en la lista",
            "timedOut": false,
            "duration": 3,
            "state": "passed",
            "speed": "fast",
            "pass": true,
            "fail": false,
            "pending": false,
            "code": "store.state.ingresos.forEach((ingreso, index) => {\n  assert.exists(wrapper.find('#' + wrapper.vm.cuenta.nombre + index))\n})",
            "err": {},
            "isRoot": false,
            "uuid": "4fd8f770-2382-43e5-8369-141b3d3a3ef6",
            "isHook": false,
            "skipped": false
          },
          {
            "title": "render objetos iniciales",
            "fullTitle": "render lista render objetos iniciales",
            "timedOut": false,
            "duration": 1,
            "state": "passed",
            "speed": "fast",
            "pass": true,
            "fail": false,
            "pending": false,
            "code": "assert.exists(wrapper.find('.titulo'))\nassert.exists(wrapper.find('#tabla' + wrapper.vm.titulo))",
            "err": {},
            "isRoot": false,
            "uuid": "983d2eee-2863-4b21-add2-b76c1c1234e3",
            "isHook": false,
            "skipped": false
          }
        ],
        "suites": [],
        "passes": [
          "4fd8f770-2382-43e5-8369-141b3d3a3ef6",
          "983d2eee-2863-4b21-add2-b76c1c1234e3"
        ],
        "failures": [],
        "pending": [],
        "skipped": [],
        "duration": 4,
        "root": false,
        "rootEmpty": false,
        "_timeout": 2000
      },
      {
        "uuid": "4e35b6a5-844f-4464-8829-ed8346a63915",
        "title": "Render nav",
        "fullFile": "/Users/abrahan/Desktop/JS/Walle-et/dist/main.js",
        "file": "/dist/main.js",
        "beforeHooks": [
          {
            "title": "\"before each\" hook",
            "fullTitle": "Render nav \"before each\" hook",
            "timedOut": false,
            "duration": 7,
            "pass": false,
            "fail": false,
            "pending": false,
            "code": "store = _src_Utils_TestUtil_js__WEBPACK_IMPORTED_MODULE_1__[\"default\"].getDefaultStore()\nstore.state.cuentas.push(store.state.cuentas.push({\n  icon: 'account_balance', nombre: 'ahorros', fondos: 0, route: '/'\n}))\nwrapper = Object(_vue_test_utils__WEBPACK_IMPORTED_MODULE_0__[\"shallowMount\"])(_components_NavDrawer_vue__WEBPACK_IMPORTED_MODULE_2__[\"default\"],\n  {\n    store\n  })",
            "err": {},
            "isRoot": false,
            "uuid": "c346b454-0cfb-4e7a-b20f-c53265e6eb24",
            "isHook": true,
            "skipped": false
          }
        ],
        "afterHooks": [],
        "tests": [
          {
            "title": "renderiza parte inicial",
            "fullTitle": "Render nav renderiza parte inicial",
            "timedOut": false,
            "duration": 1,
            "state": "passed",
            "speed": "fast",
            "pass": true,
            "fail": false,
            "pending": false,
            "code": "assert.exists(wrapper.find('#nav'))\nassert.exists(wrapper.find('#Global'))\nassert.exists(wrapper.find('#ahorros'))\nassert.exists(wrapper.find('#crearCuentaNav'))",
            "err": {},
            "isRoot": false,
            "uuid": "9d9b697c-158d-414e-8e18-0bebe4ec7922",
            "isHook": false,
            "skipped": false
          },
          {
            "title": "renderiza todas las cuentas",
            "fullTitle": "Render nav renderiza todas las cuentas",
            "timedOut": false,
            "duration": 15,
            "state": "passed",
            "speed": "fast",
            "pass": true,
            "fail": false,
            "pending": false,
            "code": "store.state.cuentas.push(store.state.cuentas.push({\n  icon: 'account_balance', nombre: 'ahorros', fondos: 0, route: '/'\n}))\nstore.state.cuentas.forEach(cuenta => {\n  assert.exists(wrapper.find('#' + cuenta.nombre))\n})",
            "err": {},
            "isRoot": false,
            "uuid": "4e3ba03b-d3c7-4603-83ec-b22de53846d8",
            "isHook": false,
            "skipped": false
          }
        ],
        "suites": [],
        "passes": [
          "9d9b697c-158d-414e-8e18-0bebe4ec7922",
          "4e3ba03b-d3c7-4603-83ec-b22de53846d8"
        ],
        "failures": [],
        "pending": [],
        "skipped": [],
        "duration": 16,
        "root": false,
        "rootEmpty": false,
        "_timeout": 2000
      },
      {
        "uuid": "c6cf16c0-03c6-44c0-98aa-6a272a78dfd7",
        "title": "Unit tests del reporte",
        "fullFile": "/Users/abrahan/Desktop/JS/Walle-et/dist/main.js",
        "file": "/dist/main.js",
        "beforeHooks": [
          {
            "title": "\"before each\" hook",
            "fullTitle": "Unit tests del reporte \"before each\" hook",
            "timedOut": false,
            "duration": 9,
            "pass": false,
            "fail": false,
            "pending": false,
            "code": "store = _Utils_ReportUtil_js__WEBPACK_IMPORTED_MODULE_3__[\"default\"].getDefaultStore()\nwrapper = Object(_vue_test_utils__WEBPACK_IMPORTED_MODULE_1__[\"shallowMount\"])(_components_Report_vue__WEBPACK_IMPORTED_MODULE_2__[\"default\"],\n  {\n    store\n  })",
            "err": {},
            "isRoot": false,
            "uuid": "c055704b-8ff6-431d-8c7e-b24eca1b5210",
            "isHook": true,
            "skipped": false
          }
        ],
        "afterHooks": [],
        "tests": [
          {
            "title": "Recibe las fechas con exito",
            "fullTitle": "Unit tests del reporte Recibe las fechas con exito",
            "timedOut": false,
            "duration": 0,
            "state": "passed",
            "speed": "fast",
            "pass": true,
            "fail": false,
            "pending": false,
            "code": "var fechas = store.getters.obtenerFechas\nchai__WEBPACK_IMPORTED_MODULE_0__[\"assert\"].equal(fechas.length, 6)",
            "err": {},
            "isRoot": false,
            "uuid": "5065ebc2-5b4e-40af-9876-a45edb254e4d",
            "isHook": false,
            "skipped": false
          },
          {
            "title": "Reporte obtenido con 6 objetos",
            "fullTitle": "Unit tests del reporte Reporte obtenido con 6 objetos",
            "timedOut": false,
            "duration": 1,
            "state": "passed",
            "speed": "fast",
            "pass": true,
            "fail": false,
            "pending": false,
            "code": "chai__WEBPACK_IMPORTED_MODULE_0__[\"assert\"].exists(wrapper.vm.nuevoReporte)\nchai__WEBPACK_IMPORTED_MODULE_0__[\"assert\"].lengthOf(wrapper.vm.nuevoReporte, 6)",
            "err": {},
            "isRoot": false,
            "uuid": "aa7a0d8e-2b51-4642-9096-010763acb301",
            "isHook": false,
            "skipped": false
          },
          {
            "title": "Categorias concatenadas para el filtro",
            "fullTitle": "Unit tests del reporte Categorias concatenadas para el filtro",
            "timedOut": false,
            "duration": 1,
            "state": "passed",
            "speed": "fast",
            "pass": true,
            "fail": false,
            "pending": false,
            "code": "var catIngreso = store.state.categoriaIngresos\nvar catEgreso = store.state.categoriaEgresos\nvar concatenacion = store.getters.obtenerCategorias\nvar total = catIngreso.length + catEgreso.length\nchai__WEBPACK_IMPORTED_MODULE_0__[\"assert\"].isAtMost(concatenacion.length, total)",
            "err": {},
            "isRoot": false,
            "uuid": "764d31b9-87f4-4ce2-8c23-148de0d489f8",
            "isHook": false,
            "skipped": false
          }
        ],
        "suites": [],
        "passes": [
          "5065ebc2-5b4e-40af-9876-a45edb254e4d",
          "aa7a0d8e-2b51-4642-9096-010763acb301",
          "764d31b9-87f4-4ce2-8c23-148de0d489f8"
        ],
        "failures": [],
        "pending": [],
        "skipped": [],
        "duration": 2,
        "root": false,
        "rootEmpty": false,
        "_timeout": 2000
      }
    ],
    "passes": [],
    "failures": [],
    "pending": [],
    "skipped": [],
    "duration": 0,
    "root": true,
    "rootEmpty": true,
    "_timeout": 2000
  },
  "copyrightYear": 2019
}